#
# A fatal error has been detected by the Java Runtime Environment:
#
#  SIGSEGV (0xb) at pc=0x00007ffc18607949, pid=7443, tid=140720986949376
#
# JRE version: 6.0_41-b02
# Java VM: Java HotSpot(TM) 64-Bit Server VM (20.14-b01 mixed mode linux-amd64 compressed oops)
# Problematic frame:
# C  [libopencv_objdetect.so.3.0+0x41949]  cv::CascadeClassifierInvoker::operator()(cv::Range const&) const+0xe79
#
# If you would like to submit a bug report, please visit:
#   http://java.sun.com/webapps/bugreport/crash.jsp
# The crash happened outside the Java Virtual Machine in native code.
# See problematic frame for where to report the bug.
#

---------------  T H R E A D  ---------------

Current thread (0x00007ffc24008000):  JavaThread "main" [_thread_in_native, id=7444, stack(0x00007ffc28608000,0x00007ffc28709000)]

siginfo:si_signo=SIGSEGV: si_errno=0, si_code=1 (SEGV_MAPERR), si_addr=0x00007ffb210edcc0

Registers:
RAX=0x00007ffc24262ec0, RBX=0x00007ffc241cebb0, RCX=0xffffffffbef0e154, RDX=0x00007ffc254b5770
RSP=0x00007ffc287063a0, RBP=0x00007ffc2431d4b0, RSI=0x00007ffc2788e890, RDI=0x00007ffc2788e900
R8 =0x00007ffc24262dc0, R9 =0x00007ffc2788e850, R10=0x000000000000000b, R11=0xffffffffbef0e7d0
R12=0x0000000000000014, R13=0x00007ffc28706880, R14=0x00007ffc28706630, R15=0x0000000000000000
RIP=0x00007ffc18607949, EFLAGS=0x0000000000010206, CSGSFS=0x0000000000000033, ERR=0x0000000000000004
  TRAPNO=0x000000000000000e

Top of Stack: (sp=0x00007ffc287063a0)
0x00007ffc287063a0:   00007ffc28706480 0000000000000000
0x00007ffc287063b0:   00007ffc1a0aa910 000e076e01010000
0x00007ffc287063c0:   00007ffc28706480 0000000000000000
0x00007ffc287063d0:   000e7a40000e671d 000ea086000e8d63
0x00007ffc287063e0:   000ec6cc000eb3a9 000eed12000ed9ef
0x00007ffc287063f0:   000f1358000f0035 000f399e000f267b
0x00007ffc28706400:   000f5fe4000f4cc1 000f862a000f7307
0x00007ffc28706410:   00007ffc287067b0 000fd2b600000000
0x00007ffc28706420:   0000000242ff4000 0000016800000000
0x00007ffc28706430:   0000000000000000 3f80000000000000
0x00007ffc28706440:   0000015700000002 0000002400000012
0x00007ffc28706450:   0000000000000073 0000001200000024
0x00007ffc28706460:   00007ffc287065c0 4190000042100000
0x00007ffc28706470:   0000000000000168 0000000000000001
0x00007ffc28706480:   0000000000000000 0000005600000000
0x00007ffc28706490:   0000000000000000 0000000000000000
0x00007ffc287064a0:   00007ffc2431cfe0 00007ffc2431d4b0
0x00007ffc287064b0:   0000000000000000 0000000000000000
0x00007ffc287064c0:   00007ffc28706488 00007ffc287064d0
0x00007ffc287064d0:   0000000000000056 0000000000000001
0x00007ffc287064e0:   0000000000000000 00007ffc241cfbe0
0x00007ffc287064f0:   0000000000000010 000000000000000b
0x00007ffc28706500:   00007ffc28706880 00007ffc28706630
0x00007ffc28706510:   00007ffc28706f70 00007ffc18615a4b
0x00007ffc28706520:   00007ffc28706f70 00007ffc28706e60
0x00007ffc28706530:   00007ffc28706e80 00007ffc00000000
0x00007ffc28706540:   00007ffc28706690 00007ffc241cfec0
0x00007ffc28706550:   00007ffc24008000 00007ffc28706800
0x00007ffc28706560:   00007ffc28706690 3ff199999999999a
0x00007ffc28706570:   00007ffc28706e60 00007ffc28706e80
0x00007ffc28706580:   00007ffc287065d0 0000000000008000
0x00007ffc28706590:   00007ffc4085ac04 00007ffc28706808 

Instructions: (pc=0x00007ffc18607949)
0x00007ffc18607929:   39 fe 0f 5a c0 f2 0f 58 d0 0f 84 b5 00 00 00 48
0x00007ffc18607939:   63 06 48 c1 e0 06 4c 01 c0 4c 63 58 04 48 63 08
0x00007ffc18607949:   8b 0c 8a 42 2b 0c 9a 4c 63 58 08 42 2b 0c 9a 4c
0x00007ffc18607959:   63 58 0c 42 03 0c 9a 4c 63 58 14 f3 0f 2a c1 48 

Register to memory mapping:

RAX=0x00007ffc24262ec0 is an unknown value
RBX=0x00007ffc241cebb0 is an unknown value
RCX=0xffffffffbef0e154 is an unknown value
RDX=0x00007ffc254b5770 is an unknown value
RSP=0x00007ffc287063a0 is pointing into the stack for thread: 0x00007ffc24008000
RBP=0x00007ffc2431d4b0 is an unknown value
RSI=0x00007ffc2788e890 is an unknown value
RDI=0x00007ffc2788e900 is an unknown value
R8 =0x00007ffc24262dc0 is an unknown value
R9 =0x00007ffc2788e850 is an unknown value
R10=0x000000000000000b is an unknown value
R11=0xffffffffbef0e7d0 is an unknown value
R12=0x0000000000000014 is an unknown value
R13=0x00007ffc28706880 is pointing into the stack for thread: 0x00007ffc24008000
R14=0x00007ffc28706630 is pointing into the stack for thread: 0x00007ffc24008000
R15=0x0000000000000000 is an unknown value


Stack: [0x00007ffc28608000,0x00007ffc28709000],  sp=0x00007ffc287063a0,  free space=1016k
Native frames: (J=compiled Java code, j=interpreted, Vv=VM code, C=native code)
C  [libopencv_objdetect.so.3.0+0x41949]  cv::CascadeClassifierInvoker::operator()(cv::Range const&) const+0xe79

Java frames: (J=compiled Java code, j=interpreted, Vv=VM code)
j  org.opencv.objdetect.CascadeClassifier.detectMultiScale_1(JJJ)V+0
j  org.opencv.objdetect.CascadeClassifier.detectMultiScale(Lorg/opencv/core/Mat;Lorg/opencv/core/MatOfRect;)V+14
j  com.marfeel.facedetection.FaceDetector.applyDetector(Lorg/opencv/objdetect/CascadeClassifier;Lorg/opencv/core/Mat;Ljava/util/ArrayList;)V+11
j  com.marfeel.facedetection.FaceDetector.main([Ljava/lang/String;)V+346
v  ~StubRoutines::call_stub
j  sun.reflect.NativeMethodAccessorImpl.invoke0(Ljava/lang/reflect/Method;Ljava/lang/Object;[Ljava/lang/Object;)Ljava/lang/Object;+0
j  sun.reflect.NativeMethodAccessorImpl.invoke(Ljava/lang/Object;[Ljava/lang/Object;)Ljava/lang/Object;+87
j  sun.reflect.DelegatingMethodAccessorImpl.invoke(Ljava/lang/Object;[Ljava/lang/Object;)Ljava/lang/Object;+6
j  java.lang.reflect.Method.invoke(Ljava/lang/Object;[Ljava/lang/Object;)Ljava/lang/Object;+161
j  com.intellij.rt.execution.application.AppMain.main([Ljava/lang/String;)V+140
v  ~StubRoutines::call_stub

---------------  P R O C E S S  ---------------

Java Threads: ( => current thread )
  0x00007ffc240fc000 JavaThread "Monitor Ctrl-Break" daemon [_thread_in_native, id=7457, stack(0x00007ffc1a4ac000,0x00007ffc1a5ad000)]
  0x00007ffc24092800 JavaThread "Low Memory Detector" daemon [_thread_blocked, id=7455, stack(0x00007ffc1a8b0000,0x00007ffc1a9b1000)]
  0x00007ffc24090000 JavaThread "C2 CompilerThread1" daemon [_thread_blocked, id=7454, stack(0x00007ffc1a9b1000,0x00007ffc1aab2000)]
  0x00007ffc2408d000 JavaThread "C2 CompilerThread0" daemon [_thread_blocked, id=7453, stack(0x00007ffc1aab2000,0x00007ffc1abb3000)]
  0x00007ffc2408b000 JavaThread "Signal Dispatcher" daemon [_thread_blocked, id=7452, stack(0x00007ffc1abb3000,0x00007ffc1acb4000)]
  0x00007ffc2406e800 JavaThread "Finalizer" daemon [_thread_blocked, id=7451, stack(0x00007ffc1b35d000,0x00007ffc1b45e000)]
  0x00007ffc2406d000 JavaThread "Reference Handler" daemon [_thread_blocked, id=7450, stack(0x00007ffc1b45e000,0x00007ffc1b55f000)]
=>0x00007ffc24008000 JavaThread "main" [_thread_in_native, id=7444, stack(0x00007ffc28608000,0x00007ffc28709000)]

Other Threads:
  0x00007ffc24066000 VMThread [stack: 0x00007ffc1b55f000,0x00007ffc1b660000] [id=7449]
  0x00007ffc240a5000 WatcherThread [stack: 0x00007ffc1a7af000,0x00007ffc1a8b0000] [id=7456]

VM state:not at safepoint (normal execution)

VM Mutex/Monitor currently owned by a thread: None

Heap
 PSYoungGen      total 36352K, used 1901K [0x00000000d76b0000, 0x00000000d9f40000, 0x0000000100000000)
  eden space 31168K, 6% used [0x00000000d76b0000,0x00000000d788b790,0x00000000d9520000)
  from space 5184K, 0% used [0x00000000d9a30000,0x00000000d9a30000,0x00000000d9f40000)
  to   space 5184K, 0% used [0x00000000d9520000,0x00000000d9520000,0x00000000d9a30000)
 PSOldGen        total 83072K, used 0K [0x0000000086400000, 0x000000008b520000, 0x00000000d76b0000)
  object space 83072K, 0% used [0x0000000086400000,0x0000000086400000,0x000000008b520000)
 PSPermGen       total 21248K, used 3403K [0x0000000081200000, 0x00000000826c0000, 0x0000000086400000)
  object space 21248K, 16% used [0x0000000081200000,0x0000000081552c68,0x00000000826c0000)

Code Cache  [0x00007ffc207c4000, 0x00007ffc20a34000, 0x00007ffc237c4000)
 total_blobs=300 nmethods=5 adapters=250 free_code_cache=49871296 largest_free_block=12352

Dynamic libraries:
40000000-40009000 r-xp 00000000 fc:04 801095                             /usr/lib/jvm/java-6-sun-1.6.0_41/bin/java
40108000-4010a000 rwxp 00008000 fc:04 801095                             /usr/lib/jvm/java-6-sun-1.6.0_41/bin/java
40274000-40295000 rwxp 00000000 00:00 0                                  [heap]
81200000-826c0000 rwxp 00000000 00:00 0 
826c0000-86400000 rwxp 00000000 00:00 0 
86400000-8b520000 rwxp 00000000 00:00 0 
8b520000-d76b0000 rwxp 00000000 00:00 0 
d76b0000-d9f40000 rwxp 00000000 00:00 0 
d9f40000-100000000 rwxp 00000000 00:00 0 
7ffbd9ec5000-7ffbd9ed7000 r-xp 00000000 fc:04 1575379                    /usr/lib/x86_64-linux-gnu/pkcs11/gnome-keyring-pkcs11.so
7ffbd9ed7000-7ffbda0d6000 ---p 00012000 fc:04 1575379                    /usr/lib/x86_64-linux-gnu/pkcs11/gnome-keyring-pkcs11.so
7ffbda0d6000-7ffbda0d8000 r-xp 00011000 fc:04 1575379                    /usr/lib/x86_64-linux-gnu/pkcs11/gnome-keyring-pkcs11.so
7ffbda0d8000-7ffbda0d9000 rwxp 00013000 fc:04 1575379                    /usr/lib/x86_64-linux-gnu/pkcs11/gnome-keyring-pkcs11.so
7ffbda0d9000-7ffbdb248000 r-xp 00000000 fc:04 1573511                    /usr/lib/x86_64-linux-gnu/libicudata.so.48.1.1
7ffbdb248000-7ffbdb447000 ---p 0116f000 fc:04 1573511                    /usr/lib/x86_64-linux-gnu/libicudata.so.48.1.1
7ffbdb447000-7ffbdb448000 r-xp 0116e000 fc:04 1573511                    /usr/lib/x86_64-linux-gnu/libicudata.so.48.1.1
7ffbdb448000-7ffbdb449000 rwxp 0116f000 fc:04 1573511                    /usr/lib/x86_64-linux-gnu/libicudata.so.48.1.1
7ffbdb449000-7ffbdb44c000 r-xp 00000000 fc:04 1845246                    /lib/x86_64-linux-gnu/libgpg-error.so.0.8.0
7ffbdb44c000-7ffbdb64b000 ---p 00003000 fc:04 1845246                    /lib/x86_64-linux-gnu/libgpg-error.so.0.8.0
7ffbdb64b000-7ffbdb64c000 r-xp 00002000 fc:04 1845246                    /lib/x86_64-linux-gnu/libgpg-error.so.0.8.0
7ffbdb64c000-7ffbdb64d000 rwxp 00003000 fc:04 1845246                    /lib/x86_64-linux-gnu/libgpg-error.so.0.8.0
7ffbdb64d000-7ffbdb7a3000 r-xp 00000000 fc:04 1573630                    /usr/lib/x86_64-linux-gnu/libicuuc.so.48.1.1
7ffbdb7a3000-7ffbdb9a2000 ---p 00156000 fc:04 1573630                    /usr/lib/x86_64-linux-gnu/libicuuc.so.48.1.1
7ffbdb9a2000-7ffbdb9b3000 r-xp 00155000 fc:04 1573630                    /usr/lib/x86_64-linux-gnu/libicuuc.so.48.1.1
7ffbdb9b3000-7ffbdb9b4000 rwxp 00166000 fc:04 1573630                    /usr/lib/x86_64-linux-gnu/libicuuc.so.48.1.1
7ffbdb9b4000-7ffbdb9b8000 rwxp 00000000 00:00 0 
7ffbdb9b8000-7ffbdb9ea000 r-xp 00000000 fc:04 1573557                    /usr/lib/x86_64-linux-gnu/libicule.so.48.1.1
7ffbdb9ea000-7ffbdbbea000 ---p 00032000 fc:04 1573557                    /usr/lib/x86_64-linux-gnu/libicule.so.48.1.1
7ffbdbbea000-7ffbdbbec000 r-xp 00032000 fc:04 1573557                    /usr/lib/x86_64-linux-gnu/libicule.so.48.1.1
7ffbdbbec000-7ffbdbbed000 rwxp 00034000 fc:04 1573557                    /usr/lib/x86_64-linux-gnu/libicule.so.48.1.1
7ffbdbbed000-7ffbdbbff000 r-xp 00000000 fc:04 1574436                    /usr/lib/x86_64-linux-gnu/libp11-kit.so.0.0.0
7ffbdbbff000-7ffbdbdff000 ---p 00012000 fc:04 1574436                    /usr/lib/x86_64-linux-gnu/libp11-kit.so.0.0.0
7ffbdbdff000-7ffbdbe00000 r-xp 00012000 fc:04 1574436                    /usr/lib/x86_64-linux-gnu/libp11-kit.so.0.0.0
7ffbdbe00000-7ffbdbe01000 rwxp 00013000 fc:04 1574436                    /usr/lib/x86_64-linux-gnu/libp11-kit.so.0.0.0
7ffbdbe01000-7ffbdbe10000 r-xp 00000000 fc:04 1580042                    /usr/lib/x86_64-linux-gnu/libtasn1.so.3.2.0
7ffbdbe10000-7ffbdc010000 ---p 0000f000 fc:04 1580042                    /usr/lib/x86_64-linux-gnu/libtasn1.so.3.2.0
7ffbdc010000-7ffbdc011000 r-xp 0000f000 fc:04 1580042                    /usr/lib/x86_64-linux-gnu/libtasn1.so.3.2.0
7ffbdc011000-7ffbdc012000 rwxp 00010000 fc:04 1580042                    /usr/lib/x86_64-linux-gnu/libtasn1.so.3.2.0
7ffbdc012000-7ffbdc08c000 r-xp 00000000 fc:04 1877334                    /lib/x86_64-linux-gnu/libgcrypt.so.11.7.0
7ffbdc08c000-7ffbdc28c000 ---p 0007a000 fc:04 1877334                    /lib/x86_64-linux-gnu/libgcrypt.so.11.7.0
7ffbdc28c000-7ffbdc28d000 r-xp 0007a000 fc:04 1877334                    /lib/x86_64-linux-gnu/libgcrypt.so.11.7.0
7ffbdc28d000-7ffbdc290000 rwxp 0007b000 fc:04 1877334                    /lib/x86_64-linux-gnu/libgcrypt.so.11.7.0
7ffbdc290000-7ffbdc296000 r-xp 00000000 fc:04 1616606                    /usr/lib/x86_64-linux-gnu/libogg.so.0.8.0
7ffbdc296000-7ffbdc495000 ---p 00006000 fc:04 1616606                    /usr/lib/x86_64-linux-gnu/libogg.so.0.8.0
7ffbdc495000-7ffbdc496000 r-xp 00005000 fc:04 1616606                    /usr/lib/x86_64-linux-gnu/libogg.so.0.8.0
7ffbdc496000-7ffbdc497000 rwxp 00006000 fc:04 1616606                    /usr/lib/x86_64-linux-gnu/libogg.so.0.8.0
7ffbdc497000-7ffbdc4a7000 r-xp 00000000 fc:04 1578155                    /usr/lib/x86_64-linux-gnu/libgstinterfaces-0.10.so.0.25.0
7ffbdc4a7000-7ffbdc6a7000 ---p 00010000 fc:04 1578155                    /usr/lib/x86_64-linux-gnu/libgstinterfaces-0.10.so.0.25.0
7ffbdc6a7000-7ffbdc6a8000 r-xp 00010000 fc:04 1578155                    /usr/lib/x86_64-linux-gnu/libgstinterfaces-0.10.so.0.25.0
7ffbdc6a8000-7ffbdc6a9000 rwxp 00011000 fc:04 1578155                    /usr/lib/x86_64-linux-gnu/libgstinterfaces-0.10.so.0.25.0
7ffbdc6a9000-7ffbdc6ae000 r-xp 00000000 fc:04 1580165                    /usr/lib/x86_64-linux-gnu/libXdmcp.so.6.0.0
7ffbdc6ae000-7ffbdc8ad000 ---p 00005000 fc:04 1580165                    /usr/lib/x86_64-linux-gnu/libXdmcp.so.6.0.0
7ffbdc8ad000-7ffbdc8ae000 r-xp 00004000 fc:04 1580165                    /usr/lib/x86_64-linux-gnu/libXdmcp.so.6.0.0
7ffbdc8ae000-7ffbdc8af000 rwxp 00005000 fc:04 1580165                    /usr/lib/x86_64-linux-gnu/libXdmcp.so.6.0.0
7ffbdc8af000-7ffbdc8b1000 r-xp 00000000 fc:04 1580091                    /usr/lib/x86_64-linux-gnu/libXau.so.6.0.0
7ffbdc8b1000-7ffbdcab1000 ---p 00002000 fc:04 1580091                    /usr/lib/x86_64-linux-gnu/libXau.so.6.0.0
7ffbdcab1000-7ffbdcab2000 r-xp 00002000 fc:04 1580091                    /usr/lib/x86_64-linux-gnu/libXau.so.6.0.0
7ffbdcab2000-7ffbdcab3000 rwxp 00003000 fc:04 1580091                    /usr/lib/x86_64-linux-gnu/libXau.so.6.0.0
7ffbdcab3000-7ffbdcad9000 r-xp 00000000 fc:04 1839627                    /lib/x86_64-linux-gnu/libexpat.so.1.6.0
7ffbdcad9000-7ffbdccd9000 ---p 00026000 fc:04 1839627                    /lib/x86_64-linux-gnu/libexpat.so.1.6.0
7ffbdccd9000-7ffbdccdb000 r-xp 00026000 fc:04 1839627                    /lib/x86_64-linux-gnu/libexpat.so.1.6.0
7ffbdccdb000-7ffbdccdc000 rwxp 00028000 fc:04 1839627                    /lib/x86_64-linux-gnu/libexpat.so.1.6.0
7ffbdccdc000-7ffbdcd71000 r-xp 00000000 fc:04 1639484                    /usr/lib/x86_64-linux-gnu/libharfbuzz.so.0.913.0
7ffbdcd71000-7ffbdcf70000 ---p 00095000 fc:04 1639484                    /usr/lib/x86_64-linux-gnu/libharfbuzz.so.0.913.0
7ffbdcf70000-7ffbdcf72000 r-xp 00094000 fc:04 1639484                    /usr/lib/x86_64-linux-gnu/libharfbuzz.so.0.913.0
7ffbdcf72000-7ffbdcf73000 rwxp 00096000 fc:04 1639484                    /usr/lib/x86_64-linux-gnu/libharfbuzz.so.0.913.0
7ffbdcf73000-7ffbdcf89000 r-xp 00000000 fc:04 1835301                    /lib/x86_64-linux-gnu/libresolv-2.17.so
7ffbdcf89000-7ffbdd189000 ---p 00016000 fc:04 1835301                    /lib/x86_64-linux-gnu/libresolv-2.17.so
7ffbdd189000-7ffbdd18a000 r-xp 00016000 fc:04 1835301                    /lib/x86_64-linux-gnu/libresolv-2.17.so
7ffbdd18a000-7ffbdd18b000 rwxp 00017000 fc:04 1835301                    /lib/x86_64-linux-gnu/libresolv-2.17.so
7ffbdd18b000-7ffbdd18d000 rwxp 00000000 00:00 0 
7ffbdd18d000-7ffbdd1aa000 r-xp 00000000 fc:04 1838993                    /lib/x86_64-linux-gnu/libselinux.so.1
7ffbdd1aa000-7ffbdd3a9000 ---p 0001d000 fc:04 1838993                    /lib/x86_64-linux-gnu/libselinux.so.1
7ffbdd3a9000-7ffbdd3aa000 r-xp 0001c000 fc:04 1838993                    /lib/x86_64-linux-gnu/libselinux.so.1
7ffbdd3aa000-7ffbdd3ab000 rwxp 0001d000 fc:04 1838993                    /lib/x86_64-linux-gnu/libselinux.so.1
7ffbdd3ab000-7ffbdd3ac000 rwxp 00000000 00:00 0 
7ffbdd3ac000-7ffbdd3bb000 r-xp 00000000 fc:04 1858913                    /lib/x86_64-linux-gnu/libbz2.so.1.0.4
7ffbdd3bb000-7ffbdd5ba000 ---p 0000f000 fc:04 1858913                    /lib/x86_64-linux-gnu/libbz2.so.1.0.4
7ffbdd5ba000-7ffbdd5bb000 r-xp 0000e000 fc:04 1858913                    /lib/x86_64-linux-gnu/libbz2.so.1.0.4
7ffbdd5bb000-7ffbdd5bc000 rwxp 0000f000 fc:04 1858913                    /lib/x86_64-linux-gnu/libbz2.so.1.0.4
7ffbdd5bc000-7ffbdd671000 r-xp 00000000 fc:04 1577122                    /usr/lib/x86_64-linux-gnu/libgnutls.so.26.22.6
7ffbdd671000-7ffbdd870000 ---p 000b5000 fc:04 1577122                    /usr/lib/x86_64-linux-gnu/libgnutls.so.26.22.6
7ffbdd870000-7ffbdd876000 r-xp 000b4000 fc:04 1577122                    /usr/lib/x86_64-linux-gnu/libgnutls.so.26.22.6
7ffbdd876000-7ffbdd877000 rwxp 000ba000 fc:04 1577122                    /usr/lib/x86_64-linux-gnu/libgnutls.so.26.22.6
7ffbdd877000-7ffbdd878000 rwxp 00000000 00:00 0 
7ffbdd878000-7ffbdd888000 r-xp 00000000 fc:04 1577981                    /usr/lib/x86_64-linux-gnu/libva.so.1.3200.0
7ffbdd888000-7ffbdda87000 ---p 00010000 fc:04 1577981                    /usr/lib/x86_64-linux-gnu/libva.so.1.3200.0
7ffbdda87000-7ffbdda88000 r-xp 0000f000 fc:04 1577981                    /usr/lib/x86_64-linux-gnu/libva.so.1.3200.0
7ffbdda88000-7ffbdda89000 rwxp 00010000 fc:04 1577981                    /usr/lib/x86_64-linux-gnu/libva.so.1.3200.0
7ffbdda89000-7ffbdda8e000 rwxp 00000000 00:00 0 
7ffbdda8e000-7ffbdda9b000 r-xp 00000000 fc:04 1581818                    /usr/lib/x86_64-linux-gnu/libgsm.so.1.0.12
7ffbdda9b000-7ffbddc9a000 ---p 0000d000 fc:04 1581818                    /usr/lib/x86_64-linux-gnu/libgsm.so.1.0.12
7ffbddc9a000-7ffbddc9b000 r-xp 0000c000 fc:04 1581818                    /usr/lib/x86_64-linux-gnu/libgsm.so.1.0.12
7ffbddc9b000-7ffbddc9c000 rwxp 0000d000 fc:04 1581818                    /usr/lib/x86_64-linux-gnu/libgsm.so.1.0.12
7ffbddc9c000-7ffbddd67000 r-xp 00000000 fc:04 1574887                    /usr/lib/x86_64-linux-gnu/libschroedinger-1.0.so.0.11.0
7ffbddd67000-7ffbddf66000 ---p 000cb000 fc:04 1574887                    /usr/lib/x86_64-linux-gnu/libschroedinger-1.0.so.0.11.0
7ffbddf66000-7ffbddf68000 r-xp 000ca000 fc:04 1574887                    /usr/lib/x86_64-linux-gnu/libschroedinger-1.0.so.0.11.0
7ffbddf68000-7ffbddf69000 rwxp 000cc000 fc:04 1574887                    /usr/lib/x86_64-linux-gnu/libschroedinger-1.0.so.0.11.0
7ffbddf69000-7ffbddf6a000 rwxp 00000000 00:00 0 
7ffbddf6a000-7ffbddf81000 r-xp 00000000 fc:04 1581811                    /usr/lib/x86_64-linux-gnu/libspeex.so.1.5.0
7ffbddf81000-7ffbde181000 ---p 00017000 fc:04 1581811                    /usr/lib/x86_64-linux-gnu/libspeex.so.1.5.0
7ffbde181000-7ffbde182000 r-xp 00017000 fc:04 1581811                    /usr/lib/x86_64-linux-gnu/libspeex.so.1.5.0
7ffbde182000-7ffbde183000 rwxp 00018000 fc:04 1581811                    /usr/lib/x86_64-linux-gnu/libspeex.so.1.5.0
7ffbde183000-7ffbde19e000 r-xp 00000000 fc:04 1616648                    /usr/lib/x86_64-linux-gnu/libtheoradec.so.1.1.4
7ffbde19e000-7ffbde39d000 ---p 0001b000 fc:04 1616648                    /usr/lib/x86_64-linux-gnu/libtheoradec.so.1.1.4
7ffbde39d000-7ffbde39e000 r-xp 0001a000 fc:04 1616648                    /usr/lib/x86_64-linux-gnu/libtheoradec.so.1.1.4
7ffbde39e000-7ffbde39f000 rwxp 0001b000 fc:04 1616648                    /usr/lib/x86_64-linux-gnu/libtheoradec.so.1.1.4
7ffbde39f000-7ffbde3de000 r-xp 00000000 fc:04 1616647                    /usr/lib/x86_64-linux-gnu/libtheoraenc.so.1.1.2
7ffbde3de000-7ffbde5de000 ---p 0003f000 fc:04 1616647                    /usr/lib/x86_64-linux-gnu/libtheoraenc.so.1.1.2
7ffbde5de000-7ffbde5df000 r-xp 0003f000 fc:04 1616647                    /usr/lib/x86_64-linux-gnu/libtheoraenc.so.1.1.2
7ffbde5df000-7ffbde5e0000 rwxp 00040000 fc:04 1616647                    /usr/lib/x86_64-linux-gnu/libtheoraenc.so.1.1.2
7ffbde5e0000-7ffbde60b000 r-xp 00000000 fc:04 1582554                    /usr/lib/x86_64-linux-gnu/libvorbis.so.0.4.5
7ffbde60b000-7ffbde80b000 ---p 0002b000 fc:04 1582554                    /usr/lib/x86_64-linux-gnu/libvorbis.so.0.4.5
7ffbde80b000-7ffbde80c000 r-xp 0002b000 fc:04 1582554                    /usr/lib/x86_64-linux-gnu/libvorbis.so.0.4.5
7ffbde80c000-7ffbde80d000 rwxp 0002c000 fc:04 1582554                    /usr/lib/x86_64-linux-gnu/libvorbis.so.0.4.5
7ffbde80d000-7ffbdeac0000 r-xp 00000000 fc:04 1616654                    /usr/lib/x86_64-linux-gnu/libvorbisenc.so.2.0.8
7ffbdeac0000-7ffbdecbf000 ---p 002b3000 fc:04 1616654                    /usr/lib/x86_64-linux-gnu/libvorbisenc.so.2.0.8
7ffbdecbf000-7ffbdecdb000 r-xp 002b2000 fc:04 1616654                    /usr/lib/x86_64-linux-gnu/libvorbisenc.so.2.0.8
7ffbdecdb000-7ffbdecdc000 rwxp 002ce000 fc:04 1616654                    /usr/lib/x86_64-linux-gnu/libvorbisenc.so.2.0.8
7ffbdecdc000-7ffbded79000 r-xp 00000000 fc:04 1581554                    /usr/lib/x86_64-linux-gnu/libvpx.so.1.1.0
7ffbded79000-7ffbdef78000 ---p 0009d000 fc:04 1581554                    /usr/lib/x86_64-linux-gnu/libvpx.so.1.1.0
7ffbdef78000-7ffbdef79000 r-xp 0009c000 fc:04 1581554                    /usr/lib/x86_64-linux-gnu/libvpx.so.1.1.0
7ffbdef79000-7ffbdef7a000 rwxp 0009d000 fc:04 1581554                    /usr/lib/x86_64-linux-gnu/libvpx.so.1.1.0
7ffbdef7a000-7ffbdef7c000 rwxp 00000000 00:00 0 
7ffbdef7c000-7ffbdefb0000 r-xp 00000000 fc:04 1578161                    /usr/lib/x86_64-linux-gnu/libgsttag-0.10.so.0.25.0
7ffbdefb0000-7ffbdf1af000 ---p 00034000 fc:04 1578161                    /usr/lib/x86_64-linux-gnu/libgsttag-0.10.so.0.25.0
7ffbdf1af000-7ffbdf1b1000 r-xp 00033000 fc:04 1578161                    /usr/lib/x86_64-linux-gnu/libgsttag-0.10.so.0.25.0
7ffbdf1b1000-7ffbdf1b2000 rwxp 00035000 fc:04 1578161                    /usr/lib/x86_64-linux-gnu/libgsttag-0.10.so.0.25.0
7ffbdf1b2000-7ffbdf1e7000 r-xp 00000000 fc:04 1578167                    /usr/lib/x86_64-linux-gnu/libgstaudio-0.10.so.0.25.0
7ffbdf1e7000-7ffbdf3e6000 ---p 00035000 fc:04 1578167                    /usr/lib/x86_64-linux-gnu/libgstaudio-0.10.so.0.25.0
7ffbdf3e6000-7ffbdf3e7000 r-xp 00034000 fc:04 1578167                    /usr/lib/x86_64-linux-gnu/libgstaudio-0.10.so.0.25.0
7ffbdf3e7000-7ffbdf3e9000 rwxp 00035000 fc:04 1578167                    /usr/lib/x86_64-linux-gnu/libgstaudio-0.10.so.0.25.0
7ffbdf3e9000-7ffbdf462000 r-xp 00000000 fc:04 1582125                    /usr/lib/x86_64-linux-gnu/liborc-0.4.so.0.17.0
7ffbdf462000-7ffbdf661000 ---p 00079000 fc:04 1582125                    /usr/lib/x86_64-linux-gnu/liborc-0.4.so.0.17.0
7ffbdf661000-7ffbdf663000 r-xp 00078000 fc:04 1582125                    /usr/lib/x86_64-linux-gnu/liborc-0.4.so.0.17.0
7ffbdf663000-7ffbdf667000 rwxp 0007a000 fc:04 1582125                    /usr/lib/x86_64-linux-gnu/liborc-0.4.so.0.17.0
7ffbdf667000-7ffbdf6b9000 r-xp 00000000 fc:04 1581666                    /usr/lib/x86_64-linux-gnu/libgstbase-0.10.so.0.30.0
7ffbdf6b9000-7ffbdf8b9000 ---p 00052000 fc:04 1581666                    /usr/lib/x86_64-linux-gnu/libgstbase-0.10.so.0.30.0
7ffbdf8b9000-7ffbdf8ba000 r-xp 00052000 fc:04 1581666                    /usr/lib/x86_64-linux-gnu/libgstbase-0.10.so.0.30.0
7ffbdf8ba000-7ffbdf8bb000 rwxp 00053000 fc:04 1581666                    /usr/lib/x86_64-linux-gnu/libgstbase-0.10.so.0.30.0
7ffbdf8bb000-7ffbdfa14000 r-xp 00000000 fc:04 1574177                    /usr/lib/x86_64-linux-gnu/libxml2.so.2.9.0
7ffbdfa14000-7ffbdfc13000 ---p 00159000 fc:04 1574177                    /usr/lib/x86_64-linux-gnu/libxml2.so.2.9.0
7ffbdfc13000-7ffbdfc1b000 r-xp 00158000 fc:04 1574177                    /usr/lib/x86_64-linux-gnu/libxml2.so.2.9.0
7ffbdfc1b000-7ffbdfc1d000 rwxp 00160000 fc:04 1574177                    /usr/lib/x86_64-linux-gnu/libxml2.so.2.9.0
7ffbdfc1d000-7ffbdfc1e000 rwxp 00000000 00:00 0 
7ffbdfc1e000-7ffbdfc5b000 r-xp 00000000 fc:04 1839684                    /lib/x86_64-linux-gnu/libpcre.so.3.13.1
7ffbdfc5b000-7ffbdfe5b000 ---p 0003d000 fc:04 1839684                    /lib/x86_64-linux-gnu/libpcre.so.3.13.1
7ffbdfe5b000-7ffbdfe5c000 r-xp 0003d000 fc:04 1839684                    /lib/x86_64-linux-gnu/libpcre.so.3.13.1
7ffbdfe5c000-7ffbdfe5d000 rwxp 0003e000 fc:04 1839684                    /lib/x86_64-linux-gnu/libpcre.so.3.13.1
7ffbdfe5d000-7ffbdfe64000 r-xp 00000000 fc:04 1573930                    /usr/lib/x86_64-linux-gnu/libffi.so.6.0.1
7ffbdfe64000-7ffbe0063000 ---p 00007000 fc:04 1573930                    /usr/lib/x86_64-linux-gnu/libffi.so.6.0.1
7ffbe0063000-7ffbe0064000 r-xp 00006000 fc:04 1573930                    /usr/lib/x86_64-linux-gnu/libffi.so.6.0.1
7ffbe0064000-7ffbe0065000 rwxp 00007000 fc:04 1573930                    /usr/lib/x86_64-linux-gnu/libffi.so.6.0.1
7ffbe0065000-7ffbe0082000 r-xp 00000000 fc:04 1573214                    /usr/lib/x86_64-linux-gnu/libxcb.so.1.1.0
7ffbe0082000-7ffbe0281000 ---p 0001d000 fc:04 1573214                    /usr/lib/x86_64-linux-gnu/libxcb.so.1.1.0
7ffbe0281000-7ffbe0282000 r-xp 0001c000 fc:04 1573214                    /usr/lib/x86_64-linux-gnu/libxcb.so.1.1.0
7ffbe0282000-7ffbe0283000 rwxp 0001d000 fc:04 1573214                    /usr/lib/x86_64-linux-gnu/libxcb.so.1.1.0
7ffbe0283000-7ffbe028b000 r-xp 00000000 fc:04 1576056                    /usr/lib/x86_64-linux-gnu/libxcb-render.so.0.0.0
7ffbe028b000-7ffbe048b000 ---p 00008000 fc:04 1576056                    /usr/lib/x86_64-linux-gnu/libxcb-render.so.0.0.0
7ffbe048b000-7ffbe048c000 r-xp 00008000 fc:04 1576056                    /usr/lib/x86_64-linux-gnu/libxcb-render.so.0.0.0
7ffbe048c000-7ffbe048d000 rwxp 00009000 fc:04 1576056                    /usr/lib/x86_64-linux-gnu/libxcb-render.so.0.0.0
7ffbe048d000-7ffbe048f000 r-xp 00000000 fc:04 1573994                    /usr/lib/x86_64-linux-gnu/libxcb-shm.so.0.0.0
7ffbe048f000-7ffbe068e000 ---p 00002000 fc:04 1573994                    /usr/lib/x86_64-linux-gnu/libxcb-shm.so.0.0.0
7ffbe068e000-7ffbe068f000 r-xp 00001000 fc:04 1573994                    /usr/lib/x86_64-linux-gnu/libxcb-shm.so.0.0.0
7ffbe068f000-7ffbe0690000 rwxp 00002000 fc:04 1573994                    /usr/lib/x86_64-linux-gnu/libxcb-shm.so.0.0.0
7ffbe0690000-7ffbe0727000 r-xp 00000000 fc:04 1578595                    /usr/lib/x86_64-linux-gnu/libfreetype.so.6.10.0
7ffbe0727000-7ffbe0926000 ---p 00097000 fc:04 1578595                    /usr/lib/x86_64-linux-gnu/libfreetype.so.6.10.0
7ffbe0926000-7ffbe092c000 r-xp 00096000 fc:04 1578595                    /usr/lib/x86_64-linux-gnu/libfreetype.so.6.10.0
7ffbe092c000-7ffbe092d000 rwxp 0009c000 fc:04 1578595                    /usr/lib/x86_64-linux-gnu/libfreetype.so.6.10.0
7ffbe092d000-7ffbe09cf000 r-xp 00000000 fc:04 1573997                    /usr/lib/x86_64-linux-gnu/libpixman-1.so.0.30.2
7ffbe09cf000-7ffbe0bcf000 ---p 000a2000 fc:04 1573997                    /usr/lib/x86_64-linux-gnu/libpixman-1.so.0.30.2
7ffbe0bcf000-7ffbe0bd6000 r-xp 000a2000 fc:04 1573997                    /usr/lib/x86_64-linux-gnu/libpixman-1.so.0.30.2
7ffbe0bd6000-7ffbe0bd7000 rwxp 000a9000 fc:04 1573997                    /usr/lib/x86_64-linux-gnu/libpixman-1.so.0.30.2
7ffbe0bd7000-7ffbe0be8000 r-xp 00000000 fc:04 1575536                    /usr/lib/x86_64-linux-gnu/libXext.so.6.4.0
7ffbe0be8000-7ffbe0de7000 ---p 00011000 fc:04 1575536                    /usr/lib/x86_64-linux-gnu/libXext.so.6.4.0
7ffbe0de7000-7ffbe0de8000 r-xp 00010000 fc:04 1575536                    /usr/lib/x86_64-linux-gnu/libXext.so.6.4.0
7ffbe0de8000-7ffbe0de9000 rwxp 00011000 fc:04 1575536                    /usr/lib/x86_64-linux-gnu/libXext.so.6.4.0
7ffbe0de9000-7ffbe0deb000 r-xp 00000000 fc:04 1581515                    /usr/lib/x86_64-linux-gnu/libXdamage.so.1.1.0
7ffbe0deb000-7ffbe0fea000 ---p 00002000 fc:04 1581515                    /usr/lib/x86_64-linux-gnu/libXdamage.so.1.1.0
7ffbe0fea000-7ffbe0feb000 r-xp 00001000 fc:04 1581515                    /usr/lib/x86_64-linux-gnu/libXdamage.so.1.1.0
7ffbe0feb000-7ffbe0fec000 rwxp 00002000 fc:04 1581515                    /usr/lib/x86_64-linux-gnu/libXdamage.so.1.1.0
7ffbe0fec000-7ffbe0fee000 r-xp 00000000 fc:04 1577020                    /usr/lib/x86_64-linux-gnu/libXcomposite.so.1.0.0
7ffbe0fee000-7ffbe11ed000 ---p 00002000 fc:04 1577020                    /usr/lib/x86_64-linux-gnu/libXcomposite.so.1.0.0
7ffbe11ed000-7ffbe11ee000 r-xp 00001000 fc:04 1577020                    /usr/lib/x86_64-linux-gnu/libXcomposite.so.1.0.0
7ffbe11ee000-7ffbe11ef000 rwxp 00002000 fc:04 1577020                    /usr/lib/x86_64-linux-gnu/libXcomposite.so.1.0.0
7ffbe11ef000-7ffbe11f8000 r-xp 00000000 fc:04 1577308                    /usr/lib/x86_64-linux-gnu/libXcursor.so.1.0.2
7ffbe11f8000-7ffbe13f8000 ---p 00009000 fc:04 1577308                    /usr/lib/x86_64-linux-gnu/libXcursor.so.1.0.2
7ffbe13f8000-7ffbe13f9000 r-xp 00009000 fc:04 1577308                    /usr/lib/x86_64-linux-gnu/libXcursor.so.1.0.2
7ffbe13f9000-7ffbe13fa000 rwxp 0000a000 fc:04 1577308                    /usr/lib/x86_64-linux-gnu/libXcursor.so.1.0.2
7ffbe13fa000-7ffbe1403000 r-xp 00000000 fc:04 1575130                    /usr/lib/x86_64-linux-gnu/libXrandr.so.2.2.0
7ffbe1403000-7ffbe1602000 ---p 00009000 fc:04 1575130                    /usr/lib/x86_64-linux-gnu/libXrandr.so.2.2.0
7ffbe1602000-7ffbe1603000 r-xp 00008000 fc:04 1575130                    /usr/lib/x86_64-linux-gnu/libXrandr.so.2.2.0
7ffbe1603000-7ffbe1604000 rwxp 00009000 fc:04 1575130                    /usr/lib/x86_64-linux-gnu/libXrandr.so.2.2.0
7ffbe1604000-7ffbe1612000 r-xp 00000000 fc:04 1573992                    /usr/lib/x86_64-linux-gnu/libXi.so.6.1.0
7ffbe1612000-7ffbe1812000 ---p 0000e000 fc:04 1573992                    /usr/lib/x86_64-linux-gnu/libXi.so.6.1.0
7ffbe1812000-7ffbe1813000 r-xp 0000e000 fc:04 1573992                    /usr/lib/x86_64-linux-gnu/libXi.so.6.1.0
7ffbe1813000-7ffbe1814000 rwxp 0000f000 fc:04 1573992                    /usr/lib/x86_64-linux-gnu/libXi.so.6.1.0
7ffbe1814000-7ffbe1816000 r-xp 00000000 fc:04 1580988                    /usr/lib/x86_64-linux-gnu/libXinerama.so.1.0.0
7ffbe1816000-7ffbe1a15000 ---p 00002000 fc:04 1580988                    /usr/lib/x86_64-linux-gnu/libXinerama.so.1.0.0
7ffbe1a15000-7ffbe1a16000 r-xp 00001000 fc:04 1580988                    /usr/lib/x86_64-linux-gnu/libXinerama.so.1.0.0
7ffbe1a16000-7ffbe1a17000 rwxp 00002000 fc:04 1580988                    /usr/lib/x86_64-linux-gnu/libXinerama.so.1.0.0
7ffbe1a17000-7ffbe1a20000 r-xp 00000000 fc:04 1580199                    /usr/lib/x86_64-linux-gnu/libXrender.so.1.3.0
7ffbe1a20000-7ffbe1c1f000 ---p 00009000 fc:04 1580199                    /usr/lib/x86_64-linux-gnu/libXrender.so.1.3.0
7ffbe1c1f000-7ffbe1c20000 r-xp 00008000 fc:04 1580199                    /usr/lib/x86_64-linux-gnu/libXrender.so.1.3.0
7ffbe1c20000-7ffbe1c21000 rwxp 00009000 fc:04 1580199                    /usr/lib/x86_64-linux-gnu/libXrender.so.1.3.0
7ffbe1c21000-7ffbe1c58000 r-xp 00000000 fc:04 1578137                    /usr/lib/x86_64-linux-gnu/libfontconfig.so.1.6.2
7ffbe1c58000-7ffbe1e58000 ---p 00037000 fc:04 1578137                    /usr/lib/x86_64-linux-gnu/libfontconfig.so.1.6.2
7ffbe1e58000-7ffbe1e59000 r-xp 00037000 fc:04 1578137                    /usr/lib/x86_64-linux-gnu/libfontconfig.so.1.6.2
7ffbe1e59000-7ffbe1e5a000 rwxp 00038000 fc:04 1578137                    /usr/lib/x86_64-linux-gnu/libfontconfig.so.1.6.2
7ffbe1e5a000-7ffbe1e5b000 rwxp 00000000 00:00 0 
7ffbe1e5b000-7ffbe1ea3000 r-xp 00000000 fc:04 1572966                    /usr/lib/x86_64-linux-gnu/libpango-1.0.so.0.3200.5
7ffbe1ea3000-7ffbe20a3000 ---p 00048000 fc:04 1572966                    /usr/lib/x86_64-linux-gnu/libpango-1.0.so.0.3200.5
7ffbe20a3000-7ffbe20a5000 r-xp 00048000 fc:04 1572966                    /usr/lib/x86_64-linux-gnu/libpango-1.0.so.0.3200.5
7ffbe20a5000-7ffbe20a6000 rwxp 0004a000 fc:04 1572966                    /usr/lib/x86_64-linux-gnu/libpango-1.0.so.0.3200.5
7ffbe20a6000-7ffbe20b9000 r-xp 00000000 fc:04 1572969                    /usr/lib/x86_64-linux-gnu/libpangoft2-1.0.so.0.3200.5
7ffbe20b9000-7ffbe22b8000 ---p 00013000 fc:04 1572969                    /usr/lib/x86_64-linux-gnu/libpangoft2-1.0.so.0.3200.5
7ffbe22b8000-7ffbe22b9000 r-xp 00012000 fc:04 1572969                    /usr/lib/x86_64-linux-gnu/libpangoft2-1.0.so.0.3200.5
7ffbe22b9000-7ffbe22ba000 rwxp 00013000 fc:04 1572969                    /usr/lib/x86_64-linux-gnu/libpangoft2-1.0.so.0.3200.5
7ffbe22ba000-7ffbe240d000 r-xp 00000000 fc:04 1576353                    /usr/lib/x86_64-linux-gnu/libgio-2.0.so.0.3600.0
7ffbe240d000-7ffbe260c000 ---p 00153000 fc:04 1576353                    /usr/lib/x86_64-linux-gnu/libgio-2.0.so.0.3600.0
7ffbe260c000-7ffbe2610000 r-xp 00152000 fc:04 1576353                    /usr/lib/x86_64-linux-gnu/libgio-2.0.so.0.3600.0
7ffbe2610000-7ffbe2612000 rwxp 00156000 fc:04 1576353                    /usr/lib/x86_64-linux-gnu/libgio-2.0.so.0.3600.0
7ffbe2612000-7ffbe2614000 rwxp 00000000 00:00 0 
7ffbe2614000-7ffbe2634000 r-xp 00000000 fc:04 1574720                    /usr/lib/x86_64-linux-gnu/libatk-1.0.so.0.20809.1
7ffbe2634000-7ffbe2833000 ---p 00020000 fc:04 1574720                    /usr/lib/x86_64-linux-gnu/libatk-1.0.so.0.20809.1
7ffbe2833000-7ffbe2835000 r-xp 0001f000 fc:04 1574720                    /usr/lib/x86_64-linux-gnu/libatk-1.0.so.0.20809.1
7ffbe2835000-7ffbe2836000 rwxp 00021000 fc:04 1574720                    /usr/lib/x86_64-linux-gnu/libatk-1.0.so.0.20809.1
7ffbe2836000-7ffbe283b000 r-xp 00000000 fc:04 1577286                    /usr/lib/x86_64-linux-gnu/libXfixes.so.3.1.0
7ffbe283b000-7ffbe2a3a000 ---p 00005000 fc:04 1577286                    /usr/lib/x86_64-linux-gnu/libXfixes.so.3.1.0
7ffbe2a3a000-7ffbe2a3b000 r-xp 00004000 fc:04 1577286                    /usr/lib/x86_64-linux-gnu/libXfixes.so.3.1.0
7ffbe2a3b000-7ffbe2a3c000 rwxp 00005000 fc:04 1577286                    /usr/lib/x86_64-linux-gnu/libXfixes.so.3.1.0
7ffbe2a3c000-7ffbe2b70000 r-xp 00000000 fc:04 1573578                    /usr/lib/x86_64-linux-gnu/libX11.so.6.3.0
7ffbe2b70000-7ffbe2d70000 ---p 00134000 fc:04 1573578                    /usr/lib/x86_64-linux-gnu/libX11.so.6.3.0
7ffbe2d70000-7ffbe2d71000 r-xp 00134000 fc:04 1573578                    /usr/lib/x86_64-linux-gnu/libX11.so.6.3.0
7ffbe2d71000-7ffbe2d76000 rwxp 00135000 fc:04 1573578                    /usr/lib/x86_64-linux-gnu/libX11.so.6.3.0
7ffbe2d76000-7ffbe2d81000 r-xp 00000000 fc:04 1572967                    /usr/lib/x86_64-linux-gnu/libpangocairo-1.0.so.0.3200.5
7ffbe2d81000-7ffbe2f81000 ---p 0000b000 fc:04 1572967                    /usr/lib/x86_64-linux-gnu/libpangocairo-1.0.so.0.3200.5
7ffbe2f81000-7ffbe2f82000 r-xp 0000b000 fc:04 1572967                    /usr/lib/x86_64-linux-gnu/libpangocairo-1.0.so.0.3200.5
7ffbe2f82000-7ffbe2f83000 rwxp 0000c000 fc:04 1572967                    /usr/lib/x86_64-linux-gnu/libpangocairo-1.0.so.0.3200.5
7ffbe2f83000-7ffbe2f86000 r-xp 00000000 fc:04 1576345                    /usr/lib/x86_64-linux-gnu/libgmodule-2.0.so.0.3600.0
7ffbe2f86000-7ffbe3185000 ---p 00003000 fc:04 1576345                    /usr/lib/x86_64-linux-gnu/libgmodule-2.0.so.0.3600.0
7ffbe3185000-7ffbe3186000 r-xp 00002000 fc:04 1576345                    /usr/lib/x86_64-linux-gnu/libgmodule-2.0.so.0.3600.0
7ffbe3186000-7ffbe3187000 rwxp 00003000 fc:04 1576345                    /usr/lib/x86_64-linux-gnu/libgmodule-2.0.so.0.3600.0
7ffbe3187000-7ffbe3868000 r-xp 00000000 fc:04 1578558                    /usr/lib/x86_64-linux-gnu/libavcodec.so.53.35.0
7ffbe3868000-7ffbe3a67000 ---p 006e1000 fc:04 1578558                    /usr/lib/x86_64-linux-gnu/libavcodec.so.53.35.0
7ffbe3a67000-7ffbe3a79000 r-xp 006e0000 fc:04 1578558                    /usr/lib/x86_64-linux-gnu/libavcodec.so.53.35.0
7ffbe3a79000-7ffbe3a90000 rwxp 006f2000 fc:04 1578558                    /usr/lib/x86_64-linux-gnu/libavcodec.so.53.35.0
7ffbe3a90000-7ffbe4000000 rwxp 00000000 00:00 0 
7ffbe4000000-7ffbe4026000 rwxp 00000000 00:00 0 
7ffbe4026000-7ffbe8000000 ---p 00000000 00:00 0 
7ffbe806e000-7ffbe8079000 r-xp 00000000 fc:04 1575775                    /usr/lib/x86_64-linux-gnu/libjbig.so.0.0.0
7ffbe8079000-7ffbe8278000 ---p 0000b000 fc:04 1575775                    /usr/lib/x86_64-linux-gnu/libjbig.so.0.0.0
7ffbe8278000-7ffbe8279000 r-xp 0000a000 fc:04 1575775                    /usr/lib/x86_64-linux-gnu/libjbig.so.0.0.0
7ffbe8279000-7ffbe827c000 rwxp 0000b000 fc:04 1575775                    /usr/lib/x86_64-linux-gnu/libjbig.so.0.0.0
7ffbe827c000-7ffbe829d000 r-xp 00000000 fc:04 1839681                    /lib/x86_64-linux-gnu/liblzma.so.5.0.0
7ffbe829d000-7ffbe849c000 ---p 00021000 fc:04 1839681                    /lib/x86_64-linux-gnu/liblzma.so.5.0.0
7ffbe849c000-7ffbe849d000 r-xp 00020000 fc:04 1839681                    /lib/x86_64-linux-gnu/liblzma.so.5.0.0
7ffbe849d000-7ffbe849e000 rwxp 00021000 fc:04 1839681                    /lib/x86_64-linux-gnu/liblzma.so.5.0.0
7ffbe849e000-7ffbe84f6000 r-xp 00000000 fc:04 1714322                    /usr/local/lib/libopencv_flann.so.3.0.0
7ffbe84f6000-7ffbe86f6000 ---p 00058000 fc:04 1714322                    /usr/local/lib/libopencv_flann.so.3.0.0
7ffbe86f6000-7ffbe86f9000 r-xp 00058000 fc:04 1714322                    /usr/local/lib/libopencv_flann.so.3.0.0
7ffbe86f9000-7ffbe86fa000 rwxp 0005b000 fc:04 1714322                    /usr/local/lib/libopencv_flann.so.3.0.0
7ffbe86fa000-7ffbe8740000 r-xp 00000000 fc:04 1573048                    /usr/lib/x86_64-linux-gnu/libswscale.so.2.1.0
7ffbe8740000-7ffbe8940000 ---p 00046000 fc:04 1573048                    /usr/lib/x86_64-linux-gnu/libswscale.so.2.1.0
7ffbe8940000-7ffbe8941000 r-xp 00046000 fc:04 1573048                    /usr/lib/x86_64-linux-gnu/libswscale.so.2.1.0
7ffbe8941000-7ffbe8942000 rwxp 00047000 fc:04 1573048                    /usr/lib/x86_64-linux-gnu/libswscale.so.2.1.0
7ffbe8942000-7ffbe895c000 r-xp 00000000 fc:04 1573537                    /usr/lib/x86_64-linux-gnu/libavutil.so.51.22.1
7ffbe895c000-7ffbe8b5b000 ---p 0001a000 fc:04 1573537                    /usr/lib/x86_64-linux-gnu/libavutil.so.51.22.1
7ffbe8b5b000-7ffbe8b5d000 r-xp 00019000 fc:04 1573537                    /usr/lib/x86_64-linux-gnu/libavutil.so.51.22.1
7ffbe8b5d000-7ffbe8b5e000 rwxp 0001b000 fc:04 1573537                    /usr/lib/x86_64-linux-gnu/libavutil.so.51.22.1
7ffbe8b5e000-7ffbe8b62000 rwxp 00000000 00:00 0 
7ffbe8b62000-7ffbe8c57000 r-xp 00000000 fc:04 1581068                    /usr/lib/x86_64-linux-gnu/libavformat.so.53.21.1
7ffbe8c57000-7ffbe8e56000 ---p 000f5000 fc:04 1581068                    /usr/lib/x86_64-linux-gnu/libavformat.so.53.21.1
7ffbe8e56000-7ffbe8e5d000 r-xp 000f4000 fc:04 1581068                    /usr/lib/x86_64-linux-gnu/libavformat.so.53.21.1
7ffbe8e5d000-7ffbe8e6a000 rwxp 000fb000 fc:04 1581068                    /usr/lib/x86_64-linux-gnu/libavformat.so.53.21.1
7ffbe8e6a000-7ffbe8e8b000 r-xp 00000000 fc:04 1578179                    /usr/lib/x86_64-linux-gnu/libgstpbutils-0.10.so.0.25.0
7ffbe8e8b000-7ffbe908b000 ---p 00021000 fc:04 1578179                    /usr/lib/x86_64-linux-gnu/libgstpbutils-0.10.so.0.25.0
7ffbe908b000-7ffbe908d000 r-xp 00021000 fc:04 1578179                    /usr/lib/x86_64-linux-gnu/libgstpbutils-0.10.so.0.25.0
7ffbe908d000-7ffbe908e000 rwxp 00023000 fc:04 1578179                    /usr/lib/x86_64-linux-gnu/libgstpbutils-0.10.so.0.25.0
7ffbe908e000-7ffbe9099000 r-xp 00000000 fc:04 1578171                    /usr/lib/x86_64-linux-gnu/libgstriff-0.10.so.0.25.0
7ffbe9099000-7ffbe9299000 ---p 0000b000 fc:04 1578171                    /usr/lib/x86_64-linux-gnu/libgstriff-0.10.so.0.25.0
7ffbe9299000-7ffbe929a000 r-xp 0000b000 fc:04 1578171                    /usr/lib/x86_64-linux-gnu/libgstriff-0.10.so.0.25.0
7ffbe929a000-7ffbe929b000 rwxp 0000c000 fc:04 1578171                    /usr/lib/x86_64-linux-gnu/libgstriff-0.10.so.0.25.0
7ffbe929b000-7ffbe92a6000 r-xp 00000000 fc:04 1578173                    /usr/lib/x86_64-linux-gnu/libgstapp-0.10.so.0.25.0
7ffbe92a6000-7ffbe94a5000 ---p 0000b000 fc:04 1578173                    /usr/lib/x86_64-linux-gnu/libgstapp-0.10.so.0.25.0
7ffbe94a5000-7ffbe94a6000 r-xp 0000a000 fc:04 1578173                    /usr/lib/x86_64-linux-gnu/libgstapp-0.10.so.0.25.0
7ffbe94a6000-7ffbe94a7000 rwxp 0000b000 fc:04 1578173                    /usr/lib/x86_64-linux-gnu/libgstapp-0.10.so.0.25.0
7ffbe94a7000-7ffbe94c1000 r-xp 00000000 fc:04 1576684                    /usr/lib/x86_64-linux-gnu/libgstvideo-0.10.so.0.25.0
7ffbe94c1000-7ffbe96c1000 ---p 0001a000 fc:04 1576684                    /usr/lib/x86_64-linux-gnu/libgstvideo-0.10.so.0.25.0
7ffbe96c1000-7ffbe96c2000 r-xp 0001a000 fc:04 1576684                    /usr/lib/x86_64-linux-gnu/libgstvideo-0.10.so.0.25.0
7ffbe96c2000-7ffbe96c3000 rwxp 0001b000 fc:04 1576684                    /usr/lib/x86_64-linux-gnu/libgstvideo-0.10.so.0.25.0
7ffbe96c3000-7ffbe97a1000 r-xp 00000000 fc:04 1581660                    /usr/lib/x86_64-linux-gnu/libgstreamer-0.10.so.0.30.0
7ffbe97a1000-7ffbe99a0000 ---p 000de000 fc:04 1581660                    /usr/lib/x86_64-linux-gnu/libgstreamer-0.10.so.0.30.0
7ffbe99a0000-7ffbe99a5000 r-xp 000dd000 fc:04 1581660                    /usr/lib/x86_64-linux-gnu/libgstreamer-0.10.so.0.30.0
7ffbe99a5000-7ffbe99a7000 rwxp 000e2000 fc:04 1581660                    /usr/lib/x86_64-linux-gnu/libgstreamer-0.10.so.0.30.0
7ffbe99a7000-7ffbe99a9000 rwxp 00000000 00:00 0 
7ffbe99a9000-7ffbe9aa2000 r-xp 00000000 fc:04 1835020                    /lib/x86_64-linux-gnu/libglib-2.0.so.0.3600.0
7ffbe9aa2000-7ffbe9ca2000 ---p 000f9000 fc:04 1835020                    /lib/x86_64-linux-gnu/libglib-2.0.so.0.3600.0
7ffbe9ca2000-7ffbe9ca3000 r-xp 000f9000 fc:04 1835020                    /lib/x86_64-linux-gnu/libglib-2.0.so.0.3600.0
7ffbe9ca3000-7ffbe9ca4000 rwxp 000fa000 fc:04 1835020                    /lib/x86_64-linux-gnu/libglib-2.0.so.0.3600.0
7ffbe9ca4000-7ffbe9ca5000 rwxp 00000000 00:00 0 
7ffbe9ca5000-7ffbe9cf2000 r-xp 00000000 fc:04 1576348                    /usr/lib/x86_64-linux-gnu/libgobject-2.0.so.0.3600.0
7ffbe9cf2000-7ffbe9ef2000 ---p 0004d000 fc:04 1576348                    /usr/lib/x86_64-linux-gnu/libgobject-2.0.so.0.3600.0
7ffbe9ef2000-7ffbe9ef3000 r-xp 0004d000 fc:04 1576348                    /usr/lib/x86_64-linux-gnu/libgobject-2.0.so.0.3600.0
7ffbe9ef3000-7ffbe9ef4000 rwxp 0004e000 fc:04 1576348                    /usr/lib/x86_64-linux-gnu/libgobject-2.0.so.0.3600.0
7ffbe9ef4000-7ffbe9ff2000 r-xp 00000000 fc:04 1578148                    /usr/lib/x86_64-linux-gnu/libcairo.so.2.11200.14
7ffbe9ff2000-7ffbea1f2000 ---p 000fe000 fc:04 1578148                    /usr/lib/x86_64-linux-gnu/libcairo.so.2.11200.14
7ffbea1f2000-7ffbea1f5000 r-xp 000fe000 fc:04 1578148                    /usr/lib/x86_64-linux-gnu/libcairo.so.2.11200.14
7ffbea1f5000-7ffbea1f6000 rwxp 00101000 fc:04 1578148                    /usr/lib/x86_64-linux-gnu/libcairo.so.2.11200.14
7ffbea1f6000-7ffbea1f8000 rwxp 00000000 00:00 0 
7ffbea1f8000-7ffbea216000 r-xp 00000000 fc:04 1581019                    /usr/lib/x86_64-linux-gnu/libgdk_pixbuf-2.0.so.0.2800.0
7ffbea216000-7ffbea416000 ---p 0001e000 fc:04 1581019                    /usr/lib/x86_64-linux-gnu/libgdk_pixbuf-2.0.so.0.2800.0
7ffbea416000-7ffbea417000 r-xp 0001e000 fc:04 1581019                    /usr/lib/x86_64-linux-gnu/libgdk_pixbuf-2.0.so.0.2800.0
7ffbea417000-7ffbea418000 rwxp 0001f000 fc:04 1581019                    /usr/lib/x86_64-linux-gnu/libgdk_pixbuf-2.0.so.0.2800.0
7ffbea418000-7ffbea4c5000 r-xp 00000000 fc:04 1582015                    /usr/lib/x86_64-linux-gnu/libgdk-x11-2.0.so.0.2400.17
7ffbea4c5000-7ffbea6c4000 ---p 000ad000 fc:04 1582015                    /usr/lib/x86_64-linux-gnu/libgdk-x11-2.0.so.0.2400.17
7ffbea6c4000-7ffbea6c8000 r-xp 000ac000 fc:04 1582015                    /usr/lib/x86_64-linux-gnu/libgdk-x11-2.0.so.0.2400.17
7ffbea6c8000-7ffbea6ca000 rwxp 000b0000 fc:04 1582015                    /usr/lib/x86_64-linux-gnu/libgdk-x11-2.0.so.0.2400.17
7ffbea6ca000-7ffbeaaf7000 r-xp 00000000 fc:04 1582533                    /usr/lib/x86_64-linux-gnu/libgtk-x11-2.0.so.0.2400.17
7ffbeaaf7000-7ffbeacf6000 ---p 0042d000 fc:04 1582533                    /usr/lib/x86_64-linux-gnu/libgtk-x11-2.0.so.0.2400.17
7ffbeacf6000-7ffbeacfd000 r-xp 0042c000 fc:04 1582533                    /usr/lib/x86_64-linux-gnu/libgtk-x11-2.0.so.0.2400.17
7ffbeacfd000-7ffbead01000 rwxp 00433000 fc:04 1582533                    /usr/lib/x86_64-linux-gnu/libgtk-x11-2.0.so.0.2400.17
7ffbead01000-7ffbead03000 rwxp 00000000 00:00 0 
7ffbead03000-7ffbead4f000 r-xp 00000000 fc:04 1581010                    /usr/lib/x86_64-linux-gnu/libjasper.so.1.0.0
7ffbead4f000-7ffbeaf4e000 ---p 0004c000 fc:04 1581010                    /usr/lib/x86_64-linux-gnu/libjasper.so.1.0.0
7ffbeaf4e000-7ffbeaf4f000 r-xp 0004b000 fc:04 1581010                    /usr/lib/x86_64-linux-gnu/libjasper.so.1.0.0
7ffbeaf4f000-7ffbeaf53000 rwxp 0004c000 fc:04 1581010                    /usr/lib/x86_64-linux-gnu/libjasper.so.1.0.0
7ffbeaf53000-7ffbeaf5a000 rwxp 00000000 00:00 0 
7ffbeaf5a000-7ffbeafc7000 r-xp 00000000 fc:04 1573123                    /usr/lib/x86_64-linux-gnu/libtiff.so.5.1.0
7ffbeafc7000-7ffbeb1c7000 ---p 0006d000 fc:04 1573123                    /usr/lib/x86_64-linux-gnu/libtiff.so.5.1.0
7ffbeb1c7000-7ffbeb1c8000 r-xp 0006d000 fc:04 1573123                    /usr/lib/x86_64-linux-gnu/libtiff.so.5.1.0
7ffbeb1c8000-7ffbeb1cb000 rwxp 0006e000 fc:04 1573123                    /usr/lib/x86_64-linux-gnu/libtiff.so.5.1.0
7ffbeb1cb000-7ffbeb1f0000 r-xp 00000000 fc:04 1835596                    /lib/x86_64-linux-gnu/libpng12.so.0.49.0
7ffbeb1f0000-7ffbeb3ef000 ---p 00025000 fc:04 1835596                    /lib/x86_64-linux-gnu/libpng12.so.0.49.0
7ffbeb3ef000-7ffbeb3f0000 r-xp 00024000 fc:04 1835596                    /lib/x86_64-linux-gnu/libpng12.so.0.49.0
7ffbeb3f0000-7ffbeb3f1000 rwxp 00025000 fc:04 1835596                    /lib/x86_64-linux-gnu/libpng12.so.0.49.0
7ffbeb3f1000-7ffbeb430000 r-xp 00000000 fc:04 1574412                    /usr/lib/x86_64-linux-gnu/libjpeg.so.8.0.2
7ffbeb430000-7ffbeb630000 ---p 0003f000 fc:04 1574412                    /usr/lib/x86_64-linux-gnu/libjpeg.so.8.0.2
7ffbeb630000-7ffbeb631000 r-xp 0003f000 fc:04 1574412                    /usr/lib/x86_64-linux-gnu/libjpeg.so.8.0.2
7ffbeb631000-7ffbeb632000 rwxp 00040000 fc:04 1574412                    /usr/lib/x86_64-linux-gnu/libjpeg.so.8.0.2
7ffbeb632000-7ffbeb642000 rwxp 00000000 00:00 0 
7ffbeb642000-7ffbeb658000 r-xp 00000000 fc:04 1838992                    /lib/x86_64-linux-gnu/libz.so.1.2.7
7ffbeb658000-7ffbeb857000 ---p 00016000 fc:04 1838992                    /lib/x86_64-linux-gnu/libz.so.1.2.7
7ffbeb857000-7ffbeb858000 r-xp 00015000 fc:04 1838992                    /lib/x86_64-linux-gnu/libz.so.1.2.7
7ffbeb858000-7ffbeb859000 rwxp 00016000 fc:04 1838992                    /lib/x86_64-linux-gnu/libz.so.1.2.7
7ffbeb859000-7ffbeb86d000 r-xp 00000000 fc:04 1839664                    /lib/x86_64-linux-gnu/libgcc_s.so.1
7ffbeb86d000-7ffbeba6d000 ---p 00014000 fc:04 1839664                    /lib/x86_64-linux-gnu/libgcc_s.so.1
7ffbeba6d000-7ffbeba6e000 r-xp 00014000 fc:04 1839664                    /lib/x86_64-linux-gnu/libgcc_s.so.1
7ffbeba6e000-7ffbeba6f000 rwxp 00015000 fc:04 1839664                    /lib/x86_64-linux-gnu/libgcc_s.so.1
7ffbeba6f000-7ffbebb54000 r-xp 00000000 fc:04 1573654                    /usr/lib/x86_64-linux-gnu/libstdc++.so.6.0.17
7ffbebb54000-7ffbebd53000 ---p 000e5000 fc:04 1573654                    /usr/lib/x86_64-linux-gnu/libstdc++.so.6.0.17
7ffbebd53000-7ffbebd5b000 r-xp 000e4000 fc:04 1573654                    /usr/lib/x86_64-linux-gnu/libstdc++.so.6.0.17
7ffbebd5b000-7ffbebd5d000 rwxp 000ec000 fc:04 1573654                    /usr/lib/x86_64-linux-gnu/libstdc++.so.6.0.17
7ffbebd5d000-7ffbebd72000 rwxp 00000000 00:00 0 
7ffbebd72000-7ffbebdfe000 r-xp 00000000 fc:04 1718950                    /usr/local/lib/libopencv_photo.so.3.0.0
7ffbebdfe000-7ffbebffd000 ---p 0008c000 fc:04 1718950                    /usr/local/lib/libopencv_photo.so.3.0.0
7ffbebffd000-7ffbebfff000 r-xp 0008b000 fc:04 1718950                    /usr/local/lib/libopencv_photo.so.3.0.0
7ffbebfff000-7ffbec000000 rwxp 0008d000 fc:04 1718950                    /usr/local/lib/libopencv_photo.so.3.0.0
7ffbec000000-7ffbec021000 rwxp 00000000 00:00 0 
7ffbec021000-7ffbf0000000 ---p 00000000 00:00 0 
7ffbf0000000-7ffbf0021000 rwxp 00000000 00:00 0 
7ffbf0021000-7ffbf4000000 ---p 00000000 00:00 0 
7ffbf4000000-7ffbf4174000 rwxp 00000000 00:00 0 
7ffbf4174000-7ffbf8000000 ---p 00000000 00:00 0 
7ffbf8000000-7ffbf8023000 rwxp 00000000 00:00 0 
7ffbf8023000-7ffbfc000000 ---p 00000000 00:00 0 
7ffbfc000000-7ffbfc021000 rwxp 00000000 00:00 0 
7ffbfc021000-7ffc00000000 ---p 00000000 00:00 0 
7ffc00000000-7ffc00021000 rwxp 00000000 00:00 0 
7ffc00021000-7ffc04000000 ---p 00000000 00:00 0 
7ffc04000000-7ffc04021000 rwxp 00000000 00:00 0 
7ffc04021000-7ffc08000000 ---p 00000000 00:00 0 
7ffc08000000-7ffc08021000 rwxp 00000000 00:00 0 
7ffc08021000-7ffc0c000000 ---p 00000000 00:00 0 
7ffc0c000000-7ffc0c021000 rwxp 00000000 00:00 0 
7ffc0c021000-7ffc10000000 ---p 00000000 00:00 0 
7ffc10000000-7ffc10021000 rwxp 00000000 00:00 0 
7ffc10021000-7ffc14000000 ---p 00000000 00:00 0 
7ffc14000000-7ffc14021000 rwxp 00000000 00:00 0 
7ffc14021000-7ffc18000000 ---p 00000000 00:00 0 
7ffc18085000-7ffc18142000 r-xp 00000000 fc:04 1715147                    /usr/local/lib/libopencv_contrib.so.3.0.0
7ffc18142000-7ffc18342000 ---p 000bd000 fc:04 1715147                    /usr/local/lib/libopencv_contrib.so.3.0.0
7ffc18342000-7ffc18344000 r-xp 000bd000 fc:04 1715147                    /usr/local/lib/libopencv_contrib.so.3.0.0
7ffc18344000-7ffc18346000 rwxp 000bf000 fc:04 1715147                    /usr/local/lib/libopencv_contrib.so.3.0.0
7ffc18346000-7ffc183c4000 r-xp 00000000 fc:04 1715144                    /usr/local/lib/libopencv_video.so.3.0.0
7ffc183c4000-7ffc185c3000 ---p 0007e000 fc:04 1715144                    /usr/local/lib/libopencv_video.so.3.0.0
7ffc185c3000-7ffc185c5000 r-xp 0007d000 fc:04 1715144                    /usr/local/lib/libopencv_video.so.3.0.0
7ffc185c5000-7ffc185c6000 rwxp 0007f000 fc:04 1715144                    /usr/local/lib/libopencv_video.so.3.0.0
7ffc185c6000-7ffc18681000 r-xp 00000000 fc:04 1715141                    /usr/local/lib/libopencv_objdetect.so.3.0.0
7ffc18681000-7ffc18881000 ---p 000bb000 fc:04 1715141                    /usr/local/lib/libopencv_objdetect.so.3.0.0
7ffc18881000-7ffc18883000 r-xp 000bb000 fc:04 1715141                    /usr/local/lib/libopencv_objdetect.so.3.0.0
7ffc18883000-7ffc18885000 rwxp 000bd000 fc:04 1715141                    /usr/local/lib/libopencv_objdetect.so.3.0.0
7ffc18885000-7ffc18948000 rwxp 00000000 00:00 0 
7ffc18948000-7ffc18974000 r-xp 00000000 fc:04 1715138                    /usr/local/lib/libopencv_nonfree.so.3.0.0
7ffc18974000-7ffc18b73000 ---p 0002c000 fc:04 1715138                    /usr/local/lib/libopencv_nonfree.so.3.0.0
7ffc18b73000-7ffc18b75000 r-xp 0002b000 fc:04 1715138                    /usr/local/lib/libopencv_nonfree.so.3.0.0
7ffc18b75000-7ffc18b76000 rwxp 0002d000 fc:04 1715138                    /usr/local/lib/libopencv_nonfree.so.3.0.0
7ffc18b76000-7ffc18bf1000 r-xp 00000000 fc:04 1715135                    /usr/local/lib/libopencv_ml.so.3.0.0
7ffc18bf1000-7ffc18df0000 ---p 0007b000 fc:04 1715135                    /usr/local/lib/libopencv_ml.so.3.0.0
7ffc18df0000-7ffc18df2000 r-xp 0007a000 fc:04 1715135                    /usr/local/lib/libopencv_ml.so.3.0.0
7ffc18df2000-7ffc18df4000 rwxp 0007c000 fc:04 1715135                    /usr/local/lib/libopencv_ml.so.3.0.0
7ffc18df4000-7ffc18ee1000 r-xp 00000000 fc:04 1714475                    /usr/local/lib/libopencv_calib3d.so.3.0.0
7ffc18ee1000-7ffc190e1000 ---p 000ed000 fc:04 1714475                    /usr/local/lib/libopencv_calib3d.so.3.0.0
7ffc190e1000-7ffc190e3000 r-xp 000ed000 fc:04 1714475                    /usr/local/lib/libopencv_calib3d.so.3.0.0
7ffc190e3000-7ffc190e4000 rwxp 000ef000 fc:04 1714475                    /usr/local/lib/libopencv_calib3d.so.3.0.0
7ffc190e4000-7ffc1919b000 r-xp 00000000 fc:04 1714377                    /usr/local/lib/libopencv_features2d.so.3.0.0
7ffc1919b000-7ffc1939b000 ---p 000b7000 fc:04 1714377                    /usr/local/lib/libopencv_features2d.so.3.0.0
7ffc1939b000-7ffc1939f000 r-xp 000b7000 fc:04 1714377                    /usr/local/lib/libopencv_features2d.so.3.0.0
7ffc1939f000-7ffc193a1000 rwxp 000bb000 fc:04 1714377                    /usr/local/lib/libopencv_features2d.so.3.0.0
7ffc193a1000-7ffc193a2000 rwxp 00000000 00:00 0 
7ffc193a2000-7ffc19524000 r-xp 00000000 fc:04 1714366                    /usr/local/lib/libopencv_highgui.so.3.0.0
7ffc19524000-7ffc19724000 ---p 00182000 fc:04 1714366                    /usr/local/lib/libopencv_highgui.so.3.0.0
7ffc19724000-7ffc1972b000 r-xp 00182000 fc:04 1714366                    /usr/local/lib/libopencv_highgui.so.3.0.0
7ffc1972b000-7ffc1972d000 rwxp 00189000 fc:04 1714366                    /usr/local/lib/libopencv_highgui.so.3.0.0
7ffc1972d000-7ffc19731000 rwxp 00000000 00:00 0 
7ffc19731000-7ffc19997000 r-xp 00000000 fc:04 1714361                    /usr/local/lib/libopencv_imgproc.so.3.0.0
7ffc19997000-7ffc19b97000 ---p 00266000 fc:04 1714361                    /usr/local/lib/libopencv_imgproc.so.3.0.0
7ffc19b97000-7ffc19ba1000 r-xp 00266000 fc:04 1714361                    /usr/local/lib/libopencv_imgproc.so.3.0.0
7ffc19ba1000-7ffc19ba2000 rwxp 00270000 fc:04 1714361                    /usr/local/lib/libopencv_imgproc.so.3.0.0
7ffc19ba2000-7ffc19c39000 rwxp 00000000 00:00 0 
7ffc19c39000-7ffc19ea8000 r-xp 00000000 fc:04 1713938                    /usr/local/lib/libopencv_core.so.3.0.0
7ffc19ea8000-7ffc1a0a8000 ---p 0026f000 fc:04 1713938                    /usr/local/lib/libopencv_core.so.3.0.0
7ffc1a0a8000-7ffc1a0ad000 r-xp 0026f000 fc:04 1713938                    /usr/local/lib/libopencv_core.so.3.0.0
7ffc1a0ad000-7ffc1a0b6000 rwxp 00274000 fc:04 1713938                    /usr/local/lib/libopencv_core.so.3.0.0
7ffc1a0b6000-7ffc1a0b9000 rwxp 00000000 00:00 0 
7ffc1a0b9000-7ffc1a161000 r-xp 00000000 fc:04 1914200                    /usr/local/share/OpenCV/java/libopencv_java300.so
7ffc1a161000-7ffc1a361000 ---p 000a8000 fc:04 1914200                    /usr/local/share/OpenCV/java/libopencv_java300.so
7ffc1a361000-7ffc1a362000 r-xp 000a8000 fc:04 1914200                    /usr/local/share/OpenCV/java/libopencv_java300.so
7ffc1a362000-7ffc1a364000 rwxp 000a9000 fc:04 1914200                    /usr/local/share/OpenCV/java/libopencv_java300.so
7ffc1a364000-7ffc1a395000 rwxp 00000000 00:00 0 
7ffc1a395000-7ffc1a3a8000 r-xp 00000000 fc:04 819043                     /usr/lib/jvm/java-6-sun-1.6.0_41/jre/lib/amd64/libnet.so
7ffc1a3a8000-7ffc1a4a9000 ---p 00013000 fc:04 819043                     /usr/lib/jvm/java-6-sun-1.6.0_41/jre/lib/amd64/libnet.so
7ffc1a4a9000-7ffc1a4ac000 rwxp 00014000 fc:04 819043                     /usr/lib/jvm/java-6-sun-1.6.0_41/jre/lib/amd64/libnet.so
7ffc1a4ac000-7ffc1a4af000 ---p 00000000 00:00 0 
7ffc1a4af000-7ffc1a5ad000 rwxp 00000000 00:00 0                          [stack:7457]
7ffc1a5ad000-7ffc1a5ae000 r-xp 00000000 fc:04 1190359                    /opt/idea-IU-129.1359/bin/libbreakgen64.so
7ffc1a5ae000-7ffc1a7ad000 ---p 00001000 fc:04 1190359                    /opt/idea-IU-129.1359/bin/libbreakgen64.so
7ffc1a7ad000-7ffc1a7ae000 r-xp 00000000 fc:04 1190359                    /opt/idea-IU-129.1359/bin/libbreakgen64.so
7ffc1a7ae000-7ffc1a7af000 rwxp 00001000 fc:04 1190359                    /opt/idea-IU-129.1359/bin/libbreakgen64.so
7ffc1a7af000-7ffc1a7b0000 ---p 00000000 00:00 0 
7ffc1a7b0000-7ffc1a8b0000 rwxp 00000000 00:00 0                          [stack:7456]
7ffc1a8b0000-7ffc1a8b3000 ---p 00000000 00:00 0 
7ffc1a8b3000-7ffc1a9b1000 rwxp 00000000 00:00 0                          [stack:7455]
7ffc1a9b1000-7ffc1a9b4000 ---p 00000000 00:00 0 
7ffc1a9b4000-7ffc1aab2000 rwxp 00000000 00:00 0                          [stack:7454]
7ffc1aab2000-7ffc1aab5000 ---p 00000000 00:00 0 
7ffc1aab5000-7ffc1abb3000 rwxp 00000000 00:00 0                          [stack:7453]
7ffc1abb3000-7ffc1abb6000 ---p 00000000 00:00 0 
7ffc1abb6000-7ffc1acb4000 rwxp 00000000 00:00 0                          [stack:7452]
7ffc1acb4000-7ffc1b35d000 r-xp 00000000 fc:04 1580395                    /usr/lib/locale/locale-archive
7ffc1b35d000-7ffc1b360000 ---p 00000000 00:00 0 
7ffc1b360000-7ffc1b45e000 rwxp 00000000 00:00 0                          [stack:7451]
7ffc1b45e000-7ffc1b461000 ---p 00000000 00:00 0 
7ffc1b461000-7ffc1b55f000 rwxp 00000000 00:00 0                          [stack:7450]
7ffc1b55f000-7ffc1b560000 ---p 00000000 00:00 0 
7ffc1b560000-7ffc1bb65000 rwxp 00000000 00:00 0                          [stack:7449]
7ffc1bb65000-7ffc1bcfd000 r-xs 03082000 fc:04 819533                     /usr/lib/jvm/java-6-sun-1.6.0_41/jre/lib/rt.jar
7ffc1bcfd000-7ffc1bcfe000 ---p 00000000 00:00 0 
7ffc1bcfe000-7ffc1bdfe000 rwxp 00000000 00:00 0                          [stack:7448]
7ffc1bdfe000-7ffc1bdff000 ---p 00000000 00:00 0 
7ffc1bdff000-7ffc1beff000 rwxp 00000000 00:00 0                          [stack:7447]
7ffc1beff000-7ffc1bf00000 ---p 00000000 00:00 0 
7ffc1bf00000-7ffc1c000000 rwxp 00000000 00:00 0                          [stack:7446]
7ffc1c000000-7ffc1c021000 rwxp 00000000 00:00 0 
7ffc1c021000-7ffc20000000 ---p 00000000 00:00 0 
7ffc2002f000-7ffc20032000 r-xs 00018000 fc:05 5510746                    /home/jtomas/.m2/repository/com/googlecode/javacpp/javacpp/0.3/javacpp-0.3.jar
7ffc20032000-7ffc20041000 r-xs 00667000 fc:04 819216                     /usr/lib/jvm/java-6-sun-1.6.0_41/jre/lib/charsets.jar
7ffc20041000-7ffc20042000 ---p 00000000 00:00 0 
7ffc20042000-7ffc2016b000 rwxp 00000000 00:00 0                          [stack:7445]
7ffc2016b000-7ffc203cc000 rwxp 00000000 00:00 0 
7ffc203cc000-7ffc203d7000 rwxp 00000000 00:00 0 
7ffc203d7000-7ffc203f5000 rwxp 00000000 00:00 0 
7ffc203f5000-7ffc2041e000 rwxp 00000000 00:00 0 
7ffc2041e000-7ffc2067e000 rwxp 00000000 00:00 0 
7ffc2067e000-7ffc20693000 rwxp 00000000 00:00 0 
7ffc20693000-7ffc207c3000 rwxp 00000000 00:00 0 
7ffc207c3000-7ffc20a34000 rwxp 00000000 00:00 0 
7ffc20a34000-7ffc237c4000 rwxp 00000000 00:00 0 
7ffc237c4000-7ffc237d0000 r-xp 00000000 fc:04 1836505                    /lib/x86_64-linux-gnu/libnss_files-2.17.so
7ffc237d0000-7ffc239cf000 ---p 0000c000 fc:04 1836505                    /lib/x86_64-linux-gnu/libnss_files-2.17.so
7ffc239cf000-7ffc239d0000 r-xp 0000b000 fc:04 1836505                    /lib/x86_64-linux-gnu/libnss_files-2.17.so
7ffc239d0000-7ffc239d1000 rwxp 0000c000 fc:04 1836505                    /lib/x86_64-linux-gnu/libnss_files-2.17.so
7ffc239d1000-7ffc239dc000 r-xp 00000000 fc:04 1836519                    /lib/x86_64-linux-gnu/libnss_nis-2.17.so
7ffc239dc000-7ffc23bdb000 ---p 0000b000 fc:04 1836519                    /lib/x86_64-linux-gnu/libnss_nis-2.17.so
7ffc23bdb000-7ffc23bdc000 r-xp 0000a000 fc:04 1836519                    /lib/x86_64-linux-gnu/libnss_nis-2.17.so
7ffc23bdc000-7ffc23bdd000 rwxp 0000b000 fc:04 1836519                    /lib/x86_64-linux-gnu/libnss_nis-2.17.so
7ffc23bdd000-7ffc23be5000 r-xp 00000000 fc:04 1836523                    /lib/x86_64-linux-gnu/libnss_compat-2.17.so
7ffc23be5000-7ffc23de4000 ---p 00008000 fc:04 1836523                    /lib/x86_64-linux-gnu/libnss_compat-2.17.so
7ffc23de4000-7ffc23de5000 r-xp 00007000 fc:04 1836523                    /lib/x86_64-linux-gnu/libnss_compat-2.17.so
7ffc23de5000-7ffc23de6000 rwxp 00008000 fc:04 1836523                    /lib/x86_64-linux-gnu/libnss_compat-2.17.so
7ffc23de6000-7ffc23dfd000 r-xp 00000000 fc:04 1835306                    /lib/x86_64-linux-gnu/libnsl-2.17.so
7ffc23dfd000-7ffc23ffc000 ---p 00017000 fc:04 1835306                    /lib/x86_64-linux-gnu/libnsl-2.17.so
7ffc23ffc000-7ffc23ffd000 r-xp 00016000 fc:04 1835306                    /lib/x86_64-linux-gnu/libnsl-2.17.so
7ffc23ffd000-7ffc23ffe000 rwxp 00017000 fc:04 1835306                    /lib/x86_64-linux-gnu/libnsl-2.17.so
7ffc23ffe000-7ffc24000000 rwxp 00000000 00:00 0 
7ffc24000000-7ffc2795b000 rwxp 00000000 00:00 0 
7ffc2795b000-7ffc28000000 ---p 00000000 00:00 0 
7ffc28001000-7ffc28006000 r-xs 00071000 fc:04 1914199                    /usr/local/share/OpenCV/java/opencv-300.jar
7ffc28006000-7ffc28018000 r-xs 001b2000 fc:04 819227                     /usr/lib/jvm/java-6-sun-1.6.0_41/jre/lib/plugin.jar
7ffc28018000-7ffc28029000 r-xs 00350000 fc:04 819040                     /usr/lib/jvm/java-6-sun-1.6.0_41/jre/lib/deploy.jar
7ffc28029000-7ffc28090000 rwxp 00000000 00:00 0 
7ffc28090000-7ffc280ae000 rwxp 00000000 00:00 0 
7ffc280ae000-7ffc280bc000 r-xp 00000000 fc:04 819063                     /usr/lib/jvm/java-6-sun-1.6.0_41/jre/lib/amd64/libzip.so
7ffc280bc000-7ffc281be000 ---p 0000e000 fc:04 819063                     /usr/lib/jvm/java-6-sun-1.6.0_41/jre/lib/amd64/libzip.so
7ffc281be000-7ffc281c1000 rwxp 00010000 fc:04 819063                     /usr/lib/jvm/java-6-sun-1.6.0_41/jre/lib/amd64/libzip.so
7ffc281c1000-7ffc281c2000 rwxp 00000000 00:00 0 
7ffc281c2000-7ffc281eb000 r-xp 00000000 fc:04 819073                     /usr/lib/jvm/java-6-sun-1.6.0_41/jre/lib/amd64/libjava.so
7ffc281eb000-7ffc282ea000 ---p 00029000 fc:04 819073                     /usr/lib/jvm/java-6-sun-1.6.0_41/jre/lib/amd64/libjava.so
7ffc282ea000-7ffc282f1000 rwxp 00028000 fc:04 819073                     /usr/lib/jvm/java-6-sun-1.6.0_41/jre/lib/amd64/libjava.so
7ffc282f1000-7ffc282fe000 r-xp 00000000 fc:04 819052                     /usr/lib/jvm/java-6-sun-1.6.0_41/jre/lib/amd64/libverify.so
7ffc282fe000-7ffc283fd000 ---p 0000d000 fc:04 819052                     /usr/lib/jvm/java-6-sun-1.6.0_41/jre/lib/amd64/libverify.so
7ffc283fd000-7ffc28400000 rwxp 0000c000 fc:04 819052                     /usr/lib/jvm/java-6-sun-1.6.0_41/jre/lib/amd64/libverify.so
7ffc28400000-7ffc28407000 r-xp 00000000 fc:04 1836511                    /lib/x86_64-linux-gnu/librt-2.17.so
7ffc28407000-7ffc28606000 ---p 00007000 fc:04 1836511                    /lib/x86_64-linux-gnu/librt-2.17.so
7ffc28606000-7ffc28607000 r-xp 00006000 fc:04 1836511                    /lib/x86_64-linux-gnu/librt-2.17.so
7ffc28607000-7ffc28608000 rwxp 00007000 fc:04 1836511                    /lib/x86_64-linux-gnu/librt-2.17.so
7ffc28608000-7ffc2860b000 ---p 00000000 00:00 0 
7ffc2860b000-7ffc28709000 rwxp 00000000 00:00 0                          [stack:7444]
7ffc28709000-7ffc2880c000 r-xp 00000000 fc:04 1836521                    /lib/x86_64-linux-gnu/libm-2.17.so
7ffc2880c000-7ffc28a0c000 ---p 00103000 fc:04 1836521                    /lib/x86_64-linux-gnu/libm-2.17.so
7ffc28a0c000-7ffc28a0d000 r-xp 00103000 fc:04 1836521                    /lib/x86_64-linux-gnu/libm-2.17.so
7ffc28a0d000-7ffc28a0e000 rwxp 00104000 fc:04 1836521                    /lib/x86_64-linux-gnu/libm-2.17.so
7ffc28a0e000-7ffc2932c000 r-xp 00000000 fc:04 921239                     /usr/lib/jvm/java-6-sun-1.6.0_41/jre/lib/amd64/server/libjvm.so
7ffc2932c000-7ffc2942e000 ---p 0091e000 fc:04 921239                     /usr/lib/jvm/java-6-sun-1.6.0_41/jre/lib/amd64/server/libjvm.so
7ffc2942e000-7ffc295e4000 rwxp 00920000 fc:04 921239                     /usr/lib/jvm/java-6-sun-1.6.0_41/jre/lib/amd64/server/libjvm.so
7ffc295e4000-7ffc2961e000 rwxp 00000000 00:00 0 
7ffc2961e000-7ffc297dd000 r-xp 00000000 fc:04 1836527                    /lib/x86_64-linux-gnu/libc-2.17.so
7ffc297dd000-7ffc299dc000 ---p 001bf000 fc:04 1836527                    /lib/x86_64-linux-gnu/libc-2.17.so
7ffc299dc000-7ffc299e0000 r-xp 001be000 fc:04 1836527                    /lib/x86_64-linux-gnu/libc-2.17.so
7ffc299e0000-7ffc299e2000 rwxp 001c2000 fc:04 1836527                    /lib/x86_64-linux-gnu/libc-2.17.so
7ffc299e2000-7ffc299e7000 rwxp 00000000 00:00 0 
7ffc299e7000-7ffc299ea000 r-xp 00000000 fc:04 1836503                    /lib/x86_64-linux-gnu/libdl-2.17.so
7ffc299ea000-7ffc29be9000 ---p 00003000 fc:04 1836503                    /lib/x86_64-linux-gnu/libdl-2.17.so
7ffc29be9000-7ffc29bea000 r-xp 00002000 fc:04 1836503                    /lib/x86_64-linux-gnu/libdl-2.17.so
7ffc29bea000-7ffc29beb000 rwxp 00003000 fc:04 1836503                    /lib/x86_64-linux-gnu/libdl-2.17.so
7ffc29beb000-7ffc29c03000 r-xp 00000000 fc:04 1836497                    /lib/x86_64-linux-gnu/libpthread-2.17.so
7ffc29c03000-7ffc29e02000 ---p 00018000 fc:04 1836497                    /lib/x86_64-linux-gnu/libpthread-2.17.so
7ffc29e02000-7ffc29e03000 r-xp 00017000 fc:04 1836497                    /lib/x86_64-linux-gnu/libpthread-2.17.so
7ffc29e03000-7ffc29e04000 rwxp 00018000 fc:04 1836497                    /lib/x86_64-linux-gnu/libpthread-2.17.so
7ffc29e04000-7ffc29e08000 rwxp 00000000 00:00 0 
7ffc29e08000-7ffc29e2b000 r-xp 00000000 fc:04 1835291                    /lib/x86_64-linux-gnu/ld-2.17.so
7ffc29e2b000-7ffc29e2d000 r-xs 00013000 fc:04 1204787                    /opt/idea-IU-129.1359/lib/idea_rt.jar
7ffc29e2d000-7ffc29e2f000 r-xs 001a0000 fc:05 5510751                    /home/jtomas/.m2/repository/com/googlecode/javacv/javacv/0.3/javacv-0.3-linux-x86_64.jar
7ffc29e2f000-7ffc29e39000 rwxp 00000000 00:00 0 
7ffc29e39000-7ffc29eef000 rwxp 00000000 00:00 0 
7ffc29eef000-7ffc29ef2000 rwxp 00000000 00:00 0 
7ffc29ef2000-7ffc29ef9000 r-xp 00000000 fc:04 921231                     /usr/lib/jvm/java-6-sun-1.6.0_41/jre/lib/amd64/jli/libjli.so
7ffc29ef9000-7ffc29ffa000 ---p 00007000 fc:04 921231                     /usr/lib/jvm/java-6-sun-1.6.0_41/jre/lib/amd64/jli/libjli.so
7ffc29ffa000-7ffc29ffc000 rwxp 00008000 fc:04 921231                     /usr/lib/jvm/java-6-sun-1.6.0_41/jre/lib/amd64/jli/libjli.so
7ffc29ffc000-7ffc29ffd000 rwxp 00000000 00:00 0 
7ffc29ffd000-7ffc29fff000 r-xs 00009000 fc:04 819321                     /usr/lib/jvm/java-6-sun-1.6.0_41/jre/lib/alt-string.jar
7ffc29fff000-7ffc2a002000 r-xs 00013000 fc:04 819511                     /usr/lib/jvm/java-6-sun-1.6.0_41/jre/lib/jce.jar
7ffc2a002000-7ffc2a005000 r-xs 0001c000 fc:04 819475                     /usr/lib/jvm/java-6-sun-1.6.0_41/jre/lib/alt-rt.jar
7ffc2a005000-7ffc2a00e000 r-xs 000d8000 fc:04 819032                     /usr/lib/jvm/java-6-sun-1.6.0_41/jre/lib/javaws.jar
7ffc2a00e000-7ffc2a015000 r-xs 00096000 fc:04 819097                     /usr/lib/jvm/java-6-sun-1.6.0_41/jre/lib/jsse.jar
7ffc2a015000-7ffc2a016000 r-xs 00000000 fc:04 819479                     /usr/lib/jvm/java-6-sun-1.6.0_41/jre/lib/management-agent.jar
7ffc2a016000-7ffc2a01e000 r-xs 00115000 fc:04 819228                     /usr/lib/jvm/java-6-sun-1.6.0_41/jre/lib/resources.jar
7ffc2a01e000-7ffc2a026000 rwxs 00000000 fc:04 1189787                    /tmp/hsperfdata_jtomas/7443
7ffc2a026000-7ffc2a027000 rwxp 00000000 00:00 0 
7ffc2a027000-7ffc2a028000 r-xp 00000000 00:00 0 
7ffc2a028000-7ffc2a02a000 rwxp 00000000 00:00 0 
7ffc2a02a000-7ffc2a02b000 r-xp 00022000 fc:04 1835291                    /lib/x86_64-linux-gnu/ld-2.17.so
7ffc2a02b000-7ffc2a02d000 rwxp 00023000 fc:04 1835291                    /lib/x86_64-linux-gnu/ld-2.17.so
7fffbe807000-7fffbe828000 rwxp 00000000 00:00 0                          [stack]
7fffbe9ac000-7fffbe9ae000 r-xp 00000000 00:00 0                          [vdso]
ffffffffff600000-ffffffffff601000 r-xp 00000000 00:00 0                  [vsyscall]

VM Arguments:
jvm_args: -Djava.library.path=/usr/local/share/OpenCV/java/ -Didea.launcher.port=7540 -Didea.launcher.bin.path=/opt/idea-IU-129.1359/bin -Dfile.encoding=UTF-8 
java_command: com.intellij.rt.execution.application.AppMain com.marfeel.facedetection.FaceDetector
Launcher Type: SUN_STANDARD

Environment Variables:
JAVA_HOME=/usr/lib/jvm/java-1.6.0-openjdk-amd64
CLASSPATH=/opt/idea-IU-12/bin/../lib/bootstrap.jar:/opt/idea-IU-12/bin/../lib/extensions.jar:/opt/idea-IU-12/bin/../lib/util.jar:/opt/idea-IU-12/bin/../lib/jdom.jar:/opt/idea-IU-12/bin/../lib/log4j.jar:/opt/idea-IU-12/bin/../lib/trove4j.jar:/opt/idea-IU-12/bin/../lib/jna.jar:/usr/lib/jvm/java-6-sun/lib/tools.jar
PATH=/usr/lib/lightdm/lightdm:/usr/local/sbin:/usr/local/bin:/usr/sbin:/usr/bin:/sbin:/bin:/usr/games:/usr/local/games
LD_LIBRARY_PATH=/usr/lib/jvm/java-6-sun-1.6.0_41/jre/lib/amd64/server:/usr/lib/jvm/java-6-sun-1.6.0_41/jre/lib/amd64:/usr/lib/jvm/java-6-sun-1.6.0_41/jre/../lib/amd64:/opt/idea-IU-12/bin:
SHELL=/bin/bash
DISPLAY=:0

Signal Handlers:
SIGSEGV: [libjvm.so+0x862a30], sa_mask[0]=0x7ffbfeff, sa_flags=0x10000004
SIGBUS: [libjvm.so+0x862a30], sa_mask[0]=0x7ffbfeff, sa_flags=0x10000004
SIGFPE: [libjvm.so+0x7106f0], sa_mask[0]=0x7ffbfeff, sa_flags=0x10000004
SIGPIPE: [libjvm.so+0x7106f0], sa_mask[0]=0x7ffbfeff, sa_flags=0x10000004
SIGXFSZ: [libjvm.so+0x7106f0], sa_mask[0]=0x7ffbfeff, sa_flags=0x10000004
SIGILL: [libjvm.so+0x7106f0], sa_mask[0]=0x7ffbfeff, sa_flags=0x10000004
SIGUSR1: SIG_DFL, sa_mask[0]=0x00000000, sa_flags=0x00000000
SIGUSR2: [libjvm.so+0x713520], sa_mask[0]=0x00000004, sa_flags=0x10000004
SIGHUP: [libjvm.so+0x713120], sa_mask[0]=0x7ffbfeff, sa_flags=0x10000004
SIGINT: [libjvm.so+0x713120], sa_mask[0]=0x7ffbfeff, sa_flags=0x10000004
SIGTERM: [libjvm.so+0x713120], sa_mask[0]=0x7ffbfeff, sa_flags=0x10000004
SIGQUIT: [libjvm.so+0x713120], sa_mask[0]=0x7ffbfeff, sa_flags=0x10000004


---------------  S Y S T E M  ---------------

OS:wheezy/sid

uname:Linux 3.8.0-35-generic #50-Ubuntu SMP Tue Dec 3 01:24:59 UTC 2013 x86_64
libc:glibc 2.17 NPTL 2.17 
rlimit: STACK 8192k, CORE 0k, NPROC 62003, NOFILE 4096, AS infinity
load average:0.80 0.62 0.57

/proc/meminfo:
MemTotal:        7971012 kB
MemFree:          365072 kB
Buffers:          529228 kB
Cached:          2936192 kB
SwapCached:            0 kB
Active:          4843592 kB
Inactive:        2250388 kB
Active(anon):    3632136 kB
Inactive(anon):   642664 kB
Active(file):    1211456 kB
Inactive(file):  1607724 kB
Unevictable:        3800 kB
Mlocked:            3800 kB
SwapTotal:             0 kB
SwapFree:              0 kB
Dirty:             68316 kB
Writeback:             0 kB
AnonPages:       3632632 kB
Mapped:           396052 kB
Shmem:            643784 kB
Slab:             379548 kB
SReclaimable:     342292 kB
SUnreclaim:        37256 kB
KernelStack:        6264 kB
PageTables:        44264 kB
NFS_Unstable:          0 kB
Bounce:                0 kB
WritebackTmp:          0 kB
CommitLimit:     3985504 kB
Committed_AS:    8801140 kB
VmallocTotal:   34359738367 kB
VmallocUsed:      359120 kB
VmallocChunk:   34359376472 kB
HardwareCorrupted:     0 kB
AnonHugePages:         0 kB
HugePages_Total:       0
HugePages_Free:        0
HugePages_Rsvd:        0
HugePages_Surp:        0
Hugepagesize:       2048 kB
DirectMap4k:      106876 kB
DirectMap2M:     8075264 kB


CPU:total 4 (2 cores per cpu, 2 threads per core) family 6 model 37 stepping 5, cmov, cx8, fxsr, mmx, sse, sse2, sse3, ssse3, sse4.1, sse4.2, popcnt, ht

/proc/cpuinfo:
processor	: 0
vendor_id	: GenuineIntel
cpu family	: 6
model		: 37
model name	: Intel(R) Core(TM) i7 CPU       M 620  @ 2.67GHz
stepping	: 5
microcode	: 0x2
cpu MHz		: 1199.000
cache size	: 4096 KB
physical id	: 0
siblings	: 4
core id		: 0
cpu cores	: 2
apicid		: 0
initial apicid	: 0
fpu		: yes
fpu_exception	: yes
cpuid level	: 11
wp		: yes
flags		: fpu vme de pse tsc msr pae mce cx8 apic sep mtrr pge mca cmov pat pse36 clflush dts acpi mmx fxsr sse sse2 ss ht tm pbe syscall nx rdtscp lm constant_tsc arch_perfmon pebs bts rep_good nopl xtopology nonstop_tsc aperfmperf pni pclmulqdq dtes64 monitor ds_cpl vmx smx est tm2 ssse3 cx16 xtpr pdcm pcid sse4_1 sse4_2 popcnt aes lahf_lm ida arat dtherm tpr_shadow vnmi flexpriority ept vpid
bogomips	: 5319.57
clflush size	: 64
cache_alignment	: 64
address sizes	: 36 bits physical, 48 bits virtual
power management:

processor	: 1
vendor_id	: GenuineIntel
cpu family	: 6
model		: 37
model name	: Intel(R) Core(TM) i7 CPU       M 620  @ 2.67GHz
stepping	: 5
microcode	: 0x2
cpu MHz		: 2667.000
cache size	: 4096 KB
physical id	: 0
siblings	: 4
core id		: 2
cpu cores	: 2
apicid		: 4
initial apicid	: 4
fpu		: yes
fpu_exception	: yes
cpuid level	: 11
wp		: yes
flags		: fpu vme de pse tsc msr pae mce cx8 apic sep mtrr pge mca cmov pat pse36 clflush dts acpi mmx fxsr sse sse2 ss ht tm pbe syscall nx rdtscp lm constant_tsc arch_perfmon pebs bts rep_good nopl xtopology nonstop_tsc aperfmperf pni pclmulqdq dtes64 monitor ds_cpl vmx smx est tm2 ssse3 cx16 xtpr pdcm pcid sse4_1 sse4_2 popcnt aes lahf_lm ida arat dtherm tpr_shadow vnmi flexpriority ept vpid
bogomips	: 5319.57
clflush size	: 64
cache_alignment	: 64
address sizes	: 36 bits physical, 48 bits virtual
power management:

processor	: 2
vendor_id	: GenuineIntel
cpu family	: 6
model		: 37
model name	: Intel(R) Core(TM) i7 CPU       M 620  @ 2.67GHz
stepping	: 5
microcode	: 0x2
cpu MHz		: 1199.000
cache size	: 4096 KB
physical id	: 0
siblings	: 4
core id		: 0
cpu cores	: 2
apicid		: 1
initial apicid	: 1
fpu		: yes
fpu_exception	: yes
cpuid level	: 11
wp		: yes
flags		: fpu vme de pse tsc msr pae mce cx8 apic sep mtrr pge mca cmov pat pse36 clflush dts acpi mmx fxsr sse sse2 ss ht tm pbe syscall nx rdtscp lm constant_tsc arch_perfmon pebs bts rep_good nopl xtopology nonstop_tsc aperfmperf pni pclmulqdq dtes64 monitor ds_cpl vmx smx est tm2 ssse3 cx16 xtpr pdcm pcid sse4_1 sse4_2 popcnt aes lahf_lm ida arat dtherm tpr_shadow vnmi flexpriority ept vpid
bogomips	: 5319.57
clflush size	: 64
cache_alignment	: 64
address sizes	: 36 bits physical, 48 bits virtual
power management:

processor	: 3
vendor_id	: GenuineIntel
cpu family	: 6
model		: 37
model name	: Intel(R) Core(TM) i7 CPU       M 620  @ 2.67GHz
stepping	: 5
microcode	: 0x2
cpu MHz		: 1199.000
cache size	: 4096 KB
physical id	: 0
siblings	: 4
core id		: 2
cpu cores	: 2
apicid		: 5
initial apicid	: 5
fpu		: yes
fpu_exception	: yes
cpuid level	: 11
wp		: yes
flags		: fpu vme de pse tsc msr pae mce cx8 apic sep mtrr pge mca cmov pat pse36 clflush dts acpi mmx fxsr sse sse2 ss ht tm pbe syscall nx rdtscp lm constant_tsc arch_perfmon pebs bts rep_good nopl xtopology nonstop_tsc aperfmperf pni pclmulqdq dtes64 monitor ds_cpl vmx smx est tm2 ssse3 cx16 xtpr pdcm pcid sse4_1 sse4_2 popcnt aes lahf_lm ida arat dtherm tpr_shadow vnmi flexpriority ept vpid
bogomips	: 5319.57
clflush size	: 64
cache_alignment	: 64
address sizes	: 36 bits physical, 48 bits virtual
power management:



Memory: 4k page, physical 7971012k(365072k free), swap 0k(0k free)

vm_info: Java HotSpot(TM) 64-Bit Server VM (20.14-b01) for linux-amd64 JRE (1.6.0_41-b02), built on Feb  8 2013 02:16:50 by "java_re" with gcc 3.2.2 (SuSE Linux)

time: Fri Apr  4 12:22:53 2014
elapsed time: 0 seconds

