#
# A fatal error has been detected by the Java Runtime Environment:
#
#  SIGSEGV (0xb) at pc=0x00007f70cda9d814, pid=7193, tid=140123138307840
#
# JRE version: 6.0_41-b02
# Java VM: Java HotSpot(TM) 64-Bit Server VM (20.14-b01 mixed mode linux-amd64 compressed oops)
# Problematic frame:
# C  [libopencv_objdetect.so.3.0+0x46814]  cv::CascadeClassifierImpl::read_(cv::FileNode const&)+0x194
#
# If you would like to submit a bug report, please visit:
#   http://java.sun.com/webapps/bugreport/crash.jsp
# The crash happened outside the Java Virtual Machine in native code.
# See problematic frame for where to report the bug.
#

---------------  T H R E A D  ---------------

Current thread (0x00007f70f000a800):  JavaThread "main" [_thread_in_native, id=7194, stack(0x00007f70f5d23000,0x00007f70f5e24000)]

siginfo:si_signo=SIGSEGV: si_errno=0, si_code=1 (SEGV_MAPERR), si_addr=0x0000000000000000

Registers:
RAX=0x00007f70f5e22560, RBX=0x00007f70f027eec0, RCX=0x7365727574616566, RDX=0x0000000000000030
RSP=0x00007f70f5e22530, RBP=0x00007f70f5e225a0, RSI=0x00007f70f5e22560, RDI=0x0000000000000000
R8 =0x000000006bae63ff, R9 =0xbef6f5433d58b207, R10=0x0000000000000072, R11=0x00007f70f6ec6160
R12=0x0000000000000000, R13=0x00007f70f5e228a0, R14=0x0000000000000057, R15=0x00007f70f000a800
RIP=0x00007f70cda9d814, EFLAGS=0x0000000000010202, CSGSFS=0x0000000000000033, ERR=0x0000000000000004
  TRAPNO=0x000000000000000e

Top of Stack: (sp=0x00007f70f5e22530)
0x00007f70f5e22530:   0000000000000000 00007f70cf235429
0x00007f70f5e22540:   00007f70f5e22670 00007f70cf235642
0x00007f70f5e22550:   0000000000000000 0000000000000000
0x00007f70f5e22560:   00007f70f027f1c0 00007f70f0500ff8
0x00007f70f5e22570:   00007f70f027eec0 00007f70f027eec0
0x00007f70f5e22580:   00007f70f5e227f0 00007f70cdaa79c1
0x00007f70f5e22590:   0000000000000000 0000000000000000
0x00007f70f5e225a0:   00007f70f027f1c0 00007f70f022d400
0x00007f70f5e225b0:   00007f70f027f1c0 00007f70f022cee0
0x00007f70f5e225c0:   00007f70cf53c310 00007f70f01c8720
0x00007f70f5e225d0:   00007f70f027f1c0 0000000000000000
0x00007f70f5e225e0:   0000000000000000 0000000000000000
0x00007f70f5e225f0:   0000000000000000 0000000000000000
0x00007f70f5e22600:   00007f7000000006 00007f70f000b2f0
0x00007f70f5e22610:   00007f70f027f1c0 00007f70f022cee0
0x00007f70f5e22620:   0000000000000040 00007f70f022d2e8
0x00007f70f5e22630:   00007f70f022d3e0 00007f70f022d400
0x00007f70f5e22640:   00007f70f022d400 00007f70f022d580
0x00007f70f5e22650:   00007f7000000000 00007f70f022d550
0x00007f70f5e22660:   0000000000000001 00007f70f0008270
0x00007f70f5e22670:   00007f70f027f1c0 00007f70f022cee0
0x00007f70f5e22680:   00007f7000000040 00007f70f022d2e8
0x00007f70f5e22690:   00007f70f022d3e0 00007f70f022d430
0x00007f70f5e226a0:   00007f70f022d400 00007f70f022d580
0x00007f70f5e226b0:   0000000000000000 00007f70f022d550
0x00007f70f5e226c0:   0000000000000000 00007f70f0000020
0x00007f70f5e226d0:   0000000000000000 00007f7000000000
0x00007f70f5e226e0:   0000000000000000 0000000000000000
0x00007f70f5e226f0:   0000000000000000 0000000000000000
0x00007f70f5e22700:   0000000000000000 0000000000000000
0x00007f70f5e22710:   0000000000000000 0000000000000000
0x00007f70f5e22720:   0000000000000000 0000000000000000 

Instructions: (pc=0x00007f70cda9d814)
0x00007f70cda9d7f4:   e8 67 fd fc ff 48 83 7c 24 38 00 0f 84 6b ff ff
0x00007f70cda9d804:   ff 8b 53 1c 48 8b bb c0 00 00 00 48 8d 74 24 30
0x00007f70cda9d814:   48 8b 07 89 54 24 10 8b 53 20 48 8b 40 10 89 54
0x00007f70cda9d824:   24 14 48 8d 54 24 10 ff d0 48 83 c4 40 5b 5d 41 

Register to memory mapping:

RAX=0x00007f70f5e22560 is pointing into the stack for thread: 0x00007f70f000a800
RBX=0x00007f70f027eec0 is an unknown value
RCX=0x7365727574616566 is an unknown value
RDX=0x0000000000000030 is an unknown value
RSP=0x00007f70f5e22530 is pointing into the stack for thread: 0x00007f70f000a800
RBP=0x00007f70f5e225a0 is pointing into the stack for thread: 0x00007f70f000a800
RSI=0x00007f70f5e22560 is pointing into the stack for thread: 0x00007f70f000a800
RDI=0x0000000000000000 is an unknown value
R8 =0x000000006bae63ff is an unknown value
R9 =0xbef6f5433d58b207 is an unknown value
R10=0x0000000000000072 is an unknown value
R11=0x00007f70f6ec6160: <offset 0x18d160> in /lib/x86_64-linux-gnu/libc.so.6 at 0x00007f70f6d39000
R12=0x0000000000000000 is an unknown value
R13=0x00007f70f5e228a0 is pointing into the stack for thread: 0x00007f70f000a800
R14=0x0000000000000057 is an unknown value
R15=0x00007f70f000a800 is a thread


Stack: [0x00007f70f5d23000,0x00007f70f5e24000],  sp=0x00007f70f5e22530,  free space=1021k
Native frames: (J=compiled Java code, j=interpreted, Vv=VM code, C=native code)
C  [libopencv_objdetect.so.3.0+0x46814]  cv::CascadeClassifierImpl::read_(cv::FileNode const&)+0x194

Java frames: (J=compiled Java code, j=interpreted, Vv=VM code)
j  org.opencv.objdetect.CascadeClassifier.CascadeClassifier_1(Ljava/lang/String;)J+0
j  org.opencv.objdetect.CascadeClassifier.<init>(Ljava/lang/String;)V+6
j  com.marfeel.facedetection.FaceDetector.main([Ljava/lang/String;)V+239
v  ~StubRoutines::call_stub

---------------  P R O C E S S  ---------------

Java Threads: ( => current thread )
  0x00007f70f00a3800 JavaThread "Low Memory Detector" daemon [_thread_blocked, id=7210, stack(0x00007f70cf8f6000,0x00007f70cf9f7000)]
  0x00007f70f00a1000 JavaThread "C2 CompilerThread1" daemon [_thread_blocked, id=7209, stack(0x00007f70cf9f7000,0x00007f70cfaf8000)]
  0x00007f70f009e000 JavaThread "C2 CompilerThread0" daemon [_thread_blocked, id=7208, stack(0x00007f70cfaf8000,0x00007f70cfbf9000)]
  0x00007f70c4001000 JavaThread "JDWP Command Reader" daemon [_thread_in_native, id=7207, stack(0x00007f70cfbf9000,0x00007f70cfcfa000)]
  0x00007f70f009c000 JavaThread "JDWP Event Helper Thread" daemon [_thread_blocked, id=7205, stack(0x00007f70cfcfa000,0x00007f70cfdfb000)]
  0x00007f70f0098800 JavaThread "JDWP Transport Listener: dt_socket" daemon [_thread_blocked, id=7203, stack(0x00007f70cfdfb000,0x00007f70cfefc000)]
  0x00007f70f008c800 JavaThread "Signal Dispatcher" daemon [_thread_blocked, id=7202, stack(0x00007f70ec0d6000,0x00007f70ec1d7000)]
  0x00007f70f0071000 JavaThread "Finalizer" daemon [_thread_blocked, id=7201, stack(0x00007f70ec1d7000,0x00007f70ec2d8000)]
  0x00007f70f006f000 JavaThread "Reference Handler" daemon [_thread_blocked, id=7200, stack(0x00007f70ec2d8000,0x00007f70ec3d9000)]
=>0x00007f70f000a800 JavaThread "main" [_thread_in_native, id=7194, stack(0x00007f70f5d23000,0x00007f70f5e24000)]

Other Threads:
  0x00007f70f0068800 VMThread [stack: 0x00007f70ec3d9000,0x00007f70ec4da000] [id=7199]
  0x00007f70f00b6000 WatcherThread [stack: 0x00007f70cf7f5000,0x00007f70cf8f6000] [id=7211]

VM state:not at safepoint (normal execution)

VM Mutex/Monitor currently owned by a thread: None

Heap
 PSYoungGen      total 36352K, used 1873K [0x00000000d76b0000, 0x00000000d9f40000, 0x0000000100000000)
  eden space 31168K, 6% used [0x00000000d76b0000,0x00000000d7884498,0x00000000d9520000)
  from space 5184K, 0% used [0x00000000d9a30000,0x00000000d9a30000,0x00000000d9f40000)
  to   space 5184K, 0% used [0x00000000d9520000,0x00000000d9520000,0x00000000d9a30000)
 PSOldGen        total 83072K, used 0K [0x0000000086400000, 0x000000008b520000, 0x00000000d76b0000)
  object space 83072K, 0% used [0x0000000086400000,0x0000000086400000,0x000000008b520000)
 PSPermGen       total 21248K, used 3128K [0x0000000081200000, 0x00000000826c0000, 0x0000000086400000)
  object space 21248K, 14% used [0x0000000081200000,0x000000008150e280,0x00000000826c0000)

Code Cache  [0x00007f70ed000000, 0x00007f70ed270000, 0x00007f70f0000000)
 total_blobs=275 nmethods=2 adapters=236 free_code_cache=49888768 largest_free_block=6400

Dynamic libraries:
40000000-40009000 r-xp 00000000 fc:04 801095                             /usr/lib/jvm/java-6-sun-1.6.0_41/bin/java
40108000-4010a000 rwxp 00008000 fc:04 801095                             /usr/lib/jvm/java-6-sun-1.6.0_41/bin/java
41ff1000-42012000 rwxp 00000000 00:00 0                                  [heap]
81200000-826c0000 rwxp 00000000 00:00 0 
826c0000-86400000 rwxp 00000000 00:00 0 
86400000-8b520000 rwxp 00000000 00:00 0 
8b520000-d76b0000 rwxp 00000000 00:00 0 
d76b0000-d9f40000 rwxp 00000000 00:00 0 
d9f40000-100000000 rwxp 00000000 00:00 0 
7f709f43c000-7f709f44e000 r-xp 00000000 fc:04 1575379                    /usr/lib/x86_64-linux-gnu/pkcs11/gnome-keyring-pkcs11.so
7f709f44e000-7f709f64d000 ---p 00012000 fc:04 1575379                    /usr/lib/x86_64-linux-gnu/pkcs11/gnome-keyring-pkcs11.so
7f709f64d000-7f709f64f000 r-xp 00011000 fc:04 1575379                    /usr/lib/x86_64-linux-gnu/pkcs11/gnome-keyring-pkcs11.so
7f709f64f000-7f709f650000 rwxp 00013000 fc:04 1575379                    /usr/lib/x86_64-linux-gnu/pkcs11/gnome-keyring-pkcs11.so
7f709f650000-7f70a07bf000 r-xp 00000000 fc:04 1573511                    /usr/lib/x86_64-linux-gnu/libicudata.so.48.1.1
7f70a07bf000-7f70a09be000 ---p 0116f000 fc:04 1573511                    /usr/lib/x86_64-linux-gnu/libicudata.so.48.1.1
7f70a09be000-7f70a09bf000 r-xp 0116e000 fc:04 1573511                    /usr/lib/x86_64-linux-gnu/libicudata.so.48.1.1
7f70a09bf000-7f70a09c0000 rwxp 0116f000 fc:04 1573511                    /usr/lib/x86_64-linux-gnu/libicudata.so.48.1.1
7f70a09c0000-7f70a09c3000 r-xp 00000000 fc:04 1845246                    /lib/x86_64-linux-gnu/libgpg-error.so.0.8.0
7f70a09c3000-7f70a0bc2000 ---p 00003000 fc:04 1845246                    /lib/x86_64-linux-gnu/libgpg-error.so.0.8.0
7f70a0bc2000-7f70a0bc3000 r-xp 00002000 fc:04 1845246                    /lib/x86_64-linux-gnu/libgpg-error.so.0.8.0
7f70a0bc3000-7f70a0bc4000 rwxp 00003000 fc:04 1845246                    /lib/x86_64-linux-gnu/libgpg-error.so.0.8.0
7f70a0bc4000-7f70a0d1a000 r-xp 00000000 fc:04 1573630                    /usr/lib/x86_64-linux-gnu/libicuuc.so.48.1.1
7f70a0d1a000-7f70a0f19000 ---p 00156000 fc:04 1573630                    /usr/lib/x86_64-linux-gnu/libicuuc.so.48.1.1
7f70a0f19000-7f70a0f2a000 r-xp 00155000 fc:04 1573630                    /usr/lib/x86_64-linux-gnu/libicuuc.so.48.1.1
7f70a0f2a000-7f70a0f2b000 rwxp 00166000 fc:04 1573630                    /usr/lib/x86_64-linux-gnu/libicuuc.so.48.1.1
7f70a0f2b000-7f70a0f2f000 rwxp 00000000 00:00 0 
7f70a0f2f000-7f70a0f61000 r-xp 00000000 fc:04 1573557                    /usr/lib/x86_64-linux-gnu/libicule.so.48.1.1
7f70a0f61000-7f70a1161000 ---p 00032000 fc:04 1573557                    /usr/lib/x86_64-linux-gnu/libicule.so.48.1.1
7f70a1161000-7f70a1163000 r-xp 00032000 fc:04 1573557                    /usr/lib/x86_64-linux-gnu/libicule.so.48.1.1
7f70a1163000-7f70a1164000 rwxp 00034000 fc:04 1573557                    /usr/lib/x86_64-linux-gnu/libicule.so.48.1.1
7f70a1164000-7f70a1176000 r-xp 00000000 fc:04 1574436                    /usr/lib/x86_64-linux-gnu/libp11-kit.so.0.0.0
7f70a1176000-7f70a1376000 ---p 00012000 fc:04 1574436                    /usr/lib/x86_64-linux-gnu/libp11-kit.so.0.0.0
7f70a1376000-7f70a1377000 r-xp 00012000 fc:04 1574436                    /usr/lib/x86_64-linux-gnu/libp11-kit.so.0.0.0
7f70a1377000-7f70a1378000 rwxp 00013000 fc:04 1574436                    /usr/lib/x86_64-linux-gnu/libp11-kit.so.0.0.0
7f70a1378000-7f70a1387000 r-xp 00000000 fc:04 1580042                    /usr/lib/x86_64-linux-gnu/libtasn1.so.3.2.0
7f70a1387000-7f70a1587000 ---p 0000f000 fc:04 1580042                    /usr/lib/x86_64-linux-gnu/libtasn1.so.3.2.0
7f70a1587000-7f70a1588000 r-xp 0000f000 fc:04 1580042                    /usr/lib/x86_64-linux-gnu/libtasn1.so.3.2.0
7f70a1588000-7f70a1589000 rwxp 00010000 fc:04 1580042                    /usr/lib/x86_64-linux-gnu/libtasn1.so.3.2.0
7f70a1589000-7f70a1603000 r-xp 00000000 fc:04 1877334                    /lib/x86_64-linux-gnu/libgcrypt.so.11.7.0
7f70a1603000-7f70a1803000 ---p 0007a000 fc:04 1877334                    /lib/x86_64-linux-gnu/libgcrypt.so.11.7.0
7f70a1803000-7f70a1804000 r-xp 0007a000 fc:04 1877334                    /lib/x86_64-linux-gnu/libgcrypt.so.11.7.0
7f70a1804000-7f70a1807000 rwxp 0007b000 fc:04 1877334                    /lib/x86_64-linux-gnu/libgcrypt.so.11.7.0
7f70a1807000-7f70a180d000 r-xp 00000000 fc:04 1616606                    /usr/lib/x86_64-linux-gnu/libogg.so.0.8.0
7f70a180d000-7f70a1a0c000 ---p 00006000 fc:04 1616606                    /usr/lib/x86_64-linux-gnu/libogg.so.0.8.0
7f70a1a0c000-7f70a1a0d000 r-xp 00005000 fc:04 1616606                    /usr/lib/x86_64-linux-gnu/libogg.so.0.8.0
7f70a1a0d000-7f70a1a0e000 rwxp 00006000 fc:04 1616606                    /usr/lib/x86_64-linux-gnu/libogg.so.0.8.0
7f70a1a0e000-7f70a1a1e000 r-xp 00000000 fc:04 1578155                    /usr/lib/x86_64-linux-gnu/libgstinterfaces-0.10.so.0.25.0
7f70a1a1e000-7f70a1c1e000 ---p 00010000 fc:04 1578155                    /usr/lib/x86_64-linux-gnu/libgstinterfaces-0.10.so.0.25.0
7f70a1c1e000-7f70a1c1f000 r-xp 00010000 fc:04 1578155                    /usr/lib/x86_64-linux-gnu/libgstinterfaces-0.10.so.0.25.0
7f70a1c1f000-7f70a1c20000 rwxp 00011000 fc:04 1578155                    /usr/lib/x86_64-linux-gnu/libgstinterfaces-0.10.so.0.25.0
7f70a1c20000-7f70a1c25000 r-xp 00000000 fc:04 1580165                    /usr/lib/x86_64-linux-gnu/libXdmcp.so.6.0.0
7f70a1c25000-7f70a1e24000 ---p 00005000 fc:04 1580165                    /usr/lib/x86_64-linux-gnu/libXdmcp.so.6.0.0
7f70a1e24000-7f70a1e25000 r-xp 00004000 fc:04 1580165                    /usr/lib/x86_64-linux-gnu/libXdmcp.so.6.0.0
7f70a1e25000-7f70a1e26000 rwxp 00005000 fc:04 1580165                    /usr/lib/x86_64-linux-gnu/libXdmcp.so.6.0.0
7f70a1e26000-7f70a1e28000 r-xp 00000000 fc:04 1580091                    /usr/lib/x86_64-linux-gnu/libXau.so.6.0.0
7f70a1e28000-7f70a2028000 ---p 00002000 fc:04 1580091                    /usr/lib/x86_64-linux-gnu/libXau.so.6.0.0
7f70a2028000-7f70a2029000 r-xp 00002000 fc:04 1580091                    /usr/lib/x86_64-linux-gnu/libXau.so.6.0.0
7f70a2029000-7f70a202a000 rwxp 00003000 fc:04 1580091                    /usr/lib/x86_64-linux-gnu/libXau.so.6.0.0
7f70a202a000-7f70a2050000 r-xp 00000000 fc:04 1839627                    /lib/x86_64-linux-gnu/libexpat.so.1.6.0
7f70a2050000-7f70a2250000 ---p 00026000 fc:04 1839627                    /lib/x86_64-linux-gnu/libexpat.so.1.6.0
7f70a2250000-7f70a2252000 r-xp 00026000 fc:04 1839627                    /lib/x86_64-linux-gnu/libexpat.so.1.6.0
7f70a2252000-7f70a2253000 rwxp 00028000 fc:04 1839627                    /lib/x86_64-linux-gnu/libexpat.so.1.6.0
7f70a2253000-7f70a22e8000 r-xp 00000000 fc:04 1639484                    /usr/lib/x86_64-linux-gnu/libharfbuzz.so.0.913.0
7f70a22e8000-7f70a24e7000 ---p 00095000 fc:04 1639484                    /usr/lib/x86_64-linux-gnu/libharfbuzz.so.0.913.0
7f70a24e7000-7f70a24e9000 r-xp 00094000 fc:04 1639484                    /usr/lib/x86_64-linux-gnu/libharfbuzz.so.0.913.0
7f70a24e9000-7f70a24ea000 rwxp 00096000 fc:04 1639484                    /usr/lib/x86_64-linux-gnu/libharfbuzz.so.0.913.0
7f70a24ea000-7f70a2500000 r-xp 00000000 fc:04 1835301                    /lib/x86_64-linux-gnu/libresolv-2.17.so
7f70a2500000-7f70a2700000 ---p 00016000 fc:04 1835301                    /lib/x86_64-linux-gnu/libresolv-2.17.so
7f70a2700000-7f70a2701000 r-xp 00016000 fc:04 1835301                    /lib/x86_64-linux-gnu/libresolv-2.17.so
7f70a2701000-7f70a2702000 rwxp 00017000 fc:04 1835301                    /lib/x86_64-linux-gnu/libresolv-2.17.so
7f70a2702000-7f70a2704000 rwxp 00000000 00:00 0 
7f70a2704000-7f70a2721000 r-xp 00000000 fc:04 1838993                    /lib/x86_64-linux-gnu/libselinux.so.1
7f70a2721000-7f70a2920000 ---p 0001d000 fc:04 1838993                    /lib/x86_64-linux-gnu/libselinux.so.1
7f70a2920000-7f70a2921000 r-xp 0001c000 fc:04 1838993                    /lib/x86_64-linux-gnu/libselinux.so.1
7f70a2921000-7f70a2922000 rwxp 0001d000 fc:04 1838993                    /lib/x86_64-linux-gnu/libselinux.so.1
7f70a2922000-7f70a2923000 rwxp 00000000 00:00 0 
7f70a2923000-7f70a2932000 r-xp 00000000 fc:04 1858913                    /lib/x86_64-linux-gnu/libbz2.so.1.0.4
7f70a2932000-7f70a2b31000 ---p 0000f000 fc:04 1858913                    /lib/x86_64-linux-gnu/libbz2.so.1.0.4
7f70a2b31000-7f70a2b32000 r-xp 0000e000 fc:04 1858913                    /lib/x86_64-linux-gnu/libbz2.so.1.0.4
7f70a2b32000-7f70a2b33000 rwxp 0000f000 fc:04 1858913                    /lib/x86_64-linux-gnu/libbz2.so.1.0.4
7f70a2b33000-7f70a2be8000 r-xp 00000000 fc:04 1577122                    /usr/lib/x86_64-linux-gnu/libgnutls.so.26.22.6
7f70a2be8000-7f70a2de7000 ---p 000b5000 fc:04 1577122                    /usr/lib/x86_64-linux-gnu/libgnutls.so.26.22.6
7f70a2de7000-7f70a2ded000 r-xp 000b4000 fc:04 1577122                    /usr/lib/x86_64-linux-gnu/libgnutls.so.26.22.6
7f70a2ded000-7f70a2dee000 rwxp 000ba000 fc:04 1577122                    /usr/lib/x86_64-linux-gnu/libgnutls.so.26.22.6
7f70a2dee000-7f70a2def000 rwxp 00000000 00:00 0 
7f70a2def000-7f70a2dff000 r-xp 00000000 fc:04 1577981                    /usr/lib/x86_64-linux-gnu/libva.so.1.3200.0
7f70a2dff000-7f70a2ffe000 ---p 00010000 fc:04 1577981                    /usr/lib/x86_64-linux-gnu/libva.so.1.3200.0
7f70a2ffe000-7f70a2fff000 r-xp 0000f000 fc:04 1577981                    /usr/lib/x86_64-linux-gnu/libva.so.1.3200.0
7f70a2fff000-7f70a3000000 rwxp 00010000 fc:04 1577981                    /usr/lib/x86_64-linux-gnu/libva.so.1.3200.0
7f70a3000000-7f70a3005000 rwxp 00000000 00:00 0 
7f70a3005000-7f70a3012000 r-xp 00000000 fc:04 1581818                    /usr/lib/x86_64-linux-gnu/libgsm.so.1.0.12
7f70a3012000-7f70a3211000 ---p 0000d000 fc:04 1581818                    /usr/lib/x86_64-linux-gnu/libgsm.so.1.0.12
7f70a3211000-7f70a3212000 r-xp 0000c000 fc:04 1581818                    /usr/lib/x86_64-linux-gnu/libgsm.so.1.0.12
7f70a3212000-7f70a3213000 rwxp 0000d000 fc:04 1581818                    /usr/lib/x86_64-linux-gnu/libgsm.so.1.0.12
7f70a3213000-7f70a32de000 r-xp 00000000 fc:04 1574887                    /usr/lib/x86_64-linux-gnu/libschroedinger-1.0.so.0.11.0
7f70a32de000-7f70a34dd000 ---p 000cb000 fc:04 1574887                    /usr/lib/x86_64-linux-gnu/libschroedinger-1.0.so.0.11.0
7f70a34dd000-7f70a34df000 r-xp 000ca000 fc:04 1574887                    /usr/lib/x86_64-linux-gnu/libschroedinger-1.0.so.0.11.0
7f70a34df000-7f70a34e0000 rwxp 000cc000 fc:04 1574887                    /usr/lib/x86_64-linux-gnu/libschroedinger-1.0.so.0.11.0
7f70a34e0000-7f70a34e1000 rwxp 00000000 00:00 0 
7f70a34e1000-7f70a34f8000 r-xp 00000000 fc:04 1581811                    /usr/lib/x86_64-linux-gnu/libspeex.so.1.5.0
7f70a34f8000-7f70a36f8000 ---p 00017000 fc:04 1581811                    /usr/lib/x86_64-linux-gnu/libspeex.so.1.5.0
7f70a36f8000-7f70a36f9000 r-xp 00017000 fc:04 1581811                    /usr/lib/x86_64-linux-gnu/libspeex.so.1.5.0
7f70a36f9000-7f70a36fa000 rwxp 00018000 fc:04 1581811                    /usr/lib/x86_64-linux-gnu/libspeex.so.1.5.0
7f70a36fa000-7f70a3715000 r-xp 00000000 fc:04 1616648                    /usr/lib/x86_64-linux-gnu/libtheoradec.so.1.1.4
7f70a3715000-7f70a3914000 ---p 0001b000 fc:04 1616648                    /usr/lib/x86_64-linux-gnu/libtheoradec.so.1.1.4
7f70a3914000-7f70a3915000 r-xp 0001a000 fc:04 1616648                    /usr/lib/x86_64-linux-gnu/libtheoradec.so.1.1.4
7f70a3915000-7f70a3916000 rwxp 0001b000 fc:04 1616648                    /usr/lib/x86_64-linux-gnu/libtheoradec.so.1.1.4
7f70a3916000-7f70a3955000 r-xp 00000000 fc:04 1616647                    /usr/lib/x86_64-linux-gnu/libtheoraenc.so.1.1.2
7f70a3955000-7f70a3b55000 ---p 0003f000 fc:04 1616647                    /usr/lib/x86_64-linux-gnu/libtheoraenc.so.1.1.2
7f70a3b55000-7f70a3b56000 r-xp 0003f000 fc:04 1616647                    /usr/lib/x86_64-linux-gnu/libtheoraenc.so.1.1.2
7f70a3b56000-7f70a3b57000 rwxp 00040000 fc:04 1616647                    /usr/lib/x86_64-linux-gnu/libtheoraenc.so.1.1.2
7f70a3b57000-7f70a3b82000 r-xp 00000000 fc:04 1582554                    /usr/lib/x86_64-linux-gnu/libvorbis.so.0.4.5
7f70a3b82000-7f70a3d82000 ---p 0002b000 fc:04 1582554                    /usr/lib/x86_64-linux-gnu/libvorbis.so.0.4.5
7f70a3d82000-7f70a3d83000 r-xp 0002b000 fc:04 1582554                    /usr/lib/x86_64-linux-gnu/libvorbis.so.0.4.5
7f70a3d83000-7f70a3d84000 rwxp 0002c000 fc:04 1582554                    /usr/lib/x86_64-linux-gnu/libvorbis.so.0.4.5
7f70a3d84000-7f70a4037000 r-xp 00000000 fc:04 1616654                    /usr/lib/x86_64-linux-gnu/libvorbisenc.so.2.0.8
7f70a4037000-7f70a4236000 ---p 002b3000 fc:04 1616654                    /usr/lib/x86_64-linux-gnu/libvorbisenc.so.2.0.8
7f70a4236000-7f70a4252000 r-xp 002b2000 fc:04 1616654                    /usr/lib/x86_64-linux-gnu/libvorbisenc.so.2.0.8
7f70a4252000-7f70a4253000 rwxp 002ce000 fc:04 1616654                    /usr/lib/x86_64-linux-gnu/libvorbisenc.so.2.0.8
7f70a4253000-7f70a42f0000 r-xp 00000000 fc:04 1581554                    /usr/lib/x86_64-linux-gnu/libvpx.so.1.1.0
7f70a42f0000-7f70a44ef000 ---p 0009d000 fc:04 1581554                    /usr/lib/x86_64-linux-gnu/libvpx.so.1.1.0
7f70a44ef000-7f70a44f0000 r-xp 0009c000 fc:04 1581554                    /usr/lib/x86_64-linux-gnu/libvpx.so.1.1.0
7f70a44f0000-7f70a44f1000 rwxp 0009d000 fc:04 1581554                    /usr/lib/x86_64-linux-gnu/libvpx.so.1.1.0
7f70a44f1000-7f70a44f3000 rwxp 00000000 00:00 0 
7f70a44f3000-7f70a4527000 r-xp 00000000 fc:04 1578161                    /usr/lib/x86_64-linux-gnu/libgsttag-0.10.so.0.25.0
7f70a4527000-7f70a4726000 ---p 00034000 fc:04 1578161                    /usr/lib/x86_64-linux-gnu/libgsttag-0.10.so.0.25.0
7f70a4726000-7f70a4728000 r-xp 00033000 fc:04 1578161                    /usr/lib/x86_64-linux-gnu/libgsttag-0.10.so.0.25.0
7f70a4728000-7f70a4729000 rwxp 00035000 fc:04 1578161                    /usr/lib/x86_64-linux-gnu/libgsttag-0.10.so.0.25.0
7f70a4729000-7f70a475e000 r-xp 00000000 fc:04 1578167                    /usr/lib/x86_64-linux-gnu/libgstaudio-0.10.so.0.25.0
7f70a475e000-7f70a495d000 ---p 00035000 fc:04 1578167                    /usr/lib/x86_64-linux-gnu/libgstaudio-0.10.so.0.25.0
7f70a495d000-7f70a495e000 r-xp 00034000 fc:04 1578167                    /usr/lib/x86_64-linux-gnu/libgstaudio-0.10.so.0.25.0
7f70a495e000-7f70a4960000 rwxp 00035000 fc:04 1578167                    /usr/lib/x86_64-linux-gnu/libgstaudio-0.10.so.0.25.0
7f70a4960000-7f70a49d9000 r-xp 00000000 fc:04 1582125                    /usr/lib/x86_64-linux-gnu/liborc-0.4.so.0.17.0
7f70a49d9000-7f70a4bd8000 ---p 00079000 fc:04 1582125                    /usr/lib/x86_64-linux-gnu/liborc-0.4.so.0.17.0
7f70a4bd8000-7f70a4bda000 r-xp 00078000 fc:04 1582125                    /usr/lib/x86_64-linux-gnu/liborc-0.4.so.0.17.0
7f70a4bda000-7f70a4bde000 rwxp 0007a000 fc:04 1582125                    /usr/lib/x86_64-linux-gnu/liborc-0.4.so.0.17.0
7f70a4bde000-7f70a4c30000 r-xp 00000000 fc:04 1581666                    /usr/lib/x86_64-linux-gnu/libgstbase-0.10.so.0.30.0
7f70a4c30000-7f70a4e30000 ---p 00052000 fc:04 1581666                    /usr/lib/x86_64-linux-gnu/libgstbase-0.10.so.0.30.0
7f70a4e30000-7f70a4e31000 r-xp 00052000 fc:04 1581666                    /usr/lib/x86_64-linux-gnu/libgstbase-0.10.so.0.30.0
7f70a4e31000-7f70a4e32000 rwxp 00053000 fc:04 1581666                    /usr/lib/x86_64-linux-gnu/libgstbase-0.10.so.0.30.0
7f70a4e32000-7f70a4f8b000 r-xp 00000000 fc:04 1574177                    /usr/lib/x86_64-linux-gnu/libxml2.so.2.9.0
7f70a4f8b000-7f70a518a000 ---p 00159000 fc:04 1574177                    /usr/lib/x86_64-linux-gnu/libxml2.so.2.9.0
7f70a518a000-7f70a5192000 r-xp 00158000 fc:04 1574177                    /usr/lib/x86_64-linux-gnu/libxml2.so.2.9.0
7f70a5192000-7f70a5194000 rwxp 00160000 fc:04 1574177                    /usr/lib/x86_64-linux-gnu/libxml2.so.2.9.0
7f70a5194000-7f70a5195000 rwxp 00000000 00:00 0 
7f70a5195000-7f70a51d2000 r-xp 00000000 fc:04 1839684                    /lib/x86_64-linux-gnu/libpcre.so.3.13.1
7f70a51d2000-7f70a53d2000 ---p 0003d000 fc:04 1839684                    /lib/x86_64-linux-gnu/libpcre.so.3.13.1
7f70a53d2000-7f70a53d3000 r-xp 0003d000 fc:04 1839684                    /lib/x86_64-linux-gnu/libpcre.so.3.13.1
7f70a53d3000-7f70a53d4000 rwxp 0003e000 fc:04 1839684                    /lib/x86_64-linux-gnu/libpcre.so.3.13.1
7f70a53d4000-7f70a53db000 r-xp 00000000 fc:04 1573930                    /usr/lib/x86_64-linux-gnu/libffi.so.6.0.1
7f70a53db000-7f70a55da000 ---p 00007000 fc:04 1573930                    /usr/lib/x86_64-linux-gnu/libffi.so.6.0.1
7f70a55da000-7f70a55db000 r-xp 00006000 fc:04 1573930                    /usr/lib/x86_64-linux-gnu/libffi.so.6.0.1
7f70a55db000-7f70a55dc000 rwxp 00007000 fc:04 1573930                    /usr/lib/x86_64-linux-gnu/libffi.so.6.0.1
7f70a55dc000-7f70a55f9000 r-xp 00000000 fc:04 1573214                    /usr/lib/x86_64-linux-gnu/libxcb.so.1.1.0
7f70a55f9000-7f70a57f8000 ---p 0001d000 fc:04 1573214                    /usr/lib/x86_64-linux-gnu/libxcb.so.1.1.0
7f70a57f8000-7f70a57f9000 r-xp 0001c000 fc:04 1573214                    /usr/lib/x86_64-linux-gnu/libxcb.so.1.1.0
7f70a57f9000-7f70a57fa000 rwxp 0001d000 fc:04 1573214                    /usr/lib/x86_64-linux-gnu/libxcb.so.1.1.0
7f70a57fa000-7f70a5802000 r-xp 00000000 fc:04 1576056                    /usr/lib/x86_64-linux-gnu/libxcb-render.so.0.0.0
7f70a5802000-7f70a5a02000 ---p 00008000 fc:04 1576056                    /usr/lib/x86_64-linux-gnu/libxcb-render.so.0.0.0
7f70a5a02000-7f70a5a03000 r-xp 00008000 fc:04 1576056                    /usr/lib/x86_64-linux-gnu/libxcb-render.so.0.0.0
7f70a5a03000-7f70a5a04000 rwxp 00009000 fc:04 1576056                    /usr/lib/x86_64-linux-gnu/libxcb-render.so.0.0.0
7f70a5a04000-7f70a5a06000 r-xp 00000000 fc:04 1573994                    /usr/lib/x86_64-linux-gnu/libxcb-shm.so.0.0.0
7f70a5a06000-7f70a5c05000 ---p 00002000 fc:04 1573994                    /usr/lib/x86_64-linux-gnu/libxcb-shm.so.0.0.0
7f70a5c05000-7f70a5c06000 r-xp 00001000 fc:04 1573994                    /usr/lib/x86_64-linux-gnu/libxcb-shm.so.0.0.0
7f70a5c06000-7f70a5c07000 rwxp 00002000 fc:04 1573994                    /usr/lib/x86_64-linux-gnu/libxcb-shm.so.0.0.0
7f70a5c07000-7f70a5c9e000 r-xp 00000000 fc:04 1578595                    /usr/lib/x86_64-linux-gnu/libfreetype.so.6.10.0
7f70a5c9e000-7f70a5e9d000 ---p 00097000 fc:04 1578595                    /usr/lib/x86_64-linux-gnu/libfreetype.so.6.10.0
7f70a5e9d000-7f70a5ea3000 r-xp 00096000 fc:04 1578595                    /usr/lib/x86_64-linux-gnu/libfreetype.so.6.10.0
7f70a5ea3000-7f70a5ea4000 rwxp 0009c000 fc:04 1578595                    /usr/lib/x86_64-linux-gnu/libfreetype.so.6.10.0
7f70a5ea4000-7f70a5f46000 r-xp 00000000 fc:04 1573997                    /usr/lib/x86_64-linux-gnu/libpixman-1.so.0.30.2
7f70a5f46000-7f70a6146000 ---p 000a2000 fc:04 1573997                    /usr/lib/x86_64-linux-gnu/libpixman-1.so.0.30.2
7f70a6146000-7f70a614d000 r-xp 000a2000 fc:04 1573997                    /usr/lib/x86_64-linux-gnu/libpixman-1.so.0.30.2
7f70a614d000-7f70a614e000 rwxp 000a9000 fc:04 1573997                    /usr/lib/x86_64-linux-gnu/libpixman-1.so.0.30.2
7f70a614e000-7f70a615f000 r-xp 00000000 fc:04 1575536                    /usr/lib/x86_64-linux-gnu/libXext.so.6.4.0
7f70a615f000-7f70a635e000 ---p 00011000 fc:04 1575536                    /usr/lib/x86_64-linux-gnu/libXext.so.6.4.0
7f70a635e000-7f70a635f000 r-xp 00010000 fc:04 1575536                    /usr/lib/x86_64-linux-gnu/libXext.so.6.4.0
7f70a635f000-7f70a6360000 rwxp 00011000 fc:04 1575536                    /usr/lib/x86_64-linux-gnu/libXext.so.6.4.0
7f70a6360000-7f70a6362000 r-xp 00000000 fc:04 1581515                    /usr/lib/x86_64-linux-gnu/libXdamage.so.1.1.0
7f70a6362000-7f70a6561000 ---p 00002000 fc:04 1581515                    /usr/lib/x86_64-linux-gnu/libXdamage.so.1.1.0
7f70a6561000-7f70a6562000 r-xp 00001000 fc:04 1581515                    /usr/lib/x86_64-linux-gnu/libXdamage.so.1.1.0
7f70a6562000-7f70a6563000 rwxp 00002000 fc:04 1581515                    /usr/lib/x86_64-linux-gnu/libXdamage.so.1.1.0
7f70a6563000-7f70a6565000 r-xp 00000000 fc:04 1577020                    /usr/lib/x86_64-linux-gnu/libXcomposite.so.1.0.0
7f70a6565000-7f70a6764000 ---p 00002000 fc:04 1577020                    /usr/lib/x86_64-linux-gnu/libXcomposite.so.1.0.0
7f70a6764000-7f70a6765000 r-xp 00001000 fc:04 1577020                    /usr/lib/x86_64-linux-gnu/libXcomposite.so.1.0.0
7f70a6765000-7f70a6766000 rwxp 00002000 fc:04 1577020                    /usr/lib/x86_64-linux-gnu/libXcomposite.so.1.0.0
7f70a6766000-7f70a676f000 r-xp 00000000 fc:04 1577308                    /usr/lib/x86_64-linux-gnu/libXcursor.so.1.0.2
7f70a676f000-7f70a696f000 ---p 00009000 fc:04 1577308                    /usr/lib/x86_64-linux-gnu/libXcursor.so.1.0.2
7f70a696f000-7f70a6970000 r-xp 00009000 fc:04 1577308                    /usr/lib/x86_64-linux-gnu/libXcursor.so.1.0.2
7f70a6970000-7f70a6971000 rwxp 0000a000 fc:04 1577308                    /usr/lib/x86_64-linux-gnu/libXcursor.so.1.0.2
7f70a6971000-7f70a697a000 r-xp 00000000 fc:04 1575130                    /usr/lib/x86_64-linux-gnu/libXrandr.so.2.2.0
7f70a697a000-7f70a6b79000 ---p 00009000 fc:04 1575130                    /usr/lib/x86_64-linux-gnu/libXrandr.so.2.2.0
7f70a6b79000-7f70a6b7a000 r-xp 00008000 fc:04 1575130                    /usr/lib/x86_64-linux-gnu/libXrandr.so.2.2.0
7f70a6b7a000-7f70a6b7b000 rwxp 00009000 fc:04 1575130                    /usr/lib/x86_64-linux-gnu/libXrandr.so.2.2.0
7f70a6b7b000-7f70a6b89000 r-xp 00000000 fc:04 1573992                    /usr/lib/x86_64-linux-gnu/libXi.so.6.1.0
7f70a6b89000-7f70a6d89000 ---p 0000e000 fc:04 1573992                    /usr/lib/x86_64-linux-gnu/libXi.so.6.1.0
7f70a6d89000-7f70a6d8a000 r-xp 0000e000 fc:04 1573992                    /usr/lib/x86_64-linux-gnu/libXi.so.6.1.0
7f70a6d8a000-7f70a6d8b000 rwxp 0000f000 fc:04 1573992                    /usr/lib/x86_64-linux-gnu/libXi.so.6.1.0
7f70a6d8b000-7f70a6d8d000 r-xp 00000000 fc:04 1580988                    /usr/lib/x86_64-linux-gnu/libXinerama.so.1.0.0
7f70a6d8d000-7f70a6f8c000 ---p 00002000 fc:04 1580988                    /usr/lib/x86_64-linux-gnu/libXinerama.so.1.0.0
7f70a6f8c000-7f70a6f8d000 r-xp 00001000 fc:04 1580988                    /usr/lib/x86_64-linux-gnu/libXinerama.so.1.0.0
7f70a6f8d000-7f70a6f8e000 rwxp 00002000 fc:04 1580988                    /usr/lib/x86_64-linux-gnu/libXinerama.so.1.0.0
7f70a6f8e000-7f70a6f97000 r-xp 00000000 fc:04 1580199                    /usr/lib/x86_64-linux-gnu/libXrender.so.1.3.0
7f70a6f97000-7f70a7196000 ---p 00009000 fc:04 1580199                    /usr/lib/x86_64-linux-gnu/libXrender.so.1.3.0
7f70a7196000-7f70a7197000 r-xp 00008000 fc:04 1580199                    /usr/lib/x86_64-linux-gnu/libXrender.so.1.3.0
7f70a7197000-7f70a7198000 rwxp 00009000 fc:04 1580199                    /usr/lib/x86_64-linux-gnu/libXrender.so.1.3.0
7f70a7198000-7f70a71cf000 r-xp 00000000 fc:04 1578137                    /usr/lib/x86_64-linux-gnu/libfontconfig.so.1.6.2
7f70a71cf000-7f70a73cf000 ---p 00037000 fc:04 1578137                    /usr/lib/x86_64-linux-gnu/libfontconfig.so.1.6.2
7f70a73cf000-7f70a73d0000 r-xp 00037000 fc:04 1578137                    /usr/lib/x86_64-linux-gnu/libfontconfig.so.1.6.2
7f70a73d0000-7f70a73d1000 rwxp 00038000 fc:04 1578137                    /usr/lib/x86_64-linux-gnu/libfontconfig.so.1.6.2
7f70a73d1000-7f70a73d2000 rwxp 00000000 00:00 0 
7f70a73d2000-7f70a741a000 r-xp 00000000 fc:04 1572966                    /usr/lib/x86_64-linux-gnu/libpango-1.0.so.0.3200.5
7f70a741a000-7f70a761a000 ---p 00048000 fc:04 1572966                    /usr/lib/x86_64-linux-gnu/libpango-1.0.so.0.3200.5
7f70a761a000-7f70a761c000 r-xp 00048000 fc:04 1572966                    /usr/lib/x86_64-linux-gnu/libpango-1.0.so.0.3200.5
7f70a761c000-7f70a761d000 rwxp 0004a000 fc:04 1572966                    /usr/lib/x86_64-linux-gnu/libpango-1.0.so.0.3200.5
7f70a761d000-7f70a7630000 r-xp 00000000 fc:04 1572969                    /usr/lib/x86_64-linux-gnu/libpangoft2-1.0.so.0.3200.5
7f70a7630000-7f70a782f000 ---p 00013000 fc:04 1572969                    /usr/lib/x86_64-linux-gnu/libpangoft2-1.0.so.0.3200.5
7f70a782f000-7f70a7830000 r-xp 00012000 fc:04 1572969                    /usr/lib/x86_64-linux-gnu/libpangoft2-1.0.so.0.3200.5
7f70a7830000-7f70a7831000 rwxp 00013000 fc:04 1572969                    /usr/lib/x86_64-linux-gnu/libpangoft2-1.0.so.0.3200.5
7f70a7831000-7f70a7984000 r-xp 00000000 fc:04 1576353                    /usr/lib/x86_64-linux-gnu/libgio-2.0.so.0.3600.0
7f70a7984000-7f70a7b83000 ---p 00153000 fc:04 1576353                    /usr/lib/x86_64-linux-gnu/libgio-2.0.so.0.3600.0
7f70a7b83000-7f70a7b87000 r-xp 00152000 fc:04 1576353                    /usr/lib/x86_64-linux-gnu/libgio-2.0.so.0.3600.0
7f70a7b87000-7f70a7b89000 rwxp 00156000 fc:04 1576353                    /usr/lib/x86_64-linux-gnu/libgio-2.0.so.0.3600.0
7f70a7b89000-7f70a7b8b000 rwxp 00000000 00:00 0 
7f70a7b8b000-7f70a7bab000 r-xp 00000000 fc:04 1574720                    /usr/lib/x86_64-linux-gnu/libatk-1.0.so.0.20809.1
7f70a7bab000-7f70a7daa000 ---p 00020000 fc:04 1574720                    /usr/lib/x86_64-linux-gnu/libatk-1.0.so.0.20809.1
7f70a7daa000-7f70a7dac000 r-xp 0001f000 fc:04 1574720                    /usr/lib/x86_64-linux-gnu/libatk-1.0.so.0.20809.1
7f70a7dac000-7f70a7dad000 rwxp 00021000 fc:04 1574720                    /usr/lib/x86_64-linux-gnu/libatk-1.0.so.0.20809.1
7f70a7dad000-7f70a7db2000 r-xp 00000000 fc:04 1577286                    /usr/lib/x86_64-linux-gnu/libXfixes.so.3.1.0
7f70a7db2000-7f70a7fb1000 ---p 00005000 fc:04 1577286                    /usr/lib/x86_64-linux-gnu/libXfixes.so.3.1.0
7f70a7fb1000-7f70a7fb2000 r-xp 00004000 fc:04 1577286                    /usr/lib/x86_64-linux-gnu/libXfixes.so.3.1.0
7f70a7fb2000-7f70a7fb3000 rwxp 00005000 fc:04 1577286                    /usr/lib/x86_64-linux-gnu/libXfixes.so.3.1.0
7f70a7fb3000-7f70a80e7000 r-xp 00000000 fc:04 1573578                    /usr/lib/x86_64-linux-gnu/libX11.so.6.3.0
7f70a80e7000-7f70a82e7000 ---p 00134000 fc:04 1573578                    /usr/lib/x86_64-linux-gnu/libX11.so.6.3.0
7f70a82e7000-7f70a82e8000 r-xp 00134000 fc:04 1573578                    /usr/lib/x86_64-linux-gnu/libX11.so.6.3.0
7f70a82e8000-7f70a82ed000 rwxp 00135000 fc:04 1573578                    /usr/lib/x86_64-linux-gnu/libX11.so.6.3.0
7f70a82ed000-7f70a82f8000 r-xp 00000000 fc:04 1572967                    /usr/lib/x86_64-linux-gnu/libpangocairo-1.0.so.0.3200.5
7f70a82f8000-7f70a84f8000 ---p 0000b000 fc:04 1572967                    /usr/lib/x86_64-linux-gnu/libpangocairo-1.0.so.0.3200.5
7f70a84f8000-7f70a84f9000 r-xp 0000b000 fc:04 1572967                    /usr/lib/x86_64-linux-gnu/libpangocairo-1.0.so.0.3200.5
7f70a84f9000-7f70a84fa000 rwxp 0000c000 fc:04 1572967                    /usr/lib/x86_64-linux-gnu/libpangocairo-1.0.so.0.3200.5
7f70a84fa000-7f70a84fd000 r-xp 00000000 fc:04 1576345                    /usr/lib/x86_64-linux-gnu/libgmodule-2.0.so.0.3600.0
7f70a84fd000-7f70a86fc000 ---p 00003000 fc:04 1576345                    /usr/lib/x86_64-linux-gnu/libgmodule-2.0.so.0.3600.0
7f70a86fc000-7f70a86fd000 r-xp 00002000 fc:04 1576345                    /usr/lib/x86_64-linux-gnu/libgmodule-2.0.so.0.3600.0
7f70a86fd000-7f70a86fe000 rwxp 00003000 fc:04 1576345                    /usr/lib/x86_64-linux-gnu/libgmodule-2.0.so.0.3600.0
7f70a86fe000-7f70a8709000 r-xp 00000000 fc:04 1575775                    /usr/lib/x86_64-linux-gnu/libjbig.so.0.0.0
7f70a8709000-7f70a8908000 ---p 0000b000 fc:04 1575775                    /usr/lib/x86_64-linux-gnu/libjbig.so.0.0.0
7f70a8908000-7f70a8909000 r-xp 0000a000 fc:04 1575775                    /usr/lib/x86_64-linux-gnu/libjbig.so.0.0.0
7f70a8909000-7f70a890c000 rwxp 0000b000 fc:04 1575775                    /usr/lib/x86_64-linux-gnu/libjbig.so.0.0.0
7f70a890c000-7f70a892d000 r-xp 00000000 fc:04 1839681                    /lib/x86_64-linux-gnu/liblzma.so.5.0.0
7f70a892d000-7f70a8b2c000 ---p 00021000 fc:04 1839681                    /lib/x86_64-linux-gnu/liblzma.so.5.0.0
7f70a8b2c000-7f70a8b2d000 r-xp 00020000 fc:04 1839681                    /lib/x86_64-linux-gnu/liblzma.so.5.0.0
7f70a8b2d000-7f70a8b2e000 rwxp 00021000 fc:04 1839681                    /lib/x86_64-linux-gnu/liblzma.so.5.0.0
7f70a8b2e000-7f70a8b86000 r-xp 00000000 fc:04 1714322                    /usr/local/lib/libopencv_flann.so.3.0.0
7f70a8b86000-7f70a8d86000 ---p 00058000 fc:04 1714322                    /usr/local/lib/libopencv_flann.so.3.0.0
7f70a8d86000-7f70a8d89000 r-xp 00058000 fc:04 1714322                    /usr/local/lib/libopencv_flann.so.3.0.0
7f70a8d89000-7f70a8d8a000 rwxp 0005b000 fc:04 1714322                    /usr/local/lib/libopencv_flann.so.3.0.0
7f70a8d8a000-7f70a8dd0000 r-xp 00000000 fc:04 1573048                    /usr/lib/x86_64-linux-gnu/libswscale.so.2.1.0
7f70a8dd0000-7f70a8fd0000 ---p 00046000 fc:04 1573048                    /usr/lib/x86_64-linux-gnu/libswscale.so.2.1.0
7f70a8fd0000-7f70a8fd1000 r-xp 00046000 fc:04 1573048                    /usr/lib/x86_64-linux-gnu/libswscale.so.2.1.0
7f70a8fd1000-7f70a8fd2000 rwxp 00047000 fc:04 1573048                    /usr/lib/x86_64-linux-gnu/libswscale.so.2.1.0
7f70a8fd2000-7f70a8fec000 r-xp 00000000 fc:04 1573537                    /usr/lib/x86_64-linux-gnu/libavutil.so.51.22.1
7f70a8fec000-7f70a91eb000 ---p 0001a000 fc:04 1573537                    /usr/lib/x86_64-linux-gnu/libavutil.so.51.22.1
7f70a91eb000-7f70a91ed000 r-xp 00019000 fc:04 1573537                    /usr/lib/x86_64-linux-gnu/libavutil.so.51.22.1
7f70a91ed000-7f70a91ee000 rwxp 0001b000 fc:04 1573537                    /usr/lib/x86_64-linux-gnu/libavutil.so.51.22.1
7f70a91ee000-7f70a91f2000 rwxp 00000000 00:00 0 
7f70a91f2000-7f70a92e7000 r-xp 00000000 fc:04 1581068                    /usr/lib/x86_64-linux-gnu/libavformat.so.53.21.1
7f70a92e7000-7f70a94e6000 ---p 000f5000 fc:04 1581068                    /usr/lib/x86_64-linux-gnu/libavformat.so.53.21.1
7f70a94e6000-7f70a94ed000 r-xp 000f4000 fc:04 1581068                    /usr/lib/x86_64-linux-gnu/libavformat.so.53.21.1
7f70a94ed000-7f70a94fa000 rwxp 000fb000 fc:04 1581068                    /usr/lib/x86_64-linux-gnu/libavformat.so.53.21.1
7f70a94fa000-7f70a9bdb000 r-xp 00000000 fc:04 1578558                    /usr/lib/x86_64-linux-gnu/libavcodec.so.53.35.0
7f70a9bdb000-7f70a9dda000 ---p 006e1000 fc:04 1578558                    /usr/lib/x86_64-linux-gnu/libavcodec.so.53.35.0
7f70a9dda000-7f70a9dec000 r-xp 006e0000 fc:04 1578558                    /usr/lib/x86_64-linux-gnu/libavcodec.so.53.35.0
7f70a9dec000-7f70a9e03000 rwxp 006f2000 fc:04 1578558                    /usr/lib/x86_64-linux-gnu/libavcodec.so.53.35.0
7f70a9e03000-7f70aa373000 rwxp 00000000 00:00 0 
7f70aa373000-7f70aa394000 r-xp 00000000 fc:04 1578179                    /usr/lib/x86_64-linux-gnu/libgstpbutils-0.10.so.0.25.0
7f70aa394000-7f70aa594000 ---p 00021000 fc:04 1578179                    /usr/lib/x86_64-linux-gnu/libgstpbutils-0.10.so.0.25.0
7f70aa594000-7f70aa596000 r-xp 00021000 fc:04 1578179                    /usr/lib/x86_64-linux-gnu/libgstpbutils-0.10.so.0.25.0
7f70aa596000-7f70aa597000 rwxp 00023000 fc:04 1578179                    /usr/lib/x86_64-linux-gnu/libgstpbutils-0.10.so.0.25.0
7f70aa597000-7f70aa5a2000 r-xp 00000000 fc:04 1578171                    /usr/lib/x86_64-linux-gnu/libgstriff-0.10.so.0.25.0
7f70aa5a2000-7f70aa7a2000 ---p 0000b000 fc:04 1578171                    /usr/lib/x86_64-linux-gnu/libgstriff-0.10.so.0.25.0
7f70aa7a2000-7f70aa7a3000 r-xp 0000b000 fc:04 1578171                    /usr/lib/x86_64-linux-gnu/libgstriff-0.10.so.0.25.0
7f70aa7a3000-7f70aa7a4000 rwxp 0000c000 fc:04 1578171                    /usr/lib/x86_64-linux-gnu/libgstriff-0.10.so.0.25.0
7f70aa7a4000-7f70aa7be000 r-xp 00000000 fc:04 1576684                    /usr/lib/x86_64-linux-gnu/libgstvideo-0.10.so.0.25.0
7f70aa7be000-7f70aa9be000 ---p 0001a000 fc:04 1576684                    /usr/lib/x86_64-linux-gnu/libgstvideo-0.10.so.0.25.0
7f70aa9be000-7f70aa9bf000 r-xp 0001a000 fc:04 1576684                    /usr/lib/x86_64-linux-gnu/libgstvideo-0.10.so.0.25.0
7f70aa9bf000-7f70aa9c0000 rwxp 0001b000 fc:04 1576684                    /usr/lib/x86_64-linux-gnu/libgstvideo-0.10.so.0.25.0
7f70aa9c0000-7f70aaa9e000 r-xp 00000000 fc:04 1581660                    /usr/lib/x86_64-linux-gnu/libgstreamer-0.10.so.0.30.0
7f70aaa9e000-7f70aac9d000 ---p 000de000 fc:04 1581660                    /usr/lib/x86_64-linux-gnu/libgstreamer-0.10.so.0.30.0
7f70aac9d000-7f70aaca2000 r-xp 000dd000 fc:04 1581660                    /usr/lib/x86_64-linux-gnu/libgstreamer-0.10.so.0.30.0
7f70aaca2000-7f70aaca4000 rwxp 000e2000 fc:04 1581660                    /usr/lib/x86_64-linux-gnu/libgstreamer-0.10.so.0.30.0
7f70aaca4000-7f70aaca6000 rwxp 00000000 00:00 0 
7f70aaca6000-7f70aad9f000 r-xp 00000000 fc:04 1835020                    /lib/x86_64-linux-gnu/libglib-2.0.so.0.3600.0
7f70aad9f000-7f70aaf9f000 ---p 000f9000 fc:04 1835020                    /lib/x86_64-linux-gnu/libglib-2.0.so.0.3600.0
7f70aaf9f000-7f70aafa0000 r-xp 000f9000 fc:04 1835020                    /lib/x86_64-linux-gnu/libglib-2.0.so.0.3600.0
7f70aafa0000-7f70aafa1000 rwxp 000fa000 fc:04 1835020                    /lib/x86_64-linux-gnu/libglib-2.0.so.0.3600.0
7f70aafa1000-7f70aafa2000 rwxp 00000000 00:00 0 
7f70aafa2000-7f70aafef000 r-xp 00000000 fc:04 1576348                    /usr/lib/x86_64-linux-gnu/libgobject-2.0.so.0.3600.0
7f70aafef000-7f70ab1ef000 ---p 0004d000 fc:04 1576348                    /usr/lib/x86_64-linux-gnu/libgobject-2.0.so.0.3600.0
7f70ab1ef000-7f70ab1f0000 r-xp 0004d000 fc:04 1576348                    /usr/lib/x86_64-linux-gnu/libgobject-2.0.so.0.3600.0
7f70ab1f0000-7f70ab1f1000 rwxp 0004e000 fc:04 1576348                    /usr/lib/x86_64-linux-gnu/libgobject-2.0.so.0.3600.0
7f70ab1f1000-7f70ab2ef000 r-xp 00000000 fc:04 1578148                    /usr/lib/x86_64-linux-gnu/libcairo.so.2.11200.14
7f70ab2ef000-7f70ab4ef000 ---p 000fe000 fc:04 1578148                    /usr/lib/x86_64-linux-gnu/libcairo.so.2.11200.14
7f70ab4ef000-7f70ab4f2000 r-xp 000fe000 fc:04 1578148                    /usr/lib/x86_64-linux-gnu/libcairo.so.2.11200.14
7f70ab4f2000-7f70ab4f3000 rwxp 00101000 fc:04 1578148                    /usr/lib/x86_64-linux-gnu/libcairo.so.2.11200.14
7f70ab4f3000-7f70ab4f5000 rwxp 00000000 00:00 0 
7f70ab4f5000-7f70ab513000 r-xp 00000000 fc:04 1581019                    /usr/lib/x86_64-linux-gnu/libgdk_pixbuf-2.0.so.0.2800.0
7f70ab513000-7f70ab713000 ---p 0001e000 fc:04 1581019                    /usr/lib/x86_64-linux-gnu/libgdk_pixbuf-2.0.so.0.2800.0
7f70ab713000-7f70ab714000 r-xp 0001e000 fc:04 1581019                    /usr/lib/x86_64-linux-gnu/libgdk_pixbuf-2.0.so.0.2800.0
7f70ab714000-7f70ab715000 rwxp 0001f000 fc:04 1581019                    /usr/lib/x86_64-linux-gnu/libgdk_pixbuf-2.0.so.0.2800.0
7f70ab715000-7f70ab7c2000 r-xp 00000000 fc:04 1582015                    /usr/lib/x86_64-linux-gnu/libgdk-x11-2.0.so.0.2400.17
7f70ab7c2000-7f70ab9c1000 ---p 000ad000 fc:04 1582015                    /usr/lib/x86_64-linux-gnu/libgdk-x11-2.0.so.0.2400.17
7f70ab9c1000-7f70ab9c5000 r-xp 000ac000 fc:04 1582015                    /usr/lib/x86_64-linux-gnu/libgdk-x11-2.0.so.0.2400.17
7f70ab9c5000-7f70ab9c7000 rwxp 000b0000 fc:04 1582015                    /usr/lib/x86_64-linux-gnu/libgdk-x11-2.0.so.0.2400.17
7f70ab9c7000-7f70abdf4000 r-xp 00000000 fc:04 1582533                    /usr/lib/x86_64-linux-gnu/libgtk-x11-2.0.so.0.2400.17
7f70abdf4000-7f70abff3000 ---p 0042d000 fc:04 1582533                    /usr/lib/x86_64-linux-gnu/libgtk-x11-2.0.so.0.2400.17
7f70abff3000-7f70abffa000 r-xp 0042c000 fc:04 1582533                    /usr/lib/x86_64-linux-gnu/libgtk-x11-2.0.so.0.2400.17
7f70abffa000-7f70abffe000 rwxp 00433000 fc:04 1582533                    /usr/lib/x86_64-linux-gnu/libgtk-x11-2.0.so.0.2400.17
7f70abffe000-7f70ac000000 rwxp 00000000 00:00 0 
7f70ac000000-7f70ac021000 rwxp 00000000 00:00 0 
7f70ac021000-7f70b0000000 ---p 00000000 00:00 0 
7f70b0000000-7f70b0021000 rwxp 00000000 00:00 0 
7f70b0021000-7f70b4000000 ---p 00000000 00:00 0 
7f70b4000000-7f70b407b000 rwxp 00000000 00:00 0 
7f70b407b000-7f70b8000000 ---p 00000000 00:00 0 
7f70b8000000-7f70b8021000 rwxp 00000000 00:00 0 
7f70b8021000-7f70bc000000 ---p 00000000 00:00 0 
7f70bc000000-7f70bc02e000 rwxp 00000000 00:00 0 
7f70bc02e000-7f70c0000000 ---p 00000000 00:00 0 
7f70c0000000-7f70c0021000 rwxp 00000000 00:00 0 
7f70c0021000-7f70c4000000 ---p 00000000 00:00 0 
7f70c4000000-7f70c4021000 rwxp 00000000 00:00 0 
7f70c4021000-7f70c8000000 ---p 00000000 00:00 0 
7f70c8000000-7f70c8021000 rwxp 00000000 00:00 0 
7f70c8021000-7f70cc000000 ---p 00000000 00:00 0 
7f70cc00d000-7f70cc018000 r-xp 00000000 fc:04 1578173                    /usr/lib/x86_64-linux-gnu/libgstapp-0.10.so.0.25.0
7f70cc018000-7f70cc217000 ---p 0000b000 fc:04 1578173                    /usr/lib/x86_64-linux-gnu/libgstapp-0.10.so.0.25.0
7f70cc217000-7f70cc218000 r-xp 0000a000 fc:04 1578173                    /usr/lib/x86_64-linux-gnu/libgstapp-0.10.so.0.25.0
7f70cc218000-7f70cc219000 rwxp 0000b000 fc:04 1578173                    /usr/lib/x86_64-linux-gnu/libgstapp-0.10.so.0.25.0
7f70cc219000-7f70cc265000 r-xp 00000000 fc:04 1581010                    /usr/lib/x86_64-linux-gnu/libjasper.so.1.0.0
7f70cc265000-7f70cc464000 ---p 0004c000 fc:04 1581010                    /usr/lib/x86_64-linux-gnu/libjasper.so.1.0.0
7f70cc464000-7f70cc465000 r-xp 0004b000 fc:04 1581010                    /usr/lib/x86_64-linux-gnu/libjasper.so.1.0.0
7f70cc465000-7f70cc469000 rwxp 0004c000 fc:04 1581010                    /usr/lib/x86_64-linux-gnu/libjasper.so.1.0.0
7f70cc469000-7f70cc470000 rwxp 00000000 00:00 0 
7f70cc470000-7f70cc4dd000 r-xp 00000000 fc:04 1573123                    /usr/lib/x86_64-linux-gnu/libtiff.so.5.1.0
7f70cc4dd000-7f70cc6dd000 ---p 0006d000 fc:04 1573123                    /usr/lib/x86_64-linux-gnu/libtiff.so.5.1.0
7f70cc6dd000-7f70cc6de000 r-xp 0006d000 fc:04 1573123                    /usr/lib/x86_64-linux-gnu/libtiff.so.5.1.0
7f70cc6de000-7f70cc6e1000 rwxp 0006e000 fc:04 1573123                    /usr/lib/x86_64-linux-gnu/libtiff.so.5.1.0
7f70cc6e1000-7f70cc706000 r-xp 00000000 fc:04 1835596                    /lib/x86_64-linux-gnu/libpng12.so.0.49.0
7f70cc706000-7f70cc905000 ---p 00025000 fc:04 1835596                    /lib/x86_64-linux-gnu/libpng12.so.0.49.0
7f70cc905000-7f70cc906000 r-xp 00024000 fc:04 1835596                    /lib/x86_64-linux-gnu/libpng12.so.0.49.0
7f70cc906000-7f70cc907000 rwxp 00025000 fc:04 1835596                    /lib/x86_64-linux-gnu/libpng12.so.0.49.0
7f70cc907000-7f70cc946000 r-xp 00000000 fc:04 1574412                    /usr/lib/x86_64-linux-gnu/libjpeg.so.8.0.2
7f70cc946000-7f70ccb46000 ---p 0003f000 fc:04 1574412                    /usr/lib/x86_64-linux-gnu/libjpeg.so.8.0.2
7f70ccb46000-7f70ccb47000 r-xp 0003f000 fc:04 1574412                    /usr/lib/x86_64-linux-gnu/libjpeg.so.8.0.2
7f70ccb47000-7f70ccb48000 rwxp 00040000 fc:04 1574412                    /usr/lib/x86_64-linux-gnu/libjpeg.so.8.0.2
7f70ccb48000-7f70ccb58000 rwxp 00000000 00:00 0 
7f70ccb58000-7f70ccb6e000 r-xp 00000000 fc:04 1838992                    /lib/x86_64-linux-gnu/libz.so.1.2.7
7f70ccb6e000-7f70ccd6d000 ---p 00016000 fc:04 1838992                    /lib/x86_64-linux-gnu/libz.so.1.2.7
7f70ccd6d000-7f70ccd6e000 r-xp 00015000 fc:04 1838992                    /lib/x86_64-linux-gnu/libz.so.1.2.7
7f70ccd6e000-7f70ccd6f000 rwxp 00016000 fc:04 1838992                    /lib/x86_64-linux-gnu/libz.so.1.2.7
7f70ccd6f000-7f70ccd83000 r-xp 00000000 fc:04 1839664                    /lib/x86_64-linux-gnu/libgcc_s.so.1
7f70ccd83000-7f70ccf83000 ---p 00014000 fc:04 1839664                    /lib/x86_64-linux-gnu/libgcc_s.so.1
7f70ccf83000-7f70ccf84000 r-xp 00014000 fc:04 1839664                    /lib/x86_64-linux-gnu/libgcc_s.so.1
7f70ccf84000-7f70ccf85000 rwxp 00015000 fc:04 1839664                    /lib/x86_64-linux-gnu/libgcc_s.so.1
7f70ccf85000-7f70cd06a000 r-xp 00000000 fc:04 1573654                    /usr/lib/x86_64-linux-gnu/libstdc++.so.6.0.17
7f70cd06a000-7f70cd269000 ---p 000e5000 fc:04 1573654                    /usr/lib/x86_64-linux-gnu/libstdc++.so.6.0.17
7f70cd269000-7f70cd271000 r-xp 000e4000 fc:04 1573654                    /usr/lib/x86_64-linux-gnu/libstdc++.so.6.0.17
7f70cd271000-7f70cd273000 rwxp 000ec000 fc:04 1573654                    /usr/lib/x86_64-linux-gnu/libstdc++.so.6.0.17
7f70cd273000-7f70cd288000 rwxp 00000000 00:00 0 
7f70cd288000-7f70cd314000 r-xp 00000000 fc:04 1718950                    /usr/local/lib/libopencv_photo.so.3.0.0
7f70cd314000-7f70cd513000 ---p 0008c000 fc:04 1718950                    /usr/local/lib/libopencv_photo.so.3.0.0
7f70cd513000-7f70cd515000 r-xp 0008b000 fc:04 1718950                    /usr/local/lib/libopencv_photo.so.3.0.0
7f70cd515000-7f70cd516000 rwxp 0008d000 fc:04 1718950                    /usr/local/lib/libopencv_photo.so.3.0.0
7f70cd516000-7f70cd5d3000 r-xp 00000000 fc:04 1715147                    /usr/local/lib/libopencv_contrib.so.3.0.0
7f70cd5d3000-7f70cd7d3000 ---p 000bd000 fc:04 1715147                    /usr/local/lib/libopencv_contrib.so.3.0.0
7f70cd7d3000-7f70cd7d5000 r-xp 000bd000 fc:04 1715147                    /usr/local/lib/libopencv_contrib.so.3.0.0
7f70cd7d5000-7f70cd7d7000 rwxp 000bf000 fc:04 1715147                    /usr/local/lib/libopencv_contrib.so.3.0.0
7f70cd7d7000-7f70cd855000 r-xp 00000000 fc:04 1715144                    /usr/local/lib/libopencv_video.so.3.0.0
7f70cd855000-7f70cda54000 ---p 0007e000 fc:04 1715144                    /usr/local/lib/libopencv_video.so.3.0.0
7f70cda54000-7f70cda56000 r-xp 0007d000 fc:04 1715144                    /usr/local/lib/libopencv_video.so.3.0.0
7f70cda56000-7f70cda57000 rwxp 0007f000 fc:04 1715144                    /usr/local/lib/libopencv_video.so.3.0.0
7f70cda57000-7f70cdb12000 r-xp 00000000 fc:04 1715141                    /usr/local/lib/libopencv_objdetect.so.3.0.0
7f70cdb12000-7f70cdd12000 ---p 000bb000 fc:04 1715141                    /usr/local/lib/libopencv_objdetect.so.3.0.0
7f70cdd12000-7f70cdd14000 r-xp 000bb000 fc:04 1715141                    /usr/local/lib/libopencv_objdetect.so.3.0.0
7f70cdd14000-7f70cdd16000 rwxp 000bd000 fc:04 1715141                    /usr/local/lib/libopencv_objdetect.so.3.0.0
7f70cdd16000-7f70cddd9000 rwxp 00000000 00:00 0 
7f70cddd9000-7f70cde05000 r-xp 00000000 fc:04 1715138                    /usr/local/lib/libopencv_nonfree.so.3.0.0
7f70cde05000-7f70ce004000 ---p 0002c000 fc:04 1715138                    /usr/local/lib/libopencv_nonfree.so.3.0.0
7f70ce004000-7f70ce006000 r-xp 0002b000 fc:04 1715138                    /usr/local/lib/libopencv_nonfree.so.3.0.0
7f70ce006000-7f70ce007000 rwxp 0002d000 fc:04 1715138                    /usr/local/lib/libopencv_nonfree.so.3.0.0
7f70ce007000-7f70ce082000 r-xp 00000000 fc:04 1715135                    /usr/local/lib/libopencv_ml.so.3.0.0
7f70ce082000-7f70ce281000 ---p 0007b000 fc:04 1715135                    /usr/local/lib/libopencv_ml.so.3.0.0
7f70ce281000-7f70ce283000 r-xp 0007a000 fc:04 1715135                    /usr/local/lib/libopencv_ml.so.3.0.0
7f70ce283000-7f70ce285000 rwxp 0007c000 fc:04 1715135                    /usr/local/lib/libopencv_ml.so.3.0.0
7f70ce285000-7f70ce372000 r-xp 00000000 fc:04 1714475                    /usr/local/lib/libopencv_calib3d.so.3.0.0
7f70ce372000-7f70ce572000 ---p 000ed000 fc:04 1714475                    /usr/local/lib/libopencv_calib3d.so.3.0.0
7f70ce572000-7f70ce574000 r-xp 000ed000 fc:04 1714475                    /usr/local/lib/libopencv_calib3d.so.3.0.0
7f70ce574000-7f70ce575000 rwxp 000ef000 fc:04 1714475                    /usr/local/lib/libopencv_calib3d.so.3.0.0
7f70ce575000-7f70ce62c000 r-xp 00000000 fc:04 1714377                    /usr/local/lib/libopencv_features2d.so.3.0.0
7f70ce62c000-7f70ce82c000 ---p 000b7000 fc:04 1714377                    /usr/local/lib/libopencv_features2d.so.3.0.0
7f70ce82c000-7f70ce830000 r-xp 000b7000 fc:04 1714377                    /usr/local/lib/libopencv_features2d.so.3.0.0
7f70ce830000-7f70ce832000 rwxp 000bb000 fc:04 1714377                    /usr/local/lib/libopencv_features2d.so.3.0.0
7f70ce832000-7f70ce833000 rwxp 00000000 00:00 0 
7f70ce833000-7f70ce9b5000 r-xp 00000000 fc:04 1714366                    /usr/local/lib/libopencv_highgui.so.3.0.0
7f70ce9b5000-7f70cebb5000 ---p 00182000 fc:04 1714366                    /usr/local/lib/libopencv_highgui.so.3.0.0
7f70cebb5000-7f70cebbc000 r-xp 00182000 fc:04 1714366                    /usr/local/lib/libopencv_highgui.so.3.0.0
7f70cebbc000-7f70cebbe000 rwxp 00189000 fc:04 1714366                    /usr/local/lib/libopencv_highgui.so.3.0.0
7f70cebbe000-7f70cebc2000 rwxp 00000000 00:00 0 
7f70cebc2000-7f70cee28000 r-xp 00000000 fc:04 1714361                    /usr/local/lib/libopencv_imgproc.so.3.0.0
7f70cee28000-7f70cf028000 ---p 00266000 fc:04 1714361                    /usr/local/lib/libopencv_imgproc.so.3.0.0
7f70cf028000-7f70cf032000 r-xp 00266000 fc:04 1714361                    /usr/local/lib/libopencv_imgproc.so.3.0.0
7f70cf032000-7f70cf033000 rwxp 00270000 fc:04 1714361                    /usr/local/lib/libopencv_imgproc.so.3.0.0
7f70cf033000-7f70cf0ca000 rwxp 00000000 00:00 0 
7f70cf0ca000-7f70cf339000 r-xp 00000000 fc:04 1713938                    /usr/local/lib/libopencv_core.so.3.0.0
7f70cf339000-7f70cf539000 ---p 0026f000 fc:04 1713938                    /usr/local/lib/libopencv_core.so.3.0.0
7f70cf539000-7f70cf53e000 r-xp 0026f000 fc:04 1713938                    /usr/local/lib/libopencv_core.so.3.0.0
7f70cf53e000-7f70cf547000 rwxp 00274000 fc:04 1713938                    /usr/local/lib/libopencv_core.so.3.0.0
7f70cf547000-7f70cf54a000 rwxp 00000000 00:00 0 
7f70cf54a000-7f70cf5f2000 r-xp 00000000 fc:04 1914200                    /usr/local/share/OpenCV/java/libopencv_java300.so
7f70cf5f2000-7f70cf7f2000 ---p 000a8000 fc:04 1914200                    /usr/local/share/OpenCV/java/libopencv_java300.so
7f70cf7f2000-7f70cf7f3000 r-xp 000a8000 fc:04 1914200                    /usr/local/share/OpenCV/java/libopencv_java300.so
7f70cf7f3000-7f70cf7f5000 rwxp 000a9000 fc:04 1914200                    /usr/local/share/OpenCV/java/libopencv_java300.so
7f70cf7f5000-7f70cf7f6000 ---p 00000000 00:00 0 
7f70cf7f6000-7f70cf8f6000 rwxp 00000000 00:00 0                          [stack:7211]
7f70cf8f6000-7f70cf8f9000 ---p 00000000 00:00 0 
7f70cf8f9000-7f70cf9f7000 rwxp 00000000 00:00 0                          [stack:7210]
7f70cf9f7000-7f70cf9fa000 ---p 00000000 00:00 0 
7f70cf9fa000-7f70cfaf8000 rwxp 00000000 00:00 0                          [stack:7209]
7f70cfaf8000-7f70cfafb000 ---p 00000000 00:00 0 
7f70cfafb000-7f70cfbf9000 rwxp 00000000 00:00 0                          [stack:7208]
7f70cfbf9000-7f70cfbfc000 ---p 00000000 00:00 0 
7f70cfbfc000-7f70cfcfa000 rwxp 00000000 00:00 0                          [stack:7207]
7f70cfcfa000-7f70cfcfd000 ---p 00000000 00:00 0 
7f70cfcfd000-7f70cfdfb000 rwxp 00000000 00:00 0                          [stack:7205]
7f70cfdfb000-7f70cfdfe000 ---p 00000000 00:00 0 
7f70cfdfe000-7f70cfefc000 rwxp 00000000 00:00 0                          [stack:7203]
7f70cfefc000-7f70cfeff000 r-xp 00000000 fc:04 819081                     /usr/lib/jvm/java-6-sun-1.6.0_41/jre/lib/amd64/libdt_socket.so
7f70cfeff000-7f70cfffe000 ---p 00003000 fc:04 819081                     /usr/lib/jvm/java-6-sun-1.6.0_41/jre/lib/amd64/libdt_socket.so
7f70cfffe000-7f70d0000000 rwxp 00002000 fc:04 819081                     /usr/lib/jvm/java-6-sun-1.6.0_41/jre/lib/amd64/libdt_socket.so
7f70d0000000-7f70d0021000 rwxp 00000000 00:00 0 
7f70d0021000-7f70d4000000 ---p 00000000 00:00 0 
7f70d4000000-7f70d4021000 rwxp 00000000 00:00 0 
7f70d4021000-7f70d8000000 ---p 00000000 00:00 0 
7f70d8000000-7f70d8021000 rwxp 00000000 00:00 0 
7f70d8021000-7f70dc000000 ---p 00000000 00:00 0 
7f70dc000000-7f70dc021000 rwxp 00000000 00:00 0 
7f70dc021000-7f70e0000000 ---p 00000000 00:00 0 
7f70e0000000-7f70e0021000 rwxp 00000000 00:00 0 
7f70e0021000-7f70e4000000 ---p 00000000 00:00 0 
7f70e4000000-7f70e4021000 rwxp 00000000 00:00 0 
7f70e4021000-7f70e8000000 ---p 00000000 00:00 0 
7f70e8000000-7f70e8021000 rwxp 00000000 00:00 0 
7f70e8021000-7f70ec000000 ---p 00000000 00:00 0 
7f70ec0bf000-7f70ec0c4000 r-xs 00071000 fc:04 1914199                    /usr/local/share/OpenCV/java/opencv-300.jar
7f70ec0c4000-7f70ec0d6000 r-xs 001b2000 fc:04 819227                     /usr/lib/jvm/java-6-sun-1.6.0_41/jre/lib/plugin.jar
7f70ec0d6000-7f70ec0d9000 ---p 00000000 00:00 0 
7f70ec0d9000-7f70ec1d7000 rwxp 00000000 00:00 0                          [stack:7202]
7f70ec1d7000-7f70ec1da000 ---p 00000000 00:00 0 
7f70ec1da000-7f70ec2d8000 rwxp 00000000 00:00 0                          [stack:7201]
7f70ec2d8000-7f70ec2db000 ---p 00000000 00:00 0 
7f70ec2db000-7f70ec3d9000 rwxp 00000000 00:00 0                          [stack:7200]
7f70ec3d9000-7f70ec3da000 ---p 00000000 00:00 0 
7f70ec3da000-7f70eca13000 rwxp 00000000 00:00 0                          [stack:7199]
7f70eca13000-7f70ecbab000 r-xs 03082000 fc:04 819533                     /usr/lib/jvm/java-6-sun-1.6.0_41/jre/lib/rt.jar
7f70ecbab000-7f70ecbd3000 rwxp 00000000 00:00 0 
7f70ecbd3000-7f70ecbd4000 ---p 00000000 00:00 0 
7f70ecbd4000-7f70eccd4000 rwxp 00000000 00:00 0                          [stack:7198]
7f70eccd4000-7f70eccd5000 ---p 00000000 00:00 0 
7f70eccd5000-7f70ecdd5000 rwxp 00000000 00:00 0                          [stack:7197]
7f70ecdd5000-7f70ecdd6000 ---p 00000000 00:00 0 
7f70ecdd6000-7f70eced6000 rwxp 00000000 00:00 0                          [stack:7196]
7f70eced6000-7f70eced7000 ---p 00000000 00:00 0 
7f70eced7000-7f70ecfe2000 rwxp 00000000 00:00 0                          [stack:7195]
7f70ecfe2000-7f70ed000000 rwxp 00000000 00:00 0 
7f70ed000000-7f70ed270000 rwxp 00000000 00:00 0 
7f70ed270000-7f70f3954000 rwxp 00000000 00:00 0 
7f70f3954000-7f70f4000000 ---p 00000000 00:00 0 
7f70f4000000-7f70f400f000 r-xs 00667000 fc:04 819216                     /usr/lib/jvm/java-6-sun-1.6.0_41/jre/lib/charsets.jar
7f70f400f000-7f70f4020000 r-xs 00350000 fc:04 819040                     /usr/lib/jvm/java-6-sun-1.6.0_41/jre/lib/deploy.jar
7f70f4020000-7f70f4049000 rwxp 00000000 00:00 0 
7f70f4049000-7f70f42aa000 rwxp 00000000 00:00 0 
7f70f42aa000-7f70f42b5000 rwxp 00000000 00:00 0 
7f70f42b5000-7f70f42d3000 rwxp 00000000 00:00 0 
7f70f42d3000-7f70f42fc000 rwxp 00000000 00:00 0 
7f70f42fc000-7f70f455c000 rwxp 00000000 00:00 0 
7f70f455c000-7f70f4571000 rwxp 00000000 00:00 0 
7f70f4571000-7f70f46a1000 rwxp 00000000 00:00 0 
7f70f46a1000-7f70f46a2000 rwxp 00000000 00:00 0 
7f70f46a2000-7f70f46b0000 r-xp 00000000 fc:04 819063                     /usr/lib/jvm/java-6-sun-1.6.0_41/jre/lib/amd64/libzip.so
7f70f46b0000-7f70f47b2000 ---p 0000e000 fc:04 819063                     /usr/lib/jvm/java-6-sun-1.6.0_41/jre/lib/amd64/libzip.so
7f70f47b2000-7f70f47b5000 rwxp 00010000 fc:04 819063                     /usr/lib/jvm/java-6-sun-1.6.0_41/jre/lib/amd64/libzip.so
7f70f47b5000-7f70f47b6000 rwxp 00000000 00:00 0 
7f70f47b6000-7f70f47c2000 r-xp 00000000 fc:04 1836505                    /lib/x86_64-linux-gnu/libnss_files-2.17.so
7f70f47c2000-7f70f49c1000 ---p 0000c000 fc:04 1836505                    /lib/x86_64-linux-gnu/libnss_files-2.17.so
7f70f49c1000-7f70f49c2000 r-xp 0000b000 fc:04 1836505                    /lib/x86_64-linux-gnu/libnss_files-2.17.so
7f70f49c2000-7f70f49c3000 rwxp 0000c000 fc:04 1836505                    /lib/x86_64-linux-gnu/libnss_files-2.17.so
7f70f49c3000-7f70f49ce000 r-xp 00000000 fc:04 1836519                    /lib/x86_64-linux-gnu/libnss_nis-2.17.so
7f70f49ce000-7f70f4bcd000 ---p 0000b000 fc:04 1836519                    /lib/x86_64-linux-gnu/libnss_nis-2.17.so
7f70f4bcd000-7f70f4bce000 r-xp 0000a000 fc:04 1836519                    /lib/x86_64-linux-gnu/libnss_nis-2.17.so
7f70f4bce000-7f70f4bcf000 rwxp 0000b000 fc:04 1836519                    /lib/x86_64-linux-gnu/libnss_nis-2.17.so
7f70f4bcf000-7f70f4bd7000 r-xp 00000000 fc:04 1836523                    /lib/x86_64-linux-gnu/libnss_compat-2.17.so
7f70f4bd7000-7f70f4dd6000 ---p 00008000 fc:04 1836523                    /lib/x86_64-linux-gnu/libnss_compat-2.17.so
7f70f4dd6000-7f70f4dd7000 r-xp 00007000 fc:04 1836523                    /lib/x86_64-linux-gnu/libnss_compat-2.17.so
7f70f4dd7000-7f70f4dd8000 rwxp 00008000 fc:04 1836523                    /lib/x86_64-linux-gnu/libnss_compat-2.17.so
7f70f4dd8000-7f70f5481000 r-xp 00000000 fc:04 1580395                    /usr/lib/locale/locale-archive
7f70f5481000-7f70f5484000 r-xp 00000000 fc:04 819047                     /usr/lib/jvm/java-6-sun-1.6.0_41/jre/lib/amd64/libnpt.so
7f70f5484000-7f70f5583000 ---p 00003000 fc:04 819047                     /usr/lib/jvm/java-6-sun-1.6.0_41/jre/lib/amd64/libnpt.so
7f70f5583000-7f70f5584000 rwxp 00002000 fc:04 819047                     /usr/lib/jvm/java-6-sun-1.6.0_41/jre/lib/amd64/libnpt.so
7f70f5584000-7f70f55ba000 r-xp 00000000 fc:04 819077                     /usr/lib/jvm/java-6-sun-1.6.0_41/jre/lib/amd64/libjdwp.so
7f70f55ba000-7f70f56b9000 ---p 00036000 fc:04 819077                     /usr/lib/jvm/java-6-sun-1.6.0_41/jre/lib/amd64/libjdwp.so
7f70f56b9000-7f70f56c3000 rwxp 00035000 fc:04 819077                     /usr/lib/jvm/java-6-sun-1.6.0_41/jre/lib/amd64/libjdwp.so
7f70f56c3000-7f70f56da000 r-xp 00000000 fc:04 1835306                    /lib/x86_64-linux-gnu/libnsl-2.17.so
7f70f56da000-7f70f58d9000 ---p 00017000 fc:04 1835306                    /lib/x86_64-linux-gnu/libnsl-2.17.so
7f70f58d9000-7f70f58da000 r-xp 00016000 fc:04 1835306                    /lib/x86_64-linux-gnu/libnsl-2.17.so
7f70f58da000-7f70f58db000 rwxp 00017000 fc:04 1835306                    /lib/x86_64-linux-gnu/libnsl-2.17.so
7f70f58db000-7f70f58dd000 rwxp 00000000 00:00 0 
7f70f58dd000-7f70f5906000 r-xp 00000000 fc:04 819073                     /usr/lib/jvm/java-6-sun-1.6.0_41/jre/lib/amd64/libjava.so
7f70f5906000-7f70f5a05000 ---p 00029000 fc:04 819073                     /usr/lib/jvm/java-6-sun-1.6.0_41/jre/lib/amd64/libjava.so
7f70f5a05000-7f70f5a0c000 rwxp 00028000 fc:04 819073                     /usr/lib/jvm/java-6-sun-1.6.0_41/jre/lib/amd64/libjava.so
7f70f5a0c000-7f70f5a19000 r-xp 00000000 fc:04 819052                     /usr/lib/jvm/java-6-sun-1.6.0_41/jre/lib/amd64/libverify.so
7f70f5a19000-7f70f5b18000 ---p 0000d000 fc:04 819052                     /usr/lib/jvm/java-6-sun-1.6.0_41/jre/lib/amd64/libverify.so
7f70f5b18000-7f70f5b1b000 rwxp 0000c000 fc:04 819052                     /usr/lib/jvm/java-6-sun-1.6.0_41/jre/lib/amd64/libverify.so
7f70f5b1b000-7f70f5b22000 r-xp 00000000 fc:04 1836511                    /lib/x86_64-linux-gnu/librt-2.17.so
7f70f5b22000-7f70f5d21000 ---p 00007000 fc:04 1836511                    /lib/x86_64-linux-gnu/librt-2.17.so
7f70f5d21000-7f70f5d22000 r-xp 00006000 fc:04 1836511                    /lib/x86_64-linux-gnu/librt-2.17.so
7f70f5d22000-7f70f5d23000 rwxp 00007000 fc:04 1836511                    /lib/x86_64-linux-gnu/librt-2.17.so
7f70f5d23000-7f70f5d26000 ---p 00000000 00:00 0 
7f70f5d26000-7f70f5e24000 rwxp 00000000 00:00 0                          [stack:7194]
7f70f5e24000-7f70f5f27000 r-xp 00000000 fc:04 1836521                    /lib/x86_64-linux-gnu/libm-2.17.so
7f70f5f27000-7f70f6127000 ---p 00103000 fc:04 1836521                    /lib/x86_64-linux-gnu/libm-2.17.so
7f70f6127000-7f70f6128000 r-xp 00103000 fc:04 1836521                    /lib/x86_64-linux-gnu/libm-2.17.so
7f70f6128000-7f70f6129000 rwxp 00104000 fc:04 1836521                    /lib/x86_64-linux-gnu/libm-2.17.so
7f70f6129000-7f70f6a47000 r-xp 00000000 fc:04 921239                     /usr/lib/jvm/java-6-sun-1.6.0_41/jre/lib/amd64/server/libjvm.so
7f70f6a47000-7f70f6b49000 ---p 0091e000 fc:04 921239                     /usr/lib/jvm/java-6-sun-1.6.0_41/jre/lib/amd64/server/libjvm.so
7f70f6b49000-7f70f6cff000 rwxp 00920000 fc:04 921239                     /usr/lib/jvm/java-6-sun-1.6.0_41/jre/lib/amd64/server/libjvm.so
7f70f6cff000-7f70f6d39000 rwxp 00000000 00:00 0 
7f70f6d39000-7f70f6ef8000 r-xp 00000000 fc:04 1836527                    /lib/x86_64-linux-gnu/libc-2.17.so
7f70f6ef8000-7f70f70f7000 ---p 001bf000 fc:04 1836527                    /lib/x86_64-linux-gnu/libc-2.17.so
7f70f70f7000-7f70f70fb000 r-xp 001be000 fc:04 1836527                    /lib/x86_64-linux-gnu/libc-2.17.so
7f70f70fb000-7f70f70fd000 rwxp 001c2000 fc:04 1836527                    /lib/x86_64-linux-gnu/libc-2.17.so
7f70f70fd000-7f70f7102000 rwxp 00000000 00:00 0 
7f70f7102000-7f70f7105000 r-xp 00000000 fc:04 1836503                    /lib/x86_64-linux-gnu/libdl-2.17.so
7f70f7105000-7f70f7304000 ---p 00003000 fc:04 1836503                    /lib/x86_64-linux-gnu/libdl-2.17.so
7f70f7304000-7f70f7305000 r-xp 00002000 fc:04 1836503                    /lib/x86_64-linux-gnu/libdl-2.17.so
7f70f7305000-7f70f7306000 rwxp 00003000 fc:04 1836503                    /lib/x86_64-linux-gnu/libdl-2.17.so
7f70f7306000-7f70f731e000 r-xp 00000000 fc:04 1836497                    /lib/x86_64-linux-gnu/libpthread-2.17.so
7f70f731e000-7f70f751d000 ---p 00018000 fc:04 1836497                    /lib/x86_64-linux-gnu/libpthread-2.17.so
7f70f751d000-7f70f751e000 r-xp 00017000 fc:04 1836497                    /lib/x86_64-linux-gnu/libpthread-2.17.so
7f70f751e000-7f70f751f000 rwxp 00018000 fc:04 1836497                    /lib/x86_64-linux-gnu/libpthread-2.17.so
7f70f751f000-7f70f7523000 rwxp 00000000 00:00 0 
7f70f7523000-7f70f7546000 r-xp 00000000 fc:04 1835291                    /lib/x86_64-linux-gnu/ld-2.17.so
7f70f754a000-7f70f7554000 rwxp 00000000 00:00 0 
7f70f7554000-7f70f760a000 rwxp 00000000 00:00 0 
7f70f760a000-7f70f760d000 rwxp 00000000 00:00 0 
7f70f760d000-7f70f7614000 r-xp 00000000 fc:04 921231                     /usr/lib/jvm/java-6-sun-1.6.0_41/jre/lib/amd64/jli/libjli.so
7f70f7614000-7f70f7715000 ---p 00007000 fc:04 921231                     /usr/lib/jvm/java-6-sun-1.6.0_41/jre/lib/amd64/jli/libjli.so
7f70f7715000-7f70f7717000 rwxp 00008000 fc:04 921231                     /usr/lib/jvm/java-6-sun-1.6.0_41/jre/lib/amd64/jli/libjli.so
7f70f7717000-7f70f7718000 rwxp 00000000 00:00 0 
7f70f7718000-7f70f771a000 r-xs 00009000 fc:04 819321                     /usr/lib/jvm/java-6-sun-1.6.0_41/jre/lib/alt-string.jar
7f70f771a000-7f70f771d000 r-xs 00013000 fc:04 819511                     /usr/lib/jvm/java-6-sun-1.6.0_41/jre/lib/jce.jar
7f70f771d000-7f70f7720000 r-xs 0001c000 fc:04 819475                     /usr/lib/jvm/java-6-sun-1.6.0_41/jre/lib/alt-rt.jar
7f70f7720000-7f70f7729000 r-xs 000d8000 fc:04 819032                     /usr/lib/jvm/java-6-sun-1.6.0_41/jre/lib/javaws.jar
7f70f7729000-7f70f7730000 r-xs 00096000 fc:04 819097                     /usr/lib/jvm/java-6-sun-1.6.0_41/jre/lib/jsse.jar
7f70f7730000-7f70f7731000 r-xs 00000000 fc:04 819479                     /usr/lib/jvm/java-6-sun-1.6.0_41/jre/lib/management-agent.jar
7f70f7731000-7f70f7739000 r-xs 00115000 fc:04 819228                     /usr/lib/jvm/java-6-sun-1.6.0_41/jre/lib/resources.jar
7f70f7739000-7f70f7741000 rwxs 00000000 fc:04 1189787                    /tmp/hsperfdata_jtomas/7193
7f70f7741000-7f70f7742000 rwxp 00000000 00:00 0 
7f70f7742000-7f70f7743000 r-xp 00000000 00:00 0 
7f70f7743000-7f70f7745000 rwxp 00000000 00:00 0 
7f70f7745000-7f70f7746000 r-xp 00022000 fc:04 1835291                    /lib/x86_64-linux-gnu/ld-2.17.so
7f70f7746000-7f70f7748000 rwxp 00023000 fc:04 1835291                    /lib/x86_64-linux-gnu/ld-2.17.so
7fff6bba2000-7fff6bbc3000 rwxp 00000000 00:00 0                          [stack]
7fff6bbfe000-7fff6bc00000 r-xp 00000000 00:00 0                          [vdso]
ffffffffff600000-ffffffffff601000 r-xp 00000000 00:00 0                  [vsyscall]

VM Arguments:
jvm_args: -agentlib:jdwp=transport=dt_socket,address=127.0.0.1:37555,suspend=y,server=n -Djava.library.path=/usr/local/share/OpenCV/java/ -Dfile.encoding=UTF-8 
java_command: com.marfeel.facedetection.FaceDetector
Launcher Type: SUN_STANDARD

Environment Variables:
JAVA_HOME=/usr/lib/jvm/java-1.6.0-openjdk-amd64
CLASSPATH=/opt/idea-IU-12/bin/../lib/bootstrap.jar:/opt/idea-IU-12/bin/../lib/extensions.jar:/opt/idea-IU-12/bin/../lib/util.jar:/opt/idea-IU-12/bin/../lib/jdom.jar:/opt/idea-IU-12/bin/../lib/log4j.jar:/opt/idea-IU-12/bin/../lib/trove4j.jar:/opt/idea-IU-12/bin/../lib/jna.jar:/usr/lib/jvm/java-6-sun/lib/tools.jar
PATH=/usr/lib/lightdm/lightdm:/usr/local/sbin:/usr/local/bin:/usr/sbin:/usr/bin:/sbin:/bin:/usr/games:/usr/local/games
LD_LIBRARY_PATH=/usr/lib/jvm/java-6-sun-1.6.0_41/jre/lib/amd64/server:/usr/lib/jvm/java-6-sun-1.6.0_41/jre/lib/amd64:/usr/lib/jvm/java-6-sun-1.6.0_41/jre/../lib/amd64:/opt/idea-IU-12/bin:
SHELL=/bin/bash
DISPLAY=:0

Signal Handlers:
SIGSEGV: [libjvm.so+0x862a30], sa_mask[0]=0x7ffbfeff, sa_flags=0x10000004
SIGBUS: [libjvm.so+0x862a30], sa_mask[0]=0x7ffbfeff, sa_flags=0x10000004
SIGFPE: [libjvm.so+0x7106f0], sa_mask[0]=0x7ffbfeff, sa_flags=0x10000004
SIGPIPE: [libjvm.so+0x7106f0], sa_mask[0]=0x7ffbfeff, sa_flags=0x10000004
SIGXFSZ: [libjvm.so+0x7106f0], sa_mask[0]=0x7ffbfeff, sa_flags=0x10000004
SIGILL: [libjvm.so+0x7106f0], sa_mask[0]=0x7ffbfeff, sa_flags=0x10000004
SIGUSR1: SIG_DFL, sa_mask[0]=0x00000000, sa_flags=0x00000000
SIGUSR2: [libjvm.so+0x713520], sa_mask[0]=0x00000004, sa_flags=0x10000004
SIGHUP: [libjvm.so+0x713120], sa_mask[0]=0x7ffbfeff, sa_flags=0x10000004
SIGINT: [libjvm.so+0x713120], sa_mask[0]=0x7ffbfeff, sa_flags=0x10000004
SIGTERM: [libjvm.so+0x713120], sa_mask[0]=0x7ffbfeff, sa_flags=0x10000004
SIGQUIT: [libjvm.so+0x713120], sa_mask[0]=0x7ffbfeff, sa_flags=0x10000004


---------------  S Y S T E M  ---------------

OS:wheezy/sid

uname:Linux 3.8.0-35-generic #50-Ubuntu SMP Tue Dec 3 01:24:59 UTC 2013 x86_64
libc:glibc 2.17 NPTL 2.17 
rlimit: STACK 8192k, CORE 0k, NPROC 62003, NOFILE 4096, AS infinity
load average:1,91 0,93 0,64

/proc/meminfo:
MemTotal:        7971012 kB
MemFree:          340356 kB
Buffers:          528544 kB
Cached:          2957580 kB
SwapCached:            0 kB
Active:          4844760 kB
Inactive:        2271716 kB
Active(anon):    3633936 kB
Inactive(anon):   664760 kB
Active(file):    1210824 kB
Inactive(file):  1606956 kB
Unevictable:        3800 kB
Mlocked:            3800 kB
SwapTotal:             0 kB
SwapFree:              0 kB
Dirty:             20864 kB
Writeback:             0 kB
AnonPages:       3634148 kB
Mapped:           398808 kB
Shmem:            665880 kB
Slab:             379900 kB
SReclaimable:     342284 kB
SUnreclaim:        37616 kB
KernelStack:        6264 kB
PageTables:        44592 kB
NFS_Unstable:          0 kB
Bounce:                0 kB
WritebackTmp:          0 kB
CommitLimit:     3985504 kB
Committed_AS:    8825140 kB
VmallocTotal:   34359738367 kB
VmallocUsed:      359120 kB
VmallocChunk:   34359376472 kB
HardwareCorrupted:     0 kB
AnonHugePages:         0 kB
HugePages_Total:       0
HugePages_Free:        0
HugePages_Rsvd:        0
HugePages_Surp:        0
Hugepagesize:       2048 kB
DirectMap4k:      106876 kB
DirectMap2M:     8075264 kB


CPU:total 4 (2 cores per cpu, 2 threads per core) family 6 model 37 stepping 5, cmov, cx8, fxsr, mmx, sse, sse2, sse3, ssse3, sse4.1, sse4.2, popcnt, ht

/proc/cpuinfo:
processor	: 0
vendor_id	: GenuineIntel
cpu family	: 6
model		: 37
model name	: Intel(R) Core(TM) i7 CPU       M 620  @ 2.67GHz
stepping	: 5
microcode	: 0x2
cpu MHz		: 1199.000
cache size	: 4096 KB
physical id	: 0
siblings	: 4
core id		: 0
cpu cores	: 2
apicid		: 0
initial apicid	: 0
fpu		: yes
fpu_exception	: yes
cpuid level	: 11
wp		: yes
flags		: fpu vme de pse tsc msr pae mce cx8 apic sep mtrr pge mca cmov pat pse36 clflush dts acpi mmx fxsr sse sse2 ss ht tm pbe syscall nx rdtscp lm constant_tsc arch_perfmon pebs bts rep_good nopl xtopology nonstop_tsc aperfmperf pni pclmulqdq dtes64 monitor ds_cpl vmx smx est tm2 ssse3 cx16 xtpr pdcm pcid sse4_1 sse4_2 popcnt aes lahf_lm ida arat dtherm tpr_shadow vnmi flexpriority ept vpid
bogomips	: 5319.57
clflush size	: 64
cache_alignment	: 64
address sizes	: 36 bits physical, 48 bits virtual
power management:

processor	: 1
vendor_id	: GenuineIntel
cpu family	: 6
model		: 37
model name	: Intel(R) Core(TM) i7 CPU       M 620  @ 2.67GHz
stepping	: 5
microcode	: 0x2
cpu MHz		: 2667.000
cache size	: 4096 KB
physical id	: 0
siblings	: 4
core id		: 2
cpu cores	: 2
apicid		: 4
initial apicid	: 4
fpu		: yes
fpu_exception	: yes
cpuid level	: 11
wp		: yes
flags		: fpu vme de pse tsc msr pae mce cx8 apic sep mtrr pge mca cmov pat pse36 clflush dts acpi mmx fxsr sse sse2 ss ht tm pbe syscall nx rdtscp lm constant_tsc arch_perfmon pebs bts rep_good nopl xtopology nonstop_tsc aperfmperf pni pclmulqdq dtes64 monitor ds_cpl vmx smx est tm2 ssse3 cx16 xtpr pdcm pcid sse4_1 sse4_2 popcnt aes lahf_lm ida arat dtherm tpr_shadow vnmi flexpriority ept vpid
bogomips	: 5319.57
clflush size	: 64
cache_alignment	: 64
address sizes	: 36 bits physical, 48 bits virtual
power management:

processor	: 2
vendor_id	: GenuineIntel
cpu family	: 6
model		: 37
model name	: Intel(R) Core(TM) i7 CPU       M 620  @ 2.67GHz
stepping	: 5
microcode	: 0x2
cpu MHz		: 1999.000
cache size	: 4096 KB
physical id	: 0
siblings	: 4
core id		: 0
cpu cores	: 2
apicid		: 1
initial apicid	: 1
fpu		: yes
fpu_exception	: yes
cpuid level	: 11
wp		: yes
flags		: fpu vme de pse tsc msr pae mce cx8 apic sep mtrr pge mca cmov pat pse36 clflush dts acpi mmx fxsr sse sse2 ss ht tm pbe syscall nx rdtscp lm constant_tsc arch_perfmon pebs bts rep_good nopl xtopology nonstop_tsc aperfmperf pni pclmulqdq dtes64 monitor ds_cpl vmx smx est tm2 ssse3 cx16 xtpr pdcm pcid sse4_1 sse4_2 popcnt aes lahf_lm ida arat dtherm tpr_shadow vnmi flexpriority ept vpid
bogomips	: 5319.57
clflush size	: 64
cache_alignment	: 64
address sizes	: 36 bits physical, 48 bits virtual
power management:

processor	: 3
vendor_id	: GenuineIntel
cpu family	: 6
model		: 37
model name	: Intel(R) Core(TM) i7 CPU       M 620  @ 2.67GHz
stepping	: 5
microcode	: 0x2
cpu MHz		: 2667.000
cache size	: 4096 KB
physical id	: 0
siblings	: 4
core id		: 2
cpu cores	: 2
apicid		: 5
initial apicid	: 5
fpu		: yes
fpu_exception	: yes
cpuid level	: 11
wp		: yes
flags		: fpu vme de pse tsc msr pae mce cx8 apic sep mtrr pge mca cmov pat pse36 clflush dts acpi mmx fxsr sse sse2 ss ht tm pbe syscall nx rdtscp lm constant_tsc arch_perfmon pebs bts rep_good nopl xtopology nonstop_tsc aperfmperf pni pclmulqdq dtes64 monitor ds_cpl vmx smx est tm2 ssse3 cx16 xtpr pdcm pcid sse4_1 sse4_2 popcnt aes lahf_lm ida arat dtherm tpr_shadow vnmi flexpriority ept vpid
bogomips	: 5319.57
clflush size	: 64
cache_alignment	: 64
address sizes	: 36 bits physical, 48 bits virtual
power management:



Memory: 4k page, physical 7971012k(340356k free), swap 0k(0k free)

vm_info: Java HotSpot(TM) 64-Bit Server VM (20.14-b01) for linux-amd64 JRE (1.6.0_41-b02), built on Feb  8 2013 02:16:50 by "java_re" with gcc 3.2.2 (SuSE Linux)

time: Fri Apr  4 12:17:59 2014
elapsed time: 16 seconds

