#
# A fatal error has been detected by the Java Runtime Environment:
#
#  SIGSEGV (0xb) at pc=0x00007f87c0cd5949, pid=7290, tid=140221436090112
#
# JRE version: 6.0_41-b02
# Java VM: Java HotSpot(TM) 64-Bit Server VM (20.14-b01 mixed mode linux-amd64 compressed oops)
# Problematic frame:
# C  [libopencv_objdetect.so.3.0+0x41949]  cv::CascadeClassifierInvoker::operator()(cv::Range const&) const+0xe79
#
# If you would like to submit a bug report, please visit:
#   http://java.sun.com/webapps/bugreport/crash.jsp
# The crash happened outside the Java Virtual Machine in native code.
# See problematic frame for where to report the bug.
#

---------------  T H R E A D  ---------------

Current thread (0x00007f87d4008000):  JavaThread "main" [_thread_in_native, id=7291, stack(0x00007f87d8d35000,0x00007f87d8e36000)]

siginfo:si_signo=SIGSEGV: si_errno=0, si_code=1 (SEGV_MAPERR), si_addr=0x00007f88c818781c

Registers:
RAX=0x00007f87d519e6f0, RBX=0x00007f87d41c5758, RCX=0x000000003cbe9365, RDX=0x00007f87d51e2a88
RSP=0x00007f87d8e333a0, RBP=0x00007f87d435a640, RSI=0x00007f87d782e740, RDI=0x00007f87d782e7f0
R8 =0x00007f87d519e030, R9 =0x00007f87d782e710, R10=0x000000000000000e, R11=0x000000003cbea05d
R12=0x000000000000001e, R13=0x00007f87d8e33880, R14=0x00007f87d8e33630, R15=0x0000000000000002
RIP=0x00007f87c0cd5949, EFLAGS=0x0000000000010206, CSGSFS=0x0000000000000033, ERR=0x0000000000000004
  TRAPNO=0x000000000000000e

Top of Stack: (sp=0x00007f87d8e333a0)
0x00007f87d8e333a0:   00007f87d8e33480 0000000000000000
0x00007f87d8e333b0:   00007f87c2778910 000e076e01010000
0x00007f87d8e333c0:   00007f87d8e33480 0000000000000000
0x00007f87d8e333d0:   000e7a40000e671d 000ea086000e8d63
0x00007f87d8e333e0:   000ec6cc000eb3a9 000eed12000ed9ef
0x00007f87d8e333f0:   000f1358000f0035 000f399e000f267b
0x00007f87d8e33400:   000f5fe4000f4cc1 000f862a000f7307
0x00007f87d8e33410:   00007f87d8e337b0 000fd2b600000002
0x00007f87d8e33420:   0000000242ff4000 0000016800000000
0x00007f87d8e33430:   0000000000000000 3f80000000000000
0x00007f87d8e33440:   0000014d00000002 0000000e0000001c
0x00007f87d8e33450:   0000000000000089 0000001c0000000e
0x00007f87d8e33460:   00007f87d8e335c0 41e0000041600000
0x00007f87d8e33470:   0000000000000168 0000000000000001
0x00007f87d8e33480:   bff46b18f3000000 0000002500000000
0x00007f87d8e33490:   0000000000000002 0000000000000000
0x00007f87d8e334a0:   00007f87d435a900 00007f87d435a640
0x00007f87d8e334b0:   0000000000000000 0000000000000000
0x00007f87d8e334c0:   00007f87d8e33488 00007f87d8e334d0
0x00007f87d8e334d0:   0000000000000025 0000000000000001
0x00007f87d8e334e0:   0000000000000000 00007f87d41c5260
0x00007f87d8e334f0:   0000000000000019 000000000000000b
0x00007f87d8e33500:   00007f87d8e33880 00007f87d8e33630
0x00007f87d8e33510:   00007f87d8e33f70 00007f87c0ce3a4b
0x00007f87d8e33520:   00007f87d8e33f70 00007f87d8e33e60
0x00007f87d8e33530:   00007f87d8e33e80 00007f8700000000
0x00007f87d8e33540:   00007f87d8e33690 00007f87d41c5540
0x00007f87d8e33550:   00007f87d4008000 00007f87d8e33800
0x00007f87d8e33560:   00007f87d8e33690 3ff199999999999a
0x00007f87d8e33570:   00007f87d8e33e60 00007f87d8e33e80
0x00007f87d8e33580:   00007f87d8e335d0 0000000000008000
0x00007f87d8e33590:   00007f87411d9881 00007f87d8e33808 

Instructions: (pc=0x00007f87c0cd5949)
0x00007f87c0cd5929:   39 fe 0f 5a c0 f2 0f 58 d0 0f 84 b5 00 00 00 48
0x00007f87c0cd5939:   63 06 48 c1 e0 06 4c 01 c0 4c 63 58 04 48 63 08
0x00007f87c0cd5949:   8b 0c 8a 42 2b 0c 9a 4c 63 58 08 42 2b 0c 9a 4c
0x00007f87c0cd5959:   63 58 0c 42 03 0c 9a 4c 63 58 14 f3 0f 2a c1 48 

Register to memory mapping:

RAX=0x00007f87d519e6f0 is an unknown value
RBX=0x00007f87d41c5758 is an unknown value
RCX=0x000000003cbe9365 is an unknown value
RDX=0x00007f87d51e2a88 is an unknown value
RSP=0x00007f87d8e333a0 is pointing into the stack for thread: 0x00007f87d4008000
RBP=0x00007f87d435a640 is an unknown value
RSI=0x00007f87d782e740 is an unknown value
RDI=0x00007f87d782e7f0 is an unknown value
R8 =0x00007f87d519e030 is an unknown value
R9 =0x00007f87d782e710 is an unknown value
R10=0x000000000000000e is an unknown value
R11=0x000000003cbea05d is an unknown value
R12=0x000000000000001e is an unknown value
R13=0x00007f87d8e33880 is pointing into the stack for thread: 0x00007f87d4008000
R14=0x00007f87d8e33630 is pointing into the stack for thread: 0x00007f87d4008000
R15=0x0000000000000002 is an unknown value


Stack: [0x00007f87d8d35000,0x00007f87d8e36000],  sp=0x00007f87d8e333a0,  free space=1016k
Native frames: (J=compiled Java code, j=interpreted, Vv=VM code, C=native code)
C  [libopencv_objdetect.so.3.0+0x41949]  cv::CascadeClassifierInvoker::operator()(cv::Range const&) const+0xe79

Java frames: (J=compiled Java code, j=interpreted, Vv=VM code)
j  org.opencv.objdetect.CascadeClassifier.detectMultiScale_1(JJJ)V+0
j  org.opencv.objdetect.CascadeClassifier.detectMultiScale(Lorg/opencv/core/Mat;Lorg/opencv/core/MatOfRect;)V+14
j  com.marfeel.facedetection.FaceDetector.applyDetector(Lorg/opencv/objdetect/CascadeClassifier;Lorg/opencv/core/Mat;Ljava/util/ArrayList;)V+11
j  com.marfeel.facedetection.FaceDetector.main([Ljava/lang/String;)V+392
v  ~StubRoutines::call_stub
j  sun.reflect.NativeMethodAccessorImpl.invoke0(Ljava/lang/reflect/Method;Ljava/lang/Object;[Ljava/lang/Object;)Ljava/lang/Object;+0
j  sun.reflect.NativeMethodAccessorImpl.invoke(Ljava/lang/Object;[Ljava/lang/Object;)Ljava/lang/Object;+87
j  sun.reflect.DelegatingMethodAccessorImpl.invoke(Ljava/lang/Object;[Ljava/lang/Object;)Ljava/lang/Object;+6
j  java.lang.reflect.Method.invoke(Ljava/lang/Object;[Ljava/lang/Object;)Ljava/lang/Object;+161
j  com.intellij.rt.execution.application.AppMain.main([Ljava/lang/String;)V+140
v  ~StubRoutines::call_stub

---------------  P R O C E S S  ---------------

Java Threads: ( => current thread )
  0x00007f87d40fb800 JavaThread "Monitor Ctrl-Break" daemon [_thread_in_native, id=7304, stack(0x00007f87c2b49000,0x00007f87c2c4a000)]
  0x00007f87d4092800 JavaThread "Low Memory Detector" daemon [_thread_blocked, id=7302, stack(0x00007f87c2f4d000,0x00007f87c304e000)]
  0x00007f87d4090000 JavaThread "C2 CompilerThread1" daemon [_thread_blocked, id=7301, stack(0x00007f87c304e000,0x00007f87c314f000)]
  0x00007f87d408d000 JavaThread "C2 CompilerThread0" daemon [_thread_blocked, id=7300, stack(0x00007f87c314f000,0x00007f87c3250000)]
  0x00007f87d408b000 JavaThread "Signal Dispatcher" daemon [_thread_blocked, id=7299, stack(0x00007f87c3250000,0x00007f87c3351000)]
  0x00007f87d406e800 JavaThread "Finalizer" daemon [_thread_blocked, id=7298, stack(0x00007f87c39fa000,0x00007f87c3afb000)]
  0x00007f87d406d000 JavaThread "Reference Handler" daemon [_thread_blocked, id=7297, stack(0x00007f87c3afb000,0x00007f87c3bfc000)]
=>0x00007f87d4008000 JavaThread "main" [_thread_in_native, id=7291, stack(0x00007f87d8d35000,0x00007f87d8e36000)]

Other Threads:
  0x00007f87d4066000 VMThread [stack: 0x00007f87c3bfc000,0x00007f87c3cfd000] [id=7296]
  0x00007f87d40a5000 WatcherThread [stack: 0x00007f87c2e4c000,0x00007f87c2f4d000] [id=7303]

VM state:not at safepoint (normal execution)

VM Mutex/Monitor currently owned by a thread: None

Heap
 PSYoungGen      total 36352K, used 1901K [0x00000000d76b0000, 0x00000000d9f40000, 0x0000000100000000)
  eden space 31168K, 6% used [0x00000000d76b0000,0x00000000d788b790,0x00000000d9520000)
  from space 5184K, 0% used [0x00000000d9a30000,0x00000000d9a30000,0x00000000d9f40000)
  to   space 5184K, 0% used [0x00000000d9520000,0x00000000d9520000,0x00000000d9a30000)
 PSOldGen        total 83072K, used 0K [0x0000000086400000, 0x000000008b520000, 0x00000000d76b0000)
  object space 83072K, 0% used [0x0000000086400000,0x0000000086400000,0x000000008b520000)
 PSPermGen       total 21248K, used 3404K [0x0000000081200000, 0x00000000826c0000, 0x0000000086400000)
  object space 21248K, 16% used [0x0000000081200000,0x00000000815532c0,0x00000000826c0000)

Code Cache  [0x00007f87d0eec000, 0x00007f87d115c000, 0x00007f87d3eec000)
 total_blobs=300 nmethods=5 adapters=250 free_code_cache=49871296 largest_free_block=12352

Dynamic libraries:
40000000-40009000 r-xp 00000000 fc:04 801095                             /usr/lib/jvm/java-6-sun-1.6.0_41/bin/java
40108000-4010a000 rwxp 00008000 fc:04 801095                             /usr/lib/jvm/java-6-sun-1.6.0_41/bin/java
40a39000-40a5a000 rwxp 00000000 00:00 0                                  [heap]
81200000-826c0000 rwxp 00000000 00:00 0 
826c0000-86400000 rwxp 00000000 00:00 0 
86400000-8b520000 rwxp 00000000 00:00 0 
8b520000-d76b0000 rwxp 00000000 00:00 0 
d76b0000-d9f40000 rwxp 00000000 00:00 0 
d9f40000-100000000 rwxp 00000000 00:00 0 
7f878a46a000-7f878a47c000 r-xp 00000000 fc:04 1575379                    /usr/lib/x86_64-linux-gnu/pkcs11/gnome-keyring-pkcs11.so
7f878a47c000-7f878a67b000 ---p 00012000 fc:04 1575379                    /usr/lib/x86_64-linux-gnu/pkcs11/gnome-keyring-pkcs11.so
7f878a67b000-7f878a67d000 r-xp 00011000 fc:04 1575379                    /usr/lib/x86_64-linux-gnu/pkcs11/gnome-keyring-pkcs11.so
7f878a67d000-7f878a67e000 rwxp 00013000 fc:04 1575379                    /usr/lib/x86_64-linux-gnu/pkcs11/gnome-keyring-pkcs11.so
7f878a67e000-7f878b7ed000 r-xp 00000000 fc:04 1573511                    /usr/lib/x86_64-linux-gnu/libicudata.so.48.1.1
7f878b7ed000-7f878b9ec000 ---p 0116f000 fc:04 1573511                    /usr/lib/x86_64-linux-gnu/libicudata.so.48.1.1
7f878b9ec000-7f878b9ed000 r-xp 0116e000 fc:04 1573511                    /usr/lib/x86_64-linux-gnu/libicudata.so.48.1.1
7f878b9ed000-7f878b9ee000 rwxp 0116f000 fc:04 1573511                    /usr/lib/x86_64-linux-gnu/libicudata.so.48.1.1
7f878b9ee000-7f878b9f1000 r-xp 00000000 fc:04 1845246                    /lib/x86_64-linux-gnu/libgpg-error.so.0.8.0
7f878b9f1000-7f878bbf0000 ---p 00003000 fc:04 1845246                    /lib/x86_64-linux-gnu/libgpg-error.so.0.8.0
7f878bbf0000-7f878bbf1000 r-xp 00002000 fc:04 1845246                    /lib/x86_64-linux-gnu/libgpg-error.so.0.8.0
7f878bbf1000-7f878bbf2000 rwxp 00003000 fc:04 1845246                    /lib/x86_64-linux-gnu/libgpg-error.so.0.8.0
7f878bbf2000-7f878bd48000 r-xp 00000000 fc:04 1573630                    /usr/lib/x86_64-linux-gnu/libicuuc.so.48.1.1
7f878bd48000-7f878bf47000 ---p 00156000 fc:04 1573630                    /usr/lib/x86_64-linux-gnu/libicuuc.so.48.1.1
7f878bf47000-7f878bf58000 r-xp 00155000 fc:04 1573630                    /usr/lib/x86_64-linux-gnu/libicuuc.so.48.1.1
7f878bf58000-7f878bf59000 rwxp 00166000 fc:04 1573630                    /usr/lib/x86_64-linux-gnu/libicuuc.so.48.1.1
7f878bf59000-7f878bf5d000 rwxp 00000000 00:00 0 
7f878bf5d000-7f878bf8f000 r-xp 00000000 fc:04 1573557                    /usr/lib/x86_64-linux-gnu/libicule.so.48.1.1
7f878bf8f000-7f878c18f000 ---p 00032000 fc:04 1573557                    /usr/lib/x86_64-linux-gnu/libicule.so.48.1.1
7f878c18f000-7f878c191000 r-xp 00032000 fc:04 1573557                    /usr/lib/x86_64-linux-gnu/libicule.so.48.1.1
7f878c191000-7f878c192000 rwxp 00034000 fc:04 1573557                    /usr/lib/x86_64-linux-gnu/libicule.so.48.1.1
7f878c192000-7f878c1a4000 r-xp 00000000 fc:04 1574436                    /usr/lib/x86_64-linux-gnu/libp11-kit.so.0.0.0
7f878c1a4000-7f878c3a4000 ---p 00012000 fc:04 1574436                    /usr/lib/x86_64-linux-gnu/libp11-kit.so.0.0.0
7f878c3a4000-7f878c3a5000 r-xp 00012000 fc:04 1574436                    /usr/lib/x86_64-linux-gnu/libp11-kit.so.0.0.0
7f878c3a5000-7f878c3a6000 rwxp 00013000 fc:04 1574436                    /usr/lib/x86_64-linux-gnu/libp11-kit.so.0.0.0
7f878c3a6000-7f878c3b5000 r-xp 00000000 fc:04 1580042                    /usr/lib/x86_64-linux-gnu/libtasn1.so.3.2.0
7f878c3b5000-7f878c5b5000 ---p 0000f000 fc:04 1580042                    /usr/lib/x86_64-linux-gnu/libtasn1.so.3.2.0
7f878c5b5000-7f878c5b6000 r-xp 0000f000 fc:04 1580042                    /usr/lib/x86_64-linux-gnu/libtasn1.so.3.2.0
7f878c5b6000-7f878c5b7000 rwxp 00010000 fc:04 1580042                    /usr/lib/x86_64-linux-gnu/libtasn1.so.3.2.0
7f878c5b7000-7f878c631000 r-xp 00000000 fc:04 1877334                    /lib/x86_64-linux-gnu/libgcrypt.so.11.7.0
7f878c631000-7f878c831000 ---p 0007a000 fc:04 1877334                    /lib/x86_64-linux-gnu/libgcrypt.so.11.7.0
7f878c831000-7f878c832000 r-xp 0007a000 fc:04 1877334                    /lib/x86_64-linux-gnu/libgcrypt.so.11.7.0
7f878c832000-7f878c835000 rwxp 0007b000 fc:04 1877334                    /lib/x86_64-linux-gnu/libgcrypt.so.11.7.0
7f878c835000-7f878c83b000 r-xp 00000000 fc:04 1616606                    /usr/lib/x86_64-linux-gnu/libogg.so.0.8.0
7f878c83b000-7f878ca3a000 ---p 00006000 fc:04 1616606                    /usr/lib/x86_64-linux-gnu/libogg.so.0.8.0
7f878ca3a000-7f878ca3b000 r-xp 00005000 fc:04 1616606                    /usr/lib/x86_64-linux-gnu/libogg.so.0.8.0
7f878ca3b000-7f878ca3c000 rwxp 00006000 fc:04 1616606                    /usr/lib/x86_64-linux-gnu/libogg.so.0.8.0
7f878ca3c000-7f878ca4c000 r-xp 00000000 fc:04 1578155                    /usr/lib/x86_64-linux-gnu/libgstinterfaces-0.10.so.0.25.0
7f878ca4c000-7f878cc4c000 ---p 00010000 fc:04 1578155                    /usr/lib/x86_64-linux-gnu/libgstinterfaces-0.10.so.0.25.0
7f878cc4c000-7f878cc4d000 r-xp 00010000 fc:04 1578155                    /usr/lib/x86_64-linux-gnu/libgstinterfaces-0.10.so.0.25.0
7f878cc4d000-7f878cc4e000 rwxp 00011000 fc:04 1578155                    /usr/lib/x86_64-linux-gnu/libgstinterfaces-0.10.so.0.25.0
7f878cc4e000-7f878cc53000 r-xp 00000000 fc:04 1580165                    /usr/lib/x86_64-linux-gnu/libXdmcp.so.6.0.0
7f878cc53000-7f878ce52000 ---p 00005000 fc:04 1580165                    /usr/lib/x86_64-linux-gnu/libXdmcp.so.6.0.0
7f878ce52000-7f878ce53000 r-xp 00004000 fc:04 1580165                    /usr/lib/x86_64-linux-gnu/libXdmcp.so.6.0.0
7f878ce53000-7f878ce54000 rwxp 00005000 fc:04 1580165                    /usr/lib/x86_64-linux-gnu/libXdmcp.so.6.0.0
7f878ce54000-7f878ce56000 r-xp 00000000 fc:04 1580091                    /usr/lib/x86_64-linux-gnu/libXau.so.6.0.0
7f878ce56000-7f878d056000 ---p 00002000 fc:04 1580091                    /usr/lib/x86_64-linux-gnu/libXau.so.6.0.0
7f878d056000-7f878d057000 r-xp 00002000 fc:04 1580091                    /usr/lib/x86_64-linux-gnu/libXau.so.6.0.0
7f878d057000-7f878d058000 rwxp 00003000 fc:04 1580091                    /usr/lib/x86_64-linux-gnu/libXau.so.6.0.0
7f878d058000-7f878d07e000 r-xp 00000000 fc:04 1839627                    /lib/x86_64-linux-gnu/libexpat.so.1.6.0
7f878d07e000-7f878d27e000 ---p 00026000 fc:04 1839627                    /lib/x86_64-linux-gnu/libexpat.so.1.6.0
7f878d27e000-7f878d280000 r-xp 00026000 fc:04 1839627                    /lib/x86_64-linux-gnu/libexpat.so.1.6.0
7f878d280000-7f878d281000 rwxp 00028000 fc:04 1839627                    /lib/x86_64-linux-gnu/libexpat.so.1.6.0
7f878d281000-7f878d316000 r-xp 00000000 fc:04 1639484                    /usr/lib/x86_64-linux-gnu/libharfbuzz.so.0.913.0
7f878d316000-7f878d515000 ---p 00095000 fc:04 1639484                    /usr/lib/x86_64-linux-gnu/libharfbuzz.so.0.913.0
7f878d515000-7f878d517000 r-xp 00094000 fc:04 1639484                    /usr/lib/x86_64-linux-gnu/libharfbuzz.so.0.913.0
7f878d517000-7f878d518000 rwxp 00096000 fc:04 1639484                    /usr/lib/x86_64-linux-gnu/libharfbuzz.so.0.913.0
7f878d518000-7f878d52e000 r-xp 00000000 fc:04 1835301                    /lib/x86_64-linux-gnu/libresolv-2.17.so
7f878d52e000-7f878d72e000 ---p 00016000 fc:04 1835301                    /lib/x86_64-linux-gnu/libresolv-2.17.so
7f878d72e000-7f878d72f000 r-xp 00016000 fc:04 1835301                    /lib/x86_64-linux-gnu/libresolv-2.17.so
7f878d72f000-7f878d730000 rwxp 00017000 fc:04 1835301                    /lib/x86_64-linux-gnu/libresolv-2.17.so
7f878d730000-7f878d732000 rwxp 00000000 00:00 0 
7f878d732000-7f878d74f000 r-xp 00000000 fc:04 1838993                    /lib/x86_64-linux-gnu/libselinux.so.1
7f878d74f000-7f878d94e000 ---p 0001d000 fc:04 1838993                    /lib/x86_64-linux-gnu/libselinux.so.1
7f878d94e000-7f878d94f000 r-xp 0001c000 fc:04 1838993                    /lib/x86_64-linux-gnu/libselinux.so.1
7f878d94f000-7f878d950000 rwxp 0001d000 fc:04 1838993                    /lib/x86_64-linux-gnu/libselinux.so.1
7f878d950000-7f878d951000 rwxp 00000000 00:00 0 
7f878d951000-7f878d960000 r-xp 00000000 fc:04 1858913                    /lib/x86_64-linux-gnu/libbz2.so.1.0.4
7f878d960000-7f878db5f000 ---p 0000f000 fc:04 1858913                    /lib/x86_64-linux-gnu/libbz2.so.1.0.4
7f878db5f000-7f878db60000 r-xp 0000e000 fc:04 1858913                    /lib/x86_64-linux-gnu/libbz2.so.1.0.4
7f878db60000-7f878db61000 rwxp 0000f000 fc:04 1858913                    /lib/x86_64-linux-gnu/libbz2.so.1.0.4
7f878db61000-7f878dc16000 r-xp 00000000 fc:04 1577122                    /usr/lib/x86_64-linux-gnu/libgnutls.so.26.22.6
7f878dc16000-7f878de15000 ---p 000b5000 fc:04 1577122                    /usr/lib/x86_64-linux-gnu/libgnutls.so.26.22.6
7f878de15000-7f878de1b000 r-xp 000b4000 fc:04 1577122                    /usr/lib/x86_64-linux-gnu/libgnutls.so.26.22.6
7f878de1b000-7f878de1c000 rwxp 000ba000 fc:04 1577122                    /usr/lib/x86_64-linux-gnu/libgnutls.so.26.22.6
7f878de1c000-7f878de1d000 rwxp 00000000 00:00 0 
7f878de1d000-7f878de2d000 r-xp 00000000 fc:04 1577981                    /usr/lib/x86_64-linux-gnu/libva.so.1.3200.0
7f878de2d000-7f878e02c000 ---p 00010000 fc:04 1577981                    /usr/lib/x86_64-linux-gnu/libva.so.1.3200.0
7f878e02c000-7f878e02d000 r-xp 0000f000 fc:04 1577981                    /usr/lib/x86_64-linux-gnu/libva.so.1.3200.0
7f878e02d000-7f878e02e000 rwxp 00010000 fc:04 1577981                    /usr/lib/x86_64-linux-gnu/libva.so.1.3200.0
7f878e02e000-7f878e033000 rwxp 00000000 00:00 0 
7f878e033000-7f878e040000 r-xp 00000000 fc:04 1581818                    /usr/lib/x86_64-linux-gnu/libgsm.so.1.0.12
7f878e040000-7f878e23f000 ---p 0000d000 fc:04 1581818                    /usr/lib/x86_64-linux-gnu/libgsm.so.1.0.12
7f878e23f000-7f878e240000 r-xp 0000c000 fc:04 1581818                    /usr/lib/x86_64-linux-gnu/libgsm.so.1.0.12
7f878e240000-7f878e241000 rwxp 0000d000 fc:04 1581818                    /usr/lib/x86_64-linux-gnu/libgsm.so.1.0.12
7f878e241000-7f878e30c000 r-xp 00000000 fc:04 1574887                    /usr/lib/x86_64-linux-gnu/libschroedinger-1.0.so.0.11.0
7f878e30c000-7f878e50b000 ---p 000cb000 fc:04 1574887                    /usr/lib/x86_64-linux-gnu/libschroedinger-1.0.so.0.11.0
7f878e50b000-7f878e50d000 r-xp 000ca000 fc:04 1574887                    /usr/lib/x86_64-linux-gnu/libschroedinger-1.0.so.0.11.0
7f878e50d000-7f878e50e000 rwxp 000cc000 fc:04 1574887                    /usr/lib/x86_64-linux-gnu/libschroedinger-1.0.so.0.11.0
7f878e50e000-7f878e50f000 rwxp 00000000 00:00 0 
7f878e50f000-7f878e526000 r-xp 00000000 fc:04 1581811                    /usr/lib/x86_64-linux-gnu/libspeex.so.1.5.0
7f878e526000-7f878e726000 ---p 00017000 fc:04 1581811                    /usr/lib/x86_64-linux-gnu/libspeex.so.1.5.0
7f878e726000-7f878e727000 r-xp 00017000 fc:04 1581811                    /usr/lib/x86_64-linux-gnu/libspeex.so.1.5.0
7f878e727000-7f878e728000 rwxp 00018000 fc:04 1581811                    /usr/lib/x86_64-linux-gnu/libspeex.so.1.5.0
7f878e728000-7f878e743000 r-xp 00000000 fc:04 1616648                    /usr/lib/x86_64-linux-gnu/libtheoradec.so.1.1.4
7f878e743000-7f878e942000 ---p 0001b000 fc:04 1616648                    /usr/lib/x86_64-linux-gnu/libtheoradec.so.1.1.4
7f878e942000-7f878e943000 r-xp 0001a000 fc:04 1616648                    /usr/lib/x86_64-linux-gnu/libtheoradec.so.1.1.4
7f878e943000-7f878e944000 rwxp 0001b000 fc:04 1616648                    /usr/lib/x86_64-linux-gnu/libtheoradec.so.1.1.4
7f878e944000-7f878e983000 r-xp 00000000 fc:04 1616647                    /usr/lib/x86_64-linux-gnu/libtheoraenc.so.1.1.2
7f878e983000-7f878eb83000 ---p 0003f000 fc:04 1616647                    /usr/lib/x86_64-linux-gnu/libtheoraenc.so.1.1.2
7f878eb83000-7f878eb84000 r-xp 0003f000 fc:04 1616647                    /usr/lib/x86_64-linux-gnu/libtheoraenc.so.1.1.2
7f878eb84000-7f878eb85000 rwxp 00040000 fc:04 1616647                    /usr/lib/x86_64-linux-gnu/libtheoraenc.so.1.1.2
7f878eb85000-7f878ebb0000 r-xp 00000000 fc:04 1582554                    /usr/lib/x86_64-linux-gnu/libvorbis.so.0.4.5
7f878ebb0000-7f878edb0000 ---p 0002b000 fc:04 1582554                    /usr/lib/x86_64-linux-gnu/libvorbis.so.0.4.5
7f878edb0000-7f878edb1000 r-xp 0002b000 fc:04 1582554                    /usr/lib/x86_64-linux-gnu/libvorbis.so.0.4.5
7f878edb1000-7f878edb2000 rwxp 0002c000 fc:04 1582554                    /usr/lib/x86_64-linux-gnu/libvorbis.so.0.4.5
7f878edb2000-7f878f065000 r-xp 00000000 fc:04 1616654                    /usr/lib/x86_64-linux-gnu/libvorbisenc.so.2.0.8
7f878f065000-7f878f264000 ---p 002b3000 fc:04 1616654                    /usr/lib/x86_64-linux-gnu/libvorbisenc.so.2.0.8
7f878f264000-7f878f280000 r-xp 002b2000 fc:04 1616654                    /usr/lib/x86_64-linux-gnu/libvorbisenc.so.2.0.8
7f878f280000-7f878f281000 rwxp 002ce000 fc:04 1616654                    /usr/lib/x86_64-linux-gnu/libvorbisenc.so.2.0.8
7f878f281000-7f878f31e000 r-xp 00000000 fc:04 1581554                    /usr/lib/x86_64-linux-gnu/libvpx.so.1.1.0
7f878f31e000-7f878f51d000 ---p 0009d000 fc:04 1581554                    /usr/lib/x86_64-linux-gnu/libvpx.so.1.1.0
7f878f51d000-7f878f51e000 r-xp 0009c000 fc:04 1581554                    /usr/lib/x86_64-linux-gnu/libvpx.so.1.1.0
7f878f51e000-7f878f51f000 rwxp 0009d000 fc:04 1581554                    /usr/lib/x86_64-linux-gnu/libvpx.so.1.1.0
7f878f51f000-7f878f521000 rwxp 00000000 00:00 0 
7f878f521000-7f878f555000 r-xp 00000000 fc:04 1578161                    /usr/lib/x86_64-linux-gnu/libgsttag-0.10.so.0.25.0
7f878f555000-7f878f754000 ---p 00034000 fc:04 1578161                    /usr/lib/x86_64-linux-gnu/libgsttag-0.10.so.0.25.0
7f878f754000-7f878f756000 r-xp 00033000 fc:04 1578161                    /usr/lib/x86_64-linux-gnu/libgsttag-0.10.so.0.25.0
7f878f756000-7f878f757000 rwxp 00035000 fc:04 1578161                    /usr/lib/x86_64-linux-gnu/libgsttag-0.10.so.0.25.0
7f878f757000-7f878f78c000 r-xp 00000000 fc:04 1578167                    /usr/lib/x86_64-linux-gnu/libgstaudio-0.10.so.0.25.0
7f878f78c000-7f878f98b000 ---p 00035000 fc:04 1578167                    /usr/lib/x86_64-linux-gnu/libgstaudio-0.10.so.0.25.0
7f878f98b000-7f878f98c000 r-xp 00034000 fc:04 1578167                    /usr/lib/x86_64-linux-gnu/libgstaudio-0.10.so.0.25.0
7f878f98c000-7f878f98e000 rwxp 00035000 fc:04 1578167                    /usr/lib/x86_64-linux-gnu/libgstaudio-0.10.so.0.25.0
7f878f98e000-7f878fa07000 r-xp 00000000 fc:04 1582125                    /usr/lib/x86_64-linux-gnu/liborc-0.4.so.0.17.0
7f878fa07000-7f878fc06000 ---p 00079000 fc:04 1582125                    /usr/lib/x86_64-linux-gnu/liborc-0.4.so.0.17.0
7f878fc06000-7f878fc08000 r-xp 00078000 fc:04 1582125                    /usr/lib/x86_64-linux-gnu/liborc-0.4.so.0.17.0
7f878fc08000-7f878fc0c000 rwxp 0007a000 fc:04 1582125                    /usr/lib/x86_64-linux-gnu/liborc-0.4.so.0.17.0
7f878fc0c000-7f878fc5e000 r-xp 00000000 fc:04 1581666                    /usr/lib/x86_64-linux-gnu/libgstbase-0.10.so.0.30.0
7f878fc5e000-7f878fe5e000 ---p 00052000 fc:04 1581666                    /usr/lib/x86_64-linux-gnu/libgstbase-0.10.so.0.30.0
7f878fe5e000-7f878fe5f000 r-xp 00052000 fc:04 1581666                    /usr/lib/x86_64-linux-gnu/libgstbase-0.10.so.0.30.0
7f878fe5f000-7f878fe60000 rwxp 00053000 fc:04 1581666                    /usr/lib/x86_64-linux-gnu/libgstbase-0.10.so.0.30.0
7f878fe60000-7f878ffb9000 r-xp 00000000 fc:04 1574177                    /usr/lib/x86_64-linux-gnu/libxml2.so.2.9.0
7f878ffb9000-7f87901b8000 ---p 00159000 fc:04 1574177                    /usr/lib/x86_64-linux-gnu/libxml2.so.2.9.0
7f87901b8000-7f87901c0000 r-xp 00158000 fc:04 1574177                    /usr/lib/x86_64-linux-gnu/libxml2.so.2.9.0
7f87901c0000-7f87901c2000 rwxp 00160000 fc:04 1574177                    /usr/lib/x86_64-linux-gnu/libxml2.so.2.9.0
7f87901c2000-7f87901c3000 rwxp 00000000 00:00 0 
7f87901c3000-7f8790200000 r-xp 00000000 fc:04 1839684                    /lib/x86_64-linux-gnu/libpcre.so.3.13.1
7f8790200000-7f8790400000 ---p 0003d000 fc:04 1839684                    /lib/x86_64-linux-gnu/libpcre.so.3.13.1
7f8790400000-7f8790401000 r-xp 0003d000 fc:04 1839684                    /lib/x86_64-linux-gnu/libpcre.so.3.13.1
7f8790401000-7f8790402000 rwxp 0003e000 fc:04 1839684                    /lib/x86_64-linux-gnu/libpcre.so.3.13.1
7f8790402000-7f8790409000 r-xp 00000000 fc:04 1573930                    /usr/lib/x86_64-linux-gnu/libffi.so.6.0.1
7f8790409000-7f8790608000 ---p 00007000 fc:04 1573930                    /usr/lib/x86_64-linux-gnu/libffi.so.6.0.1
7f8790608000-7f8790609000 r-xp 00006000 fc:04 1573930                    /usr/lib/x86_64-linux-gnu/libffi.so.6.0.1
7f8790609000-7f879060a000 rwxp 00007000 fc:04 1573930                    /usr/lib/x86_64-linux-gnu/libffi.so.6.0.1
7f879060a000-7f8790627000 r-xp 00000000 fc:04 1573214                    /usr/lib/x86_64-linux-gnu/libxcb.so.1.1.0
7f8790627000-7f8790826000 ---p 0001d000 fc:04 1573214                    /usr/lib/x86_64-linux-gnu/libxcb.so.1.1.0
7f8790826000-7f8790827000 r-xp 0001c000 fc:04 1573214                    /usr/lib/x86_64-linux-gnu/libxcb.so.1.1.0
7f8790827000-7f8790828000 rwxp 0001d000 fc:04 1573214                    /usr/lib/x86_64-linux-gnu/libxcb.so.1.1.0
7f8790828000-7f8790830000 r-xp 00000000 fc:04 1576056                    /usr/lib/x86_64-linux-gnu/libxcb-render.so.0.0.0
7f8790830000-7f8790a30000 ---p 00008000 fc:04 1576056                    /usr/lib/x86_64-linux-gnu/libxcb-render.so.0.0.0
7f8790a30000-7f8790a31000 r-xp 00008000 fc:04 1576056                    /usr/lib/x86_64-linux-gnu/libxcb-render.so.0.0.0
7f8790a31000-7f8790a32000 rwxp 00009000 fc:04 1576056                    /usr/lib/x86_64-linux-gnu/libxcb-render.so.0.0.0
7f8790a32000-7f8790a34000 r-xp 00000000 fc:04 1573994                    /usr/lib/x86_64-linux-gnu/libxcb-shm.so.0.0.0
7f8790a34000-7f8790c33000 ---p 00002000 fc:04 1573994                    /usr/lib/x86_64-linux-gnu/libxcb-shm.so.0.0.0
7f8790c33000-7f8790c34000 r-xp 00001000 fc:04 1573994                    /usr/lib/x86_64-linux-gnu/libxcb-shm.so.0.0.0
7f8790c34000-7f8790c35000 rwxp 00002000 fc:04 1573994                    /usr/lib/x86_64-linux-gnu/libxcb-shm.so.0.0.0
7f8790c35000-7f8790ccc000 r-xp 00000000 fc:04 1578595                    /usr/lib/x86_64-linux-gnu/libfreetype.so.6.10.0
7f8790ccc000-7f8790ecb000 ---p 00097000 fc:04 1578595                    /usr/lib/x86_64-linux-gnu/libfreetype.so.6.10.0
7f8790ecb000-7f8790ed1000 r-xp 00096000 fc:04 1578595                    /usr/lib/x86_64-linux-gnu/libfreetype.so.6.10.0
7f8790ed1000-7f8790ed2000 rwxp 0009c000 fc:04 1578595                    /usr/lib/x86_64-linux-gnu/libfreetype.so.6.10.0
7f8790ed2000-7f8790f74000 r-xp 00000000 fc:04 1573997                    /usr/lib/x86_64-linux-gnu/libpixman-1.so.0.30.2
7f8790f74000-7f8791174000 ---p 000a2000 fc:04 1573997                    /usr/lib/x86_64-linux-gnu/libpixman-1.so.0.30.2
7f8791174000-7f879117b000 r-xp 000a2000 fc:04 1573997                    /usr/lib/x86_64-linux-gnu/libpixman-1.so.0.30.2
7f879117b000-7f879117c000 rwxp 000a9000 fc:04 1573997                    /usr/lib/x86_64-linux-gnu/libpixman-1.so.0.30.2
7f879117c000-7f879118d000 r-xp 00000000 fc:04 1575536                    /usr/lib/x86_64-linux-gnu/libXext.so.6.4.0
7f879118d000-7f879138c000 ---p 00011000 fc:04 1575536                    /usr/lib/x86_64-linux-gnu/libXext.so.6.4.0
7f879138c000-7f879138d000 r-xp 00010000 fc:04 1575536                    /usr/lib/x86_64-linux-gnu/libXext.so.6.4.0
7f879138d000-7f879138e000 rwxp 00011000 fc:04 1575536                    /usr/lib/x86_64-linux-gnu/libXext.so.6.4.0
7f879138e000-7f8791390000 r-xp 00000000 fc:04 1581515                    /usr/lib/x86_64-linux-gnu/libXdamage.so.1.1.0
7f8791390000-7f879158f000 ---p 00002000 fc:04 1581515                    /usr/lib/x86_64-linux-gnu/libXdamage.so.1.1.0
7f879158f000-7f8791590000 r-xp 00001000 fc:04 1581515                    /usr/lib/x86_64-linux-gnu/libXdamage.so.1.1.0
7f8791590000-7f8791591000 rwxp 00002000 fc:04 1581515                    /usr/lib/x86_64-linux-gnu/libXdamage.so.1.1.0
7f8791591000-7f8791593000 r-xp 00000000 fc:04 1577020                    /usr/lib/x86_64-linux-gnu/libXcomposite.so.1.0.0
7f8791593000-7f8791792000 ---p 00002000 fc:04 1577020                    /usr/lib/x86_64-linux-gnu/libXcomposite.so.1.0.0
7f8791792000-7f8791793000 r-xp 00001000 fc:04 1577020                    /usr/lib/x86_64-linux-gnu/libXcomposite.so.1.0.0
7f8791793000-7f8791794000 rwxp 00002000 fc:04 1577020                    /usr/lib/x86_64-linux-gnu/libXcomposite.so.1.0.0
7f8791794000-7f879179d000 r-xp 00000000 fc:04 1577308                    /usr/lib/x86_64-linux-gnu/libXcursor.so.1.0.2
7f879179d000-7f879199d000 ---p 00009000 fc:04 1577308                    /usr/lib/x86_64-linux-gnu/libXcursor.so.1.0.2
7f879199d000-7f879199e000 r-xp 00009000 fc:04 1577308                    /usr/lib/x86_64-linux-gnu/libXcursor.so.1.0.2
7f879199e000-7f879199f000 rwxp 0000a000 fc:04 1577308                    /usr/lib/x86_64-linux-gnu/libXcursor.so.1.0.2
7f879199f000-7f87919a8000 r-xp 00000000 fc:04 1575130                    /usr/lib/x86_64-linux-gnu/libXrandr.so.2.2.0
7f87919a8000-7f8791ba7000 ---p 00009000 fc:04 1575130                    /usr/lib/x86_64-linux-gnu/libXrandr.so.2.2.0
7f8791ba7000-7f8791ba8000 r-xp 00008000 fc:04 1575130                    /usr/lib/x86_64-linux-gnu/libXrandr.so.2.2.0
7f8791ba8000-7f8791ba9000 rwxp 00009000 fc:04 1575130                    /usr/lib/x86_64-linux-gnu/libXrandr.so.2.2.0
7f8791ba9000-7f8791bb7000 r-xp 00000000 fc:04 1573992                    /usr/lib/x86_64-linux-gnu/libXi.so.6.1.0
7f8791bb7000-7f8791db7000 ---p 0000e000 fc:04 1573992                    /usr/lib/x86_64-linux-gnu/libXi.so.6.1.0
7f8791db7000-7f8791db8000 r-xp 0000e000 fc:04 1573992                    /usr/lib/x86_64-linux-gnu/libXi.so.6.1.0
7f8791db8000-7f8791db9000 rwxp 0000f000 fc:04 1573992                    /usr/lib/x86_64-linux-gnu/libXi.so.6.1.0
7f8791db9000-7f8791dbb000 r-xp 00000000 fc:04 1580988                    /usr/lib/x86_64-linux-gnu/libXinerama.so.1.0.0
7f8791dbb000-7f8791fba000 ---p 00002000 fc:04 1580988                    /usr/lib/x86_64-linux-gnu/libXinerama.so.1.0.0
7f8791fba000-7f8791fbb000 r-xp 00001000 fc:04 1580988                    /usr/lib/x86_64-linux-gnu/libXinerama.so.1.0.0
7f8791fbb000-7f8791fbc000 rwxp 00002000 fc:04 1580988                    /usr/lib/x86_64-linux-gnu/libXinerama.so.1.0.0
7f8791fbc000-7f8791fc5000 r-xp 00000000 fc:04 1580199                    /usr/lib/x86_64-linux-gnu/libXrender.so.1.3.0
7f8791fc5000-7f87921c4000 ---p 00009000 fc:04 1580199                    /usr/lib/x86_64-linux-gnu/libXrender.so.1.3.0
7f87921c4000-7f87921c5000 r-xp 00008000 fc:04 1580199                    /usr/lib/x86_64-linux-gnu/libXrender.so.1.3.0
7f87921c5000-7f87921c6000 rwxp 00009000 fc:04 1580199                    /usr/lib/x86_64-linux-gnu/libXrender.so.1.3.0
7f87921c6000-7f87921fd000 r-xp 00000000 fc:04 1578137                    /usr/lib/x86_64-linux-gnu/libfontconfig.so.1.6.2
7f87921fd000-7f87923fd000 ---p 00037000 fc:04 1578137                    /usr/lib/x86_64-linux-gnu/libfontconfig.so.1.6.2
7f87923fd000-7f87923fe000 r-xp 00037000 fc:04 1578137                    /usr/lib/x86_64-linux-gnu/libfontconfig.so.1.6.2
7f87923fe000-7f87923ff000 rwxp 00038000 fc:04 1578137                    /usr/lib/x86_64-linux-gnu/libfontconfig.so.1.6.2
7f87923ff000-7f8792400000 rwxp 00000000 00:00 0 
7f8792400000-7f8792448000 r-xp 00000000 fc:04 1572966                    /usr/lib/x86_64-linux-gnu/libpango-1.0.so.0.3200.5
7f8792448000-7f8792648000 ---p 00048000 fc:04 1572966                    /usr/lib/x86_64-linux-gnu/libpango-1.0.so.0.3200.5
7f8792648000-7f879264a000 r-xp 00048000 fc:04 1572966                    /usr/lib/x86_64-linux-gnu/libpango-1.0.so.0.3200.5
7f879264a000-7f879264b000 rwxp 0004a000 fc:04 1572966                    /usr/lib/x86_64-linux-gnu/libpango-1.0.so.0.3200.5
7f879264b000-7f879265e000 r-xp 00000000 fc:04 1572969                    /usr/lib/x86_64-linux-gnu/libpangoft2-1.0.so.0.3200.5
7f879265e000-7f879285d000 ---p 00013000 fc:04 1572969                    /usr/lib/x86_64-linux-gnu/libpangoft2-1.0.so.0.3200.5
7f879285d000-7f879285e000 r-xp 00012000 fc:04 1572969                    /usr/lib/x86_64-linux-gnu/libpangoft2-1.0.so.0.3200.5
7f879285e000-7f879285f000 rwxp 00013000 fc:04 1572969                    /usr/lib/x86_64-linux-gnu/libpangoft2-1.0.so.0.3200.5
7f879285f000-7f87929b2000 r-xp 00000000 fc:04 1576353                    /usr/lib/x86_64-linux-gnu/libgio-2.0.so.0.3600.0
7f87929b2000-7f8792bb1000 ---p 00153000 fc:04 1576353                    /usr/lib/x86_64-linux-gnu/libgio-2.0.so.0.3600.0
7f8792bb1000-7f8792bb5000 r-xp 00152000 fc:04 1576353                    /usr/lib/x86_64-linux-gnu/libgio-2.0.so.0.3600.0
7f8792bb5000-7f8792bb7000 rwxp 00156000 fc:04 1576353                    /usr/lib/x86_64-linux-gnu/libgio-2.0.so.0.3600.0
7f8792bb7000-7f8792bb9000 rwxp 00000000 00:00 0 
7f8792bb9000-7f8792bd9000 r-xp 00000000 fc:04 1574720                    /usr/lib/x86_64-linux-gnu/libatk-1.0.so.0.20809.1
7f8792bd9000-7f8792dd8000 ---p 00020000 fc:04 1574720                    /usr/lib/x86_64-linux-gnu/libatk-1.0.so.0.20809.1
7f8792dd8000-7f8792dda000 r-xp 0001f000 fc:04 1574720                    /usr/lib/x86_64-linux-gnu/libatk-1.0.so.0.20809.1
7f8792dda000-7f8792ddb000 rwxp 00021000 fc:04 1574720                    /usr/lib/x86_64-linux-gnu/libatk-1.0.so.0.20809.1
7f8792ddb000-7f8792de0000 r-xp 00000000 fc:04 1577286                    /usr/lib/x86_64-linux-gnu/libXfixes.so.3.1.0
7f8792de0000-7f8792fdf000 ---p 00005000 fc:04 1577286                    /usr/lib/x86_64-linux-gnu/libXfixes.so.3.1.0
7f8792fdf000-7f8792fe0000 r-xp 00004000 fc:04 1577286                    /usr/lib/x86_64-linux-gnu/libXfixes.so.3.1.0
7f8792fe0000-7f8792fe1000 rwxp 00005000 fc:04 1577286                    /usr/lib/x86_64-linux-gnu/libXfixes.so.3.1.0
7f8792fe1000-7f8793115000 r-xp 00000000 fc:04 1573578                    /usr/lib/x86_64-linux-gnu/libX11.so.6.3.0
7f8793115000-7f8793315000 ---p 00134000 fc:04 1573578                    /usr/lib/x86_64-linux-gnu/libX11.so.6.3.0
7f8793315000-7f8793316000 r-xp 00134000 fc:04 1573578                    /usr/lib/x86_64-linux-gnu/libX11.so.6.3.0
7f8793316000-7f879331b000 rwxp 00135000 fc:04 1573578                    /usr/lib/x86_64-linux-gnu/libX11.so.6.3.0
7f879331b000-7f8793326000 r-xp 00000000 fc:04 1572967                    /usr/lib/x86_64-linux-gnu/libpangocairo-1.0.so.0.3200.5
7f8793326000-7f8793526000 ---p 0000b000 fc:04 1572967                    /usr/lib/x86_64-linux-gnu/libpangocairo-1.0.so.0.3200.5
7f8793526000-7f8793527000 r-xp 0000b000 fc:04 1572967                    /usr/lib/x86_64-linux-gnu/libpangocairo-1.0.so.0.3200.5
7f8793527000-7f8793528000 rwxp 0000c000 fc:04 1572967                    /usr/lib/x86_64-linux-gnu/libpangocairo-1.0.so.0.3200.5
7f8793528000-7f879352b000 r-xp 00000000 fc:04 1576345                    /usr/lib/x86_64-linux-gnu/libgmodule-2.0.so.0.3600.0
7f879352b000-7f879372a000 ---p 00003000 fc:04 1576345                    /usr/lib/x86_64-linux-gnu/libgmodule-2.0.so.0.3600.0
7f879372a000-7f879372b000 r-xp 00002000 fc:04 1576345                    /usr/lib/x86_64-linux-gnu/libgmodule-2.0.so.0.3600.0
7f879372b000-7f879372c000 rwxp 00003000 fc:04 1576345                    /usr/lib/x86_64-linux-gnu/libgmodule-2.0.so.0.3600.0
7f879372c000-7f8793737000 r-xp 00000000 fc:04 1575775                    /usr/lib/x86_64-linux-gnu/libjbig.so.0.0.0
7f8793737000-7f8793936000 ---p 0000b000 fc:04 1575775                    /usr/lib/x86_64-linux-gnu/libjbig.so.0.0.0
7f8793936000-7f8793937000 r-xp 0000a000 fc:04 1575775                    /usr/lib/x86_64-linux-gnu/libjbig.so.0.0.0
7f8793937000-7f879393a000 rwxp 0000b000 fc:04 1575775                    /usr/lib/x86_64-linux-gnu/libjbig.so.0.0.0
7f879393a000-7f879395b000 r-xp 00000000 fc:04 1839681                    /lib/x86_64-linux-gnu/liblzma.so.5.0.0
7f879395b000-7f8793b5a000 ---p 00021000 fc:04 1839681                    /lib/x86_64-linux-gnu/liblzma.so.5.0.0
7f8793b5a000-7f8793b5b000 r-xp 00020000 fc:04 1839681                    /lib/x86_64-linux-gnu/liblzma.so.5.0.0
7f8793b5b000-7f8793b5c000 rwxp 00021000 fc:04 1839681                    /lib/x86_64-linux-gnu/liblzma.so.5.0.0
7f8793b5c000-7f8793bb4000 r-xp 00000000 fc:04 1714322                    /usr/local/lib/libopencv_flann.so.3.0.0
7f8793bb4000-7f8793db4000 ---p 00058000 fc:04 1714322                    /usr/local/lib/libopencv_flann.so.3.0.0
7f8793db4000-7f8793db7000 r-xp 00058000 fc:04 1714322                    /usr/local/lib/libopencv_flann.so.3.0.0
7f8793db7000-7f8793db8000 rwxp 0005b000 fc:04 1714322                    /usr/local/lib/libopencv_flann.so.3.0.0
7f8793db8000-7f8793dfe000 r-xp 00000000 fc:04 1573048                    /usr/lib/x86_64-linux-gnu/libswscale.so.2.1.0
7f8793dfe000-7f8793ffe000 ---p 00046000 fc:04 1573048                    /usr/lib/x86_64-linux-gnu/libswscale.so.2.1.0
7f8793ffe000-7f8793fff000 r-xp 00046000 fc:04 1573048                    /usr/lib/x86_64-linux-gnu/libswscale.so.2.1.0
7f8793fff000-7f8794000000 rwxp 00047000 fc:04 1573048                    /usr/lib/x86_64-linux-gnu/libswscale.so.2.1.0
7f8794000000-7f8794021000 rwxp 00000000 00:00 0 
7f8794021000-7f8798000000 ---p 00000000 00:00 0 
7f8798000000-7f8798021000 rwxp 00000000 00:00 0 
7f8798021000-7f879c000000 ---p 00000000 00:00 0 
7f879c000000-7f879c021000 rwxp 00000000 00:00 0 
7f879c021000-7f87a0000000 ---p 00000000 00:00 0 
7f87a0000000-7f87a0021000 rwxp 00000000 00:00 0 
7f87a0021000-7f87a4000000 ---p 00000000 00:00 0 
7f87a4000000-7f87a4021000 rwxp 00000000 00:00 0 
7f87a4021000-7f87a8000000 ---p 00000000 00:00 0 
7f87a8000000-7f87a819c000 rwxp 00000000 00:00 0 
7f87a819c000-7f87ac000000 ---p 00000000 00:00 0 
7f87ac05a000-7f87ac074000 r-xp 00000000 fc:04 1573537                    /usr/lib/x86_64-linux-gnu/libavutil.so.51.22.1
7f87ac074000-7f87ac273000 ---p 0001a000 fc:04 1573537                    /usr/lib/x86_64-linux-gnu/libavutil.so.51.22.1
7f87ac273000-7f87ac275000 r-xp 00019000 fc:04 1573537                    /usr/lib/x86_64-linux-gnu/libavutil.so.51.22.1
7f87ac275000-7f87ac276000 rwxp 0001b000 fc:04 1573537                    /usr/lib/x86_64-linux-gnu/libavutil.so.51.22.1
7f87ac276000-7f87ac27a000 rwxp 00000000 00:00 0 
7f87ac27a000-7f87ac36f000 r-xp 00000000 fc:04 1581068                    /usr/lib/x86_64-linux-gnu/libavformat.so.53.21.1
7f87ac36f000-7f87ac56e000 ---p 000f5000 fc:04 1581068                    /usr/lib/x86_64-linux-gnu/libavformat.so.53.21.1
7f87ac56e000-7f87ac575000 r-xp 000f4000 fc:04 1581068                    /usr/lib/x86_64-linux-gnu/libavformat.so.53.21.1
7f87ac575000-7f87ac582000 rwxp 000fb000 fc:04 1581068                    /usr/lib/x86_64-linux-gnu/libavformat.so.53.21.1
7f87ac582000-7f87acc63000 r-xp 00000000 fc:04 1578558                    /usr/lib/x86_64-linux-gnu/libavcodec.so.53.35.0
7f87acc63000-7f87ace62000 ---p 006e1000 fc:04 1578558                    /usr/lib/x86_64-linux-gnu/libavcodec.so.53.35.0
7f87ace62000-7f87ace74000 r-xp 006e0000 fc:04 1578558                    /usr/lib/x86_64-linux-gnu/libavcodec.so.53.35.0
7f87ace74000-7f87ace8b000 rwxp 006f2000 fc:04 1578558                    /usr/lib/x86_64-linux-gnu/libavcodec.so.53.35.0
7f87ace8b000-7f87ad3fb000 rwxp 00000000 00:00 0 
7f87ad3fb000-7f87ad41c000 r-xp 00000000 fc:04 1578179                    /usr/lib/x86_64-linux-gnu/libgstpbutils-0.10.so.0.25.0
7f87ad41c000-7f87ad61c000 ---p 00021000 fc:04 1578179                    /usr/lib/x86_64-linux-gnu/libgstpbutils-0.10.so.0.25.0
7f87ad61c000-7f87ad61e000 r-xp 00021000 fc:04 1578179                    /usr/lib/x86_64-linux-gnu/libgstpbutils-0.10.so.0.25.0
7f87ad61e000-7f87ad61f000 rwxp 00023000 fc:04 1578179                    /usr/lib/x86_64-linux-gnu/libgstpbutils-0.10.so.0.25.0
7f87ad61f000-7f87ad62a000 r-xp 00000000 fc:04 1578171                    /usr/lib/x86_64-linux-gnu/libgstriff-0.10.so.0.25.0
7f87ad62a000-7f87ad82a000 ---p 0000b000 fc:04 1578171                    /usr/lib/x86_64-linux-gnu/libgstriff-0.10.so.0.25.0
7f87ad82a000-7f87ad82b000 r-xp 0000b000 fc:04 1578171                    /usr/lib/x86_64-linux-gnu/libgstriff-0.10.so.0.25.0
7f87ad82b000-7f87ad82c000 rwxp 0000c000 fc:04 1578171                    /usr/lib/x86_64-linux-gnu/libgstriff-0.10.so.0.25.0
7f87ad82c000-7f87ad837000 r-xp 00000000 fc:04 1578173                    /usr/lib/x86_64-linux-gnu/libgstapp-0.10.so.0.25.0
7f87ad837000-7f87ada36000 ---p 0000b000 fc:04 1578173                    /usr/lib/x86_64-linux-gnu/libgstapp-0.10.so.0.25.0
7f87ada36000-7f87ada37000 r-xp 0000a000 fc:04 1578173                    /usr/lib/x86_64-linux-gnu/libgstapp-0.10.so.0.25.0
7f87ada37000-7f87ada38000 rwxp 0000b000 fc:04 1578173                    /usr/lib/x86_64-linux-gnu/libgstapp-0.10.so.0.25.0
7f87ada38000-7f87ada52000 r-xp 00000000 fc:04 1576684                    /usr/lib/x86_64-linux-gnu/libgstvideo-0.10.so.0.25.0
7f87ada52000-7f87adc52000 ---p 0001a000 fc:04 1576684                    /usr/lib/x86_64-linux-gnu/libgstvideo-0.10.so.0.25.0
7f87adc52000-7f87adc53000 r-xp 0001a000 fc:04 1576684                    /usr/lib/x86_64-linux-gnu/libgstvideo-0.10.so.0.25.0
7f87adc53000-7f87adc54000 rwxp 0001b000 fc:04 1576684                    /usr/lib/x86_64-linux-gnu/libgstvideo-0.10.so.0.25.0
7f87adc54000-7f87add32000 r-xp 00000000 fc:04 1581660                    /usr/lib/x86_64-linux-gnu/libgstreamer-0.10.so.0.30.0
7f87add32000-7f87adf31000 ---p 000de000 fc:04 1581660                    /usr/lib/x86_64-linux-gnu/libgstreamer-0.10.so.0.30.0
7f87adf31000-7f87adf36000 r-xp 000dd000 fc:04 1581660                    /usr/lib/x86_64-linux-gnu/libgstreamer-0.10.so.0.30.0
7f87adf36000-7f87adf38000 rwxp 000e2000 fc:04 1581660                    /usr/lib/x86_64-linux-gnu/libgstreamer-0.10.so.0.30.0
7f87adf38000-7f87adf3a000 rwxp 00000000 00:00 0 
7f87adf3a000-7f87ae033000 r-xp 00000000 fc:04 1835020                    /lib/x86_64-linux-gnu/libglib-2.0.so.0.3600.0
7f87ae033000-7f87ae233000 ---p 000f9000 fc:04 1835020                    /lib/x86_64-linux-gnu/libglib-2.0.so.0.3600.0
7f87ae233000-7f87ae234000 r-xp 000f9000 fc:04 1835020                    /lib/x86_64-linux-gnu/libglib-2.0.so.0.3600.0
7f87ae234000-7f87ae235000 rwxp 000fa000 fc:04 1835020                    /lib/x86_64-linux-gnu/libglib-2.0.so.0.3600.0
7f87ae235000-7f87ae236000 rwxp 00000000 00:00 0 
7f87ae236000-7f87ae283000 r-xp 00000000 fc:04 1576348                    /usr/lib/x86_64-linux-gnu/libgobject-2.0.so.0.3600.0
7f87ae283000-7f87ae483000 ---p 0004d000 fc:04 1576348                    /usr/lib/x86_64-linux-gnu/libgobject-2.0.so.0.3600.0
7f87ae483000-7f87ae484000 r-xp 0004d000 fc:04 1576348                    /usr/lib/x86_64-linux-gnu/libgobject-2.0.so.0.3600.0
7f87ae484000-7f87ae485000 rwxp 0004e000 fc:04 1576348                    /usr/lib/x86_64-linux-gnu/libgobject-2.0.so.0.3600.0
7f87ae485000-7f87ae583000 r-xp 00000000 fc:04 1578148                    /usr/lib/x86_64-linux-gnu/libcairo.so.2.11200.14
7f87ae583000-7f87ae783000 ---p 000fe000 fc:04 1578148                    /usr/lib/x86_64-linux-gnu/libcairo.so.2.11200.14
7f87ae783000-7f87ae786000 r-xp 000fe000 fc:04 1578148                    /usr/lib/x86_64-linux-gnu/libcairo.so.2.11200.14
7f87ae786000-7f87ae787000 rwxp 00101000 fc:04 1578148                    /usr/lib/x86_64-linux-gnu/libcairo.so.2.11200.14
7f87ae787000-7f87ae789000 rwxp 00000000 00:00 0 
7f87ae789000-7f87ae7a7000 r-xp 00000000 fc:04 1581019                    /usr/lib/x86_64-linux-gnu/libgdk_pixbuf-2.0.so.0.2800.0
7f87ae7a7000-7f87ae9a7000 ---p 0001e000 fc:04 1581019                    /usr/lib/x86_64-linux-gnu/libgdk_pixbuf-2.0.so.0.2800.0
7f87ae9a7000-7f87ae9a8000 r-xp 0001e000 fc:04 1581019                    /usr/lib/x86_64-linux-gnu/libgdk_pixbuf-2.0.so.0.2800.0
7f87ae9a8000-7f87ae9a9000 rwxp 0001f000 fc:04 1581019                    /usr/lib/x86_64-linux-gnu/libgdk_pixbuf-2.0.so.0.2800.0
7f87ae9a9000-7f87aea56000 r-xp 00000000 fc:04 1582015                    /usr/lib/x86_64-linux-gnu/libgdk-x11-2.0.so.0.2400.17
7f87aea56000-7f87aec55000 ---p 000ad000 fc:04 1582015                    /usr/lib/x86_64-linux-gnu/libgdk-x11-2.0.so.0.2400.17
7f87aec55000-7f87aec59000 r-xp 000ac000 fc:04 1582015                    /usr/lib/x86_64-linux-gnu/libgdk-x11-2.0.so.0.2400.17
7f87aec59000-7f87aec5b000 rwxp 000b0000 fc:04 1582015                    /usr/lib/x86_64-linux-gnu/libgdk-x11-2.0.so.0.2400.17
7f87aec5b000-7f87af088000 r-xp 00000000 fc:04 1582533                    /usr/lib/x86_64-linux-gnu/libgtk-x11-2.0.so.0.2400.17
7f87af088000-7f87af287000 ---p 0042d000 fc:04 1582533                    /usr/lib/x86_64-linux-gnu/libgtk-x11-2.0.so.0.2400.17
7f87af287000-7f87af28e000 r-xp 0042c000 fc:04 1582533                    /usr/lib/x86_64-linux-gnu/libgtk-x11-2.0.so.0.2400.17
7f87af28e000-7f87af292000 rwxp 00433000 fc:04 1582533                    /usr/lib/x86_64-linux-gnu/libgtk-x11-2.0.so.0.2400.17
7f87af292000-7f87af294000 rwxp 00000000 00:00 0 
7f87af294000-7f87af2e0000 r-xp 00000000 fc:04 1581010                    /usr/lib/x86_64-linux-gnu/libjasper.so.1.0.0
7f87af2e0000-7f87af4df000 ---p 0004c000 fc:04 1581010                    /usr/lib/x86_64-linux-gnu/libjasper.so.1.0.0
7f87af4df000-7f87af4e0000 r-xp 0004b000 fc:04 1581010                    /usr/lib/x86_64-linux-gnu/libjasper.so.1.0.0
7f87af4e0000-7f87af4e4000 rwxp 0004c000 fc:04 1581010                    /usr/lib/x86_64-linux-gnu/libjasper.so.1.0.0
7f87af4e4000-7f87af4eb000 rwxp 00000000 00:00 0 
7f87af4eb000-7f87af558000 r-xp 00000000 fc:04 1573123                    /usr/lib/x86_64-linux-gnu/libtiff.so.5.1.0
7f87af558000-7f87af758000 ---p 0006d000 fc:04 1573123                    /usr/lib/x86_64-linux-gnu/libtiff.so.5.1.0
7f87af758000-7f87af759000 r-xp 0006d000 fc:04 1573123                    /usr/lib/x86_64-linux-gnu/libtiff.so.5.1.0
7f87af759000-7f87af75c000 rwxp 0006e000 fc:04 1573123                    /usr/lib/x86_64-linux-gnu/libtiff.so.5.1.0
7f87af75c000-7f87af781000 r-xp 00000000 fc:04 1835596                    /lib/x86_64-linux-gnu/libpng12.so.0.49.0
7f87af781000-7f87af980000 ---p 00025000 fc:04 1835596                    /lib/x86_64-linux-gnu/libpng12.so.0.49.0
7f87af980000-7f87af981000 r-xp 00024000 fc:04 1835596                    /lib/x86_64-linux-gnu/libpng12.so.0.49.0
7f87af981000-7f87af982000 rwxp 00025000 fc:04 1835596                    /lib/x86_64-linux-gnu/libpng12.so.0.49.0
7f87af982000-7f87af9c1000 r-xp 00000000 fc:04 1574412                    /usr/lib/x86_64-linux-gnu/libjpeg.so.8.0.2
7f87af9c1000-7f87afbc1000 ---p 0003f000 fc:04 1574412                    /usr/lib/x86_64-linux-gnu/libjpeg.so.8.0.2
7f87afbc1000-7f87afbc2000 r-xp 0003f000 fc:04 1574412                    /usr/lib/x86_64-linux-gnu/libjpeg.so.8.0.2
7f87afbc2000-7f87afbc3000 rwxp 00040000 fc:04 1574412                    /usr/lib/x86_64-linux-gnu/libjpeg.so.8.0.2
7f87afbc3000-7f87afbd3000 rwxp 00000000 00:00 0 
7f87afbd3000-7f87afbe9000 r-xp 00000000 fc:04 1838992                    /lib/x86_64-linux-gnu/libz.so.1.2.7
7f87afbe9000-7f87afde8000 ---p 00016000 fc:04 1838992                    /lib/x86_64-linux-gnu/libz.so.1.2.7
7f87afde8000-7f87afde9000 r-xp 00015000 fc:04 1838992                    /lib/x86_64-linux-gnu/libz.so.1.2.7
7f87afde9000-7f87afdea000 rwxp 00016000 fc:04 1838992                    /lib/x86_64-linux-gnu/libz.so.1.2.7
7f87afdea000-7f87afdfe000 r-xp 00000000 fc:04 1839664                    /lib/x86_64-linux-gnu/libgcc_s.so.1
7f87afdfe000-7f87afffe000 ---p 00014000 fc:04 1839664                    /lib/x86_64-linux-gnu/libgcc_s.so.1
7f87afffe000-7f87affff000 r-xp 00014000 fc:04 1839664                    /lib/x86_64-linux-gnu/libgcc_s.so.1
7f87affff000-7f87b0000000 rwxp 00015000 fc:04 1839664                    /lib/x86_64-linux-gnu/libgcc_s.so.1
7f87b0000000-7f87b0021000 rwxp 00000000 00:00 0 
7f87b0021000-7f87b4000000 ---p 00000000 00:00 0 
7f87b4000000-7f87b4021000 rwxp 00000000 00:00 0 
7f87b4021000-7f87b8000000 ---p 00000000 00:00 0 
7f87b8000000-7f87b8021000 rwxp 00000000 00:00 0 
7f87b8021000-7f87bc000000 ---p 00000000 00:00 0 
7f87bc000000-7f87bc021000 rwxp 00000000 00:00 0 
7f87bc021000-7f87c0000000 ---p 00000000 00:00 0 
7f87c01c2000-7f87c02a7000 r-xp 00000000 fc:04 1573654                    /usr/lib/x86_64-linux-gnu/libstdc++.so.6.0.17
7f87c02a7000-7f87c04a6000 ---p 000e5000 fc:04 1573654                    /usr/lib/x86_64-linux-gnu/libstdc++.so.6.0.17
7f87c04a6000-7f87c04ae000 r-xp 000e4000 fc:04 1573654                    /usr/lib/x86_64-linux-gnu/libstdc++.so.6.0.17
7f87c04ae000-7f87c04b0000 rwxp 000ec000 fc:04 1573654                    /usr/lib/x86_64-linux-gnu/libstdc++.so.6.0.17
7f87c04b0000-7f87c04c5000 rwxp 00000000 00:00 0 
7f87c04c5000-7f87c0551000 r-xp 00000000 fc:04 1718950                    /usr/local/lib/libopencv_photo.so.3.0.0
7f87c0551000-7f87c0750000 ---p 0008c000 fc:04 1718950                    /usr/local/lib/libopencv_photo.so.3.0.0
7f87c0750000-7f87c0752000 r-xp 0008b000 fc:04 1718950                    /usr/local/lib/libopencv_photo.so.3.0.0
7f87c0752000-7f87c0753000 rwxp 0008d000 fc:04 1718950                    /usr/local/lib/libopencv_photo.so.3.0.0
7f87c0753000-7f87c0810000 r-xp 00000000 fc:04 1715147                    /usr/local/lib/libopencv_contrib.so.3.0.0
7f87c0810000-7f87c0a10000 ---p 000bd000 fc:04 1715147                    /usr/local/lib/libopencv_contrib.so.3.0.0
7f87c0a10000-7f87c0a12000 r-xp 000bd000 fc:04 1715147                    /usr/local/lib/libopencv_contrib.so.3.0.0
7f87c0a12000-7f87c0a14000 rwxp 000bf000 fc:04 1715147                    /usr/local/lib/libopencv_contrib.so.3.0.0
7f87c0a14000-7f87c0a92000 r-xp 00000000 fc:04 1715144                    /usr/local/lib/libopencv_video.so.3.0.0
7f87c0a92000-7f87c0c91000 ---p 0007e000 fc:04 1715144                    /usr/local/lib/libopencv_video.so.3.0.0
7f87c0c91000-7f87c0c93000 r-xp 0007d000 fc:04 1715144                    /usr/local/lib/libopencv_video.so.3.0.0
7f87c0c93000-7f87c0c94000 rwxp 0007f000 fc:04 1715144                    /usr/local/lib/libopencv_video.so.3.0.0
7f87c0c94000-7f87c0d4f000 r-xp 00000000 fc:04 1715141                    /usr/local/lib/libopencv_objdetect.so.3.0.0
7f87c0d4f000-7f87c0f4f000 ---p 000bb000 fc:04 1715141                    /usr/local/lib/libopencv_objdetect.so.3.0.0
7f87c0f4f000-7f87c0f51000 r-xp 000bb000 fc:04 1715141                    /usr/local/lib/libopencv_objdetect.so.3.0.0
7f87c0f51000-7f87c0f53000 rwxp 000bd000 fc:04 1715141                    /usr/local/lib/libopencv_objdetect.so.3.0.0
7f87c0f53000-7f87c1016000 rwxp 00000000 00:00 0 
7f87c1016000-7f87c1042000 r-xp 00000000 fc:04 1715138                    /usr/local/lib/libopencv_nonfree.so.3.0.0
7f87c1042000-7f87c1241000 ---p 0002c000 fc:04 1715138                    /usr/local/lib/libopencv_nonfree.so.3.0.0
7f87c1241000-7f87c1243000 r-xp 0002b000 fc:04 1715138                    /usr/local/lib/libopencv_nonfree.so.3.0.0
7f87c1243000-7f87c1244000 rwxp 0002d000 fc:04 1715138                    /usr/local/lib/libopencv_nonfree.so.3.0.0
7f87c1244000-7f87c12bf000 r-xp 00000000 fc:04 1715135                    /usr/local/lib/libopencv_ml.so.3.0.0
7f87c12bf000-7f87c14be000 ---p 0007b000 fc:04 1715135                    /usr/local/lib/libopencv_ml.so.3.0.0
7f87c14be000-7f87c14c0000 r-xp 0007a000 fc:04 1715135                    /usr/local/lib/libopencv_ml.so.3.0.0
7f87c14c0000-7f87c14c2000 rwxp 0007c000 fc:04 1715135                    /usr/local/lib/libopencv_ml.so.3.0.0
7f87c14c2000-7f87c15af000 r-xp 00000000 fc:04 1714475                    /usr/local/lib/libopencv_calib3d.so.3.0.0
7f87c15af000-7f87c17af000 ---p 000ed000 fc:04 1714475                    /usr/local/lib/libopencv_calib3d.so.3.0.0
7f87c17af000-7f87c17b1000 r-xp 000ed000 fc:04 1714475                    /usr/local/lib/libopencv_calib3d.so.3.0.0
7f87c17b1000-7f87c17b2000 rwxp 000ef000 fc:04 1714475                    /usr/local/lib/libopencv_calib3d.so.3.0.0
7f87c17b2000-7f87c1869000 r-xp 00000000 fc:04 1714377                    /usr/local/lib/libopencv_features2d.so.3.0.0
7f87c1869000-7f87c1a69000 ---p 000b7000 fc:04 1714377                    /usr/local/lib/libopencv_features2d.so.3.0.0
7f87c1a69000-7f87c1a6d000 r-xp 000b7000 fc:04 1714377                    /usr/local/lib/libopencv_features2d.so.3.0.0
7f87c1a6d000-7f87c1a6f000 rwxp 000bb000 fc:04 1714377                    /usr/local/lib/libopencv_features2d.so.3.0.0
7f87c1a6f000-7f87c1a70000 rwxp 00000000 00:00 0 
7f87c1a70000-7f87c1bf2000 r-xp 00000000 fc:04 1714366                    /usr/local/lib/libopencv_highgui.so.3.0.0
7f87c1bf2000-7f87c1df2000 ---p 00182000 fc:04 1714366                    /usr/local/lib/libopencv_highgui.so.3.0.0
7f87c1df2000-7f87c1df9000 r-xp 00182000 fc:04 1714366                    /usr/local/lib/libopencv_highgui.so.3.0.0
7f87c1df9000-7f87c1dfb000 rwxp 00189000 fc:04 1714366                    /usr/local/lib/libopencv_highgui.so.3.0.0
7f87c1dfb000-7f87c1dff000 rwxp 00000000 00:00 0 
7f87c1dff000-7f87c2065000 r-xp 00000000 fc:04 1714361                    /usr/local/lib/libopencv_imgproc.so.3.0.0
7f87c2065000-7f87c2265000 ---p 00266000 fc:04 1714361                    /usr/local/lib/libopencv_imgproc.so.3.0.0
7f87c2265000-7f87c226f000 r-xp 00266000 fc:04 1714361                    /usr/local/lib/libopencv_imgproc.so.3.0.0
7f87c226f000-7f87c2270000 rwxp 00270000 fc:04 1714361                    /usr/local/lib/libopencv_imgproc.so.3.0.0
7f87c2270000-7f87c2307000 rwxp 00000000 00:00 0 
7f87c2307000-7f87c2576000 r-xp 00000000 fc:04 1713938                    /usr/local/lib/libopencv_core.so.3.0.0
7f87c2576000-7f87c2776000 ---p 0026f000 fc:04 1713938                    /usr/local/lib/libopencv_core.so.3.0.0
7f87c2776000-7f87c277b000 r-xp 0026f000 fc:04 1713938                    /usr/local/lib/libopencv_core.so.3.0.0
7f87c277b000-7f87c2784000 rwxp 00274000 fc:04 1713938                    /usr/local/lib/libopencv_core.so.3.0.0
7f87c2784000-7f87c2787000 rwxp 00000000 00:00 0 
7f87c2787000-7f87c282f000 r-xp 00000000 fc:04 1914200                    /usr/local/share/OpenCV/java/libopencv_java300.so
7f87c282f000-7f87c2a2f000 ---p 000a8000 fc:04 1914200                    /usr/local/share/OpenCV/java/libopencv_java300.so
7f87c2a2f000-7f87c2a30000 r-xp 000a8000 fc:04 1914200                    /usr/local/share/OpenCV/java/libopencv_java300.so
7f87c2a30000-7f87c2a32000 rwxp 000a9000 fc:04 1914200                    /usr/local/share/OpenCV/java/libopencv_java300.so
7f87c2a32000-7f87c2a45000 r-xp 00000000 fc:04 819043                     /usr/lib/jvm/java-6-sun-1.6.0_41/jre/lib/amd64/libnet.so
7f87c2a45000-7f87c2b46000 ---p 00013000 fc:04 819043                     /usr/lib/jvm/java-6-sun-1.6.0_41/jre/lib/amd64/libnet.so
7f87c2b46000-7f87c2b49000 rwxp 00014000 fc:04 819043                     /usr/lib/jvm/java-6-sun-1.6.0_41/jre/lib/amd64/libnet.so
7f87c2b49000-7f87c2b4c000 ---p 00000000 00:00 0 
7f87c2b4c000-7f87c2c4a000 rwxp 00000000 00:00 0                          [stack:7304]
7f87c2c4a000-7f87c2c4b000 r-xp 00000000 fc:04 1190359                    /opt/idea-IU-129.1359/bin/libbreakgen64.so
7f87c2c4b000-7f87c2e4a000 ---p 00001000 fc:04 1190359                    /opt/idea-IU-129.1359/bin/libbreakgen64.so
7f87c2e4a000-7f87c2e4b000 r-xp 00000000 fc:04 1190359                    /opt/idea-IU-129.1359/bin/libbreakgen64.so
7f87c2e4b000-7f87c2e4c000 rwxp 00001000 fc:04 1190359                    /opt/idea-IU-129.1359/bin/libbreakgen64.so
7f87c2e4c000-7f87c2e4d000 ---p 00000000 00:00 0 
7f87c2e4d000-7f87c2f4d000 rwxp 00000000 00:00 0                          [stack:7303]
7f87c2f4d000-7f87c2f50000 ---p 00000000 00:00 0 
7f87c2f50000-7f87c304e000 rwxp 00000000 00:00 0                          [stack:7302]
7f87c304e000-7f87c3051000 ---p 00000000 00:00 0 
7f87c3051000-7f87c314f000 rwxp 00000000 00:00 0                          [stack:7301]
7f87c314f000-7f87c3152000 ---p 00000000 00:00 0 
7f87c3152000-7f87c3250000 rwxp 00000000 00:00 0                          [stack:7300]
7f87c3250000-7f87c3253000 ---p 00000000 00:00 0 
7f87c3253000-7f87c3351000 rwxp 00000000 00:00 0                          [stack:7299]
7f87c3351000-7f87c39fa000 r-xp 00000000 fc:04 1580395                    /usr/lib/locale/locale-archive
7f87c39fa000-7f87c39fd000 ---p 00000000 00:00 0 
7f87c39fd000-7f87c3afb000 rwxp 00000000 00:00 0                          [stack:7298]
7f87c3afb000-7f87c3afe000 ---p 00000000 00:00 0 
7f87c3afe000-7f87c3bfc000 rwxp 00000000 00:00 0                          [stack:7297]
7f87c3bfc000-7f87c3bfd000 ---p 00000000 00:00 0 
7f87c3bfd000-7f87c4000000 rwxp 00000000 00:00 0                          [stack:7296]
7f87c4000000-7f87c4021000 rwxp 00000000 00:00 0 
7f87c4021000-7f87c8000000 ---p 00000000 00:00 0 
7f87c8000000-7f87c8021000 rwxp 00000000 00:00 0 
7f87c8021000-7f87cc000000 ---p 00000000 00:00 0 
7f87cc000000-7f87cc021000 rwxp 00000000 00:00 0 
7f87cc021000-7f87d0000000 ---p 00000000 00:00 0 
7f87d008c000-7f87d00bd000 rwxp 00000000 00:00 0 
7f87d00bd000-7f87d00cc000 r-xs 00667000 fc:04 819216                     /usr/lib/jvm/java-6-sun-1.6.0_41/jre/lib/charsets.jar
7f87d00cc000-7f87d02ce000 rwxp 00000000 00:00 0 
7f87d02ce000-7f87d0466000 r-xs 03082000 fc:04 819533                     /usr/lib/jvm/java-6-sun-1.6.0_41/jre/lib/rt.jar
7f87d0466000-7f87d0467000 ---p 00000000 00:00 0 
7f87d0467000-7f87d0567000 rwxp 00000000 00:00 0                          [stack:7295]
7f87d0567000-7f87d0568000 ---p 00000000 00:00 0 
7f87d0568000-7f87d0668000 rwxp 00000000 00:00 0                          [stack:7294]
7f87d0668000-7f87d0669000 ---p 00000000 00:00 0 
7f87d0669000-7f87d0769000 rwxp 00000000 00:00 0                          [stack:7293]
7f87d0769000-7f87d076a000 ---p 00000000 00:00 0 
7f87d076a000-7f87d0893000 rwxp 00000000 00:00 0                          [stack:7292]
7f87d0893000-7f87d0af4000 rwxp 00000000 00:00 0 
7f87d0af4000-7f87d0aff000 rwxp 00000000 00:00 0 
7f87d0aff000-7f87d0b1d000 rwxp 00000000 00:00 0 
7f87d0b1d000-7f87d0b46000 rwxp 00000000 00:00 0 
7f87d0b46000-7f87d0da6000 rwxp 00000000 00:00 0 
7f87d0da6000-7f87d0dbb000 rwxp 00000000 00:00 0 
7f87d0dbb000-7f87d0eeb000 rwxp 00000000 00:00 0 
7f87d0eeb000-7f87d115c000 rwxp 00000000 00:00 0 
7f87d115c000-7f87d3eec000 rwxp 00000000 00:00 0 
7f87d3eec000-7f87d3efa000 r-xp 00000000 fc:04 819063                     /usr/lib/jvm/java-6-sun-1.6.0_41/jre/lib/amd64/libzip.so
7f87d3efa000-7f87d3ffc000 ---p 0000e000 fc:04 819063                     /usr/lib/jvm/java-6-sun-1.6.0_41/jre/lib/amd64/libzip.so
7f87d3ffc000-7f87d3fff000 rwxp 00010000 fc:04 819063                     /usr/lib/jvm/java-6-sun-1.6.0_41/jre/lib/amd64/libzip.so
7f87d3fff000-7f87d4000000 rwxp 00000000 00:00 0 
7f87d4000000-7f87d7951000 rwxp 00000000 00:00 0 
7f87d7951000-7f87d8000000 ---p 00000000 00:00 0 
7f87d8003000-7f87d8006000 r-xs 00018000 fc:05 5510746                    /home/jtomas/.m2/repository/com/googlecode/javacpp/javacpp/0.3/javacpp-0.3.jar
7f87d8006000-7f87d800b000 r-xs 00071000 fc:04 1914199                    /usr/local/share/OpenCV/java/opencv-300.jar
7f87d800b000-7f87d801d000 r-xs 001b2000 fc:04 819227                     /usr/lib/jvm/java-6-sun-1.6.0_41/jre/lib/plugin.jar
7f87d801d000-7f87d802e000 r-xs 00350000 fc:04 819040                     /usr/lib/jvm/java-6-sun-1.6.0_41/jre/lib/deploy.jar
7f87d802e000-7f87d8095000 rwxp 00000000 00:00 0 
7f87d8095000-7f87d80b3000 rwxp 00000000 00:00 0 
7f87d80b3000-7f87d80bf000 r-xp 00000000 fc:04 1836505                    /lib/x86_64-linux-gnu/libnss_files-2.17.so
7f87d80bf000-7f87d82be000 ---p 0000c000 fc:04 1836505                    /lib/x86_64-linux-gnu/libnss_files-2.17.so
7f87d82be000-7f87d82bf000 r-xp 0000b000 fc:04 1836505                    /lib/x86_64-linux-gnu/libnss_files-2.17.so
7f87d82bf000-7f87d82c0000 rwxp 0000c000 fc:04 1836505                    /lib/x86_64-linux-gnu/libnss_files-2.17.so
7f87d82c0000-7f87d82cb000 r-xp 00000000 fc:04 1836519                    /lib/x86_64-linux-gnu/libnss_nis-2.17.so
7f87d82cb000-7f87d84ca000 ---p 0000b000 fc:04 1836519                    /lib/x86_64-linux-gnu/libnss_nis-2.17.so
7f87d84ca000-7f87d84cb000 r-xp 0000a000 fc:04 1836519                    /lib/x86_64-linux-gnu/libnss_nis-2.17.so
7f87d84cb000-7f87d84cc000 rwxp 0000b000 fc:04 1836519                    /lib/x86_64-linux-gnu/libnss_nis-2.17.so
7f87d84cc000-7f87d84d4000 r-xp 00000000 fc:04 1836523                    /lib/x86_64-linux-gnu/libnss_compat-2.17.so
7f87d84d4000-7f87d86d3000 ---p 00008000 fc:04 1836523                    /lib/x86_64-linux-gnu/libnss_compat-2.17.so
7f87d86d3000-7f87d86d4000 r-xp 00007000 fc:04 1836523                    /lib/x86_64-linux-gnu/libnss_compat-2.17.so
7f87d86d4000-7f87d86d5000 rwxp 00008000 fc:04 1836523                    /lib/x86_64-linux-gnu/libnss_compat-2.17.so
7f87d86d5000-7f87d86ec000 r-xp 00000000 fc:04 1835306                    /lib/x86_64-linux-gnu/libnsl-2.17.so
7f87d86ec000-7f87d88eb000 ---p 00017000 fc:04 1835306                    /lib/x86_64-linux-gnu/libnsl-2.17.so
7f87d88eb000-7f87d88ec000 r-xp 00016000 fc:04 1835306                    /lib/x86_64-linux-gnu/libnsl-2.17.so
7f87d88ec000-7f87d88ed000 rwxp 00017000 fc:04 1835306                    /lib/x86_64-linux-gnu/libnsl-2.17.so
7f87d88ed000-7f87d88ef000 rwxp 00000000 00:00 0 
7f87d88ef000-7f87d8918000 r-xp 00000000 fc:04 819073                     /usr/lib/jvm/java-6-sun-1.6.0_41/jre/lib/amd64/libjava.so
7f87d8918000-7f87d8a17000 ---p 00029000 fc:04 819073                     /usr/lib/jvm/java-6-sun-1.6.0_41/jre/lib/amd64/libjava.so
7f87d8a17000-7f87d8a1e000 rwxp 00028000 fc:04 819073                     /usr/lib/jvm/java-6-sun-1.6.0_41/jre/lib/amd64/libjava.so
7f87d8a1e000-7f87d8a2b000 r-xp 00000000 fc:04 819052                     /usr/lib/jvm/java-6-sun-1.6.0_41/jre/lib/amd64/libverify.so
7f87d8a2b000-7f87d8b2a000 ---p 0000d000 fc:04 819052                     /usr/lib/jvm/java-6-sun-1.6.0_41/jre/lib/amd64/libverify.so
7f87d8b2a000-7f87d8b2d000 rwxp 0000c000 fc:04 819052                     /usr/lib/jvm/java-6-sun-1.6.0_41/jre/lib/amd64/libverify.so
7f87d8b2d000-7f87d8b34000 r-xp 00000000 fc:04 1836511                    /lib/x86_64-linux-gnu/librt-2.17.so
7f87d8b34000-7f87d8d33000 ---p 00007000 fc:04 1836511                    /lib/x86_64-linux-gnu/librt-2.17.so
7f87d8d33000-7f87d8d34000 r-xp 00006000 fc:04 1836511                    /lib/x86_64-linux-gnu/librt-2.17.so
7f87d8d34000-7f87d8d35000 rwxp 00007000 fc:04 1836511                    /lib/x86_64-linux-gnu/librt-2.17.so
7f87d8d35000-7f87d8d38000 ---p 00000000 00:00 0 
7f87d8d38000-7f87d8e36000 rwxp 00000000 00:00 0                          [stack:7291]
7f87d8e36000-7f87d8f39000 r-xp 00000000 fc:04 1836521                    /lib/x86_64-linux-gnu/libm-2.17.so
7f87d8f39000-7f87d9139000 ---p 00103000 fc:04 1836521                    /lib/x86_64-linux-gnu/libm-2.17.so
7f87d9139000-7f87d913a000 r-xp 00103000 fc:04 1836521                    /lib/x86_64-linux-gnu/libm-2.17.so
7f87d913a000-7f87d913b000 rwxp 00104000 fc:04 1836521                    /lib/x86_64-linux-gnu/libm-2.17.so
7f87d913b000-7f87d9a59000 r-xp 00000000 fc:04 921239                     /usr/lib/jvm/java-6-sun-1.6.0_41/jre/lib/amd64/server/libjvm.so
7f87d9a59000-7f87d9b5b000 ---p 0091e000 fc:04 921239                     /usr/lib/jvm/java-6-sun-1.6.0_41/jre/lib/amd64/server/libjvm.so
7f87d9b5b000-7f87d9d11000 rwxp 00920000 fc:04 921239                     /usr/lib/jvm/java-6-sun-1.6.0_41/jre/lib/amd64/server/libjvm.so
7f87d9d11000-7f87d9d4b000 rwxp 00000000 00:00 0 
7f87d9d4b000-7f87d9f0a000 r-xp 00000000 fc:04 1836527                    /lib/x86_64-linux-gnu/libc-2.17.so
7f87d9f0a000-7f87da109000 ---p 001bf000 fc:04 1836527                    /lib/x86_64-linux-gnu/libc-2.17.so
7f87da109000-7f87da10d000 r-xp 001be000 fc:04 1836527                    /lib/x86_64-linux-gnu/libc-2.17.so
7f87da10d000-7f87da10f000 rwxp 001c2000 fc:04 1836527                    /lib/x86_64-linux-gnu/libc-2.17.so
7f87da10f000-7f87da114000 rwxp 00000000 00:00 0 
7f87da114000-7f87da117000 r-xp 00000000 fc:04 1836503                    /lib/x86_64-linux-gnu/libdl-2.17.so
7f87da117000-7f87da316000 ---p 00003000 fc:04 1836503                    /lib/x86_64-linux-gnu/libdl-2.17.so
7f87da316000-7f87da317000 r-xp 00002000 fc:04 1836503                    /lib/x86_64-linux-gnu/libdl-2.17.so
7f87da317000-7f87da318000 rwxp 00003000 fc:04 1836503                    /lib/x86_64-linux-gnu/libdl-2.17.so
7f87da318000-7f87da330000 r-xp 00000000 fc:04 1836497                    /lib/x86_64-linux-gnu/libpthread-2.17.so
7f87da330000-7f87da52f000 ---p 00018000 fc:04 1836497                    /lib/x86_64-linux-gnu/libpthread-2.17.so
7f87da52f000-7f87da530000 r-xp 00017000 fc:04 1836497                    /lib/x86_64-linux-gnu/libpthread-2.17.so
7f87da530000-7f87da531000 rwxp 00018000 fc:04 1836497                    /lib/x86_64-linux-gnu/libpthread-2.17.so
7f87da531000-7f87da535000 rwxp 00000000 00:00 0 
7f87da535000-7f87da558000 r-xp 00000000 fc:04 1835291                    /lib/x86_64-linux-gnu/ld-2.17.so
7f87da558000-7f87da55a000 r-xs 00013000 fc:04 1204787                    /opt/idea-IU-129.1359/lib/idea_rt.jar
7f87da55a000-7f87da55c000 r-xs 001a0000 fc:05 5510751                    /home/jtomas/.m2/repository/com/googlecode/javacv/javacv/0.3/javacv-0.3-linux-x86_64.jar
7f87da55c000-7f87da566000 rwxp 00000000 00:00 0 
7f87da566000-7f87da61c000 rwxp 00000000 00:00 0 
7f87da61c000-7f87da61f000 rwxp 00000000 00:00 0 
7f87da61f000-7f87da626000 r-xp 00000000 fc:04 921231                     /usr/lib/jvm/java-6-sun-1.6.0_41/jre/lib/amd64/jli/libjli.so
7f87da626000-7f87da727000 ---p 00007000 fc:04 921231                     /usr/lib/jvm/java-6-sun-1.6.0_41/jre/lib/amd64/jli/libjli.so
7f87da727000-7f87da729000 rwxp 00008000 fc:04 921231                     /usr/lib/jvm/java-6-sun-1.6.0_41/jre/lib/amd64/jli/libjli.so
7f87da729000-7f87da72a000 rwxp 00000000 00:00 0 
7f87da72a000-7f87da72c000 r-xs 00009000 fc:04 819321                     /usr/lib/jvm/java-6-sun-1.6.0_41/jre/lib/alt-string.jar
7f87da72c000-7f87da72f000 r-xs 00013000 fc:04 819511                     /usr/lib/jvm/java-6-sun-1.6.0_41/jre/lib/jce.jar
7f87da72f000-7f87da732000 r-xs 0001c000 fc:04 819475                     /usr/lib/jvm/java-6-sun-1.6.0_41/jre/lib/alt-rt.jar
7f87da732000-7f87da73b000 r-xs 000d8000 fc:04 819032                     /usr/lib/jvm/java-6-sun-1.6.0_41/jre/lib/javaws.jar
7f87da73b000-7f87da742000 r-xs 00096000 fc:04 819097                     /usr/lib/jvm/java-6-sun-1.6.0_41/jre/lib/jsse.jar
7f87da742000-7f87da743000 r-xs 00000000 fc:04 819479                     /usr/lib/jvm/java-6-sun-1.6.0_41/jre/lib/management-agent.jar
7f87da743000-7f87da74b000 r-xs 00115000 fc:04 819228                     /usr/lib/jvm/java-6-sun-1.6.0_41/jre/lib/resources.jar
7f87da74b000-7f87da753000 rwxs 00000000 fc:04 1189788                    /tmp/hsperfdata_jtomas/7290
7f87da753000-7f87da754000 rwxp 00000000 00:00 0 
7f87da754000-7f87da755000 r-xp 00000000 00:00 0 
7f87da755000-7f87da757000 rwxp 00000000 00:00 0 
7f87da757000-7f87da758000 r-xp 00022000 fc:04 1835291                    /lib/x86_64-linux-gnu/ld-2.17.so
7f87da758000-7f87da75a000 rwxp 00023000 fc:04 1835291                    /lib/x86_64-linux-gnu/ld-2.17.so
7fff9211f000-7fff92140000 rwxp 00000000 00:00 0                          [stack]
7fff921bb000-7fff921bd000 r-xp 00000000 00:00 0                          [vdso]
ffffffffff600000-ffffffffff601000 r-xp 00000000 00:00 0                  [vsyscall]

VM Arguments:
jvm_args: -Djava.library.path=/usr/local/share/OpenCV/java/ -Didea.launcher.port=7537 -Didea.launcher.bin.path=/opt/idea-IU-129.1359/bin -Dfile.encoding=UTF-8 
java_command: com.intellij.rt.execution.application.AppMain com.marfeel.facedetection.FaceDetector
Launcher Type: SUN_STANDARD

Environment Variables:
JAVA_HOME=/usr/lib/jvm/java-1.6.0-openjdk-amd64
CLASSPATH=/opt/idea-IU-12/bin/../lib/bootstrap.jar:/opt/idea-IU-12/bin/../lib/extensions.jar:/opt/idea-IU-12/bin/../lib/util.jar:/opt/idea-IU-12/bin/../lib/jdom.jar:/opt/idea-IU-12/bin/../lib/log4j.jar:/opt/idea-IU-12/bin/../lib/trove4j.jar:/opt/idea-IU-12/bin/../lib/jna.jar:/usr/lib/jvm/java-6-sun/lib/tools.jar
PATH=/usr/lib/lightdm/lightdm:/usr/local/sbin:/usr/local/bin:/usr/sbin:/usr/bin:/sbin:/bin:/usr/games:/usr/local/games
LD_LIBRARY_PATH=/usr/lib/jvm/java-6-sun-1.6.0_41/jre/lib/amd64/server:/usr/lib/jvm/java-6-sun-1.6.0_41/jre/lib/amd64:/usr/lib/jvm/java-6-sun-1.6.0_41/jre/../lib/amd64:/opt/idea-IU-12/bin:
SHELL=/bin/bash
DISPLAY=:0

Signal Handlers:
SIGSEGV: [libjvm.so+0x862a30], sa_mask[0]=0x7ffbfeff, sa_flags=0x10000004
SIGBUS: [libjvm.so+0x862a30], sa_mask[0]=0x7ffbfeff, sa_flags=0x10000004
SIGFPE: [libjvm.so+0x7106f0], sa_mask[0]=0x7ffbfeff, sa_flags=0x10000004
SIGPIPE: [libjvm.so+0x7106f0], sa_mask[0]=0x7ffbfeff, sa_flags=0x10000004
SIGXFSZ: [libjvm.so+0x7106f0], sa_mask[0]=0x7ffbfeff, sa_flags=0x10000004
SIGILL: [libjvm.so+0x7106f0], sa_mask[0]=0x7ffbfeff, sa_flags=0x10000004
SIGUSR1: SIG_DFL, sa_mask[0]=0x00000000, sa_flags=0x00000000
SIGUSR2: [libjvm.so+0x713520], sa_mask[0]=0x00000004, sa_flags=0x10000004
SIGHUP: [libjvm.so+0x713120], sa_mask[0]=0x7ffbfeff, sa_flags=0x10000004
SIGINT: [libjvm.so+0x713120], sa_mask[0]=0x7ffbfeff, sa_flags=0x10000004
SIGTERM: [libjvm.so+0x713120], sa_mask[0]=0x7ffbfeff, sa_flags=0x10000004
SIGQUIT: [libjvm.so+0x713120], sa_mask[0]=0x7ffbfeff, sa_flags=0x10000004


---------------  S Y S T E M  ---------------

OS:wheezy/sid

uname:Linux 3.8.0-35-generic #50-Ubuntu SMP Tue Dec 3 01:24:59 UTC 2013 x86_64
libc:glibc 2.17 NPTL 2.17 
rlimit: STACK 8192k, CORE 0k, NPROC 62003, NOFILE 4096, AS infinity
load average:1.52 0.92 0.64

/proc/meminfo:
MemTotal:        7971012 kB
MemFree:          349416 kB
Buffers:          528596 kB
Cached:          2948880 kB
SwapCached:            0 kB
Active:          4846076 kB
Inactive:        2262844 kB
Active(anon):    3635020 kB
Inactive(anon):   655868 kB
Active(file):    1211056 kB
Inactive(file):  1606976 kB
Unevictable:        3800 kB
Mlocked:            3800 kB
SwapTotal:             0 kB
SwapFree:              0 kB
Dirty:             66892 kB
Writeback:             0 kB
AnonPages:       3635420 kB
Mapped:           396856 kB
Shmem:            656988 kB
Slab:             379496 kB
SReclaimable:     342192 kB
SUnreclaim:        37304 kB
KernelStack:        6400 kB
PageTables:        44424 kB
NFS_Unstable:          0 kB
Bounce:                0 kB
WritebackTmp:          0 kB
CommitLimit:     3985504 kB
Committed_AS:    8827040 kB
VmallocTotal:   34359738367 kB
VmallocUsed:      359120 kB
VmallocChunk:   34359376472 kB
HardwareCorrupted:     0 kB
AnonHugePages:         0 kB
HugePages_Total:       0
HugePages_Free:        0
HugePages_Rsvd:        0
HugePages_Surp:        0
Hugepagesize:       2048 kB
DirectMap4k:      106876 kB
DirectMap2M:     8075264 kB


CPU:total 4 (2 cores per cpu, 2 threads per core) family 6 model 37 stepping 5, cmov, cx8, fxsr, mmx, sse, sse2, sse3, ssse3, sse4.1, sse4.2, popcnt, ht

/proc/cpuinfo:
processor	: 0
vendor_id	: GenuineIntel
cpu family	: 6
model		: 37
model name	: Intel(R) Core(TM) i7 CPU       M 620  @ 2.67GHz
stepping	: 5
microcode	: 0x2
cpu MHz		: 1199.000
cache size	: 4096 KB
physical id	: 0
siblings	: 4
core id		: 0
cpu cores	: 2
apicid		: 0
initial apicid	: 0
fpu		: yes
fpu_exception	: yes
cpuid level	: 11
wp		: yes
flags		: fpu vme de pse tsc msr pae mce cx8 apic sep mtrr pge mca cmov pat pse36 clflush dts acpi mmx fxsr sse sse2 ss ht tm pbe syscall nx rdtscp lm constant_tsc arch_perfmon pebs bts rep_good nopl xtopology nonstop_tsc aperfmperf pni pclmulqdq dtes64 monitor ds_cpl vmx smx est tm2 ssse3 cx16 xtpr pdcm pcid sse4_1 sse4_2 popcnt aes lahf_lm ida arat dtherm tpr_shadow vnmi flexpriority ept vpid
bogomips	: 5319.57
clflush size	: 64
cache_alignment	: 64
address sizes	: 36 bits physical, 48 bits virtual
power management:

processor	: 1
vendor_id	: GenuineIntel
cpu family	: 6
model		: 37
model name	: Intel(R) Core(TM) i7 CPU       M 620  @ 2.67GHz
stepping	: 5
microcode	: 0x2
cpu MHz		: 1199.000
cache size	: 4096 KB
physical id	: 0
siblings	: 4
core id		: 2
cpu cores	: 2
apicid		: 4
initial apicid	: 4
fpu		: yes
fpu_exception	: yes
cpuid level	: 11
wp		: yes
flags		: fpu vme de pse tsc msr pae mce cx8 apic sep mtrr pge mca cmov pat pse36 clflush dts acpi mmx fxsr sse sse2 ss ht tm pbe syscall nx rdtscp lm constant_tsc arch_perfmon pebs bts rep_good nopl xtopology nonstop_tsc aperfmperf pni pclmulqdq dtes64 monitor ds_cpl vmx smx est tm2 ssse3 cx16 xtpr pdcm pcid sse4_1 sse4_2 popcnt aes lahf_lm ida arat dtherm tpr_shadow vnmi flexpriority ept vpid
bogomips	: 5319.57
clflush size	: 64
cache_alignment	: 64
address sizes	: 36 bits physical, 48 bits virtual
power management:

processor	: 2
vendor_id	: GenuineIntel
cpu family	: 6
model		: 37
model name	: Intel(R) Core(TM) i7 CPU       M 620  @ 2.67GHz
stepping	: 5
microcode	: 0x2
cpu MHz		: 1199.000
cache size	: 4096 KB
physical id	: 0
siblings	: 4
core id		: 0
cpu cores	: 2
apicid		: 1
initial apicid	: 1
fpu		: yes
fpu_exception	: yes
cpuid level	: 11
wp		: yes
flags		: fpu vme de pse tsc msr pae mce cx8 apic sep mtrr pge mca cmov pat pse36 clflush dts acpi mmx fxsr sse sse2 ss ht tm pbe syscall nx rdtscp lm constant_tsc arch_perfmon pebs bts rep_good nopl xtopology nonstop_tsc aperfmperf pni pclmulqdq dtes64 monitor ds_cpl vmx smx est tm2 ssse3 cx16 xtpr pdcm pcid sse4_1 sse4_2 popcnt aes lahf_lm ida arat dtherm tpr_shadow vnmi flexpriority ept vpid
bogomips	: 5319.57
clflush size	: 64
cache_alignment	: 64
address sizes	: 36 bits physical, 48 bits virtual
power management:

processor	: 3
vendor_id	: GenuineIntel
cpu family	: 6
model		: 37
model name	: Intel(R) Core(TM) i7 CPU       M 620  @ 2.67GHz
stepping	: 5
microcode	: 0x2
cpu MHz		: 2667.000
cache size	: 4096 KB
physical id	: 0
siblings	: 4
core id		: 2
cpu cores	: 2
apicid		: 5
initial apicid	: 5
fpu		: yes
fpu_exception	: yes
cpuid level	: 11
wp		: yes
flags		: fpu vme de pse tsc msr pae mce cx8 apic sep mtrr pge mca cmov pat pse36 clflush dts acpi mmx fxsr sse sse2 ss ht tm pbe syscall nx rdtscp lm constant_tsc arch_perfmon pebs bts rep_good nopl xtopology nonstop_tsc aperfmperf pni pclmulqdq dtes64 monitor ds_cpl vmx smx est tm2 ssse3 cx16 xtpr pdcm pcid sse4_1 sse4_2 popcnt aes lahf_lm ida arat dtherm tpr_shadow vnmi flexpriority ept vpid
bogomips	: 5319.57
clflush size	: 64
cache_alignment	: 64
address sizes	: 36 bits physical, 48 bits virtual
power management:



Memory: 4k page, physical 7971012k(349416k free), swap 0k(0k free)

vm_info: Java HotSpot(TM) 64-Bit Server VM (20.14-b01) for linux-amd64 JRE (1.6.0_41-b02), built on Feb  8 2013 02:16:50 by "java_re" with gcc 3.2.2 (SuSE Linux)

time: Fri Apr  4 12:18:27 2014
elapsed time: 0 seconds

