#
# A fatal error has been detected by the Java Runtime Environment:
#
#  SIGSEGV (0xb) at pc=0x00007fbfa618c949, pid=7710, tid=140462176757504
#
# JRE version: 6.0_41-b02
# Java VM: Java HotSpot(TM) 64-Bit Server VM (20.14-b01 mixed mode linux-amd64 compressed oops)
# Problematic frame:
# C  [libopencv_objdetect.so.3.0+0x41949]  cv::CascadeClassifierInvoker::operator()(cv::Range const&) const+0xe79
#
# If you would like to submit a bug report, please visit:
#   http://java.sun.com/webapps/bugreport/crash.jsp
# The crash happened outside the Java Virtual Machine in native code.
# See problematic frame for where to report the bug.
#

---------------  T H R E A D  ---------------

Current thread (0x00007fbfe0008000):  JavaThread "main" [_thread_in_native, id=7711, stack(0x00007fbfe6166000,0x00007fbfe6267000)]

siginfo:si_signo=SIGSEGV: si_errno=0, si_code=1 (SEGV_MAPERR), si_addr=0x00007fbed6ab340c

Registers:
RAX=0x00007fbfe111e720, RBX=0x00007fbfe01bc4a8, RCX=0xffffffffbd657017, RDX=0x00007fbfe11573b0
RSP=0x00007fbfe62643a0, RBP=0x00007fbfe38280b0, RSI=0x00007fbfe0268c10, RDI=0x00007fbfe0268d40
R8 =0x00007fbfe111dfa0, R9 =0x00007fbfe0268c10, R10=0x0000000000000013, R11=0xffffffffbd657d0f
R12=0x000000000000001b, R13=0x00007fbfe6264880, R14=0x00007fbfe6264630, R15=0x0000000000000002
RIP=0x00007fbfa618c949, EFLAGS=0x0000000000010202, CSGSFS=0x0000000000000033, ERR=0x0000000000000004
  TRAPNO=0x000000000000000e

Top of Stack: (sp=0x00007fbfe62643a0)
0x00007fbfe62643a0:   00007fbfe6264480 0000000000000000
0x00007fbfe62643b0:   00007fbfa7c2f910 000e076e01010000
0x00007fbfe62643c0:   00007fbfe6264480 0000000000000000
0x00007fbfe62643d0:   000e7a40000e671d 000ea086000e8d63
0x00007fbfe62643e0:   000ec6cc000eb3a9 000eed12000ed9ef
0x00007fbfe62643f0:   000f1358000f0035 000f399e000f267b
0x00007fbfe6264400:   000f5fe4000f4cc1 000f862a000f7307
0x00007fbfe6264410:   00007fbfe62647b0 000fd2b600000000
0x00007fbfe6264420:   0000000242ff4000 0000016800000000
0x00007fbfe6264430:   0000000000000000 3f80000000000000
0x00007fbfe6264440:   0000015200000002 0000001300000017
0x00007fbfe6264450:   0000000000000084 0000001700000013
0x00007fbfe6264460:   00007fbfe62645c0 41b8000041980000
0x00007fbfe6264470:   0000000000000168 0000000000000001
0x00007fbfe6264480:   0000000000000000 0000003100000000
0x00007fbfe6264490:   0000000000000000 0000000000000000
0x00007fbfe62644a0:   00007fbfe3828370 00007fbfe38280b0
0x00007fbfe62644b0:   0000000000000000 0000000000000000
0x00007fbfe62644c0:   00007fbfe6264488 00007fbfe62644d0
0x00007fbfe62644d0:   0000000000000031 0000000000000001
0x00007fbfe62644e0:   0000000000000000 00007fbfe01d5a70
0x00007fbfe62644f0:   0000000000000016 000000000000000b
0x00007fbfe6264500:   00007fbfe6264880 00007fbfe6264630
0x00007fbfe6264510:   00007fbfe6264f70 00007fbfa619aa4b
0x00007fbfe6264520:   00007fbfe6264f70 00007fbfe6264e60
0x00007fbfe6264530:   00007fbfe6264e80 00007fbf00000000
0x00007fbfe6264540:   00007fbfe6264690 00007fbfe01d5d50
0x00007fbfe6264550:   00007fbfe0008000 00007fbfe6264800
0x00007fbfe6264560:   00007fbfe6264690 3ff199999999999a
0x00007fbfe6264570:   00007fbfe6264e60 00007fbfe6264e80
0x00007fbfe6264580:   00007fbfe62645d0 0000000000008000
0x00007fbfe6264590:   00007fbf40ecced9 00007fbfe6264808 

Instructions: (pc=0x00007fbfa618c949)
0x00007fbfa618c929:   39 fe 0f 5a c0 f2 0f 58 d0 0f 84 b5 00 00 00 48
0x00007fbfa618c939:   63 06 48 c1 e0 06 4c 01 c0 4c 63 58 04 48 63 08
0x00007fbfa618c949:   8b 0c 8a 42 2b 0c 9a 4c 63 58 08 42 2b 0c 9a 4c
0x00007fbfa618c959:   63 58 0c 42 03 0c 9a 4c 63 58 14 f3 0f 2a c1 48 

Register to memory mapping:

RAX=0x00007fbfe111e720 is an unknown value
RBX=0x00007fbfe01bc4a8 is an unknown value
RCX=0xffffffffbd657017 is an unknown value
RDX=0x00007fbfe11573b0 is an unknown value
RSP=0x00007fbfe62643a0 is pointing into the stack for thread: 0x00007fbfe0008000
RBP=0x00007fbfe38280b0 is an unknown value
RSI=0x00007fbfe0268c10 is an unknown value
RDI=0x00007fbfe0268d40 is an unknown value
R8 =0x00007fbfe111dfa0 is an unknown value
R9 =0x00007fbfe0268c10 is an unknown value
R10=0x0000000000000013 is an unknown value
R11=0xffffffffbd657d0f is an unknown value
R12=0x000000000000001b is an unknown value
R13=0x00007fbfe6264880 is pointing into the stack for thread: 0x00007fbfe0008000
R14=0x00007fbfe6264630 is pointing into the stack for thread: 0x00007fbfe0008000
R15=0x0000000000000002 is an unknown value


Stack: [0x00007fbfe6166000,0x00007fbfe6267000],  sp=0x00007fbfe62643a0,  free space=1016k
Native frames: (J=compiled Java code, j=interpreted, Vv=VM code, C=native code)
C  [libopencv_objdetect.so.3.0+0x41949]  cv::CascadeClassifierInvoker::operator()(cv::Range const&) const+0xe79

Java frames: (J=compiled Java code, j=interpreted, Vv=VM code)
j  org.opencv.objdetect.CascadeClassifier.detectMultiScale_1(JJJ)V+0
j  org.opencv.objdetect.CascadeClassifier.detectMultiScale(Lorg/opencv/core/Mat;Lorg/opencv/core/MatOfRect;)V+14
j  com.marfeel.facedetection.FaceDetector.applyDetector(Lorg/opencv/objdetect/CascadeClassifier;Lorg/opencv/core/Mat;Ljava/util/ArrayList;)V+11
j  com.marfeel.facedetection.FaceDetector.main([Ljava/lang/String;)V+323
v  ~StubRoutines::call_stub
j  sun.reflect.NativeMethodAccessorImpl.invoke0(Ljava/lang/reflect/Method;Ljava/lang/Object;[Ljava/lang/Object;)Ljava/lang/Object;+0
j  sun.reflect.NativeMethodAccessorImpl.invoke(Ljava/lang/Object;[Ljava/lang/Object;)Ljava/lang/Object;+87
j  sun.reflect.DelegatingMethodAccessorImpl.invoke(Ljava/lang/Object;[Ljava/lang/Object;)Ljava/lang/Object;+6
j  java.lang.reflect.Method.invoke(Ljava/lang/Object;[Ljava/lang/Object;)Ljava/lang/Object;+161
j  com.intellij.rt.execution.application.AppMain.main([Ljava/lang/String;)V+140
v  ~StubRoutines::call_stub

---------------  P R O C E S S  ---------------

Java Threads: ( => current thread )
  0x00007fbfe00fc000 JavaThread "Monitor Ctrl-Break" daemon [_thread_in_native, id=7724, stack(0x00007fbfdc03a000,0x00007fbfdc13b000)]
  0x00007fbfe0092800 JavaThread "Low Memory Detector" daemon [_thread_blocked, id=7722, stack(0x00007fbfdc452000,0x00007fbfdc553000)]
  0x00007fbfe0090000 JavaThread "C2 CompilerThread1" daemon [_thread_blocked, id=7721, stack(0x00007fbfdc553000,0x00007fbfdc654000)]
  0x00007fbfe008d000 JavaThread "C2 CompilerThread0" daemon [_thread_blocked, id=7720, stack(0x00007fbfdc654000,0x00007fbfdc755000)]
  0x00007fbfe008b000 JavaThread "Signal Dispatcher" daemon [_thread_blocked, id=7719, stack(0x00007fbfdc755000,0x00007fbfdc856000)]
  0x00007fbfe006e800 JavaThread "Finalizer" daemon [_thread_blocked, id=7718, stack(0x00007fbfdceff000,0x00007fbfdd000000)]
  0x00007fbfe006d000 JavaThread "Reference Handler" daemon [_thread_blocked, id=7717, stack(0x00007fbfe4026000,0x00007fbfe4127000)]
=>0x00007fbfe0008000 JavaThread "main" [_thread_in_native, id=7711, stack(0x00007fbfe6166000,0x00007fbfe6267000)]

Other Threads:
  0x00007fbfe0066000 VMThread [stack: 0x00007fbfe4127000,0x00007fbfe4228000] [id=7716]
  0x00007fbfe00a5000 WatcherThread [stack: 0x00007fbfdc351000,0x00007fbfdc452000] [id=7723]

VM state:not at safepoint (normal execution)

VM Mutex/Monitor currently owned by a thread: None

Heap
 PSYoungGen      total 36352K, used 1901K [0x00000000d76b0000, 0x00000000d9f40000, 0x0000000100000000)
  eden space 31168K, 6% used [0x00000000d76b0000,0x00000000d788b790,0x00000000d9520000)
  from space 5184K, 0% used [0x00000000d9a30000,0x00000000d9a30000,0x00000000d9f40000)
  to   space 5184K, 0% used [0x00000000d9520000,0x00000000d9520000,0x00000000d9a30000)
 PSOldGen        total 83072K, used 0K [0x0000000086400000, 0x000000008b520000, 0x00000000d76b0000)
  object space 83072K, 0% used [0x0000000086400000,0x0000000086400000,0x000000008b520000)
 PSPermGen       total 21248K, used 3402K [0x0000000081200000, 0x00000000826c0000, 0x0000000086400000)
  object space 21248K, 16% used [0x0000000081200000,0x0000000081552b90,0x00000000826c0000)

Code Cache  [0x00007fbfdd000000, 0x00007fbfdd270000, 0x00007fbfe0000000)
 total_blobs=300 nmethods=5 adapters=250 free_code_cache=49870976 largest_free_block=12352

Dynamic libraries:
40000000-40009000 r-xp 00000000 fc:04 801095                             /usr/lib/jvm/java-6-sun-1.6.0_41/bin/java
40108000-4010a000 rwxp 00008000 fc:04 801095                             /usr/lib/jvm/java-6-sun-1.6.0_41/bin/java
40d85000-40da6000 rwxp 00000000 00:00 0                                  [heap]
81200000-826c0000 rwxp 00000000 00:00 0 
826c0000-86400000 rwxp 00000000 00:00 0 
86400000-8b520000 rwxp 00000000 00:00 0 
8b520000-d76b0000 rwxp 00000000 00:00 0 
d76b0000-d9f40000 rwxp 00000000 00:00 0 
d9f40000-100000000 rwxp 00000000 00:00 0 
7fbf97b12000-7fbf97b24000 r-xp 00000000 fc:04 1575379                    /usr/lib/x86_64-linux-gnu/pkcs11/gnome-keyring-pkcs11.so
7fbf97b24000-7fbf97d23000 ---p 00012000 fc:04 1575379                    /usr/lib/x86_64-linux-gnu/pkcs11/gnome-keyring-pkcs11.so
7fbf97d23000-7fbf97d25000 r-xp 00011000 fc:04 1575379                    /usr/lib/x86_64-linux-gnu/pkcs11/gnome-keyring-pkcs11.so
7fbf97d25000-7fbf97d26000 rwxp 00013000 fc:04 1575379                    /usr/lib/x86_64-linux-gnu/pkcs11/gnome-keyring-pkcs11.so
7fbf97d26000-7fbf98e95000 r-xp 00000000 fc:04 1573511                    /usr/lib/x86_64-linux-gnu/libicudata.so.48.1.1
7fbf98e95000-7fbf99094000 ---p 0116f000 fc:04 1573511                    /usr/lib/x86_64-linux-gnu/libicudata.so.48.1.1
7fbf99094000-7fbf99095000 r-xp 0116e000 fc:04 1573511                    /usr/lib/x86_64-linux-gnu/libicudata.so.48.1.1
7fbf99095000-7fbf99096000 rwxp 0116f000 fc:04 1573511                    /usr/lib/x86_64-linux-gnu/libicudata.so.48.1.1
7fbf99096000-7fbf99099000 r-xp 00000000 fc:04 1845246                    /lib/x86_64-linux-gnu/libgpg-error.so.0.8.0
7fbf99099000-7fbf99298000 ---p 00003000 fc:04 1845246                    /lib/x86_64-linux-gnu/libgpg-error.so.0.8.0
7fbf99298000-7fbf99299000 r-xp 00002000 fc:04 1845246                    /lib/x86_64-linux-gnu/libgpg-error.so.0.8.0
7fbf99299000-7fbf9929a000 rwxp 00003000 fc:04 1845246                    /lib/x86_64-linux-gnu/libgpg-error.so.0.8.0
7fbf9929a000-7fbf993f0000 r-xp 00000000 fc:04 1573630                    /usr/lib/x86_64-linux-gnu/libicuuc.so.48.1.1
7fbf993f0000-7fbf995ef000 ---p 00156000 fc:04 1573630                    /usr/lib/x86_64-linux-gnu/libicuuc.so.48.1.1
7fbf995ef000-7fbf99600000 r-xp 00155000 fc:04 1573630                    /usr/lib/x86_64-linux-gnu/libicuuc.so.48.1.1
7fbf99600000-7fbf99601000 rwxp 00166000 fc:04 1573630                    /usr/lib/x86_64-linux-gnu/libicuuc.so.48.1.1
7fbf99601000-7fbf99605000 rwxp 00000000 00:00 0 
7fbf99605000-7fbf99637000 r-xp 00000000 fc:04 1573557                    /usr/lib/x86_64-linux-gnu/libicule.so.48.1.1
7fbf99637000-7fbf99837000 ---p 00032000 fc:04 1573557                    /usr/lib/x86_64-linux-gnu/libicule.so.48.1.1
7fbf99837000-7fbf99839000 r-xp 00032000 fc:04 1573557                    /usr/lib/x86_64-linux-gnu/libicule.so.48.1.1
7fbf99839000-7fbf9983a000 rwxp 00034000 fc:04 1573557                    /usr/lib/x86_64-linux-gnu/libicule.so.48.1.1
7fbf9983a000-7fbf9984c000 r-xp 00000000 fc:04 1574436                    /usr/lib/x86_64-linux-gnu/libp11-kit.so.0.0.0
7fbf9984c000-7fbf99a4c000 ---p 00012000 fc:04 1574436                    /usr/lib/x86_64-linux-gnu/libp11-kit.so.0.0.0
7fbf99a4c000-7fbf99a4d000 r-xp 00012000 fc:04 1574436                    /usr/lib/x86_64-linux-gnu/libp11-kit.so.0.0.0
7fbf99a4d000-7fbf99a4e000 rwxp 00013000 fc:04 1574436                    /usr/lib/x86_64-linux-gnu/libp11-kit.so.0.0.0
7fbf99a4e000-7fbf99a5d000 r-xp 00000000 fc:04 1580042                    /usr/lib/x86_64-linux-gnu/libtasn1.so.3.2.0
7fbf99a5d000-7fbf99c5d000 ---p 0000f000 fc:04 1580042                    /usr/lib/x86_64-linux-gnu/libtasn1.so.3.2.0
7fbf99c5d000-7fbf99c5e000 r-xp 0000f000 fc:04 1580042                    /usr/lib/x86_64-linux-gnu/libtasn1.so.3.2.0
7fbf99c5e000-7fbf99c5f000 rwxp 00010000 fc:04 1580042                    /usr/lib/x86_64-linux-gnu/libtasn1.so.3.2.0
7fbf99c5f000-7fbf99cd9000 r-xp 00000000 fc:04 1877334                    /lib/x86_64-linux-gnu/libgcrypt.so.11.7.0
7fbf99cd9000-7fbf99ed9000 ---p 0007a000 fc:04 1877334                    /lib/x86_64-linux-gnu/libgcrypt.so.11.7.0
7fbf99ed9000-7fbf99eda000 r-xp 0007a000 fc:04 1877334                    /lib/x86_64-linux-gnu/libgcrypt.so.11.7.0
7fbf99eda000-7fbf99edd000 rwxp 0007b000 fc:04 1877334                    /lib/x86_64-linux-gnu/libgcrypt.so.11.7.0
7fbf99edd000-7fbf99ee3000 r-xp 00000000 fc:04 1616606                    /usr/lib/x86_64-linux-gnu/libogg.so.0.8.0
7fbf99ee3000-7fbf9a0e2000 ---p 00006000 fc:04 1616606                    /usr/lib/x86_64-linux-gnu/libogg.so.0.8.0
7fbf9a0e2000-7fbf9a0e3000 r-xp 00005000 fc:04 1616606                    /usr/lib/x86_64-linux-gnu/libogg.so.0.8.0
7fbf9a0e3000-7fbf9a0e4000 rwxp 00006000 fc:04 1616606                    /usr/lib/x86_64-linux-gnu/libogg.so.0.8.0
7fbf9a0e4000-7fbf9a0f4000 r-xp 00000000 fc:04 1578155                    /usr/lib/x86_64-linux-gnu/libgstinterfaces-0.10.so.0.25.0
7fbf9a0f4000-7fbf9a2f4000 ---p 00010000 fc:04 1578155                    /usr/lib/x86_64-linux-gnu/libgstinterfaces-0.10.so.0.25.0
7fbf9a2f4000-7fbf9a2f5000 r-xp 00010000 fc:04 1578155                    /usr/lib/x86_64-linux-gnu/libgstinterfaces-0.10.so.0.25.0
7fbf9a2f5000-7fbf9a2f6000 rwxp 00011000 fc:04 1578155                    /usr/lib/x86_64-linux-gnu/libgstinterfaces-0.10.so.0.25.0
7fbf9a2f6000-7fbf9a2fb000 r-xp 00000000 fc:04 1580165                    /usr/lib/x86_64-linux-gnu/libXdmcp.so.6.0.0
7fbf9a2fb000-7fbf9a4fa000 ---p 00005000 fc:04 1580165                    /usr/lib/x86_64-linux-gnu/libXdmcp.so.6.0.0
7fbf9a4fa000-7fbf9a4fb000 r-xp 00004000 fc:04 1580165                    /usr/lib/x86_64-linux-gnu/libXdmcp.so.6.0.0
7fbf9a4fb000-7fbf9a4fc000 rwxp 00005000 fc:04 1580165                    /usr/lib/x86_64-linux-gnu/libXdmcp.so.6.0.0
7fbf9a4fc000-7fbf9a4fe000 r-xp 00000000 fc:04 1580091                    /usr/lib/x86_64-linux-gnu/libXau.so.6.0.0
7fbf9a4fe000-7fbf9a6fe000 ---p 00002000 fc:04 1580091                    /usr/lib/x86_64-linux-gnu/libXau.so.6.0.0
7fbf9a6fe000-7fbf9a6ff000 r-xp 00002000 fc:04 1580091                    /usr/lib/x86_64-linux-gnu/libXau.so.6.0.0
7fbf9a6ff000-7fbf9a700000 rwxp 00003000 fc:04 1580091                    /usr/lib/x86_64-linux-gnu/libXau.so.6.0.0
7fbf9a700000-7fbf9a726000 r-xp 00000000 fc:04 1839627                    /lib/x86_64-linux-gnu/libexpat.so.1.6.0
7fbf9a726000-7fbf9a926000 ---p 00026000 fc:04 1839627                    /lib/x86_64-linux-gnu/libexpat.so.1.6.0
7fbf9a926000-7fbf9a928000 r-xp 00026000 fc:04 1839627                    /lib/x86_64-linux-gnu/libexpat.so.1.6.0
7fbf9a928000-7fbf9a929000 rwxp 00028000 fc:04 1839627                    /lib/x86_64-linux-gnu/libexpat.so.1.6.0
7fbf9a929000-7fbf9a9be000 r-xp 00000000 fc:04 1639484                    /usr/lib/x86_64-linux-gnu/libharfbuzz.so.0.913.0
7fbf9a9be000-7fbf9abbd000 ---p 00095000 fc:04 1639484                    /usr/lib/x86_64-linux-gnu/libharfbuzz.so.0.913.0
7fbf9abbd000-7fbf9abbf000 r-xp 00094000 fc:04 1639484                    /usr/lib/x86_64-linux-gnu/libharfbuzz.so.0.913.0
7fbf9abbf000-7fbf9abc0000 rwxp 00096000 fc:04 1639484                    /usr/lib/x86_64-linux-gnu/libharfbuzz.so.0.913.0
7fbf9abc0000-7fbf9abd6000 r-xp 00000000 fc:04 1835301                    /lib/x86_64-linux-gnu/libresolv-2.17.so
7fbf9abd6000-7fbf9add6000 ---p 00016000 fc:04 1835301                    /lib/x86_64-linux-gnu/libresolv-2.17.so
7fbf9add6000-7fbf9add7000 r-xp 00016000 fc:04 1835301                    /lib/x86_64-linux-gnu/libresolv-2.17.so
7fbf9add7000-7fbf9add8000 rwxp 00017000 fc:04 1835301                    /lib/x86_64-linux-gnu/libresolv-2.17.so
7fbf9add8000-7fbf9adda000 rwxp 00000000 00:00 0 
7fbf9adda000-7fbf9adf7000 r-xp 00000000 fc:04 1838993                    /lib/x86_64-linux-gnu/libselinux.so.1
7fbf9adf7000-7fbf9aff6000 ---p 0001d000 fc:04 1838993                    /lib/x86_64-linux-gnu/libselinux.so.1
7fbf9aff6000-7fbf9aff7000 r-xp 0001c000 fc:04 1838993                    /lib/x86_64-linux-gnu/libselinux.so.1
7fbf9aff7000-7fbf9aff8000 rwxp 0001d000 fc:04 1838993                    /lib/x86_64-linux-gnu/libselinux.so.1
7fbf9aff8000-7fbf9aff9000 rwxp 00000000 00:00 0 
7fbf9aff9000-7fbf9b008000 r-xp 00000000 fc:04 1858913                    /lib/x86_64-linux-gnu/libbz2.so.1.0.4
7fbf9b008000-7fbf9b207000 ---p 0000f000 fc:04 1858913                    /lib/x86_64-linux-gnu/libbz2.so.1.0.4
7fbf9b207000-7fbf9b208000 r-xp 0000e000 fc:04 1858913                    /lib/x86_64-linux-gnu/libbz2.so.1.0.4
7fbf9b208000-7fbf9b209000 rwxp 0000f000 fc:04 1858913                    /lib/x86_64-linux-gnu/libbz2.so.1.0.4
7fbf9b209000-7fbf9b2be000 r-xp 00000000 fc:04 1577122                    /usr/lib/x86_64-linux-gnu/libgnutls.so.26.22.6
7fbf9b2be000-7fbf9b4bd000 ---p 000b5000 fc:04 1577122                    /usr/lib/x86_64-linux-gnu/libgnutls.so.26.22.6
7fbf9b4bd000-7fbf9b4c3000 r-xp 000b4000 fc:04 1577122                    /usr/lib/x86_64-linux-gnu/libgnutls.so.26.22.6
7fbf9b4c3000-7fbf9b4c4000 rwxp 000ba000 fc:04 1577122                    /usr/lib/x86_64-linux-gnu/libgnutls.so.26.22.6
7fbf9b4c4000-7fbf9b4c5000 rwxp 00000000 00:00 0 
7fbf9b4c5000-7fbf9b4d5000 r-xp 00000000 fc:04 1577981                    /usr/lib/x86_64-linux-gnu/libva.so.1.3200.0
7fbf9b4d5000-7fbf9b6d4000 ---p 00010000 fc:04 1577981                    /usr/lib/x86_64-linux-gnu/libva.so.1.3200.0
7fbf9b6d4000-7fbf9b6d5000 r-xp 0000f000 fc:04 1577981                    /usr/lib/x86_64-linux-gnu/libva.so.1.3200.0
7fbf9b6d5000-7fbf9b6d6000 rwxp 00010000 fc:04 1577981                    /usr/lib/x86_64-linux-gnu/libva.so.1.3200.0
7fbf9b6d6000-7fbf9b6db000 rwxp 00000000 00:00 0 
7fbf9b6db000-7fbf9b6e8000 r-xp 00000000 fc:04 1581818                    /usr/lib/x86_64-linux-gnu/libgsm.so.1.0.12
7fbf9b6e8000-7fbf9b8e7000 ---p 0000d000 fc:04 1581818                    /usr/lib/x86_64-linux-gnu/libgsm.so.1.0.12
7fbf9b8e7000-7fbf9b8e8000 r-xp 0000c000 fc:04 1581818                    /usr/lib/x86_64-linux-gnu/libgsm.so.1.0.12
7fbf9b8e8000-7fbf9b8e9000 rwxp 0000d000 fc:04 1581818                    /usr/lib/x86_64-linux-gnu/libgsm.so.1.0.12
7fbf9b8e9000-7fbf9b9b4000 r-xp 00000000 fc:04 1574887                    /usr/lib/x86_64-linux-gnu/libschroedinger-1.0.so.0.11.0
7fbf9b9b4000-7fbf9bbb3000 ---p 000cb000 fc:04 1574887                    /usr/lib/x86_64-linux-gnu/libschroedinger-1.0.so.0.11.0
7fbf9bbb3000-7fbf9bbb5000 r-xp 000ca000 fc:04 1574887                    /usr/lib/x86_64-linux-gnu/libschroedinger-1.0.so.0.11.0
7fbf9bbb5000-7fbf9bbb6000 rwxp 000cc000 fc:04 1574887                    /usr/lib/x86_64-linux-gnu/libschroedinger-1.0.so.0.11.0
7fbf9bbb6000-7fbf9bbb7000 rwxp 00000000 00:00 0 
7fbf9bbb7000-7fbf9bbce000 r-xp 00000000 fc:04 1581811                    /usr/lib/x86_64-linux-gnu/libspeex.so.1.5.0
7fbf9bbce000-7fbf9bdce000 ---p 00017000 fc:04 1581811                    /usr/lib/x86_64-linux-gnu/libspeex.so.1.5.0
7fbf9bdce000-7fbf9bdcf000 r-xp 00017000 fc:04 1581811                    /usr/lib/x86_64-linux-gnu/libspeex.so.1.5.0
7fbf9bdcf000-7fbf9bdd0000 rwxp 00018000 fc:04 1581811                    /usr/lib/x86_64-linux-gnu/libspeex.so.1.5.0
7fbf9bdd0000-7fbf9bdeb000 r-xp 00000000 fc:04 1616648                    /usr/lib/x86_64-linux-gnu/libtheoradec.so.1.1.4
7fbf9bdeb000-7fbf9bfea000 ---p 0001b000 fc:04 1616648                    /usr/lib/x86_64-linux-gnu/libtheoradec.so.1.1.4
7fbf9bfea000-7fbf9bfeb000 r-xp 0001a000 fc:04 1616648                    /usr/lib/x86_64-linux-gnu/libtheoradec.so.1.1.4
7fbf9bfeb000-7fbf9bfec000 rwxp 0001b000 fc:04 1616648                    /usr/lib/x86_64-linux-gnu/libtheoradec.so.1.1.4
7fbf9bfec000-7fbf9c02b000 r-xp 00000000 fc:04 1616647                    /usr/lib/x86_64-linux-gnu/libtheoraenc.so.1.1.2
7fbf9c02b000-7fbf9c22b000 ---p 0003f000 fc:04 1616647                    /usr/lib/x86_64-linux-gnu/libtheoraenc.so.1.1.2
7fbf9c22b000-7fbf9c22c000 r-xp 0003f000 fc:04 1616647                    /usr/lib/x86_64-linux-gnu/libtheoraenc.so.1.1.2
7fbf9c22c000-7fbf9c22d000 rwxp 00040000 fc:04 1616647                    /usr/lib/x86_64-linux-gnu/libtheoraenc.so.1.1.2
7fbf9c22d000-7fbf9c258000 r-xp 00000000 fc:04 1582554                    /usr/lib/x86_64-linux-gnu/libvorbis.so.0.4.5
7fbf9c258000-7fbf9c458000 ---p 0002b000 fc:04 1582554                    /usr/lib/x86_64-linux-gnu/libvorbis.so.0.4.5
7fbf9c458000-7fbf9c459000 r-xp 0002b000 fc:04 1582554                    /usr/lib/x86_64-linux-gnu/libvorbis.so.0.4.5
7fbf9c459000-7fbf9c45a000 rwxp 0002c000 fc:04 1582554                    /usr/lib/x86_64-linux-gnu/libvorbis.so.0.4.5
7fbf9c45a000-7fbf9c70d000 r-xp 00000000 fc:04 1616654                    /usr/lib/x86_64-linux-gnu/libvorbisenc.so.2.0.8
7fbf9c70d000-7fbf9c90c000 ---p 002b3000 fc:04 1616654                    /usr/lib/x86_64-linux-gnu/libvorbisenc.so.2.0.8
7fbf9c90c000-7fbf9c928000 r-xp 002b2000 fc:04 1616654                    /usr/lib/x86_64-linux-gnu/libvorbisenc.so.2.0.8
7fbf9c928000-7fbf9c929000 rwxp 002ce000 fc:04 1616654                    /usr/lib/x86_64-linux-gnu/libvorbisenc.so.2.0.8
7fbf9c929000-7fbf9c9c6000 r-xp 00000000 fc:04 1581554                    /usr/lib/x86_64-linux-gnu/libvpx.so.1.1.0
7fbf9c9c6000-7fbf9cbc5000 ---p 0009d000 fc:04 1581554                    /usr/lib/x86_64-linux-gnu/libvpx.so.1.1.0
7fbf9cbc5000-7fbf9cbc6000 r-xp 0009c000 fc:04 1581554                    /usr/lib/x86_64-linux-gnu/libvpx.so.1.1.0
7fbf9cbc6000-7fbf9cbc7000 rwxp 0009d000 fc:04 1581554                    /usr/lib/x86_64-linux-gnu/libvpx.so.1.1.0
7fbf9cbc7000-7fbf9cbc9000 rwxp 00000000 00:00 0 
7fbf9cbc9000-7fbf9cbfd000 r-xp 00000000 fc:04 1578161                    /usr/lib/x86_64-linux-gnu/libgsttag-0.10.so.0.25.0
7fbf9cbfd000-7fbf9cdfc000 ---p 00034000 fc:04 1578161                    /usr/lib/x86_64-linux-gnu/libgsttag-0.10.so.0.25.0
7fbf9cdfc000-7fbf9cdfe000 r-xp 00033000 fc:04 1578161                    /usr/lib/x86_64-linux-gnu/libgsttag-0.10.so.0.25.0
7fbf9cdfe000-7fbf9cdff000 rwxp 00035000 fc:04 1578161                    /usr/lib/x86_64-linux-gnu/libgsttag-0.10.so.0.25.0
7fbf9cdff000-7fbf9ce34000 r-xp 00000000 fc:04 1578167                    /usr/lib/x86_64-linux-gnu/libgstaudio-0.10.so.0.25.0
7fbf9ce34000-7fbf9d033000 ---p 00035000 fc:04 1578167                    /usr/lib/x86_64-linux-gnu/libgstaudio-0.10.so.0.25.0
7fbf9d033000-7fbf9d034000 r-xp 00034000 fc:04 1578167                    /usr/lib/x86_64-linux-gnu/libgstaudio-0.10.so.0.25.0
7fbf9d034000-7fbf9d036000 rwxp 00035000 fc:04 1578167                    /usr/lib/x86_64-linux-gnu/libgstaudio-0.10.so.0.25.0
7fbf9d036000-7fbf9d0af000 r-xp 00000000 fc:04 1582125                    /usr/lib/x86_64-linux-gnu/liborc-0.4.so.0.17.0
7fbf9d0af000-7fbf9d2ae000 ---p 00079000 fc:04 1582125                    /usr/lib/x86_64-linux-gnu/liborc-0.4.so.0.17.0
7fbf9d2ae000-7fbf9d2b0000 r-xp 00078000 fc:04 1582125                    /usr/lib/x86_64-linux-gnu/liborc-0.4.so.0.17.0
7fbf9d2b0000-7fbf9d2b4000 rwxp 0007a000 fc:04 1582125                    /usr/lib/x86_64-linux-gnu/liborc-0.4.so.0.17.0
7fbf9d2b4000-7fbf9d306000 r-xp 00000000 fc:04 1581666                    /usr/lib/x86_64-linux-gnu/libgstbase-0.10.so.0.30.0
7fbf9d306000-7fbf9d506000 ---p 00052000 fc:04 1581666                    /usr/lib/x86_64-linux-gnu/libgstbase-0.10.so.0.30.0
7fbf9d506000-7fbf9d507000 r-xp 00052000 fc:04 1581666                    /usr/lib/x86_64-linux-gnu/libgstbase-0.10.so.0.30.0
7fbf9d507000-7fbf9d508000 rwxp 00053000 fc:04 1581666                    /usr/lib/x86_64-linux-gnu/libgstbase-0.10.so.0.30.0
7fbf9d508000-7fbf9d661000 r-xp 00000000 fc:04 1574177                    /usr/lib/x86_64-linux-gnu/libxml2.so.2.9.0
7fbf9d661000-7fbf9d860000 ---p 00159000 fc:04 1574177                    /usr/lib/x86_64-linux-gnu/libxml2.so.2.9.0
7fbf9d860000-7fbf9d868000 r-xp 00158000 fc:04 1574177                    /usr/lib/x86_64-linux-gnu/libxml2.so.2.9.0
7fbf9d868000-7fbf9d86a000 rwxp 00160000 fc:04 1574177                    /usr/lib/x86_64-linux-gnu/libxml2.so.2.9.0
7fbf9d86a000-7fbf9d86b000 rwxp 00000000 00:00 0 
7fbf9d86b000-7fbf9d8a8000 r-xp 00000000 fc:04 1839684                    /lib/x86_64-linux-gnu/libpcre.so.3.13.1
7fbf9d8a8000-7fbf9daa8000 ---p 0003d000 fc:04 1839684                    /lib/x86_64-linux-gnu/libpcre.so.3.13.1
7fbf9daa8000-7fbf9daa9000 r-xp 0003d000 fc:04 1839684                    /lib/x86_64-linux-gnu/libpcre.so.3.13.1
7fbf9daa9000-7fbf9daaa000 rwxp 0003e000 fc:04 1839684                    /lib/x86_64-linux-gnu/libpcre.so.3.13.1
7fbf9daaa000-7fbf9dab1000 r-xp 00000000 fc:04 1573930                    /usr/lib/x86_64-linux-gnu/libffi.so.6.0.1
7fbf9dab1000-7fbf9dcb0000 ---p 00007000 fc:04 1573930                    /usr/lib/x86_64-linux-gnu/libffi.so.6.0.1
7fbf9dcb0000-7fbf9dcb1000 r-xp 00006000 fc:04 1573930                    /usr/lib/x86_64-linux-gnu/libffi.so.6.0.1
7fbf9dcb1000-7fbf9dcb2000 rwxp 00007000 fc:04 1573930                    /usr/lib/x86_64-linux-gnu/libffi.so.6.0.1
7fbf9dcb2000-7fbf9dccf000 r-xp 00000000 fc:04 1573214                    /usr/lib/x86_64-linux-gnu/libxcb.so.1.1.0
7fbf9dccf000-7fbf9dece000 ---p 0001d000 fc:04 1573214                    /usr/lib/x86_64-linux-gnu/libxcb.so.1.1.0
7fbf9dece000-7fbf9decf000 r-xp 0001c000 fc:04 1573214                    /usr/lib/x86_64-linux-gnu/libxcb.so.1.1.0
7fbf9decf000-7fbf9ded0000 rwxp 0001d000 fc:04 1573214                    /usr/lib/x86_64-linux-gnu/libxcb.so.1.1.0
7fbf9ded0000-7fbf9ded8000 r-xp 00000000 fc:04 1576056                    /usr/lib/x86_64-linux-gnu/libxcb-render.so.0.0.0
7fbf9ded8000-7fbf9e0d8000 ---p 00008000 fc:04 1576056                    /usr/lib/x86_64-linux-gnu/libxcb-render.so.0.0.0
7fbf9e0d8000-7fbf9e0d9000 r-xp 00008000 fc:04 1576056                    /usr/lib/x86_64-linux-gnu/libxcb-render.so.0.0.0
7fbf9e0d9000-7fbf9e0da000 rwxp 00009000 fc:04 1576056                    /usr/lib/x86_64-linux-gnu/libxcb-render.so.0.0.0
7fbf9e0da000-7fbf9e0dc000 r-xp 00000000 fc:04 1573994                    /usr/lib/x86_64-linux-gnu/libxcb-shm.so.0.0.0
7fbf9e0dc000-7fbf9e2db000 ---p 00002000 fc:04 1573994                    /usr/lib/x86_64-linux-gnu/libxcb-shm.so.0.0.0
7fbf9e2db000-7fbf9e2dc000 r-xp 00001000 fc:04 1573994                    /usr/lib/x86_64-linux-gnu/libxcb-shm.so.0.0.0
7fbf9e2dc000-7fbf9e2dd000 rwxp 00002000 fc:04 1573994                    /usr/lib/x86_64-linux-gnu/libxcb-shm.so.0.0.0
7fbf9e2dd000-7fbf9e374000 r-xp 00000000 fc:04 1578595                    /usr/lib/x86_64-linux-gnu/libfreetype.so.6.10.0
7fbf9e374000-7fbf9e573000 ---p 00097000 fc:04 1578595                    /usr/lib/x86_64-linux-gnu/libfreetype.so.6.10.0
7fbf9e573000-7fbf9e579000 r-xp 00096000 fc:04 1578595                    /usr/lib/x86_64-linux-gnu/libfreetype.so.6.10.0
7fbf9e579000-7fbf9e57a000 rwxp 0009c000 fc:04 1578595                    /usr/lib/x86_64-linux-gnu/libfreetype.so.6.10.0
7fbf9e57a000-7fbf9e61c000 r-xp 00000000 fc:04 1573997                    /usr/lib/x86_64-linux-gnu/libpixman-1.so.0.30.2
7fbf9e61c000-7fbf9e81c000 ---p 000a2000 fc:04 1573997                    /usr/lib/x86_64-linux-gnu/libpixman-1.so.0.30.2
7fbf9e81c000-7fbf9e823000 r-xp 000a2000 fc:04 1573997                    /usr/lib/x86_64-linux-gnu/libpixman-1.so.0.30.2
7fbf9e823000-7fbf9e824000 rwxp 000a9000 fc:04 1573997                    /usr/lib/x86_64-linux-gnu/libpixman-1.so.0.30.2
7fbf9e824000-7fbf9e835000 r-xp 00000000 fc:04 1575536                    /usr/lib/x86_64-linux-gnu/libXext.so.6.4.0
7fbf9e835000-7fbf9ea34000 ---p 00011000 fc:04 1575536                    /usr/lib/x86_64-linux-gnu/libXext.so.6.4.0
7fbf9ea34000-7fbf9ea35000 r-xp 00010000 fc:04 1575536                    /usr/lib/x86_64-linux-gnu/libXext.so.6.4.0
7fbf9ea35000-7fbf9ea36000 rwxp 00011000 fc:04 1575536                    /usr/lib/x86_64-linux-gnu/libXext.so.6.4.0
7fbf9ea36000-7fbf9ea38000 r-xp 00000000 fc:04 1581515                    /usr/lib/x86_64-linux-gnu/libXdamage.so.1.1.0
7fbf9ea38000-7fbf9ec37000 ---p 00002000 fc:04 1581515                    /usr/lib/x86_64-linux-gnu/libXdamage.so.1.1.0
7fbf9ec37000-7fbf9ec38000 r-xp 00001000 fc:04 1581515                    /usr/lib/x86_64-linux-gnu/libXdamage.so.1.1.0
7fbf9ec38000-7fbf9ec39000 rwxp 00002000 fc:04 1581515                    /usr/lib/x86_64-linux-gnu/libXdamage.so.1.1.0
7fbf9ec39000-7fbf9ec3b000 r-xp 00000000 fc:04 1577020                    /usr/lib/x86_64-linux-gnu/libXcomposite.so.1.0.0
7fbf9ec3b000-7fbf9ee3a000 ---p 00002000 fc:04 1577020                    /usr/lib/x86_64-linux-gnu/libXcomposite.so.1.0.0
7fbf9ee3a000-7fbf9ee3b000 r-xp 00001000 fc:04 1577020                    /usr/lib/x86_64-linux-gnu/libXcomposite.so.1.0.0
7fbf9ee3b000-7fbf9ee3c000 rwxp 00002000 fc:04 1577020                    /usr/lib/x86_64-linux-gnu/libXcomposite.so.1.0.0
7fbf9ee3c000-7fbf9ee45000 r-xp 00000000 fc:04 1577308                    /usr/lib/x86_64-linux-gnu/libXcursor.so.1.0.2
7fbf9ee45000-7fbf9f045000 ---p 00009000 fc:04 1577308                    /usr/lib/x86_64-linux-gnu/libXcursor.so.1.0.2
7fbf9f045000-7fbf9f046000 r-xp 00009000 fc:04 1577308                    /usr/lib/x86_64-linux-gnu/libXcursor.so.1.0.2
7fbf9f046000-7fbf9f047000 rwxp 0000a000 fc:04 1577308                    /usr/lib/x86_64-linux-gnu/libXcursor.so.1.0.2
7fbf9f047000-7fbf9f050000 r-xp 00000000 fc:04 1575130                    /usr/lib/x86_64-linux-gnu/libXrandr.so.2.2.0
7fbf9f050000-7fbf9f24f000 ---p 00009000 fc:04 1575130                    /usr/lib/x86_64-linux-gnu/libXrandr.so.2.2.0
7fbf9f24f000-7fbf9f250000 r-xp 00008000 fc:04 1575130                    /usr/lib/x86_64-linux-gnu/libXrandr.so.2.2.0
7fbf9f250000-7fbf9f251000 rwxp 00009000 fc:04 1575130                    /usr/lib/x86_64-linux-gnu/libXrandr.so.2.2.0
7fbf9f251000-7fbf9f25f000 r-xp 00000000 fc:04 1573992                    /usr/lib/x86_64-linux-gnu/libXi.so.6.1.0
7fbf9f25f000-7fbf9f45f000 ---p 0000e000 fc:04 1573992                    /usr/lib/x86_64-linux-gnu/libXi.so.6.1.0
7fbf9f45f000-7fbf9f460000 r-xp 0000e000 fc:04 1573992                    /usr/lib/x86_64-linux-gnu/libXi.so.6.1.0
7fbf9f460000-7fbf9f461000 rwxp 0000f000 fc:04 1573992                    /usr/lib/x86_64-linux-gnu/libXi.so.6.1.0
7fbf9f461000-7fbf9f463000 r-xp 00000000 fc:04 1580988                    /usr/lib/x86_64-linux-gnu/libXinerama.so.1.0.0
7fbf9f463000-7fbf9f662000 ---p 00002000 fc:04 1580988                    /usr/lib/x86_64-linux-gnu/libXinerama.so.1.0.0
7fbf9f662000-7fbf9f663000 r-xp 00001000 fc:04 1580988                    /usr/lib/x86_64-linux-gnu/libXinerama.so.1.0.0
7fbf9f663000-7fbf9f664000 rwxp 00002000 fc:04 1580988                    /usr/lib/x86_64-linux-gnu/libXinerama.so.1.0.0
7fbf9f664000-7fbf9f66d000 r-xp 00000000 fc:04 1580199                    /usr/lib/x86_64-linux-gnu/libXrender.so.1.3.0
7fbf9f66d000-7fbf9f86c000 ---p 00009000 fc:04 1580199                    /usr/lib/x86_64-linux-gnu/libXrender.so.1.3.0
7fbf9f86c000-7fbf9f86d000 r-xp 00008000 fc:04 1580199                    /usr/lib/x86_64-linux-gnu/libXrender.so.1.3.0
7fbf9f86d000-7fbf9f86e000 rwxp 00009000 fc:04 1580199                    /usr/lib/x86_64-linux-gnu/libXrender.so.1.3.0
7fbf9f86e000-7fbf9f8a5000 r-xp 00000000 fc:04 1578137                    /usr/lib/x86_64-linux-gnu/libfontconfig.so.1.6.2
7fbf9f8a5000-7fbf9faa5000 ---p 00037000 fc:04 1578137                    /usr/lib/x86_64-linux-gnu/libfontconfig.so.1.6.2
7fbf9faa5000-7fbf9faa6000 r-xp 00037000 fc:04 1578137                    /usr/lib/x86_64-linux-gnu/libfontconfig.so.1.6.2
7fbf9faa6000-7fbf9faa7000 rwxp 00038000 fc:04 1578137                    /usr/lib/x86_64-linux-gnu/libfontconfig.so.1.6.2
7fbf9faa7000-7fbf9faa8000 rwxp 00000000 00:00 0 
7fbf9faa8000-7fbf9faf0000 r-xp 00000000 fc:04 1572966                    /usr/lib/x86_64-linux-gnu/libpango-1.0.so.0.3200.5
7fbf9faf0000-7fbf9fcf0000 ---p 00048000 fc:04 1572966                    /usr/lib/x86_64-linux-gnu/libpango-1.0.so.0.3200.5
7fbf9fcf0000-7fbf9fcf2000 r-xp 00048000 fc:04 1572966                    /usr/lib/x86_64-linux-gnu/libpango-1.0.so.0.3200.5
7fbf9fcf2000-7fbf9fcf3000 rwxp 0004a000 fc:04 1572966                    /usr/lib/x86_64-linux-gnu/libpango-1.0.so.0.3200.5
7fbf9fcf3000-7fbf9fd06000 r-xp 00000000 fc:04 1572969                    /usr/lib/x86_64-linux-gnu/libpangoft2-1.0.so.0.3200.5
7fbf9fd06000-7fbf9ff05000 ---p 00013000 fc:04 1572969                    /usr/lib/x86_64-linux-gnu/libpangoft2-1.0.so.0.3200.5
7fbf9ff05000-7fbf9ff06000 r-xp 00012000 fc:04 1572969                    /usr/lib/x86_64-linux-gnu/libpangoft2-1.0.so.0.3200.5
7fbf9ff06000-7fbf9ff07000 rwxp 00013000 fc:04 1572969                    /usr/lib/x86_64-linux-gnu/libpangoft2-1.0.so.0.3200.5
7fbf9ff07000-7fbfa005a000 r-xp 00000000 fc:04 1576353                    /usr/lib/x86_64-linux-gnu/libgio-2.0.so.0.3600.0
7fbfa005a000-7fbfa0259000 ---p 00153000 fc:04 1576353                    /usr/lib/x86_64-linux-gnu/libgio-2.0.so.0.3600.0
7fbfa0259000-7fbfa025d000 r-xp 00152000 fc:04 1576353                    /usr/lib/x86_64-linux-gnu/libgio-2.0.so.0.3600.0
7fbfa025d000-7fbfa025f000 rwxp 00156000 fc:04 1576353                    /usr/lib/x86_64-linux-gnu/libgio-2.0.so.0.3600.0
7fbfa025f000-7fbfa0261000 rwxp 00000000 00:00 0 
7fbfa0261000-7fbfa0281000 r-xp 00000000 fc:04 1574720                    /usr/lib/x86_64-linux-gnu/libatk-1.0.so.0.20809.1
7fbfa0281000-7fbfa0480000 ---p 00020000 fc:04 1574720                    /usr/lib/x86_64-linux-gnu/libatk-1.0.so.0.20809.1
7fbfa0480000-7fbfa0482000 r-xp 0001f000 fc:04 1574720                    /usr/lib/x86_64-linux-gnu/libatk-1.0.so.0.20809.1
7fbfa0482000-7fbfa0483000 rwxp 00021000 fc:04 1574720                    /usr/lib/x86_64-linux-gnu/libatk-1.0.so.0.20809.1
7fbfa0483000-7fbfa0488000 r-xp 00000000 fc:04 1577286                    /usr/lib/x86_64-linux-gnu/libXfixes.so.3.1.0
7fbfa0488000-7fbfa0687000 ---p 00005000 fc:04 1577286                    /usr/lib/x86_64-linux-gnu/libXfixes.so.3.1.0
7fbfa0687000-7fbfa0688000 r-xp 00004000 fc:04 1577286                    /usr/lib/x86_64-linux-gnu/libXfixes.so.3.1.0
7fbfa0688000-7fbfa0689000 rwxp 00005000 fc:04 1577286                    /usr/lib/x86_64-linux-gnu/libXfixes.so.3.1.0
7fbfa0689000-7fbfa07bd000 r-xp 00000000 fc:04 1573578                    /usr/lib/x86_64-linux-gnu/libX11.so.6.3.0
7fbfa07bd000-7fbfa09bd000 ---p 00134000 fc:04 1573578                    /usr/lib/x86_64-linux-gnu/libX11.so.6.3.0
7fbfa09bd000-7fbfa09be000 r-xp 00134000 fc:04 1573578                    /usr/lib/x86_64-linux-gnu/libX11.so.6.3.0
7fbfa09be000-7fbfa09c3000 rwxp 00135000 fc:04 1573578                    /usr/lib/x86_64-linux-gnu/libX11.so.6.3.0
7fbfa09c3000-7fbfa09ce000 r-xp 00000000 fc:04 1572967                    /usr/lib/x86_64-linux-gnu/libpangocairo-1.0.so.0.3200.5
7fbfa09ce000-7fbfa0bce000 ---p 0000b000 fc:04 1572967                    /usr/lib/x86_64-linux-gnu/libpangocairo-1.0.so.0.3200.5
7fbfa0bce000-7fbfa0bcf000 r-xp 0000b000 fc:04 1572967                    /usr/lib/x86_64-linux-gnu/libpangocairo-1.0.so.0.3200.5
7fbfa0bcf000-7fbfa0bd0000 rwxp 0000c000 fc:04 1572967                    /usr/lib/x86_64-linux-gnu/libpangocairo-1.0.so.0.3200.5
7fbfa0bd0000-7fbfa0bd3000 r-xp 00000000 fc:04 1576345                    /usr/lib/x86_64-linux-gnu/libgmodule-2.0.so.0.3600.0
7fbfa0bd3000-7fbfa0dd2000 ---p 00003000 fc:04 1576345                    /usr/lib/x86_64-linux-gnu/libgmodule-2.0.so.0.3600.0
7fbfa0dd2000-7fbfa0dd3000 r-xp 00002000 fc:04 1576345                    /usr/lib/x86_64-linux-gnu/libgmodule-2.0.so.0.3600.0
7fbfa0dd3000-7fbfa0dd4000 rwxp 00003000 fc:04 1576345                    /usr/lib/x86_64-linux-gnu/libgmodule-2.0.so.0.3600.0
7fbfa0dd4000-7fbfa0ddf000 r-xp 00000000 fc:04 1575775                    /usr/lib/x86_64-linux-gnu/libjbig.so.0.0.0
7fbfa0ddf000-7fbfa0fde000 ---p 0000b000 fc:04 1575775                    /usr/lib/x86_64-linux-gnu/libjbig.so.0.0.0
7fbfa0fde000-7fbfa0fdf000 r-xp 0000a000 fc:04 1575775                    /usr/lib/x86_64-linux-gnu/libjbig.so.0.0.0
7fbfa0fdf000-7fbfa0fe2000 rwxp 0000b000 fc:04 1575775                    /usr/lib/x86_64-linux-gnu/libjbig.so.0.0.0
7fbfa0fe2000-7fbfa1003000 r-xp 00000000 fc:04 1839681                    /lib/x86_64-linux-gnu/liblzma.so.5.0.0
7fbfa1003000-7fbfa1202000 ---p 00021000 fc:04 1839681                    /lib/x86_64-linux-gnu/liblzma.so.5.0.0
7fbfa1202000-7fbfa1203000 r-xp 00020000 fc:04 1839681                    /lib/x86_64-linux-gnu/liblzma.so.5.0.0
7fbfa1203000-7fbfa1204000 rwxp 00021000 fc:04 1839681                    /lib/x86_64-linux-gnu/liblzma.so.5.0.0
7fbfa1204000-7fbfa125c000 r-xp 00000000 fc:04 1714322                    /usr/local/lib/libopencv_flann.so.3.0.0
7fbfa125c000-7fbfa145c000 ---p 00058000 fc:04 1714322                    /usr/local/lib/libopencv_flann.so.3.0.0
7fbfa145c000-7fbfa145f000 r-xp 00058000 fc:04 1714322                    /usr/local/lib/libopencv_flann.so.3.0.0
7fbfa145f000-7fbfa1460000 rwxp 0005b000 fc:04 1714322                    /usr/local/lib/libopencv_flann.so.3.0.0
7fbfa1460000-7fbfa14a6000 r-xp 00000000 fc:04 1573048                    /usr/lib/x86_64-linux-gnu/libswscale.so.2.1.0
7fbfa14a6000-7fbfa16a6000 ---p 00046000 fc:04 1573048                    /usr/lib/x86_64-linux-gnu/libswscale.so.2.1.0
7fbfa16a6000-7fbfa16a7000 r-xp 00046000 fc:04 1573048                    /usr/lib/x86_64-linux-gnu/libswscale.so.2.1.0
7fbfa16a7000-7fbfa16a8000 rwxp 00047000 fc:04 1573048                    /usr/lib/x86_64-linux-gnu/libswscale.so.2.1.0
7fbfa16a8000-7fbfa16c2000 r-xp 00000000 fc:04 1573537                    /usr/lib/x86_64-linux-gnu/libavutil.so.51.22.1
7fbfa16c2000-7fbfa18c1000 ---p 0001a000 fc:04 1573537                    /usr/lib/x86_64-linux-gnu/libavutil.so.51.22.1
7fbfa18c1000-7fbfa18c3000 r-xp 00019000 fc:04 1573537                    /usr/lib/x86_64-linux-gnu/libavutil.so.51.22.1
7fbfa18c3000-7fbfa18c4000 rwxp 0001b000 fc:04 1573537                    /usr/lib/x86_64-linux-gnu/libavutil.so.51.22.1
7fbfa18c4000-7fbfa18c8000 rwxp 00000000 00:00 0 
7fbfa18c8000-7fbfa19bd000 r-xp 00000000 fc:04 1581068                    /usr/lib/x86_64-linux-gnu/libavformat.so.53.21.1
7fbfa19bd000-7fbfa1bbc000 ---p 000f5000 fc:04 1581068                    /usr/lib/x86_64-linux-gnu/libavformat.so.53.21.1
7fbfa1bbc000-7fbfa1bc3000 r-xp 000f4000 fc:04 1581068                    /usr/lib/x86_64-linux-gnu/libavformat.so.53.21.1
7fbfa1bc3000-7fbfa1bd0000 rwxp 000fb000 fc:04 1581068                    /usr/lib/x86_64-linux-gnu/libavformat.so.53.21.1
7fbfa1bd0000-7fbfa22b1000 r-xp 00000000 fc:04 1578558                    /usr/lib/x86_64-linux-gnu/libavcodec.so.53.35.0
7fbfa22b1000-7fbfa24b0000 ---p 006e1000 fc:04 1578558                    /usr/lib/x86_64-linux-gnu/libavcodec.so.53.35.0
7fbfa24b0000-7fbfa24c2000 r-xp 006e0000 fc:04 1578558                    /usr/lib/x86_64-linux-gnu/libavcodec.so.53.35.0
7fbfa24c2000-7fbfa24d9000 rwxp 006f2000 fc:04 1578558                    /usr/lib/x86_64-linux-gnu/libavcodec.so.53.35.0
7fbfa24d9000-7fbfa2a49000 rwxp 00000000 00:00 0 
7fbfa2a49000-7fbfa2a6a000 r-xp 00000000 fc:04 1578179                    /usr/lib/x86_64-linux-gnu/libgstpbutils-0.10.so.0.25.0
7fbfa2a6a000-7fbfa2c6a000 ---p 00021000 fc:04 1578179                    /usr/lib/x86_64-linux-gnu/libgstpbutils-0.10.so.0.25.0
7fbfa2c6a000-7fbfa2c6c000 r-xp 00021000 fc:04 1578179                    /usr/lib/x86_64-linux-gnu/libgstpbutils-0.10.so.0.25.0
7fbfa2c6c000-7fbfa2c6d000 rwxp 00023000 fc:04 1578179                    /usr/lib/x86_64-linux-gnu/libgstpbutils-0.10.so.0.25.0
7fbfa2c6d000-7fbfa2c78000 r-xp 00000000 fc:04 1578171                    /usr/lib/x86_64-linux-gnu/libgstriff-0.10.so.0.25.0
7fbfa2c78000-7fbfa2e78000 ---p 0000b000 fc:04 1578171                    /usr/lib/x86_64-linux-gnu/libgstriff-0.10.so.0.25.0
7fbfa2e78000-7fbfa2e79000 r-xp 0000b000 fc:04 1578171                    /usr/lib/x86_64-linux-gnu/libgstriff-0.10.so.0.25.0
7fbfa2e79000-7fbfa2e7a000 rwxp 0000c000 fc:04 1578171                    /usr/lib/x86_64-linux-gnu/libgstriff-0.10.so.0.25.0
7fbfa2e7a000-7fbfa2e85000 r-xp 00000000 fc:04 1578173                    /usr/lib/x86_64-linux-gnu/libgstapp-0.10.so.0.25.0
7fbfa2e85000-7fbfa3084000 ---p 0000b000 fc:04 1578173                    /usr/lib/x86_64-linux-gnu/libgstapp-0.10.so.0.25.0
7fbfa3084000-7fbfa3085000 r-xp 0000a000 fc:04 1578173                    /usr/lib/x86_64-linux-gnu/libgstapp-0.10.so.0.25.0
7fbfa3085000-7fbfa3086000 rwxp 0000b000 fc:04 1578173                    /usr/lib/x86_64-linux-gnu/libgstapp-0.10.so.0.25.0
7fbfa3086000-7fbfa30a0000 r-xp 00000000 fc:04 1576684                    /usr/lib/x86_64-linux-gnu/libgstvideo-0.10.so.0.25.0
7fbfa30a0000-7fbfa32a0000 ---p 0001a000 fc:04 1576684                    /usr/lib/x86_64-linux-gnu/libgstvideo-0.10.so.0.25.0
7fbfa32a0000-7fbfa32a1000 r-xp 0001a000 fc:04 1576684                    /usr/lib/x86_64-linux-gnu/libgstvideo-0.10.so.0.25.0
7fbfa32a1000-7fbfa32a2000 rwxp 0001b000 fc:04 1576684                    /usr/lib/x86_64-linux-gnu/libgstvideo-0.10.so.0.25.0
7fbfa32a2000-7fbfa3380000 r-xp 00000000 fc:04 1581660                    /usr/lib/x86_64-linux-gnu/libgstreamer-0.10.so.0.30.0
7fbfa3380000-7fbfa357f000 ---p 000de000 fc:04 1581660                    /usr/lib/x86_64-linux-gnu/libgstreamer-0.10.so.0.30.0
7fbfa357f000-7fbfa3584000 r-xp 000dd000 fc:04 1581660                    /usr/lib/x86_64-linux-gnu/libgstreamer-0.10.so.0.30.0
7fbfa3584000-7fbfa3586000 rwxp 000e2000 fc:04 1581660                    /usr/lib/x86_64-linux-gnu/libgstreamer-0.10.so.0.30.0
7fbfa3586000-7fbfa3588000 rwxp 00000000 00:00 0 
7fbfa3588000-7fbfa3681000 r-xp 00000000 fc:04 1835020                    /lib/x86_64-linux-gnu/libglib-2.0.so.0.3600.0
7fbfa3681000-7fbfa3881000 ---p 000f9000 fc:04 1835020                    /lib/x86_64-linux-gnu/libglib-2.0.so.0.3600.0
7fbfa3881000-7fbfa3882000 r-xp 000f9000 fc:04 1835020                    /lib/x86_64-linux-gnu/libglib-2.0.so.0.3600.0
7fbfa3882000-7fbfa3883000 rwxp 000fa000 fc:04 1835020                    /lib/x86_64-linux-gnu/libglib-2.0.so.0.3600.0
7fbfa3883000-7fbfa3884000 rwxp 00000000 00:00 0 
7fbfa3884000-7fbfa38d1000 r-xp 00000000 fc:04 1576348                    /usr/lib/x86_64-linux-gnu/libgobject-2.0.so.0.3600.0
7fbfa38d1000-7fbfa3ad1000 ---p 0004d000 fc:04 1576348                    /usr/lib/x86_64-linux-gnu/libgobject-2.0.so.0.3600.0
7fbfa3ad1000-7fbfa3ad2000 r-xp 0004d000 fc:04 1576348                    /usr/lib/x86_64-linux-gnu/libgobject-2.0.so.0.3600.0
7fbfa3ad2000-7fbfa3ad3000 rwxp 0004e000 fc:04 1576348                    /usr/lib/x86_64-linux-gnu/libgobject-2.0.so.0.3600.0
7fbfa3ad3000-7fbfa3bd1000 r-xp 00000000 fc:04 1578148                    /usr/lib/x86_64-linux-gnu/libcairo.so.2.11200.14
7fbfa3bd1000-7fbfa3dd1000 ---p 000fe000 fc:04 1578148                    /usr/lib/x86_64-linux-gnu/libcairo.so.2.11200.14
7fbfa3dd1000-7fbfa3dd4000 r-xp 000fe000 fc:04 1578148                    /usr/lib/x86_64-linux-gnu/libcairo.so.2.11200.14
7fbfa3dd4000-7fbfa3dd5000 rwxp 00101000 fc:04 1578148                    /usr/lib/x86_64-linux-gnu/libcairo.so.2.11200.14
7fbfa3dd5000-7fbfa3dd7000 rwxp 00000000 00:00 0 
7fbfa3dd7000-7fbfa3df5000 r-xp 00000000 fc:04 1581019                    /usr/lib/x86_64-linux-gnu/libgdk_pixbuf-2.0.so.0.2800.0
7fbfa3df5000-7fbfa3ff5000 ---p 0001e000 fc:04 1581019                    /usr/lib/x86_64-linux-gnu/libgdk_pixbuf-2.0.so.0.2800.0
7fbfa3ff5000-7fbfa3ff6000 r-xp 0001e000 fc:04 1581019                    /usr/lib/x86_64-linux-gnu/libgdk_pixbuf-2.0.so.0.2800.0
7fbfa3ff6000-7fbfa3ff7000 rwxp 0001f000 fc:04 1581019                    /usr/lib/x86_64-linux-gnu/libgdk_pixbuf-2.0.so.0.2800.0
7fbfa3ff7000-7fbfa40a4000 r-xp 00000000 fc:04 1582015                    /usr/lib/x86_64-linux-gnu/libgdk-x11-2.0.so.0.2400.17
7fbfa40a4000-7fbfa42a3000 ---p 000ad000 fc:04 1582015                    /usr/lib/x86_64-linux-gnu/libgdk-x11-2.0.so.0.2400.17
7fbfa42a3000-7fbfa42a7000 r-xp 000ac000 fc:04 1582015                    /usr/lib/x86_64-linux-gnu/libgdk-x11-2.0.so.0.2400.17
7fbfa42a7000-7fbfa42a9000 rwxp 000b0000 fc:04 1582015                    /usr/lib/x86_64-linux-gnu/libgdk-x11-2.0.so.0.2400.17
7fbfa42a9000-7fbfa46d6000 r-xp 00000000 fc:04 1582533                    /usr/lib/x86_64-linux-gnu/libgtk-x11-2.0.so.0.2400.17
7fbfa46d6000-7fbfa48d5000 ---p 0042d000 fc:04 1582533                    /usr/lib/x86_64-linux-gnu/libgtk-x11-2.0.so.0.2400.17
7fbfa48d5000-7fbfa48dc000 r-xp 0042c000 fc:04 1582533                    /usr/lib/x86_64-linux-gnu/libgtk-x11-2.0.so.0.2400.17
7fbfa48dc000-7fbfa48e0000 rwxp 00433000 fc:04 1582533                    /usr/lib/x86_64-linux-gnu/libgtk-x11-2.0.so.0.2400.17
7fbfa48e0000-7fbfa48e2000 rwxp 00000000 00:00 0 
7fbfa48e2000-7fbfa492e000 r-xp 00000000 fc:04 1581010                    /usr/lib/x86_64-linux-gnu/libjasper.so.1.0.0
7fbfa492e000-7fbfa4b2d000 ---p 0004c000 fc:04 1581010                    /usr/lib/x86_64-linux-gnu/libjasper.so.1.0.0
7fbfa4b2d000-7fbfa4b2e000 r-xp 0004b000 fc:04 1581010                    /usr/lib/x86_64-linux-gnu/libjasper.so.1.0.0
7fbfa4b2e000-7fbfa4b32000 rwxp 0004c000 fc:04 1581010                    /usr/lib/x86_64-linux-gnu/libjasper.so.1.0.0
7fbfa4b32000-7fbfa4b39000 rwxp 00000000 00:00 0 
7fbfa4b39000-7fbfa4ba6000 r-xp 00000000 fc:04 1573123                    /usr/lib/x86_64-linux-gnu/libtiff.so.5.1.0
7fbfa4ba6000-7fbfa4da6000 ---p 0006d000 fc:04 1573123                    /usr/lib/x86_64-linux-gnu/libtiff.so.5.1.0
7fbfa4da6000-7fbfa4da7000 r-xp 0006d000 fc:04 1573123                    /usr/lib/x86_64-linux-gnu/libtiff.so.5.1.0
7fbfa4da7000-7fbfa4daa000 rwxp 0006e000 fc:04 1573123                    /usr/lib/x86_64-linux-gnu/libtiff.so.5.1.0
7fbfa4daa000-7fbfa4dcf000 r-xp 00000000 fc:04 1835596                    /lib/x86_64-linux-gnu/libpng12.so.0.49.0
7fbfa4dcf000-7fbfa4fce000 ---p 00025000 fc:04 1835596                    /lib/x86_64-linux-gnu/libpng12.so.0.49.0
7fbfa4fce000-7fbfa4fcf000 r-xp 00024000 fc:04 1835596                    /lib/x86_64-linux-gnu/libpng12.so.0.49.0
7fbfa4fcf000-7fbfa4fd0000 rwxp 00025000 fc:04 1835596                    /lib/x86_64-linux-gnu/libpng12.so.0.49.0
7fbfa4fd0000-7fbfa500f000 r-xp 00000000 fc:04 1574412                    /usr/lib/x86_64-linux-gnu/libjpeg.so.8.0.2
7fbfa500f000-7fbfa520f000 ---p 0003f000 fc:04 1574412                    /usr/lib/x86_64-linux-gnu/libjpeg.so.8.0.2
7fbfa520f000-7fbfa5210000 r-xp 0003f000 fc:04 1574412                    /usr/lib/x86_64-linux-gnu/libjpeg.so.8.0.2
7fbfa5210000-7fbfa5211000 rwxp 00040000 fc:04 1574412                    /usr/lib/x86_64-linux-gnu/libjpeg.so.8.0.2
7fbfa5211000-7fbfa5221000 rwxp 00000000 00:00 0 
7fbfa5221000-7fbfa5237000 r-xp 00000000 fc:04 1838992                    /lib/x86_64-linux-gnu/libz.so.1.2.7
7fbfa5237000-7fbfa5436000 ---p 00016000 fc:04 1838992                    /lib/x86_64-linux-gnu/libz.so.1.2.7
7fbfa5436000-7fbfa5437000 r-xp 00015000 fc:04 1838992                    /lib/x86_64-linux-gnu/libz.so.1.2.7
7fbfa5437000-7fbfa5438000 rwxp 00016000 fc:04 1838992                    /lib/x86_64-linux-gnu/libz.so.1.2.7
7fbfa5438000-7fbfa544c000 r-xp 00000000 fc:04 1839664                    /lib/x86_64-linux-gnu/libgcc_s.so.1
7fbfa544c000-7fbfa564c000 ---p 00014000 fc:04 1839664                    /lib/x86_64-linux-gnu/libgcc_s.so.1
7fbfa564c000-7fbfa564d000 r-xp 00014000 fc:04 1839664                    /lib/x86_64-linux-gnu/libgcc_s.so.1
7fbfa564d000-7fbfa564e000 rwxp 00015000 fc:04 1839664                    /lib/x86_64-linux-gnu/libgcc_s.so.1
7fbfa564e000-7fbfa5733000 r-xp 00000000 fc:04 1573654                    /usr/lib/x86_64-linux-gnu/libstdc++.so.6.0.17
7fbfa5733000-7fbfa5932000 ---p 000e5000 fc:04 1573654                    /usr/lib/x86_64-linux-gnu/libstdc++.so.6.0.17
7fbfa5932000-7fbfa593a000 r-xp 000e4000 fc:04 1573654                    /usr/lib/x86_64-linux-gnu/libstdc++.so.6.0.17
7fbfa593a000-7fbfa593c000 rwxp 000ec000 fc:04 1573654                    /usr/lib/x86_64-linux-gnu/libstdc++.so.6.0.17
7fbfa593c000-7fbfa5951000 rwxp 00000000 00:00 0 
7fbfa597c000-7fbfa5a08000 r-xp 00000000 fc:04 1718950                    /usr/local/lib/libopencv_photo.so.3.0.0
7fbfa5a08000-7fbfa5c07000 ---p 0008c000 fc:04 1718950                    /usr/local/lib/libopencv_photo.so.3.0.0
7fbfa5c07000-7fbfa5c09000 r-xp 0008b000 fc:04 1718950                    /usr/local/lib/libopencv_photo.so.3.0.0
7fbfa5c09000-7fbfa5c0a000 rwxp 0008d000 fc:04 1718950                    /usr/local/lib/libopencv_photo.so.3.0.0
7fbfa5c0a000-7fbfa5cc7000 r-xp 00000000 fc:04 1715147                    /usr/local/lib/libopencv_contrib.so.3.0.0
7fbfa5cc7000-7fbfa5ec7000 ---p 000bd000 fc:04 1715147                    /usr/local/lib/libopencv_contrib.so.3.0.0
7fbfa5ec7000-7fbfa5ec9000 r-xp 000bd000 fc:04 1715147                    /usr/local/lib/libopencv_contrib.so.3.0.0
7fbfa5ec9000-7fbfa5ecb000 rwxp 000bf000 fc:04 1715147                    /usr/local/lib/libopencv_contrib.so.3.0.0
7fbfa5ecb000-7fbfa5f49000 r-xp 00000000 fc:04 1715144                    /usr/local/lib/libopencv_video.so.3.0.0
7fbfa5f49000-7fbfa6148000 ---p 0007e000 fc:04 1715144                    /usr/local/lib/libopencv_video.so.3.0.0
7fbfa6148000-7fbfa614a000 r-xp 0007d000 fc:04 1715144                    /usr/local/lib/libopencv_video.so.3.0.0
7fbfa614a000-7fbfa614b000 rwxp 0007f000 fc:04 1715144                    /usr/local/lib/libopencv_video.so.3.0.0
7fbfa614b000-7fbfa6206000 r-xp 00000000 fc:04 1715141                    /usr/local/lib/libopencv_objdetect.so.3.0.0
7fbfa6206000-7fbfa6406000 ---p 000bb000 fc:04 1715141                    /usr/local/lib/libopencv_objdetect.so.3.0.0
7fbfa6406000-7fbfa6408000 r-xp 000bb000 fc:04 1715141                    /usr/local/lib/libopencv_objdetect.so.3.0.0
7fbfa6408000-7fbfa640a000 rwxp 000bd000 fc:04 1715141                    /usr/local/lib/libopencv_objdetect.so.3.0.0
7fbfa640a000-7fbfa64cd000 rwxp 00000000 00:00 0 
7fbfa64cd000-7fbfa64f9000 r-xp 00000000 fc:04 1715138                    /usr/local/lib/libopencv_nonfree.so.3.0.0
7fbfa64f9000-7fbfa66f8000 ---p 0002c000 fc:04 1715138                    /usr/local/lib/libopencv_nonfree.so.3.0.0
7fbfa66f8000-7fbfa66fa000 r-xp 0002b000 fc:04 1715138                    /usr/local/lib/libopencv_nonfree.so.3.0.0
7fbfa66fa000-7fbfa66fb000 rwxp 0002d000 fc:04 1715138                    /usr/local/lib/libopencv_nonfree.so.3.0.0
7fbfa66fb000-7fbfa6776000 r-xp 00000000 fc:04 1715135                    /usr/local/lib/libopencv_ml.so.3.0.0
7fbfa6776000-7fbfa6975000 ---p 0007b000 fc:04 1715135                    /usr/local/lib/libopencv_ml.so.3.0.0
7fbfa6975000-7fbfa6977000 r-xp 0007a000 fc:04 1715135                    /usr/local/lib/libopencv_ml.so.3.0.0
7fbfa6977000-7fbfa6979000 rwxp 0007c000 fc:04 1715135                    /usr/local/lib/libopencv_ml.so.3.0.0
7fbfa6979000-7fbfa6a66000 r-xp 00000000 fc:04 1714475                    /usr/local/lib/libopencv_calib3d.so.3.0.0
7fbfa6a66000-7fbfa6c66000 ---p 000ed000 fc:04 1714475                    /usr/local/lib/libopencv_calib3d.so.3.0.0
7fbfa6c66000-7fbfa6c68000 r-xp 000ed000 fc:04 1714475                    /usr/local/lib/libopencv_calib3d.so.3.0.0
7fbfa6c68000-7fbfa6c69000 rwxp 000ef000 fc:04 1714475                    /usr/local/lib/libopencv_calib3d.so.3.0.0
7fbfa6c69000-7fbfa6d20000 r-xp 00000000 fc:04 1714377                    /usr/local/lib/libopencv_features2d.so.3.0.0
7fbfa6d20000-7fbfa6f20000 ---p 000b7000 fc:04 1714377                    /usr/local/lib/libopencv_features2d.so.3.0.0
7fbfa6f20000-7fbfa6f24000 r-xp 000b7000 fc:04 1714377                    /usr/local/lib/libopencv_features2d.so.3.0.0
7fbfa6f24000-7fbfa6f26000 rwxp 000bb000 fc:04 1714377                    /usr/local/lib/libopencv_features2d.so.3.0.0
7fbfa6f26000-7fbfa6f27000 rwxp 00000000 00:00 0 
7fbfa6f27000-7fbfa70a9000 r-xp 00000000 fc:04 1714366                    /usr/local/lib/libopencv_highgui.so.3.0.0
7fbfa70a9000-7fbfa72a9000 ---p 00182000 fc:04 1714366                    /usr/local/lib/libopencv_highgui.so.3.0.0
7fbfa72a9000-7fbfa72b0000 r-xp 00182000 fc:04 1714366                    /usr/local/lib/libopencv_highgui.so.3.0.0
7fbfa72b0000-7fbfa72b2000 rwxp 00189000 fc:04 1714366                    /usr/local/lib/libopencv_highgui.so.3.0.0
7fbfa72b2000-7fbfa72b6000 rwxp 00000000 00:00 0 
7fbfa72b6000-7fbfa751c000 r-xp 00000000 fc:04 1714361                    /usr/local/lib/libopencv_imgproc.so.3.0.0
7fbfa751c000-7fbfa771c000 ---p 00266000 fc:04 1714361                    /usr/local/lib/libopencv_imgproc.so.3.0.0
7fbfa771c000-7fbfa7726000 r-xp 00266000 fc:04 1714361                    /usr/local/lib/libopencv_imgproc.so.3.0.0
7fbfa7726000-7fbfa7727000 rwxp 00270000 fc:04 1714361                    /usr/local/lib/libopencv_imgproc.so.3.0.0
7fbfa7727000-7fbfa77be000 rwxp 00000000 00:00 0 
7fbfa77be000-7fbfa7a2d000 r-xp 00000000 fc:04 1713938                    /usr/local/lib/libopencv_core.so.3.0.0
7fbfa7a2d000-7fbfa7c2d000 ---p 0026f000 fc:04 1713938                    /usr/local/lib/libopencv_core.so.3.0.0
7fbfa7c2d000-7fbfa7c32000 r-xp 0026f000 fc:04 1713938                    /usr/local/lib/libopencv_core.so.3.0.0
7fbfa7c32000-7fbfa7c3b000 rwxp 00274000 fc:04 1713938                    /usr/local/lib/libopencv_core.so.3.0.0
7fbfa7c3b000-7fbfa7c3e000 rwxp 00000000 00:00 0 
7fbfa7c3e000-7fbfa7ce6000 r-xp 00000000 fc:04 1914200                    /usr/local/share/OpenCV/java/libopencv_java300.so
7fbfa7ce6000-7fbfa7ee6000 ---p 000a8000 fc:04 1914200                    /usr/local/share/OpenCV/java/libopencv_java300.so
7fbfa7ee6000-7fbfa7ee7000 r-xp 000a8000 fc:04 1914200                    /usr/local/share/OpenCV/java/libopencv_java300.so
7fbfa7ee7000-7fbfa7ee9000 rwxp 000a9000 fc:04 1914200                    /usr/local/share/OpenCV/java/libopencv_java300.so
7fbfa7ee9000-7fbfa7efc000 r-xp 00000000 fc:04 819043                     /usr/lib/jvm/java-6-sun-1.6.0_41/jre/lib/amd64/libnet.so
7fbfa7efc000-7fbfa7ffd000 ---p 00013000 fc:04 819043                     /usr/lib/jvm/java-6-sun-1.6.0_41/jre/lib/amd64/libnet.so
7fbfa7ffd000-7fbfa8000000 rwxp 00014000 fc:04 819043                     /usr/lib/jvm/java-6-sun-1.6.0_41/jre/lib/amd64/libnet.so
7fbfa8000000-7fbfa8021000 rwxp 00000000 00:00 0 
7fbfa8021000-7fbfac000000 ---p 00000000 00:00 0 
7fbfac000000-7fbfac028000 rwxp 00000000 00:00 0 
7fbfac028000-7fbfb0000000 ---p 00000000 00:00 0 
7fbfb0000000-7fbfb0021000 rwxp 00000000 00:00 0 
7fbfb0021000-7fbfb4000000 ---p 00000000 00:00 0 
7fbfb4000000-7fbfb4021000 rwxp 00000000 00:00 0 
7fbfb4021000-7fbfb8000000 ---p 00000000 00:00 0 
7fbfb8000000-7fbfb8021000 rwxp 00000000 00:00 0 
7fbfb8021000-7fbfbc000000 ---p 00000000 00:00 0 
7fbfbc000000-7fbfbc18d000 rwxp 00000000 00:00 0 
7fbfbc18d000-7fbfc0000000 ---p 00000000 00:00 0 
7fbfc0000000-7fbfc0021000 rwxp 00000000 00:00 0 
7fbfc0021000-7fbfc4000000 ---p 00000000 00:00 0 
7fbfc4000000-7fbfc4021000 rwxp 00000000 00:00 0 
7fbfc4021000-7fbfc8000000 ---p 00000000 00:00 0 
7fbfc8000000-7fbfc8021000 rwxp 00000000 00:00 0 
7fbfc8021000-7fbfcc000000 ---p 00000000 00:00 0 
7fbfcc000000-7fbfcc021000 rwxp 00000000 00:00 0 
7fbfcc021000-7fbfd0000000 ---p 00000000 00:00 0 
7fbfd0000000-7fbfd0021000 rwxp 00000000 00:00 0 
7fbfd0021000-7fbfd4000000 ---p 00000000 00:00 0 
7fbfd4000000-7fbfd4021000 rwxp 00000000 00:00 0 
7fbfd4021000-7fbfd8000000 ---p 00000000 00:00 0 
7fbfd8000000-7fbfd8021000 rwxp 00000000 00:00 0 
7fbfd8021000-7fbfdc000000 ---p 00000000 00:00 0 
7fbfdc009000-7fbfdc03a000 rwxp 00000000 00:00 0 
7fbfdc03a000-7fbfdc03d000 ---p 00000000 00:00 0 
7fbfdc03d000-7fbfdc13b000 rwxp 00000000 00:00 0                          [stack:7724]
7fbfdc13b000-7fbfdc13c000 r-xp 00000000 fc:04 1190359                    /opt/idea-IU-129.1359/bin/libbreakgen64.so
7fbfdc13c000-7fbfdc33b000 ---p 00001000 fc:04 1190359                    /opt/idea-IU-129.1359/bin/libbreakgen64.so
7fbfdc33b000-7fbfdc33c000 r-xp 00000000 fc:04 1190359                    /opt/idea-IU-129.1359/bin/libbreakgen64.so
7fbfdc33c000-7fbfdc33d000 rwxp 00001000 fc:04 1190359                    /opt/idea-IU-129.1359/bin/libbreakgen64.so
7fbfdc33d000-7fbfdc342000 r-xs 00071000 fc:04 1914199                    /usr/local/share/OpenCV/java/opencv-300.jar
7fbfdc342000-7fbfdc351000 r-xs 00667000 fc:04 819216                     /usr/lib/jvm/java-6-sun-1.6.0_41/jre/lib/charsets.jar
7fbfdc351000-7fbfdc352000 ---p 00000000 00:00 0 
7fbfdc352000-7fbfdc452000 rwxp 00000000 00:00 0                          [stack:7723]
7fbfdc452000-7fbfdc455000 ---p 00000000 00:00 0 
7fbfdc455000-7fbfdc553000 rwxp 00000000 00:00 0                          [stack:7722]
7fbfdc553000-7fbfdc556000 ---p 00000000 00:00 0 
7fbfdc556000-7fbfdc654000 rwxp 00000000 00:00 0                          [stack:7721]
7fbfdc654000-7fbfdc657000 ---p 00000000 00:00 0 
7fbfdc657000-7fbfdc755000 rwxp 00000000 00:00 0                          [stack:7720]
7fbfdc755000-7fbfdc758000 ---p 00000000 00:00 0 
7fbfdc758000-7fbfdc856000 rwxp 00000000 00:00 0                          [stack:7719]
7fbfdc856000-7fbfdceff000 r-xp 00000000 fc:04 1580395                    /usr/lib/locale/locale-archive
7fbfdceff000-7fbfdcf02000 ---p 00000000 00:00 0 
7fbfdcf02000-7fbfdd270000 rwxp 00000000 00:00 0                          [stack:7718]
7fbfdd270000-7fbfe3944000 rwxp 00000000 00:00 0 
7fbfe3944000-7fbfe4000000 ---p 00000000 00:00 0 
7fbfe4000000-7fbfe4003000 r-xs 00018000 fc:05 5510746                    /home/jtomas/.m2/repository/com/googlecode/javacpp/javacpp/0.3/javacpp-0.3.jar
7fbfe4003000-7fbfe4015000 r-xs 001b2000 fc:04 819227                     /usr/lib/jvm/java-6-sun-1.6.0_41/jre/lib/plugin.jar
7fbfe4015000-7fbfe4026000 r-xs 00350000 fc:04 819040                     /usr/lib/jvm/java-6-sun-1.6.0_41/jre/lib/deploy.jar
7fbfe4026000-7fbfe4029000 ---p 00000000 00:00 0 
7fbfe4029000-7fbfe4127000 rwxp 00000000 00:00 0                          [stack:7717]
7fbfe4127000-7fbfe4128000 ---p 00000000 00:00 0 
7fbfe4128000-7fbfe4761000 rwxp 00000000 00:00 0                          [stack:7716]
7fbfe4761000-7fbfe48f9000 r-xs 03082000 fc:04 819533                     /usr/lib/jvm/java-6-sun-1.6.0_41/jre/lib/rt.jar
7fbfe48f9000-7fbfe4921000 rwxp 00000000 00:00 0 
7fbfe4921000-7fbfe4922000 ---p 00000000 00:00 0 
7fbfe4922000-7fbfe4a22000 rwxp 00000000 00:00 0                          [stack:7715]
7fbfe4a22000-7fbfe4a23000 ---p 00000000 00:00 0 
7fbfe4a23000-7fbfe4b23000 rwxp 00000000 00:00 0                          [stack:7714]
7fbfe4b23000-7fbfe4b24000 ---p 00000000 00:00 0 
7fbfe4b24000-7fbfe4c24000 rwxp 00000000 00:00 0                          [stack:7713]
7fbfe4c24000-7fbfe4c25000 ---p 00000000 00:00 0 
7fbfe4c25000-7fbfe4d30000 rwxp 00000000 00:00 0                          [stack:7712]
7fbfe4d30000-7fbfe4d4e000 rwxp 00000000 00:00 0 
7fbfe4d4e000-7fbfe4d77000 rwxp 00000000 00:00 0 
7fbfe4d77000-7fbfe4fd8000 rwxp 00000000 00:00 0 
7fbfe4fd8000-7fbfe4fe3000 rwxp 00000000 00:00 0 
7fbfe4fe3000-7fbfe5001000 rwxp 00000000 00:00 0 
7fbfe5001000-7fbfe502a000 rwxp 00000000 00:00 0 
7fbfe502a000-7fbfe528a000 rwxp 00000000 00:00 0 
7fbfe528a000-7fbfe529f000 rwxp 00000000 00:00 0 
7fbfe529f000-7fbfe53cf000 rwxp 00000000 00:00 0 
7fbfe53cf000-7fbfe53d0000 rwxp 00000000 00:00 0 
7fbfe53d0000-7fbfe53de000 r-xp 00000000 fc:04 819063                     /usr/lib/jvm/java-6-sun-1.6.0_41/jre/lib/amd64/libzip.so
7fbfe53de000-7fbfe54e0000 ---p 0000e000 fc:04 819063                     /usr/lib/jvm/java-6-sun-1.6.0_41/jre/lib/amd64/libzip.so
7fbfe54e0000-7fbfe54e3000 rwxp 00010000 fc:04 819063                     /usr/lib/jvm/java-6-sun-1.6.0_41/jre/lib/amd64/libzip.so
7fbfe54e3000-7fbfe54e4000 rwxp 00000000 00:00 0 
7fbfe54e4000-7fbfe54f0000 r-xp 00000000 fc:04 1836505                    /lib/x86_64-linux-gnu/libnss_files-2.17.so
7fbfe54f0000-7fbfe56ef000 ---p 0000c000 fc:04 1836505                    /lib/x86_64-linux-gnu/libnss_files-2.17.so
7fbfe56ef000-7fbfe56f0000 r-xp 0000b000 fc:04 1836505                    /lib/x86_64-linux-gnu/libnss_files-2.17.so
7fbfe56f0000-7fbfe56f1000 rwxp 0000c000 fc:04 1836505                    /lib/x86_64-linux-gnu/libnss_files-2.17.so
7fbfe56f1000-7fbfe56fc000 r-xp 00000000 fc:04 1836519                    /lib/x86_64-linux-gnu/libnss_nis-2.17.so
7fbfe56fc000-7fbfe58fb000 ---p 0000b000 fc:04 1836519                    /lib/x86_64-linux-gnu/libnss_nis-2.17.so
7fbfe58fb000-7fbfe58fc000 r-xp 0000a000 fc:04 1836519                    /lib/x86_64-linux-gnu/libnss_nis-2.17.so
7fbfe58fc000-7fbfe58fd000 rwxp 0000b000 fc:04 1836519                    /lib/x86_64-linux-gnu/libnss_nis-2.17.so
7fbfe58fd000-7fbfe5905000 r-xp 00000000 fc:04 1836523                    /lib/x86_64-linux-gnu/libnss_compat-2.17.so
7fbfe5905000-7fbfe5b04000 ---p 00008000 fc:04 1836523                    /lib/x86_64-linux-gnu/libnss_compat-2.17.so
7fbfe5b04000-7fbfe5b05000 r-xp 00007000 fc:04 1836523                    /lib/x86_64-linux-gnu/libnss_compat-2.17.so
7fbfe5b05000-7fbfe5b06000 rwxp 00008000 fc:04 1836523                    /lib/x86_64-linux-gnu/libnss_compat-2.17.so
7fbfe5b06000-7fbfe5b1d000 r-xp 00000000 fc:04 1835306                    /lib/x86_64-linux-gnu/libnsl-2.17.so
7fbfe5b1d000-7fbfe5d1c000 ---p 00017000 fc:04 1835306                    /lib/x86_64-linux-gnu/libnsl-2.17.so
7fbfe5d1c000-7fbfe5d1d000 r-xp 00016000 fc:04 1835306                    /lib/x86_64-linux-gnu/libnsl-2.17.so
7fbfe5d1d000-7fbfe5d1e000 rwxp 00017000 fc:04 1835306                    /lib/x86_64-linux-gnu/libnsl-2.17.so
7fbfe5d1e000-7fbfe5d20000 rwxp 00000000 00:00 0 
7fbfe5d20000-7fbfe5d49000 r-xp 00000000 fc:04 819073                     /usr/lib/jvm/java-6-sun-1.6.0_41/jre/lib/amd64/libjava.so
7fbfe5d49000-7fbfe5e48000 ---p 00029000 fc:04 819073                     /usr/lib/jvm/java-6-sun-1.6.0_41/jre/lib/amd64/libjava.so
7fbfe5e48000-7fbfe5e4f000 rwxp 00028000 fc:04 819073                     /usr/lib/jvm/java-6-sun-1.6.0_41/jre/lib/amd64/libjava.so
7fbfe5e4f000-7fbfe5e5c000 r-xp 00000000 fc:04 819052                     /usr/lib/jvm/java-6-sun-1.6.0_41/jre/lib/amd64/libverify.so
7fbfe5e5c000-7fbfe5f5b000 ---p 0000d000 fc:04 819052                     /usr/lib/jvm/java-6-sun-1.6.0_41/jre/lib/amd64/libverify.so
7fbfe5f5b000-7fbfe5f5e000 rwxp 0000c000 fc:04 819052                     /usr/lib/jvm/java-6-sun-1.6.0_41/jre/lib/amd64/libverify.so
7fbfe5f5e000-7fbfe5f65000 r-xp 00000000 fc:04 1836511                    /lib/x86_64-linux-gnu/librt-2.17.so
7fbfe5f65000-7fbfe6164000 ---p 00007000 fc:04 1836511                    /lib/x86_64-linux-gnu/librt-2.17.so
7fbfe6164000-7fbfe6165000 r-xp 00006000 fc:04 1836511                    /lib/x86_64-linux-gnu/librt-2.17.so
7fbfe6165000-7fbfe6166000 rwxp 00007000 fc:04 1836511                    /lib/x86_64-linux-gnu/librt-2.17.so
7fbfe6166000-7fbfe6169000 ---p 00000000 00:00 0 
7fbfe6169000-7fbfe6267000 rwxp 00000000 00:00 0                          [stack:7711]
7fbfe6267000-7fbfe636a000 r-xp 00000000 fc:04 1836521                    /lib/x86_64-linux-gnu/libm-2.17.so
7fbfe636a000-7fbfe656a000 ---p 00103000 fc:04 1836521                    /lib/x86_64-linux-gnu/libm-2.17.so
7fbfe656a000-7fbfe656b000 r-xp 00103000 fc:04 1836521                    /lib/x86_64-linux-gnu/libm-2.17.so
7fbfe656b000-7fbfe656c000 rwxp 00104000 fc:04 1836521                    /lib/x86_64-linux-gnu/libm-2.17.so
7fbfe656c000-7fbfe6e8a000 r-xp 00000000 fc:04 921239                     /usr/lib/jvm/java-6-sun-1.6.0_41/jre/lib/amd64/server/libjvm.so
7fbfe6e8a000-7fbfe6f8c000 ---p 0091e000 fc:04 921239                     /usr/lib/jvm/java-6-sun-1.6.0_41/jre/lib/amd64/server/libjvm.so
7fbfe6f8c000-7fbfe7142000 rwxp 00920000 fc:04 921239                     /usr/lib/jvm/java-6-sun-1.6.0_41/jre/lib/amd64/server/libjvm.so
7fbfe7142000-7fbfe717c000 rwxp 00000000 00:00 0 
7fbfe717c000-7fbfe733b000 r-xp 00000000 fc:04 1836527                    /lib/x86_64-linux-gnu/libc-2.17.so
7fbfe733b000-7fbfe753a000 ---p 001bf000 fc:04 1836527                    /lib/x86_64-linux-gnu/libc-2.17.so
7fbfe753a000-7fbfe753e000 r-xp 001be000 fc:04 1836527                    /lib/x86_64-linux-gnu/libc-2.17.so
7fbfe753e000-7fbfe7540000 rwxp 001c2000 fc:04 1836527                    /lib/x86_64-linux-gnu/libc-2.17.so
7fbfe7540000-7fbfe7545000 rwxp 00000000 00:00 0 
7fbfe7545000-7fbfe7548000 r-xp 00000000 fc:04 1836503                    /lib/x86_64-linux-gnu/libdl-2.17.so
7fbfe7548000-7fbfe7747000 ---p 00003000 fc:04 1836503                    /lib/x86_64-linux-gnu/libdl-2.17.so
7fbfe7747000-7fbfe7748000 r-xp 00002000 fc:04 1836503                    /lib/x86_64-linux-gnu/libdl-2.17.so
7fbfe7748000-7fbfe7749000 rwxp 00003000 fc:04 1836503                    /lib/x86_64-linux-gnu/libdl-2.17.so
7fbfe7749000-7fbfe7761000 r-xp 00000000 fc:04 1836497                    /lib/x86_64-linux-gnu/libpthread-2.17.so
7fbfe7761000-7fbfe7960000 ---p 00018000 fc:04 1836497                    /lib/x86_64-linux-gnu/libpthread-2.17.so
7fbfe7960000-7fbfe7961000 r-xp 00017000 fc:04 1836497                    /lib/x86_64-linux-gnu/libpthread-2.17.so
7fbfe7961000-7fbfe7962000 rwxp 00018000 fc:04 1836497                    /lib/x86_64-linux-gnu/libpthread-2.17.so
7fbfe7962000-7fbfe7966000 rwxp 00000000 00:00 0 
7fbfe7966000-7fbfe7989000 r-xp 00000000 fc:04 1835291                    /lib/x86_64-linux-gnu/ld-2.17.so
7fbfe7989000-7fbfe798b000 r-xs 00013000 fc:04 1204787                    /opt/idea-IU-129.1359/lib/idea_rt.jar
7fbfe798b000-7fbfe798d000 r-xs 001a0000 fc:05 5510751                    /home/jtomas/.m2/repository/com/googlecode/javacv/javacv/0.3/javacv-0.3-linux-x86_64.jar
7fbfe798d000-7fbfe7997000 rwxp 00000000 00:00 0 
7fbfe7997000-7fbfe7a4d000 rwxp 00000000 00:00 0 
7fbfe7a4d000-7fbfe7a50000 rwxp 00000000 00:00 0 
7fbfe7a50000-7fbfe7a57000 r-xp 00000000 fc:04 921231                     /usr/lib/jvm/java-6-sun-1.6.0_41/jre/lib/amd64/jli/libjli.so
7fbfe7a57000-7fbfe7b58000 ---p 00007000 fc:04 921231                     /usr/lib/jvm/java-6-sun-1.6.0_41/jre/lib/amd64/jli/libjli.so
7fbfe7b58000-7fbfe7b5a000 rwxp 00008000 fc:04 921231                     /usr/lib/jvm/java-6-sun-1.6.0_41/jre/lib/amd64/jli/libjli.so
7fbfe7b5a000-7fbfe7b5b000 rwxp 00000000 00:00 0 
7fbfe7b5b000-7fbfe7b5d000 r-xs 00009000 fc:04 819321                     /usr/lib/jvm/java-6-sun-1.6.0_41/jre/lib/alt-string.jar
7fbfe7b5d000-7fbfe7b60000 r-xs 00013000 fc:04 819511                     /usr/lib/jvm/java-6-sun-1.6.0_41/jre/lib/jce.jar
7fbfe7b60000-7fbfe7b63000 r-xs 0001c000 fc:04 819475                     /usr/lib/jvm/java-6-sun-1.6.0_41/jre/lib/alt-rt.jar
7fbfe7b63000-7fbfe7b6c000 r-xs 000d8000 fc:04 819032                     /usr/lib/jvm/java-6-sun-1.6.0_41/jre/lib/javaws.jar
7fbfe7b6c000-7fbfe7b73000 r-xs 00096000 fc:04 819097                     /usr/lib/jvm/java-6-sun-1.6.0_41/jre/lib/jsse.jar
7fbfe7b73000-7fbfe7b74000 r-xs 00000000 fc:04 819479                     /usr/lib/jvm/java-6-sun-1.6.0_41/jre/lib/management-agent.jar
7fbfe7b74000-7fbfe7b7c000 r-xs 00115000 fc:04 819228                     /usr/lib/jvm/java-6-sun-1.6.0_41/jre/lib/resources.jar
7fbfe7b7c000-7fbfe7b84000 rwxs 00000000 fc:04 1189787                    /tmp/hsperfdata_jtomas/7710
7fbfe7b84000-7fbfe7b85000 rwxp 00000000 00:00 0 
7fbfe7b85000-7fbfe7b86000 r-xp 00000000 00:00 0 
7fbfe7b86000-7fbfe7b88000 rwxp 00000000 00:00 0 
7fbfe7b88000-7fbfe7b89000 r-xp 00022000 fc:04 1835291                    /lib/x86_64-linux-gnu/ld-2.17.so
7fbfe7b89000-7fbfe7b8b000 rwxp 00023000 fc:04 1835291                    /lib/x86_64-linux-gnu/ld-2.17.so
7fff46cba000-7fff46cdb000 rwxp 00000000 00:00 0                          [stack]
7fff46ce8000-7fff46cea000 r-xp 00000000 00:00 0                          [vdso]
ffffffffff600000-ffffffffff601000 r-xp 00000000 00:00 0                  [vsyscall]

VM Arguments:
jvm_args: -Djava.library.path=/usr/local/share/OpenCV/java/ -Didea.launcher.port=7543 -Didea.launcher.bin.path=/opt/idea-IU-129.1359/bin -Dfile.encoding=UTF-8 
java_command: com.intellij.rt.execution.application.AppMain com.marfeel.facedetection.FaceDetector
Launcher Type: SUN_STANDARD

Environment Variables:
JAVA_HOME=/usr/lib/jvm/java-1.6.0-openjdk-amd64
CLASSPATH=/opt/idea-IU-12/bin/../lib/bootstrap.jar:/opt/idea-IU-12/bin/../lib/extensions.jar:/opt/idea-IU-12/bin/../lib/util.jar:/opt/idea-IU-12/bin/../lib/jdom.jar:/opt/idea-IU-12/bin/../lib/log4j.jar:/opt/idea-IU-12/bin/../lib/trove4j.jar:/opt/idea-IU-12/bin/../lib/jna.jar:/usr/lib/jvm/java-6-sun/lib/tools.jar
PATH=/usr/lib/lightdm/lightdm:/usr/local/sbin:/usr/local/bin:/usr/sbin:/usr/bin:/sbin:/bin:/usr/games:/usr/local/games
LD_LIBRARY_PATH=/usr/lib/jvm/java-6-sun-1.6.0_41/jre/lib/amd64/server:/usr/lib/jvm/java-6-sun-1.6.0_41/jre/lib/amd64:/usr/lib/jvm/java-6-sun-1.6.0_41/jre/../lib/amd64:/opt/idea-IU-12/bin:
SHELL=/bin/bash
DISPLAY=:0

Signal Handlers:
SIGSEGV: [libjvm.so+0x862a30], sa_mask[0]=0x7ffbfeff, sa_flags=0x10000004
SIGBUS: [libjvm.so+0x862a30], sa_mask[0]=0x7ffbfeff, sa_flags=0x10000004
SIGFPE: [libjvm.so+0x7106f0], sa_mask[0]=0x7ffbfeff, sa_flags=0x10000004
SIGPIPE: [libjvm.so+0x7106f0], sa_mask[0]=0x7ffbfeff, sa_flags=0x10000004
SIGXFSZ: [libjvm.so+0x7106f0], sa_mask[0]=0x7ffbfeff, sa_flags=0x10000004
SIGILL: [libjvm.so+0x7106f0], sa_mask[0]=0x7ffbfeff, sa_flags=0x10000004
SIGUSR1: SIG_DFL, sa_mask[0]=0x00000000, sa_flags=0x00000000
SIGUSR2: [libjvm.so+0x713520], sa_mask[0]=0x00000004, sa_flags=0x10000004
SIGHUP: [libjvm.so+0x713120], sa_mask[0]=0x7ffbfeff, sa_flags=0x10000004
SIGINT: [libjvm.so+0x713120], sa_mask[0]=0x7ffbfeff, sa_flags=0x10000004
SIGTERM: [libjvm.so+0x713120], sa_mask[0]=0x7ffbfeff, sa_flags=0x10000004
SIGQUIT: [libjvm.so+0x713120], sa_mask[0]=0x7ffbfeff, sa_flags=0x10000004


---------------  S Y S T E M  ---------------

OS:wheezy/sid

uname:Linux 3.8.0-35-generic #50-Ubuntu SMP Tue Dec 3 01:24:59 UTC 2013 x86_64
libc:glibc 2.17 NPTL 2.17 
rlimit: STACK 8192k, CORE 0k, NPROC 62003, NOFILE 4096, AS infinity
load average:0.92 0.70 0.60

/proc/meminfo:
MemTotal:        7971012 kB
MemFree:          342320 kB
Buffers:          529696 kB
Cached:          2954128 kB
SwapCached:            0 kB
Active:          4848456 kB
Inactive:        2268220 kB
Active(anon):    3636440 kB
Inactive(anon):   659768 kB
Active(file):    1212016 kB
Inactive(file):  1608452 kB
Unevictable:        3800 kB
Mlocked:            3800 kB
SwapTotal:             0 kB
SwapFree:              0 kB
Dirty:             48280 kB
Writeback:             0 kB
AnonPages:       3636928 kB
Mapped:           396896 kB
Shmem:            660888 kB
Slab:             379812 kB
SReclaimable:     342300 kB
SUnreclaim:        37512 kB
KernelStack:        6256 kB
PageTables:        44480 kB
NFS_Unstable:          0 kB
Bounce:                0 kB
WritebackTmp:          0 kB
CommitLimit:     3985504 kB
Committed_AS:    8829612 kB
VmallocTotal:   34359738367 kB
VmallocUsed:      359120 kB
VmallocChunk:   34359376472 kB
HardwareCorrupted:     0 kB
AnonHugePages:         0 kB
HugePages_Total:       0
HugePages_Free:        0
HugePages_Rsvd:        0
HugePages_Surp:        0
Hugepagesize:       2048 kB
DirectMap4k:      106876 kB
DirectMap2M:     8075264 kB


CPU:total 4 (2 cores per cpu, 2 threads per core) family 6 model 37 stepping 5, cmov, cx8, fxsr, mmx, sse, sse2, sse3, ssse3, sse4.1, sse4.2, popcnt, ht

/proc/cpuinfo:
processor	: 0
vendor_id	: GenuineIntel
cpu family	: 6
model		: 37
model name	: Intel(R) Core(TM) i7 CPU       M 620  @ 2.67GHz
stepping	: 5
microcode	: 0x2
cpu MHz		: 1199.000
cache size	: 4096 KB
physical id	: 0
siblings	: 4
core id		: 0
cpu cores	: 2
apicid		: 0
initial apicid	: 0
fpu		: yes
fpu_exception	: yes
cpuid level	: 11
wp		: yes
flags		: fpu vme de pse tsc msr pae mce cx8 apic sep mtrr pge mca cmov pat pse36 clflush dts acpi mmx fxsr sse sse2 ss ht tm pbe syscall nx rdtscp lm constant_tsc arch_perfmon pebs bts rep_good nopl xtopology nonstop_tsc aperfmperf pni pclmulqdq dtes64 monitor ds_cpl vmx smx est tm2 ssse3 cx16 xtpr pdcm pcid sse4_1 sse4_2 popcnt aes lahf_lm ida arat dtherm tpr_shadow vnmi flexpriority ept vpid
bogomips	: 5319.57
clflush size	: 64
cache_alignment	: 64
address sizes	: 36 bits physical, 48 bits virtual
power management:

processor	: 1
vendor_id	: GenuineIntel
cpu family	: 6
model		: 37
model name	: Intel(R) Core(TM) i7 CPU       M 620  @ 2.67GHz
stepping	: 5
microcode	: 0x2
cpu MHz		: 2667.000
cache size	: 4096 KB
physical id	: 0
siblings	: 4
core id		: 2
cpu cores	: 2
apicid		: 4
initial apicid	: 4
fpu		: yes
fpu_exception	: yes
cpuid level	: 11
wp		: yes
flags		: fpu vme de pse tsc msr pae mce cx8 apic sep mtrr pge mca cmov pat pse36 clflush dts acpi mmx fxsr sse sse2 ss ht tm pbe syscall nx rdtscp lm constant_tsc arch_perfmon pebs bts rep_good nopl xtopology nonstop_tsc aperfmperf pni pclmulqdq dtes64 monitor ds_cpl vmx smx est tm2 ssse3 cx16 xtpr pdcm pcid sse4_1 sse4_2 popcnt aes lahf_lm ida arat dtherm tpr_shadow vnmi flexpriority ept vpid
bogomips	: 5319.57
clflush size	: 64
cache_alignment	: 64
address sizes	: 36 bits physical, 48 bits virtual
power management:

processor	: 2
vendor_id	: GenuineIntel
cpu family	: 6
model		: 37
model name	: Intel(R) Core(TM) i7 CPU       M 620  @ 2.67GHz
stepping	: 5
microcode	: 0x2
cpu MHz		: 1199.000
cache size	: 4096 KB
physical id	: 0
siblings	: 4
core id		: 0
cpu cores	: 2
apicid		: 1
initial apicid	: 1
fpu		: yes
fpu_exception	: yes
cpuid level	: 11
wp		: yes
flags		: fpu vme de pse tsc msr pae mce cx8 apic sep mtrr pge mca cmov pat pse36 clflush dts acpi mmx fxsr sse sse2 ss ht tm pbe syscall nx rdtscp lm constant_tsc arch_perfmon pebs bts rep_good nopl xtopology nonstop_tsc aperfmperf pni pclmulqdq dtes64 monitor ds_cpl vmx smx est tm2 ssse3 cx16 xtpr pdcm pcid sse4_1 sse4_2 popcnt aes lahf_lm ida arat dtherm tpr_shadow vnmi flexpriority ept vpid
bogomips	: 5319.57
clflush size	: 64
cache_alignment	: 64
address sizes	: 36 bits physical, 48 bits virtual
power management:

processor	: 3
vendor_id	: GenuineIntel
cpu family	: 6
model		: 37
model name	: Intel(R) Core(TM) i7 CPU       M 620  @ 2.67GHz
stepping	: 5
microcode	: 0x2
cpu MHz		: 1199.000
cache size	: 4096 KB
physical id	: 0
siblings	: 4
core id		: 2
cpu cores	: 2
apicid		: 5
initial apicid	: 5
fpu		: yes
fpu_exception	: yes
cpuid level	: 11
wp		: yes
flags		: fpu vme de pse tsc msr pae mce cx8 apic sep mtrr pge mca cmov pat pse36 clflush dts acpi mmx fxsr sse sse2 ss ht tm pbe syscall nx rdtscp lm constant_tsc arch_perfmon pebs bts rep_good nopl xtopology nonstop_tsc aperfmperf pni pclmulqdq dtes64 monitor ds_cpl vmx smx est tm2 ssse3 cx16 xtpr pdcm pcid sse4_1 sse4_2 popcnt aes lahf_lm ida arat dtherm tpr_shadow vnmi flexpriority ept vpid
bogomips	: 5319.57
clflush size	: 64
cache_alignment	: 64
address sizes	: 36 bits physical, 48 bits virtual
power management:



Memory: 4k page, physical 7971012k(342320k free), swap 0k(0k free)

vm_info: Java HotSpot(TM) 64-Bit Server VM (20.14-b01) for linux-amd64 JRE (1.6.0_41-b02), built on Feb  8 2013 02:16:50 by "java_re" with gcc 3.2.2 (SuSE Linux)

time: Fri Apr  4 12:23:59 2014
elapsed time: 0 seconds

